2023-07-07 12:25:47.323 [main] INFO  MessageSource - JVM TimeZone: GMT+08:00, Locale: zh_CN
2023-07-07 12:25:47.325 [main] INFO  MessageSource - use Locale: zh_CN timeZone: sun.util.calendar.ZoneInfo[id="GMT+08:00",offset=28800000,dstSavings=0,useDaylight=false,transitions=0,lastRule=null]
2023-07-07 12:25:47.334 [main] INFO  VMInfo - VMInfo# operatingSystem class => sun.management.OperatingSystemImpl
2023-07-07 12:25:47.339 [main] INFO  Engine - the machine info  => 

	osInfo:	Oracle Corporation 1.8 25.192-b12
	jvmInfo:	Windows 10 amd64 10.0
	cpu num:	16

	totalPhysicalMemory:	-0.00G
	freePhysicalMemory:	-0.00G
	maxFileDescriptorCount:	-1
	currentOpenFileDescriptorCount:	-1

	GC Names	[PS MarkSweep, PS Scavenge]

	MEMORY_NAME                    | allocation_size                | init_size                      
	PS Eden Space                  | 256.00MB                       | 256.00MB                       
	Code Cache                     | 240.00MB                       | 2.44MB                         
	Compressed Class Space         | 1,024.00MB                     | 0.00MB                         
	PS Survivor Space              | 42.50MB                        | 42.50MB                        
	PS Old Gen                     | 683.00MB                       | 683.00MB                       
	Metaspace                      | -0.00MB                        | 0.00MB                         


2023-07-07 12:25:47.358 [main] INFO  Engine - 
{
	"content":[
		{
			"reader":{
				"name":"postgresqlreader",
				"parameter":{
					"column":[
						"user_code",
						"user_name",
						"id_type",
						"id_code",
						"id_exp_date",
						"id_iss_agcy",
						"id_addr",
						"birthday",
						"sex",
						"nationality",
						"native_place",
						"citizenship",
						"education",
						"mobile_tel",
						"tel",
						"email",
						"address",
						"zip_code",
						"remark",
						"user_icon",
						"cert_no",
						"cert_get_date",
						"cert_effective_date",
						"crmid",
						"login_code",
						"busi_qulf",
						"kotc_op_code",
						"ksot_op_code",
						"ehrid"
					],
					"connection":[
						{
							"jdbcUrl":[
								"jdbc:postgresql://10.201.65.21:30100/ygt"
							],
							"table":[
								"uem_emp"
							]
						}
					],
					"password":"************",
					"splitPk":"",
					"username":"ygt"
				}
			},
			"writer":{
				"name":"sqlserverwriter",
				"parameter":{
					"column":[
						"USER_CODE",
						"USER_NAME",
						"ID_TYPE",
						"ID_CODE",
						"ID_EXP_DATE",
						"ID_ISS_AGCY",
						"ID_ADDR",
						"BIRTHDAY",
						"SEX",
						"NATIONALITY",
						"NATIVE_PLACE",
						"CITIZENSHIP",
						"EDUCATION",
						"MOBILE_TEL",
						"TEL",
						"EMAIL",
						"ADDRESS",
						"ZIP_CODE",
						"REMARK",
						"USER_ICON",
						"CERT_NO",
						"CERT_GET_DATE",
						"CERT_EFFECTIVE_DATE",
						"CRMID",
						"LOGIN_CODE",
						"BUSI_QULF",
						"KOTC_OP_CODE",
						"KSOT_OP_CODE",
						"EHRID"
					],
					"connection":[
						{
							"jdbcUrl":"jdbc:sqlserver://192.168.203.129:1433;DatabaseName=YGT;",
							"table":[
								"UEM_EMP"
							]
						}
					],
					"password":"***********",
					"preSql":[
						"TRUNCATE TABLE UEM_EMP"
					],
					"username":"sa"
				}
			}
		}
	],
	"setting":{
		"errorLimit":{
			"record":0
		},
		"speed":{
			"channel":20
		}
	}
}

2023-07-07 12:25:47.371 [main] WARN  Engine - prioriy set to 0, because NumberFormatException, the value is: null
2023-07-07 12:25:47.372 [main] INFO  PerfTrace - PerfTrace traceId=job_-1, isEnable=false, priority=0
2023-07-07 12:25:47.373 [main] INFO  JobContainer - DataX jobContainer starts job.
2023-07-07 12:25:47.374 [main] INFO  JobContainer - Set jobId = 0
2023-07-07 12:25:53.411 [job-0] INFO  OriginalConfPretreatmentUtil - Available jdbcUrl:jdbc:postgresql://10.201.65.21:30100/ygt.
2023-07-07 12:25:53.756 [job-0] INFO  OriginalConfPretreatmentUtil - table:[uem_emp] has columns:[user_code,user_name,id_type,id_code,id_exp_date,id_iss_agcy,id_addr,birthday,sex,nationality,native_place,citizenship,education,mobile_tel,tel,email,address,zip_code,remark,user_icon,cert_no,cert_get_date,cert_effective_date,crmid,login_code,busi_qulf,kotc_op_code,ksot_op_code,ehrid].
2023-07-07 12:25:53.938 [job-0] INFO  OriginalConfPretreatmentUtil - table:[UEM_EMP] all columns:[
USER_CODE,USER_NAME,ID_TYPE,ID_CODE,ID_EXP_DATE,ID_ISS_AGCY,ID_ADDR,BIRTHDAY,SEX,NATIONALITY,NATIVE_PLACE,CITIZENSHIP,EDUCATION,MOBILE_TEL,TEL,EMAIL,ADDRESS,ZIP_CODE,REMARK,USER_ICON,CERT_NO,CERT_GET_DATE,CERT_EFFECTIVE_DATE,CRMID,LOGIN_CODE,BUSI_QULF,KOTC_OP_CODE,KSOT_OP_CODE,EHRID
].
2023-07-07 12:25:53.950 [job-0] INFO  OriginalConfPretreatmentUtil - Write data [
INSERT INTO %s (USER_CODE,USER_NAME,ID_TYPE,ID_CODE,ID_EXP_DATE,ID_ISS_AGCY,ID_ADDR,BIRTHDAY,SEX,NATIONALITY,NATIVE_PLACE,CITIZENSHIP,EDUCATION,MOBILE_TEL,TEL,EMAIL,ADDRESS,ZIP_CODE,REMARK,USER_ICON,CERT_NO,CERT_GET_DATE,CERT_EFFECTIVE_DATE,CRMID,LOGIN_CODE,BUSI_QULF,KOTC_OP_CODE,KSOT_OP_CODE,EHRID) VALUES(?,?,?,?,?,?,?,?,?,?,?,?,?,?,?,?,?,?,?,?,?,?,?,?,?,?,?,?,?)
], which jdbcUrl like:[jdbc:sqlserver://192.168.203.129:1433;DatabaseName=YGT;]
2023-07-07 12:25:53.950 [job-0] INFO  JobContainer - jobContainer starts to do prepare ...
2023-07-07 12:25:53.951 [job-0] INFO  JobContainer - DataX Reader.Job [postgresqlreader] do prepare work .
2023-07-07 12:25:53.951 [job-0] INFO  JobContainer - DataX Writer.Job [sqlserverwriter] do prepare work .
2023-07-07 12:25:53.963 [job-0] INFO  CommonRdbmsWriter$Job - Begin to execute preSqls:[TRUNCATE TABLE UEM_EMP]. context info:jdbc:sqlserver://192.168.203.129:1433;DatabaseName=YGT;.
2023-07-07 12:25:53.965 [job-0] INFO  JobContainer - jobContainer starts to do split ...
2023-07-07 12:25:53.965 [job-0] INFO  JobContainer - Job set Channel-Number to 20 channels.
2023-07-07 12:25:53.967 [job-0] INFO  JobContainer - DataX Reader.Job [postgresqlreader] splits to [1] tasks.
2023-07-07 12:25:53.968 [job-0] INFO  JobContainer - DataX Writer.Job [sqlserverwriter] splits to [1] tasks.
2023-07-07 12:25:53.982 [job-0] INFO  JobContainer - jobContainer starts to do schedule ...
2023-07-07 12:25:53.985 [job-0] INFO  JobContainer - Scheduler starts [1] taskGroups.
2023-07-07 12:25:53.987 [job-0] INFO  JobContainer - Running by standalone Mode.
2023-07-07 12:25:53.992 [taskGroup-0] INFO  TaskGroupContainer - taskGroupId=[0] start [1] channels for [1] tasks.
2023-07-07 12:25:53.996 [taskGroup-0] INFO  Channel - Channel set byte_speed_limit to -1, No bps activated.
2023-07-07 12:25:53.996 [taskGroup-0] INFO  Channel - Channel set record_speed_limit to -1, No tps activated.
2023-07-07 12:25:54.006 [taskGroup-0] INFO  TaskGroupContainer - taskGroup[0] taskId[0] attemptCount[1] is started
2023-07-07 12:25:54.010 [0-0-0-reader] INFO  CommonRdbmsReader$Task - Begin to read record by Sql: [select user_code,user_name,id_type,id_code,id_exp_date,id_iss_agcy,id_addr,birthday,sex,nationality,native_place,citizenship,education,mobile_tel,tel,email,address,zip_code,remark,user_icon,cert_no,cert_get_date,cert_effective_date,crmid,login_code,busi_qulf,kotc_op_code,ksot_op_code,ehrid from uem_emp 
] jdbcUrl:[jdbc:postgresql://10.201.65.21:30100/ygt].
2023-07-07 12:25:54.733 [0-0-0-reader] INFO  CommonRdbmsReader$Task - Finished read record by Sql: [select user_code,user_name,id_type,id_code,id_exp_date,id_iss_agcy,id_addr,birthday,sex,nationality,native_place,citizenship,education,mobile_tel,tel,email,address,zip_code,remark,user_icon,cert_no,cert_get_date,cert_effective_date,crmid,login_code,busi_qulf,kotc_op_code,ksot_op_code,ehrid from uem_emp 
] jdbcUrl:[jdbc:postgresql://10.201.65.21:30100/ygt].
2023-07-07 12:25:55.115 [taskGroup-0] INFO  TaskGroupContainer - taskGroup[0] taskId[0] is successed, used[1110]ms
2023-07-07 12:25:55.115 [taskGroup-0] INFO  TaskGroupContainer - taskGroup[0] completed it's tasks.
2023-07-07 12:26:04.005 [job-0] INFO  StandAloneJobContainerCommunicator - Total 1164 records, 120381 bytes | Speed 11.76KB/s, 116 records/s | Error 0 records, 0 bytes |  All Task WaitWriterTime 0.001s |  All Task WaitReaderTime 0.636s | Percentage 100.00%
2023-07-07 12:26:04.005 [job-0] INFO  AbstractScheduler - Scheduler accomplished all tasks.
2023-07-07 12:26:04.005 [job-0] INFO  JobContainer - DataX Writer.Job [sqlserverwriter] do post work.
2023-07-07 12:26:04.006 [job-0] INFO  JobContainer - DataX Reader.Job [postgresqlreader] do post work.
2023-07-07 12:26:04.006 [job-0] INFO  JobContainer - DataX jobId [0] completed successfully.
2023-07-07 12:26:04.006 [job-0] INFO  HookInvoker - No hook invoked, because base dir not exists or is a file: C:\Users\xT\PycharmProjects\Migration\datax\hook
2023-07-07 12:26:04.007 [job-0] INFO  JobContainer - 
	 [total cpu info] => 
		averageCpu                     | maxDeltaCpu                    | minDeltaCpu                    
		-1.00%                         | -1.00%                         | -1.00%
                        

	 [total gc info] => 
		 NAME                 | totalGCCount       | maxDeltaGCCount    | minDeltaGCCount    | totalGCTime        | maxDeltaGCTime     | minDeltaGCTime     
		 PS MarkSweep         | 0                  | 0                  | 0                  | 0.000s             | 0.000s             | 0.000s             
		 PS Scavenge          | 0                  | 0                  | 0                  | 0.000s             | 0.000s             | 0.000s             

2023-07-07 12:26:04.007 [job-0] INFO  JobContainer - PerfTrace not enable!
2023-07-07 12:26:04.007 [job-0] INFO  StandAloneJobContainerCommunicator - Total 1164 records, 120381 bytes | Speed 11.76KB/s, 116 records/s | Error 0 records, 0 bytes |  All Task WaitWriterTime 0.001s |  All Task WaitReaderTime 0.636s | Percentage 100.00%
2023-07-07 12:26:04.008 [job-0] INFO  JobContainer - 
任务启动时刻                    : 2023-07-07 12:25:47
任务结束时刻                    : 2023-07-07 12:26:04
任务总计耗时                    :                 16s
任务平均流量                    :           11.76KB/s
记录写入速度                    :            116rec/s
读出记录总数                    :                1164
读写失败总数                    :                   0

