2023-06-21 09:15:12.662 [main] INFO  MessageSource - JVM TimeZone: GMT+08:00, Locale: zh_CN
2023-06-21 09:15:12.664 [main] INFO  MessageSource - use Locale: zh_CN timeZone: sun.util.calendar.ZoneInfo[id="GMT+08:00",offset=28800000,dstSavings=0,useDaylight=false,transitions=0,lastRule=null]
2023-06-21 09:15:12.671 [main] INFO  VMInfo - VMInfo# operatingSystem class => sun.management.OperatingSystemImpl
2023-06-21 09:15:12.674 [main] INFO  Engine - the machine info  => 

	osInfo:	Oracle Corporation 1.8 25.192-b12
	jvmInfo:	Windows 10 amd64 10.0
	cpu num:	16

	totalPhysicalMemory:	-0.00G
	freePhysicalMemory:	-0.00G
	maxFileDescriptorCount:	-1
	currentOpenFileDescriptorCount:	-1

	GC Names	[PS MarkSweep, PS Scavenge]

	MEMORY_NAME                    | allocation_size                | init_size                      
	PS Eden Space                  | 256.00MB                       | 256.00MB                       
	Code Cache                     | 240.00MB                       | 2.44MB                         
	Compressed Class Space         | 1,024.00MB                     | 0.00MB                         
	PS Survivor Space              | 42.50MB                        | 42.50MB                        
	PS Old Gen                     | 683.00MB                       | 683.00MB                       
	Metaspace                      | -0.00MB                        | 0.00MB                         


2023-06-21 09:15:12.686 [main] INFO  Engine - 
{
	"content":[
		{
			"reader":{
				"name":"sqlserverreader",
				"parameter":{
					"column":[
						"USER_TYPE",
						"ID_TYPE",
						"INOUTSIDE_IDENTITY",
						"SUBJECT_IDENTITY",
						"OCCU_TYPE",
						"LEGAL_REP_TYPE",
						"CITIZENSHIP",
						"SZORG_TYPE",
						"ACCT_TYPE",
						"OPEN_TYPE",
						"IS_USED",
						"PROMPT_TIP"
					],
					"connection":[
						{
							"jdbcUrl":[
								"jdbc:sqlserver://192.168.203.130:1433;DatabaseName=YGT;"
							],
							"table":[
								"OPP_BUSI_ACCT_OPEN_LOGIC"
							]
						}
					],
					"password":"***********",
					"splitPk":"",
					"username":"sa"
				}
			},
			"writer":{
				"name":"sqlserverwriter",
				"parameter":{
					"column":[
						"USER_TYPE",
						"ID_TYPE",
						"INOUTSIDE_IDENTITY",
						"SUBJECT_IDENTITY",
						"OCCU_TYPE",
						"LEGAL_REP_TYPE",
						"CITIZENSHIP",
						"SZORG_TYPE",
						"ACCT_TYPE",
						"OPEN_TYPE",
						"IS_USED",
						"PROMPT_TIP"
					],
					"connection":[
						{
							"jdbcUrl":"jdbc:sqlserver://192.168.203.129:1433;DatabaseName=YGT;",
							"table":[
								"OPP_BUSI_ACCT_OPEN_LOGIC"
							]
						}
					],
					"password":"***********",
					"preSql":[
						"TRUNCATE TABLE OPP_BUSI_ACCT_OPEN_LOGIC"
					],
					"username":"sa"
				}
			}
		}
	],
	"setting":{
		"errorLimit":{
			"record":0
		},
		"speed":{
			"channel":10
		}
	}
}

2023-06-21 09:15:12.697 [main] WARN  Engine - prioriy set to 0, because NumberFormatException, the value is: null
2023-06-21 09:15:12.698 [main] INFO  PerfTrace - PerfTrace traceId=job_-1, isEnable=false, priority=0
2023-06-21 09:15:12.698 [main] INFO  JobContainer - DataX jobContainer starts job.
2023-06-21 09:15:12.699 [main] INFO  JobContainer - Set jobId = 0
2023-06-21 09:15:18.267 [job-0] INFO  OriginalConfPretreatmentUtil - Available jdbcUrl:jdbc:sqlserver://192.168.203.130:1433;DatabaseName=YGT;.
2023-06-21 09:15:18.304 [job-0] INFO  OriginalConfPretreatmentUtil - table:[OPP_BUSI_ACCT_OPEN_LOGIC] has columns:[USER_TYPE,ID_TYPE,INOUTSIDE_IDENTITY,SUBJECT_IDENTITY,OCCU_TYPE,LEGAL_REP_TYPE,CITIZENSHIP,SZORG_TYPE,ACCT_TYPE,OPEN_TYPE,IS_USED,PROMPT_TIP].
2023-06-21 09:15:18.374 [job-0] INFO  OriginalConfPretreatmentUtil - table:[OPP_BUSI_ACCT_OPEN_LOGIC] all columns:[
USER_TYPE,ID_TYPE,INOUTSIDE_IDENTITY,SUBJECT_IDENTITY,OCCU_TYPE,LEGAL_REP_TYPE,CITIZENSHIP,SZORG_TYPE,ACCT_TYPE,OPEN_TYPE,IS_USED,PROMPT_TIP
].
2023-06-21 09:15:18.384 [job-0] INFO  OriginalConfPretreatmentUtil - Write data [
INSERT INTO %s (USER_TYPE,ID_TYPE,INOUTSIDE_IDENTITY,SUBJECT_IDENTITY,OCCU_TYPE,LEGAL_REP_TYPE,CITIZENSHIP,SZORG_TYPE,ACCT_TYPE,OPEN_TYPE,IS_USED,PROMPT_TIP) VALUES(?,?,?,?,?,?,?,?,?,?,?,?)
], which jdbcUrl like:[jdbc:sqlserver://192.168.203.129:1433;DatabaseName=YGT;]
2023-06-21 09:15:18.384 [job-0] INFO  JobContainer - jobContainer starts to do prepare ...
2023-06-21 09:15:18.384 [job-0] INFO  JobContainer - DataX Reader.Job [sqlserverreader] do prepare work .
2023-06-21 09:15:18.385 [job-0] INFO  JobContainer - DataX Writer.Job [sqlserverwriter] do prepare work .
2023-06-21 09:15:18.393 [job-0] INFO  CommonRdbmsWriter$Job - Begin to execute preSqls:[TRUNCATE TABLE OPP_BUSI_ACCT_OPEN_LOGIC]. context info:jdbc:sqlserver://192.168.203.129:1433;DatabaseName=YGT;.
2023-06-21 09:15:18.400 [job-0] INFO  JobContainer - jobContainer starts to do split ...
2023-06-21 09:15:18.400 [job-0] INFO  JobContainer - Job set Channel-Number to 10 channels.
2023-06-21 09:15:18.402 [job-0] INFO  JobContainer - DataX Reader.Job [sqlserverreader] splits to [1] tasks.
2023-06-21 09:15:18.402 [job-0] INFO  JobContainer - DataX Writer.Job [sqlserverwriter] splits to [1] tasks.
2023-06-21 09:15:18.412 [job-0] INFO  JobContainer - jobContainer starts to do schedule ...
2023-06-21 09:15:18.414 [job-0] INFO  JobContainer - Scheduler starts [1] taskGroups.
2023-06-21 09:15:18.415 [job-0] INFO  JobContainer - Running by standalone Mode.
2023-06-21 09:15:18.419 [taskGroup-0] INFO  TaskGroupContainer - taskGroupId=[0] start [1] channels for [1] tasks.
2023-06-21 09:15:18.421 [taskGroup-0] INFO  Channel - Channel set byte_speed_limit to -1, No bps activated.
2023-06-21 09:15:18.421 [taskGroup-0] INFO  Channel - Channel set record_speed_limit to -1, No tps activated.
2023-06-21 09:15:18.427 [taskGroup-0] INFO  TaskGroupContainer - taskGroup[0] taskId[0] attemptCount[1] is started
2023-06-21 09:15:18.430 [0-0-0-reader] INFO  CommonRdbmsReader$Task - Begin to read record by Sql: [select USER_TYPE,ID_TYPE,INOUTSIDE_IDENTITY,SUBJECT_IDENTITY,OCCU_TYPE,LEGAL_REP_TYPE,CITIZENSHIP,SZORG_TYPE,ACCT_TYPE,OPEN_TYPE,IS_USED,PROMPT_TIP from OPP_BUSI_ACCT_OPEN_LOGIC 
] jdbcUrl:[jdbc:sqlserver://192.168.203.130:1433;DatabaseName=YGT;].
2023-06-21 09:15:18.452 [0-0-0-reader] INFO  CommonRdbmsReader$Task - Finished read record by Sql: [select USER_TYPE,ID_TYPE,INOUTSIDE_IDENTITY,SUBJECT_IDENTITY,OCCU_TYPE,LEGAL_REP_TYPE,CITIZENSHIP,SZORG_TYPE,ACCT_TYPE,OPEN_TYPE,IS_USED,PROMPT_TIP from OPP_BUSI_ACCT_OPEN_LOGIC 
] jdbcUrl:[jdbc:sqlserver://192.168.203.130:1433;DatabaseName=YGT;].
2023-06-21 09:15:18.751 [taskGroup-0] INFO  TaskGroupContainer - taskGroup[0] taskId[0] is successed, used[325]ms
2023-06-21 09:15:18.751 [taskGroup-0] INFO  TaskGroupContainer - taskGroup[0] completed it's tasks.
2023-06-21 09:15:28.438 [job-0] INFO  StandAloneJobContainerCommunicator - Total 28 records, 11846 bytes | Speed 1.16KB/s, 2 records/s | Error 0 records, 0 bytes |  All Task WaitWriterTime 0.000s |  All Task WaitReaderTime 0.005s | Percentage 100.00%
2023-06-21 09:15:28.438 [job-0] INFO  AbstractScheduler - Scheduler accomplished all tasks.
2023-06-21 09:15:28.438 [job-0] INFO  JobContainer - DataX Writer.Job [sqlserverwriter] do post work.
2023-06-21 09:15:28.438 [job-0] INFO  JobContainer - DataX Reader.Job [sqlserverreader] do post work.
2023-06-21 09:15:28.438 [job-0] INFO  JobContainer - DataX jobId [0] completed successfully.
2023-06-21 09:15:28.439 [job-0] INFO  HookInvoker - No hook invoked, because base dir not exists or is a file: C:\Users\xT\PycharmProjects\Migration\datax\hook
2023-06-21 09:15:28.440 [job-0] INFO  JobContainer - 
	 [total cpu info] => 
		averageCpu                     | maxDeltaCpu                    | minDeltaCpu                    
		-1.00%                         | -1.00%                         | -1.00%
                        

	 [total gc info] => 
		 NAME                 | totalGCCount       | maxDeltaGCCount    | minDeltaGCCount    | totalGCTime        | maxDeltaGCTime     | minDeltaGCTime     
		 PS MarkSweep         | 0                  | 0                  | 0                  | 0.000s             | 0.000s             | 0.000s             
		 PS Scavenge          | 0                  | 0                  | 0                  | 0.000s             | 0.000s             | 0.000s             

2023-06-21 09:15:28.440 [job-0] INFO  JobContainer - PerfTrace not enable!
2023-06-21 09:15:28.440 [job-0] INFO  StandAloneJobContainerCommunicator - Total 28 records, 11846 bytes | Speed 1.16KB/s, 2 records/s | Error 0 records, 0 bytes |  All Task WaitWriterTime 0.000s |  All Task WaitReaderTime 0.005s | Percentage 100.00%
2023-06-21 09:15:28.441 [job-0] INFO  JobContainer - 
任务启动时刻                    : 2023-06-21 09:15:12
任务结束时刻                    : 2023-06-21 09:15:28
任务总计耗时                    :                 15s
任务平均流量                    :            1.16KB/s
记录写入速度                    :              2rec/s
读出记录总数                    :                  28
读写失败总数                    :                   0

