2023-06-21 09:15:32.040 [main] INFO  MessageSource - JVM TimeZone: GMT+08:00, Locale: zh_CN
2023-06-21 09:15:32.042 [main] INFO  MessageSource - use Locale: zh_CN timeZone: sun.util.calendar.ZoneInfo[id="GMT+08:00",offset=28800000,dstSavings=0,useDaylight=false,transitions=0,lastRule=null]
2023-06-21 09:15:32.049 [main] INFO  VMInfo - VMInfo# operatingSystem class => sun.management.OperatingSystemImpl
2023-06-21 09:15:32.053 [main] INFO  Engine - the machine info  => 

	osInfo:	Oracle Corporation 1.8 25.192-b12
	jvmInfo:	Windows 10 amd64 10.0
	cpu num:	16

	totalPhysicalMemory:	-0.00G
	freePhysicalMemory:	-0.00G
	maxFileDescriptorCount:	-1
	currentOpenFileDescriptorCount:	-1

	GC Names	[PS MarkSweep, PS Scavenge]

	MEMORY_NAME                    | allocation_size                | init_size                      
	PS Eden Space                  | 256.00MB                       | 256.00MB                       
	Code Cache                     | 240.00MB                       | 2.44MB                         
	Compressed Class Space         | 1,024.00MB                     | 0.00MB                         
	PS Survivor Space              | 42.50MB                        | 42.50MB                        
	PS Old Gen                     | 683.00MB                       | 683.00MB                       
	Metaspace                      | -0.00MB                        | 0.00MB                         


2023-06-21 09:15:32.067 [main] INFO  Engine - 
{
	"content":[
		{
			"reader":{
				"name":"sqlserverreader",
				"parameter":{
					"column":[
						"SERIAL_NO",
						"APPT_CHNL",
						"APPT_TYPE",
						"APPT_STATUS",
						"WEB_PHASE",
						"BUSI_CODE",
						"SERVICE_CODE",
						"USER_TYPE",
						"ORG_CODE",
						"CUST_CODE",
						"CUACCT_CODE",
						"ID_TYPE",
						"ID_CODE",
						"CUST_NAME",
						"CUST_FNAME",
						"MOBILE_TEL",
						"ACCEPT_PARAM",
						"EXP_DATE",
						"OP_ORG",
						"OP_CODE",
						"OP_SITE",
						"CREATE_DATE",
						"CREATE_TIME",
						"LAST_UPD_TIME",
						"REMARK",
						"ACS_GROUP_ID",
						"KCOP_SNO",
						"KIDM_SNO"
					],
					"connection":[
						{
							"jdbcUrl":[
								"jdbc:sqlserver://192.168.203.130:1433;DatabaseName=YGT;"
							],
							"table":[
								"APPT_BUSI_DATA"
							]
						}
					],
					"password":"***********",
					"splitPk":"",
					"username":"sa"
				}
			},
			"writer":{
				"name":"sqlserverwriter",
				"parameter":{
					"column":[
						"SERIAL_NO",
						"APPT_CHNL",
						"APPT_TYPE",
						"APPT_STATUS",
						"WEB_PHASE",
						"BUSI_CODE",
						"SERVICE_CODE",
						"USER_TYPE",
						"ORG_CODE",
						"CUST_CODE",
						"CUACCT_CODE",
						"ID_TYPE",
						"ID_CODE",
						"CUST_NAME",
						"CUST_FNAME",
						"MOBILE_TEL",
						"ACCEPT_PARAM",
						"EXP_DATE",
						"OP_ORG",
						"OP_CODE",
						"OP_SITE",
						"CREATE_DATE",
						"CREATE_TIME",
						"LAST_UPD_TIME",
						"REMARK",
						"ACS_GROUP_ID",
						"KCOP_SNO",
						"KIDM_SNO"
					],
					"connection":[
						{
							"jdbcUrl":"jdbc:sqlserver://192.168.203.129:1433;DatabaseName=YGT;",
							"table":[
								"APPT_BUSI_DATA"
							]
						}
					],
					"password":"***********",
					"preSql":[
						"TRUNCATE TABLE APPT_BUSI_DATA"
					],
					"username":"sa"
				}
			}
		}
	],
	"setting":{
		"errorLimit":{
			"record":0
		},
		"speed":{
			"channel":10
		}
	}
}

2023-06-21 09:15:32.078 [main] WARN  Engine - prioriy set to 0, because NumberFormatException, the value is: null
2023-06-21 09:15:32.079 [main] INFO  PerfTrace - PerfTrace traceId=job_-1, isEnable=false, priority=0
2023-06-21 09:15:32.079 [main] INFO  JobContainer - DataX jobContainer starts job.
2023-06-21 09:15:32.080 [main] INFO  JobContainer - Set jobId = 0
2023-06-21 09:15:37.660 [job-0] INFO  OriginalConfPretreatmentUtil - Available jdbcUrl:jdbc:sqlserver://192.168.203.130:1433;DatabaseName=YGT;.
2023-06-21 09:15:37.691 [job-0] INFO  OriginalConfPretreatmentUtil - table:[APPT_BUSI_DATA] has columns:[SERIAL_NO,APPT_CHNL,APPT_TYPE,APPT_STATUS,WEB_PHASE,BUSI_CODE,SERVICE_CODE,USER_TYPE,ORG_CODE,CUST_CODE,CUACCT_CODE,ID_TYPE,ID_CODE,CUST_NAME,CUST_FNAME,MOBILE_TEL,ACCEPT_PARAM,EXP_DATE,OP_ORG,OP_CODE,OP_SITE,CREATE_DATE,CREATE_TIME,LAST_UPD_TIME,REMARK,ACS_GROUP_ID,KCOP_SNO,KIDM_SNO].
2023-06-21 09:15:37.763 [job-0] INFO  OriginalConfPretreatmentUtil - table:[APPT_BUSI_DATA] all columns:[
SERIAL_NO,APPT_CHNL,APPT_TYPE,APPT_STATUS,WEB_PHASE,BUSI_CODE,SERVICE_CODE,USER_TYPE,ORG_CODE,CUST_CODE,CUACCT_CODE,ID_TYPE,ID_CODE,CUST_NAME,CUST_FNAME,MOBILE_TEL,ACCEPT_PARAM,EXP_DATE,OP_ORG,OP_CODE,OP_SITE,CREATE_DATE,CREATE_TIME,LAST_UPD_TIME,REMARK,ACS_GROUP_ID,KCOP_SNO,KIDM_SNO
].
2023-06-21 09:15:37.772 [job-0] INFO  OriginalConfPretreatmentUtil - Write data [
INSERT INTO %s (SERIAL_NO,APPT_CHNL,APPT_TYPE,APPT_STATUS,WEB_PHASE,BUSI_CODE,SERVICE_CODE,USER_TYPE,ORG_CODE,CUST_CODE,CUACCT_CODE,ID_TYPE,ID_CODE,CUST_NAME,CUST_FNAME,MOBILE_TEL,ACCEPT_PARAM,EXP_DATE,OP_ORG,OP_CODE,OP_SITE,CREATE_DATE,CREATE_TIME,LAST_UPD_TIME,REMARK,ACS_GROUP_ID,KCOP_SNO,KIDM_SNO) VALUES(?,?,?,?,?,?,?,?,?,?,?,?,?,?,?,?,?,?,?,?,?,?,?,?,?,?,?,?)
], which jdbcUrl like:[jdbc:sqlserver://192.168.203.129:1433;DatabaseName=YGT;]
2023-06-21 09:15:37.773 [job-0] INFO  JobContainer - jobContainer starts to do prepare ...
2023-06-21 09:15:37.773 [job-0] INFO  JobContainer - DataX Reader.Job [sqlserverreader] do prepare work .
2023-06-21 09:15:37.773 [job-0] INFO  JobContainer - DataX Writer.Job [sqlserverwriter] do prepare work .
2023-06-21 09:15:37.781 [job-0] INFO  CommonRdbmsWriter$Job - Begin to execute preSqls:[TRUNCATE TABLE APPT_BUSI_DATA]. context info:jdbc:sqlserver://192.168.203.129:1433;DatabaseName=YGT;.
2023-06-21 09:15:37.782 [job-0] INFO  JobContainer - jobContainer starts to do split ...
2023-06-21 09:15:37.783 [job-0] INFO  JobContainer - Job set Channel-Number to 10 channels.
2023-06-21 09:15:37.784 [job-0] INFO  JobContainer - DataX Reader.Job [sqlserverreader] splits to [1] tasks.
2023-06-21 09:15:37.784 [job-0] INFO  JobContainer - DataX Writer.Job [sqlserverwriter] splits to [1] tasks.
2023-06-21 09:15:37.799 [job-0] INFO  JobContainer - jobContainer starts to do schedule ...
2023-06-21 09:15:37.802 [job-0] INFO  JobContainer - Scheduler starts [1] taskGroups.
2023-06-21 09:15:37.804 [job-0] INFO  JobContainer - Running by standalone Mode.
2023-06-21 09:15:37.807 [taskGroup-0] INFO  TaskGroupContainer - taskGroupId=[0] start [1] channels for [1] tasks.
2023-06-21 09:15:37.810 [taskGroup-0] INFO  Channel - Channel set byte_speed_limit to -1, No bps activated.
2023-06-21 09:15:37.810 [taskGroup-0] INFO  Channel - Channel set record_speed_limit to -1, No tps activated.
2023-06-21 09:15:37.817 [taskGroup-0] INFO  TaskGroupContainer - taskGroup[0] taskId[0] attemptCount[1] is started
2023-06-21 09:15:37.820 [0-0-0-reader] INFO  CommonRdbmsReader$Task - Begin to read record by Sql: [select SERIAL_NO,APPT_CHNL,APPT_TYPE,APPT_STATUS,WEB_PHASE,BUSI_CODE,SERVICE_CODE,USER_TYPE,ORG_CODE,CUST_CODE,CUACCT_CODE,ID_TYPE,ID_CODE,CUST_NAME,CUST_FNAME,MOBILE_TEL,ACCEPT_PARAM,EXP_DATE,OP_ORG,OP_CODE,OP_SITE,CREATE_DATE,CREATE_TIME,LAST_UPD_TIME,REMARK,ACS_GROUP_ID,KCOP_SNO,KIDM_SNO from APPT_BUSI_DATA 
] jdbcUrl:[jdbc:sqlserver://192.168.203.130:1433;DatabaseName=YGT;].
2023-06-21 09:15:37.830 [0-0-0-reader] INFO  CommonRdbmsReader$Task - Finished read record by Sql: [select SERIAL_NO,APPT_CHNL,APPT_TYPE,APPT_STATUS,WEB_PHASE,BUSI_CODE,SERVICE_CODE,USER_TYPE,ORG_CODE,CUST_CODE,CUACCT_CODE,ID_TYPE,ID_CODE,CUST_NAME,CUST_FNAME,MOBILE_TEL,ACCEPT_PARAM,EXP_DATE,OP_ORG,OP_CODE,OP_SITE,CREATE_DATE,CREATE_TIME,LAST_UPD_TIME,REMARK,ACS_GROUP_ID,KCOP_SNO,KIDM_SNO from APPT_BUSI_DATA 
] jdbcUrl:[jdbc:sqlserver://192.168.203.130:1433;DatabaseName=YGT;].
2023-06-21 09:15:37.924 [taskGroup-0] INFO  TaskGroupContainer - taskGroup[0] taskId[0] is successed, used[108]ms
2023-06-21 09:15:37.925 [taskGroup-0] INFO  TaskGroupContainer - taskGroup[0] completed it's tasks.
2023-06-21 09:15:47.826 [job-0] INFO  StandAloneJobContainerCommunicator - Total 0 records, 0 bytes | Speed 0B/s, 0 records/s | Error 0 records, 0 bytes |  All Task WaitWriterTime 0.000s |  All Task WaitReaderTime 0.000s | Percentage 100.00%
2023-06-21 09:15:47.826 [job-0] INFO  AbstractScheduler - Scheduler accomplished all tasks.
2023-06-21 09:15:47.827 [job-0] INFO  JobContainer - DataX Writer.Job [sqlserverwriter] do post work.
2023-06-21 09:15:47.827 [job-0] INFO  JobContainer - DataX Reader.Job [sqlserverreader] do post work.
2023-06-21 09:15:47.827 [job-0] INFO  JobContainer - DataX jobId [0] completed successfully.
2023-06-21 09:15:47.827 [job-0] INFO  HookInvoker - No hook invoked, because base dir not exists or is a file: C:\Users\xT\PycharmProjects\Migration\datax\hook
2023-06-21 09:15:47.828 [job-0] INFO  JobContainer - 
	 [total cpu info] => 
		averageCpu                     | maxDeltaCpu                    | minDeltaCpu                    
		-1.00%                         | -1.00%                         | -1.00%
                        

	 [total gc info] => 
		 NAME                 | totalGCCount       | maxDeltaGCCount    | minDeltaGCCount    | totalGCTime        | maxDeltaGCTime     | minDeltaGCTime     
		 PS MarkSweep         | 0                  | 0                  | 0                  | 0.000s             | 0.000s             | 0.000s             
		 PS Scavenge          | 0                  | 0                  | 0                  | 0.000s             | 0.000s             | 0.000s             

2023-06-21 09:15:47.828 [job-0] INFO  JobContainer - PerfTrace not enable!
2023-06-21 09:15:47.828 [job-0] INFO  StandAloneJobContainerCommunicator - Total 0 records, 0 bytes | Speed 0B/s, 0 records/s | Error 0 records, 0 bytes |  All Task WaitWriterTime 0.000s |  All Task WaitReaderTime 0.000s | Percentage 100.00%
2023-06-21 09:15:47.829 [job-0] INFO  JobContainer - 
任务启动时刻                    : 2023-06-21 09:15:32
任务结束时刻                    : 2023-06-21 09:15:47
任务总计耗时                    :                 15s
任务平均流量                    :                0B/s
记录写入速度                    :              0rec/s
读出记录总数                    :                   0
读写失败总数                    :                   0

