2023-06-21 09:26:49.402 [main] INFO  MessageSource - JVM TimeZone: GMT+08:00, Locale: zh_CN
2023-06-21 09:26:49.404 [main] INFO  MessageSource - use Locale: zh_CN timeZone: sun.util.calendar.ZoneInfo[id="GMT+08:00",offset=28800000,dstSavings=0,useDaylight=false,transitions=0,lastRule=null]
2023-06-21 09:26:49.415 [main] INFO  VMInfo - VMInfo# operatingSystem class => sun.management.OperatingSystemImpl
2023-06-21 09:26:49.419 [main] INFO  Engine - the machine info  => 

	osInfo:	Oracle Corporation 1.8 25.192-b12
	jvmInfo:	Windows 10 amd64 10.0
	cpu num:	16

	totalPhysicalMemory:	-0.00G
	freePhysicalMemory:	-0.00G
	maxFileDescriptorCount:	-1
	currentOpenFileDescriptorCount:	-1

	GC Names	[PS MarkSweep, PS Scavenge]

	MEMORY_NAME                    | allocation_size                | init_size                      
	PS Eden Space                  | 256.00MB                       | 256.00MB                       
	Code Cache                     | 240.00MB                       | 2.44MB                         
	Compressed Class Space         | 1,024.00MB                     | 0.00MB                         
	PS Survivor Space              | 42.50MB                        | 42.50MB                        
	PS Old Gen                     | 683.00MB                       | 683.00MB                       
	Metaspace                      | -0.00MB                        | 0.00MB                         


2023-06-21 09:26:49.431 [main] INFO  Engine - 
{
	"content":[
		{
			"reader":{
				"name":"sqlserverreader",
				"parameter":{
					"column":[
						"CUST_CODE",
						"IDENT_TYPE",
						"IDENT_CODE"
					],
					"connection":[
						{
							"jdbcUrl":[
								"jdbc:sqlserver://192.168.203.130:1433;DatabaseName=YGT;"
							],
							"table":[
								"CIF_CUST_IDENT_INFO"
							]
						}
					],
					"password":"***********",
					"splitPk":"",
					"username":"sa"
				}
			},
			"writer":{
				"name":"sqlserverwriter",
				"parameter":{
					"column":[
						"CUST_CODE",
						"IDENT_TYPE",
						"IDENT_CODE"
					],
					"connection":[
						{
							"jdbcUrl":"jdbc:sqlserver://192.168.203.129:1433;DatabaseName=YGT;",
							"table":[
								"CIF_CUST_IDENT_INFO"
							]
						}
					],
					"password":"***********",
					"preSql":[
						"TRUNCATE TABLE CIF_CUST_IDENT_INFO"
					],
					"username":"sa"
				}
			}
		}
	],
	"setting":{
		"errorLimit":{
			"record":0
		},
		"speed":{
			"channel":20
		}
	}
}

2023-06-21 09:26:49.444 [main] WARN  Engine - prioriy set to 0, because NumberFormatException, the value is: null
2023-06-21 09:26:49.445 [main] INFO  PerfTrace - PerfTrace traceId=job_-1, isEnable=false, priority=0
2023-06-21 09:26:49.445 [main] INFO  JobContainer - DataX jobContainer starts job.
2023-06-21 09:26:49.446 [main] INFO  JobContainer - Set jobId = 0
2023-06-21 09:26:55.070 [job-0] INFO  OriginalConfPretreatmentUtil - Available jdbcUrl:jdbc:sqlserver://192.168.203.130:1433;DatabaseName=YGT;.
2023-06-21 09:26:55.097 [job-0] INFO  OriginalConfPretreatmentUtil - table:[CIF_CUST_IDENT_INFO] has columns:[CUST_CODE,IDENT_TYPE,IDENT_CODE].
2023-06-21 09:26:55.161 [job-0] INFO  OriginalConfPretreatmentUtil - table:[CIF_CUST_IDENT_INFO] all columns:[
CUST_CODE,IDENT_TYPE,IDENT_CODE
].
2023-06-21 09:26:55.170 [job-0] INFO  OriginalConfPretreatmentUtil - Write data [
INSERT INTO %s (CUST_CODE,IDENT_TYPE,IDENT_CODE) VALUES(?,?,?)
], which jdbcUrl like:[jdbc:sqlserver://192.168.203.129:1433;DatabaseName=YGT;]
2023-06-21 09:26:55.170 [job-0] INFO  JobContainer - jobContainer starts to do prepare ...
2023-06-21 09:26:55.170 [job-0] INFO  JobContainer - DataX Reader.Job [sqlserverreader] do prepare work .
2023-06-21 09:26:55.171 [job-0] INFO  JobContainer - DataX Writer.Job [sqlserverwriter] do prepare work .
2023-06-21 09:26:55.178 [job-0] INFO  CommonRdbmsWriter$Job - Begin to execute preSqls:[TRUNCATE TABLE CIF_CUST_IDENT_INFO]. context info:jdbc:sqlserver://192.168.203.129:1433;DatabaseName=YGT;.
2023-06-21 09:26:55.180 [job-0] INFO  JobContainer - jobContainer starts to do split ...
2023-06-21 09:26:55.180 [job-0] INFO  JobContainer - Job set Channel-Number to 20 channels.
2023-06-21 09:26:55.182 [job-0] INFO  JobContainer - DataX Reader.Job [sqlserverreader] splits to [1] tasks.
2023-06-21 09:26:55.182 [job-0] INFO  JobContainer - DataX Writer.Job [sqlserverwriter] splits to [1] tasks.
2023-06-21 09:26:55.193 [job-0] INFO  JobContainer - jobContainer starts to do schedule ...
2023-06-21 09:26:55.195 [job-0] INFO  JobContainer - Scheduler starts [1] taskGroups.
2023-06-21 09:26:55.196 [job-0] INFO  JobContainer - Running by standalone Mode.
2023-06-21 09:26:55.200 [taskGroup-0] INFO  TaskGroupContainer - taskGroupId=[0] start [1] channels for [1] tasks.
2023-06-21 09:26:55.202 [taskGroup-0] INFO  Channel - Channel set byte_speed_limit to -1, No bps activated.
2023-06-21 09:26:55.202 [taskGroup-0] INFO  Channel - Channel set record_speed_limit to -1, No tps activated.
2023-06-21 09:26:55.207 [taskGroup-0] INFO  TaskGroupContainer - taskGroup[0] taskId[0] attemptCount[1] is started
2023-06-21 09:26:55.211 [0-0-0-reader] INFO  CommonRdbmsReader$Task - Begin to read record by Sql: [select CUST_CODE,IDENT_TYPE,IDENT_CODE from CIF_CUST_IDENT_INFO 
] jdbcUrl:[jdbc:sqlserver://192.168.203.130:1433;DatabaseName=YGT;].
2023-06-21 09:27:05.215 [job-0] INFO  StandAloneJobContainerCommunicator - Total 0 records, 0 bytes | Speed 0B/s, 0 records/s | Error 0 records, 0 bytes |  All Task WaitWriterTime 0.000s |  All Task WaitReaderTime 0.000s | Percentage 0.00%
2023-06-21 09:27:15.227 [job-0] INFO  StandAloneJobContainerCommunicator - Total 629248 records, 11954195 bytes | Speed 1.14MB/s, 62924 records/s | Error 0 records, 0 bytes |  All Task WaitWriterTime 9.668s |  All Task WaitReaderTime 0.284s | Percentage 0.00%
2023-06-21 09:27:25.238 [job-0] INFO  StandAloneJobContainerCommunicator - Total 1303040 records, 24752420 bytes | Speed 1.22MB/s, 67379 records/s | Error 0 records, 0 bytes |  All Task WaitWriterTime 19.419s |  All Task WaitReaderTime 0.530s | Percentage 0.00%
2023-06-21 09:27:35.252 [job-0] INFO  StandAloneJobContainerCommunicator - Total 1872384 records, 36042548 bytes | Speed 1.08MB/s, 56934 records/s | Error 0 records, 0 bytes |  All Task WaitWriterTime 29.234s |  All Task WaitReaderTime 0.737s | Percentage 0.00%
2023-06-21 09:27:45.267 [job-0] INFO  StandAloneJobContainerCommunicator - Total 2394624 records, 46843830 bytes | Speed 1.03MB/s, 52224 records/s | Error 0 records, 0 bytes |  All Task WaitWriterTime 39.074s |  All Task WaitReaderTime 0.930s | Percentage 0.00%
2023-06-21 09:27:55.282 [job-0] INFO  StandAloneJobContainerCommunicator - Total 2996736 records, 57623869 bytes | Speed 1.03MB/s, 60211 records/s | Error 0 records, 0 bytes |  All Task WaitWriterTime 48.835s |  All Task WaitReaderTime 1.150s | Percentage 0.00%
2023-06-21 09:28:02.979 [0-0-0-reader] INFO  CommonRdbmsReader$Task - Finished read record by Sql: [select CUST_CODE,IDENT_TYPE,IDENT_CODE from CIF_CUST_IDENT_INFO 
] jdbcUrl:[jdbc:sqlserver://192.168.203.130:1433;DatabaseName=YGT;].
2023-06-21 09:28:03.141 [taskGroup-0] INFO  TaskGroupContainer - taskGroup[0] taskId[0] is successed, used[67934]ms
2023-06-21 09:28:03.142 [taskGroup-0] INFO  TaskGroupContainer - taskGroup[0] completed it's tasks.
2023-06-21 09:28:05.296 [job-0] INFO  StandAloneJobContainerCommunicator - Total 3668032 records, 66955105 bytes | Speed 911.25KB/s, 67129 records/s | Error 0 records, 0 bytes |  All Task WaitWriterTime 65.849s |  All Task WaitReaderTime 1.403s | Percentage 100.00%
2023-06-21 09:28:05.296 [job-0] INFO  AbstractScheduler - Scheduler accomplished all tasks.
2023-06-21 09:28:05.297 [job-0] INFO  JobContainer - DataX Writer.Job [sqlserverwriter] do post work.
2023-06-21 09:28:05.297 [job-0] INFO  JobContainer - DataX Reader.Job [sqlserverreader] do post work.
2023-06-21 09:28:05.297 [job-0] INFO  JobContainer - DataX jobId [0] completed successfully.
2023-06-21 09:28:05.297 [job-0] INFO  HookInvoker - No hook invoked, because base dir not exists or is a file: C:\Users\xT\PycharmProjects\Migration\datax\hook
2023-06-21 09:28:05.298 [job-0] INFO  JobContainer - 
	 [total cpu info] => 
		averageCpu                     | maxDeltaCpu                    | minDeltaCpu                    
		-1.00%                         | -1.00%                         | -1.00%
                        

	 [total gc info] => 
		 NAME                 | totalGCCount       | maxDeltaGCCount    | minDeltaGCCount    | totalGCTime        | maxDeltaGCTime     | minDeltaGCTime     
		 PS MarkSweep         | 0                  | 0                  | 0                  | 0.000s             | 0.000s             | 0.000s             
		 PS Scavenge          | 26                 | 26                 | 26                 | 0.055s             | 0.055s             | 0.055s             

2023-06-21 09:28:05.298 [job-0] INFO  JobContainer - PerfTrace not enable!
2023-06-21 09:28:05.298 [job-0] INFO  StandAloneJobContainerCommunicator - Total 3668032 records, 66955105 bytes | Speed 934.08KB/s, 52400 records/s | Error 0 records, 0 bytes |  All Task WaitWriterTime 65.849s |  All Task WaitReaderTime 1.403s | Percentage 100.00%
2023-06-21 09:28:05.299 [job-0] INFO  JobContainer - 
任务启动时刻                    : 2023-06-21 09:26:49
任务结束时刻                    : 2023-06-21 09:28:05
任务总计耗时                    :                 75s
任务平均流量                    :          934.08KB/s
记录写入速度                    :          52400rec/s
读出记录总数                    :             3668032
读写失败总数                    :                   0

