2023-06-21 09:18:37.259 [main] INFO  MessageSource - JVM TimeZone: GMT+08:00, Locale: zh_CN
2023-06-21 09:18:37.261 [main] INFO  MessageSource - use Locale: zh_CN timeZone: sun.util.calendar.ZoneInfo[id="GMT+08:00",offset=28800000,dstSavings=0,useDaylight=false,transitions=0,lastRule=null]
2023-06-21 09:18:37.272 [main] INFO  VMInfo - VMInfo# operatingSystem class => sun.management.OperatingSystemImpl
2023-06-21 09:18:37.277 [main] INFO  Engine - the machine info  => 

	osInfo:	Oracle Corporation 1.8 25.192-b12
	jvmInfo:	Windows 10 amd64 10.0
	cpu num:	16

	totalPhysicalMemory:	-0.00G
	freePhysicalMemory:	-0.00G
	maxFileDescriptorCount:	-1
	currentOpenFileDescriptorCount:	-1

	GC Names	[PS MarkSweep, PS Scavenge]

	MEMORY_NAME                    | allocation_size                | init_size                      
	PS Eden Space                  | 256.00MB                       | 256.00MB                       
	Code Cache                     | 240.00MB                       | 2.44MB                         
	Compressed Class Space         | 1,024.00MB                     | 0.00MB                         
	PS Survivor Space              | 42.50MB                        | 42.50MB                        
	PS Old Gen                     | 683.00MB                       | 683.00MB                       
	Metaspace                      | -0.00MB                        | 0.00MB                         


2023-06-21 09:18:37.290 [main] INFO  Engine - 
{
	"content":[
		{
			"reader":{
				"name":"sqlserverreader",
				"parameter":{
					"column":[
						"CUST_CODE",
						"IDENT_TYPE",
						"IDENT_CODE"
					],
					"connection":[
						{
							"jdbcUrl":[
								"jdbc:sqlserver://192.168.203.130:1433;DatabaseName=YGT;"
							],
							"table":[
								"CIF_CUST_IDENT_INFO"
							]
						}
					],
					"password":"***********",
					"splitPk":"",
					"username":"sa"
				}
			},
			"writer":{
				"name":"sqlserverwriter",
				"parameter":{
					"column":[
						"CUST_CODE",
						"IDENT_TYPE",
						"IDENT_CODE"
					],
					"connection":[
						{
							"jdbcUrl":"jdbc:sqlserver://192.168.203.129:1433;DatabaseName=YGT;",
							"table":[
								"CIF_CUST_IDENT_INFO"
							]
						}
					],
					"password":"***********",
					"preSql":[
						"TRUNCATE TABLE CIF_CUST_IDENT_INFO"
					],
					"username":"sa"
				}
			}
		}
	],
	"setting":{
		"errorLimit":{
			"record":0
		},
		"speed":{
			"channel":10
		}
	}
}

2023-06-21 09:18:37.302 [main] WARN  Engine - prioriy set to 0, because NumberFormatException, the value is: null
2023-06-21 09:18:37.303 [main] INFO  PerfTrace - PerfTrace traceId=job_-1, isEnable=false, priority=0
2023-06-21 09:18:37.303 [main] INFO  JobContainer - DataX jobContainer starts job.
2023-06-21 09:18:37.304 [main] INFO  JobContainer - Set jobId = 0
2023-06-21 09:18:42.992 [job-0] INFO  OriginalConfPretreatmentUtil - Available jdbcUrl:jdbc:sqlserver://192.168.203.130:1433;DatabaseName=YGT;.
2023-06-21 09:18:43.034 [job-0] INFO  OriginalConfPretreatmentUtil - table:[CIF_CUST_IDENT_INFO] has columns:[CUST_CODE,IDENT_TYPE,IDENT_CODE].
2023-06-21 09:18:43.123 [job-0] INFO  OriginalConfPretreatmentUtil - table:[CIF_CUST_IDENT_INFO] all columns:[
CUST_CODE,IDENT_TYPE,IDENT_CODE
].
2023-06-21 09:18:43.136 [job-0] INFO  OriginalConfPretreatmentUtil - Write data [
INSERT INTO %s (CUST_CODE,IDENT_TYPE,IDENT_CODE) VALUES(?,?,?)
], which jdbcUrl like:[jdbc:sqlserver://192.168.203.129:1433;DatabaseName=YGT;]
2023-06-21 09:18:43.136 [job-0] INFO  JobContainer - jobContainer starts to do prepare ...
2023-06-21 09:18:43.136 [job-0] INFO  JobContainer - DataX Reader.Job [sqlserverreader] do prepare work .
2023-06-21 09:18:43.137 [job-0] INFO  JobContainer - DataX Writer.Job [sqlserverwriter] do prepare work .
2023-06-21 09:18:43.151 [job-0] INFO  CommonRdbmsWriter$Job - Begin to execute preSqls:[TRUNCATE TABLE CIF_CUST_IDENT_INFO]. context info:jdbc:sqlserver://192.168.203.129:1433;DatabaseName=YGT;.
2023-06-21 09:18:43.152 [job-0] INFO  JobContainer - jobContainer starts to do split ...
2023-06-21 09:18:43.152 [job-0] INFO  JobContainer - Job set Channel-Number to 10 channels.
2023-06-21 09:18:43.154 [job-0] INFO  JobContainer - DataX Reader.Job [sqlserverreader] splits to [1] tasks.
2023-06-21 09:18:43.155 [job-0] INFO  JobContainer - DataX Writer.Job [sqlserverwriter] splits to [1] tasks.
2023-06-21 09:18:43.168 [job-0] INFO  JobContainer - jobContainer starts to do schedule ...
2023-06-21 09:18:43.172 [job-0] INFO  JobContainer - Scheduler starts [1] taskGroups.
2023-06-21 09:18:43.173 [job-0] INFO  JobContainer - Running by standalone Mode.
2023-06-21 09:18:43.178 [taskGroup-0] INFO  TaskGroupContainer - taskGroupId=[0] start [1] channels for [1] tasks.
2023-06-21 09:18:43.181 [taskGroup-0] INFO  Channel - Channel set byte_speed_limit to -1, No bps activated.
2023-06-21 09:18:43.182 [taskGroup-0] INFO  Channel - Channel set record_speed_limit to -1, No tps activated.
2023-06-21 09:18:43.190 [taskGroup-0] INFO  TaskGroupContainer - taskGroup[0] taskId[0] attemptCount[1] is started
2023-06-21 09:18:43.194 [0-0-0-reader] INFO  CommonRdbmsReader$Task - Begin to read record by Sql: [select CUST_CODE,IDENT_TYPE,IDENT_CODE from CIF_CUST_IDENT_INFO 
] jdbcUrl:[jdbc:sqlserver://192.168.203.130:1433;DatabaseName=YGT;].
2023-06-21 09:18:53.198 [job-0] INFO  StandAloneJobContainerCommunicator - Total 0 records, 0 bytes | Speed 0B/s, 0 records/s | Error 0 records, 0 bytes |  All Task WaitWriterTime 0.000s |  All Task WaitReaderTime 0.000s | Percentage 0.00%
2023-06-21 09:19:03.206 [job-0] INFO  StandAloneJobContainerCommunicator - Total 588288 records, 11175928 bytes | Speed 1.07MB/s, 58828 records/s | Error 0 records, 0 bytes |  All Task WaitWriterTime 9.656s |  All Task WaitReaderTime 0.288s | Percentage 0.00%
2023-06-21 09:19:13.213 [job-0] INFO  StandAloneJobContainerCommunicator - Total 1249792 records, 23740756 bytes | Speed 1.20MB/s, 66150 records/s | Error 0 records, 0 bytes |  All Task WaitWriterTime 19.396s |  All Task WaitReaderTime 0.536s | Percentage 0.00%
2023-06-21 09:19:23.219 [job-0] INFO  StandAloneJobContainerCommunicator - Total 1853952 records, 35655476 bytes | Speed 1.14MB/s, 60416 records/s | Error 0 records, 0 bytes |  All Task WaitWriterTime 29.184s |  All Task WaitReaderTime 0.759s | Percentage 0.00%
2023-06-21 09:19:33.224 [job-0] INFO  StandAloneJobContainerCommunicator - Total 2472448 records, 48322414 bytes | Speed 1.21MB/s, 61849 records/s | Error 0 records, 0 bytes |  All Task WaitWriterTime 38.967s |  All Task WaitReaderTime 0.983s | Percentage 0.00%
va:1715) ~[sqljdbc4-4.0.jar:na]
	at com.microsoft.sqlserver.jdbc.SQLServerStatement.executeCommand(SQLServerStatement.java:180) ~[sqljdbc4-4.0.jar:na]
	at com.microsoft.sqlserver.jdbc.SQLServerStatement.executeStatement(SQLServerStatement.java:155) ~[sqljdbc4-4.0.jar:na]
	at com.microsoft.sqlserver.jdbc.SQLServerPreparedStatement.execute(SQLServerPreparedStatement.java:332) ~[sqljdbc4-4.0.jar:na]
	at com.alibaba.datax.plugin.rdbms.writer.CommonRdbmsWriter$Task.doOneInsert(CommonRdbmsWriter.java:382) [plugin-rdbms-util-0.0.1-SNAPSHOT.jar:na]
	at com.alibaba.datax.plugin.rdbms.writer.CommonRdbmsWriter$Task.doBatchInsert(CommonRdbmsWriter.java:362) [plugin-rdbms-util-0.0.1-SNAPSHOT.jar:na]
	at com.alibaba.datax.plugin.rdbms.writer.CommonRdbmsWriter$Task.startWriteWithConnection(CommonRdbmsWriter.java:291) [plugin-rdbms-util-0.0.1-SNAPSHOT.jar:na]
	at com.alibaba.datax.plugin.rdbms.writer.CommonRdbmsWriter$Task.startWrite(CommonRdbmsWriter.java:319) [plugin-rdbms-util-0.0.1-SNAPSHOT.jar:na]
	at com.alibaba.datax.plugin.writer.sqlserverwriter.SqlServerWriter$Task.startWrite(SqlServerWriter.java:81) [sqlserverwriter-0.0.1-SNAPSHOT.jar:na]
	at com.alibaba.datax.core.taskgroup.runner.WriterRunner.run(WriterRunner.java:56) [datax-core-0.0.1-SNAPSHOT.jar:na]
	at java.lang.Thread.run(Thread.java:748) [na:1.8.0_192]
2023-06-21 09:18:43.505 [0-0-0-writer] ERROR StdoutPluginCollector - 脏数据: 
{"exception":"违反了 PRIMARY KEY 约束“PK_CIF_CUST_IDENT_INFO”。不能在对象“dbo.CIF_CUST_IDENT_INFO”中插入重复键。重复键值为 (0, 0, 0)。","record":[{"byteSize":1,"index":0,"rawData":"0","type":"STRING"},{"byteSize":1,"index":1,"rawData":"0","type":"STRING"},{"byteSize":1,"index":2,"rawData":"0","type":"STRING"}],"type":"writer"}
2023-06-21 09:18:43.507 [0-0-0-writer] ERROR StdoutPluginCollector - 脏数据: 
{"exception":"违反了 PRIMARY KEY 约束“PK_CIF_CUST_IDENT_INFO”。不能在对象“dbo.CIF_CUST_IDENT_INFO”中插入重复键。重复键值为 (0, 4, 0)。","record":[{"byteSize":1,"index":0,"rawData":"0","type":"STRING"},{"byteSize":1,"index":1,"rawData":"4","type":"STRING"},{"byteSize":1,"index":2,"rawData":"0","type":"STRING"}],"type":"writer"}
2023-06-21 09:18:43.521 [0-0-0-writer] ERROR StdoutPluginCollector - 脏数据: 
{"exception":"违反了 PRIMARY KEY 约束“PK_CIF_CUST_IDENT_INFO”。不能在对象“dbo.CIF_CUST_IDENT_INFO”中插入重复键。重复键值为 (10010081, 6, 0)。","record":[{"byteSize":8,"index":0,"rawData":"10010081","type":"STRING"},{"byteSize":1,"index":1,"rawData":"6","type":"STRING"},{"byteSize":1,"index":2,"rawData":"0","type":"STRING"}],"type":"writer"}
2023-06-21 09:18:43.533 [0-0-0-writer] ERROR StdoutPluginCollector - 脏数据: 
{"exception":"违反了 PRIMARY KEY 约束“PK_CIF_CUST_IDENT_INFO”。不能在对象“dbo.CIF_CUST_IDENT_INFO”中插入重复键。重复键值为 (10050081, 6, 0)。","record":[{"byteSize":8,"index":0,"rawData":"10050081","type":"STRING"},{"byteSize":1,"index":1,"rawData":"6","type":"STRING"},{"byteSize":1,"index":2,"rawData":"0","type":"STRING"}],"type":"writer"}
2023-06-21 09:18:43.535 [0-0-0-writer] ERROR StdoutPluginCollector - 脏数据: 
{"exception":"违反了 PRIMARY KEY 约束“PK_CIF_CUST_IDENT_INFO”。不能在对象“dbo.CIF_CUST_IDENT_INFO”中插入重复键。重复键值为 (9988, 6, 0)。","record":[{"byteSize":4,"index":0,"rawData":"9988","type":"STRING"},{"byteSize":1,"index":1,"rawData":"6","type":"STRING"},{"byteSize":1,"index":2,"rawData":"0","type":"STRING"}],"type":"writer"}
2023-06-21 09:18:43.536 [0-0-0-writer] ERROR StdoutPluginCollector - 脏数据: 
{"exception":"违反了 PRIMARY KEY 约束“PK_CIF_CUST_IDENT_INFO”。不能在对象“dbo.CIF_CUST_IDENT_INFO”中插入重复键。重复键值为 (101050080, 5, 0012260014)。","record":[{"byteSize":9,"index":0,"rawData":"101050080","type":"STRING"},{"byteSize":1,"index":1,"rawData":"5","type":"STRING"},{"byteSize":10,"index":2,"rawData":"0012260014","type":"STRING"}],"type":"writer"}
2023-06-21 09:18:43.537 [0-0-0-writer] ERROR StdoutPluginCollector - 脏数据: 
{"exception":"违反了 PRIMARY KEY 约束“PK_CIF_CUST_IDENT_INFO”。不能在对象“dbo.CIF_CUST_IDENT_INFO”中插入重复键。重复键值为 (101040072, 5, 0102240002)。","record":[{"byteSize":9,"index":0,"rawData":"101040072","type":"STRING"},{"byteSize":1,"index":1,"rawData":"5","type":"STRING"},{"byteSize":10,"index":2,"rawData":"0102240002","type":"STRING"}],"type":"writer"}
2023-06-21 09:18:43.537 [0-0-0-writer] ERROR StdoutPluginCollector - 脏数据: 
{"exception":"违反了 PRIMARY KEY 约束“PK_CIF_CUST_IDENT_INFO”。不能在对象“dbo.CIF_CUST_IDENT_INFO”中插入重复键。重复键值为 (101040073, 5, 0102250002)。","record":[{"byteSize":9,"index":0,"rawData":"101040073","type":"STRING"},{"byteSize":1,"index":1,"rawData":"5","type":"STRING"},{"byteSize":10,"index":2,"rawData":"0102250002","type":"STRING"}],"type":"writer"}
2023-06-21 09:18:43.538 [0-0-0-writer] ERROR StdoutPluginCollector - 脏数据: 
{"exception":"违反了 PRIMARY KEY 约束“PK_CIF_CUST_IDENT_INFO”。不能在对象“dbo.CIF_CUST_IDENT_INFO”中插入重复键。重复键值为 (101040075, 5, 0102250004)。","record":[{"byteSize":9,"index":0,"rawData":"101040075","type":"STRING"},{"byteSize":1,"index":1,"rawData":"5","type":"STRING"},{"byteSize":10,"index":2,"rawData":"0102250004","type":"STRING"}],"type":"writer"}
2023-06-21 09:18:49.159 [0-0-0-writer] WARN  CommonRdbmsWriter$Task - 回滚此次写入, 采用每次写入一行方式提交. 因为:违反了 PRIMARY KEY 约束“PK_CIF_CUST_IDENT_INFO”。不能在对象“dbo.CIF_CUST_IDENT_INFO”中插入重复键。重复键值为 (101000522, 1, 101000522)。
2023-06-21 09:18:53.198 [job-0] INFO  StandAloneJobContainerCommunicator - Total 0 records, 0 bytes | Speed 0B/s, 0 records/s | Error 0 records, 0 bytes |  All Task WaitWriterTime 0.000s |  All Task WaitReaderTime 0.000s | Percentage 0.00%
2023-06-21 09:18:54.979 [0-0-0-writer] WARN  CommonRdbmsWriter$Task - 回滚此次写入, 采用每次写入一行方式提交. 因为:违反了 PRIMARY KEY 约束“PK_CIF_CUST_IDENT_INFO”。不能在对象“dbo.CIF_CUST_IDENT_INFO”中插入重复键。重复键值为 (101001244, 1, 101001244)。
2023-06-21 09:19:00.763 [0-0-0-writer] WARN  CommonRdbmsWriter$Task - 回滚此次写入, 采用每次写入一行方式提交. 因为:违反了 PRIMARY KEY 约束“PK_CIF_CUST_IDENT_INFO”。不能在对象“dbo.CIF_CUST_IDENT_INFO”中插入重复键。重复键值为 (101001953, 0, 101001953)。
2023-06-21 09:19:03.206 [job-0] INFO  StandAloneJobContainerCommunicator - Total 4608 records, 86207 bytes | Speed 8.42KB/s, 460 records/s | Error 3525 records, 65630 bytes |  All Task WaitWriterTime 5.736s |  All Task WaitReaderTime 0.029s | Percentage 0.00%
2023-06-21 09:19:03.207 [job-0] ERROR JobContainer - 运行scheduler 模式[standalone]出错.
2023-06-21 09:19:03.207 [job-0] ERROR JobContainer - Exception when job run
com.alibaba.datax.common.exception.DataXException: Code:[Framework-14], Description:[DataX传输脏数据超过用户预期，该错误通常是由于源端数据存在较多业务脏数据导致，请仔细检查DataX汇报的脏数据日志信息, 或者您可以适当调大脏数据阈值 .].  - 脏数据条数检查不通过，限制是[0]条，但实际上捕获了[3525]条.
	at com.alibaba.datax.common.exception.DataXException.asDataXException(DataXException.java:30) ~[datax-common-0.0.1-SNAPSHOT.jar:na]
	at com.alibaba.datax.core.util.ErrorRecordChecker.checkRecordLimit(ErrorRecordChecker.java:58) ~[datax-core-0.0.1-SNAPSHOT.jar:na]
	at com.alibaba.datax.core.job.scheduler.AbstractScheduler.schedule(AbstractScheduler.java:89) ~[datax-core-0.0.1-SNAPSHOT.jar:na]
	at com.alibaba.datax.core.job.JobContainer.schedule(JobContainer.java:535) ~[datax-core-0.0.1-SNAPSHOT.jar:na]
	at com.alibaba.datax.core.job.JobContainer.start(JobContainer.java:119) ~[datax-core-0.0.1-SNAPSHOT.jar:na]
	at com.alibaba.datax.core.Engine.start(Engine.java:93) [datax-core-0.0.1-SNAPSHOT.jar:na]
	at com.alibaba.datax.core.Engine.entry(Engine.java:175) [datax-core-0.0.1-SNAPSHOT.jar:na]
	at com.alibaba.datax.core.Engine.main(Engine.java:208) [datax-core-0.0.1-SNAPSHOT.jar:na]
2023-06-21 09:19:03.207 [job-0] INFO  StandAloneJobContainerCommunicator - Total 4608 records, 86207 bytes | Speed 84.19KB/s, 4608 records/s | Error 3525 records, 65630 bytes |  All Task WaitWriterTime 5.736s |  All Task WaitReaderTime 0.029s | Percentage 0.00%
2023-06-21 09:19:03.208 [job-0] ERROR Engine - 

经DataX智能分析,该任务最可能的错误原因是:
com.alibaba.datax.common.exception.DataXException: Code:[Framework-14], Description:[DataX传输脏数据超过用户预期，该错误通常是由于源端数据存在较多业务脏数据导致，请仔细检查DataX汇报的脏数据日志信息, 或者您可以适当调大脏数据阈值 .].  - 脏数据条数检查不通过，限制是[0]条，但实际上捕获了[3525]条.
	at com.alibaba.datax.common.exception.DataXException.asDataXException(DataXException.java:30)
	at com.alibaba.datax.core.util.ErrorRecordChecker.checkRecordLimit(ErrorRecordChecker.java:58)
	at com.alibaba.datax.core.job.scheduler.AbstractScheduler.schedule(AbstractScheduler.java:89)
	at com.alibaba.datax.core.job.JobContainer.schedule(JobContainer.java:535)
	at com.alibaba.datax.core.job.JobContainer.start(JobContainer.java:119)
	at com.alibaba.datax.core.Engine.start(Engine.java:93)
	at com.alibaba.datax.core.Engine.entry(Engine.java:175)
	at com.alibaba.datax.core.Engine.main(Engine.java:208)

