2023-06-21 15:08:23.328 [main] INFO  MessageSource - JVM TimeZone: GMT+08:00, Locale: zh_CN
2023-06-21 15:08:23.329 [main] INFO  MessageSource - use Locale: zh_CN timeZone: sun.util.calendar.ZoneInfo[id="GMT+08:00",offset=28800000,dstSavings=0,useDaylight=false,transitions=0,lastRule=null]
2023-06-21 15:08:23.337 [main] INFO  VMInfo - VMInfo# operatingSystem class => sun.management.OperatingSystemImpl
2023-06-21 15:08:23.340 [main] INFO  Engine - the machine info  => 

	osInfo:	Oracle Corporation 1.8 25.192-b12
	jvmInfo:	Windows 10 amd64 10.0
	cpu num:	16

	totalPhysicalMemory:	-0.00G
	freePhysicalMemory:	-0.00G
	maxFileDescriptorCount:	-1
	currentOpenFileDescriptorCount:	-1

	GC Names	[PS MarkSweep, PS Scavenge]

	MEMORY_NAME                    | allocation_size                | init_size                      
	PS Eden Space                  | 256.00MB                       | 256.00MB                       
	Code Cache                     | 240.00MB                       | 2.44MB                         
	Compressed Class Space         | 1,024.00MB                     | 0.00MB                         
	PS Survivor Space              | 42.50MB                        | 42.50MB                        
	PS Old Gen                     | 683.00MB                       | 683.00MB                       
	Metaspace                      | -0.00MB                        | 0.00MB                         


2023-06-21 15:08:23.352 [main] INFO  Engine - 
{
	"content":[
		{
			"reader":{
				"name":"sqlserverreader",
				"parameter":{
					"column":[
						"CONDITION_ID",
						"ATOM_CODE",
						"ATOM_PARAM",
						"CONDITION_VALUE",
						"CONDITION_TYPE",
						"BUSI_CODE",
						"IMG_CLS",
						"LEGAL_ID"
					],
					"connection":[
						{
							"jdbcUrl":[
								"jdbc:sqlserver://192.168.203.130:1433;DatabaseName=YGT;"
							],
							"table":[
								"OPP_BUSI_IMG_CONDITION"
							]
						}
					],
					"password":"***********",
					"splitPk":"",
					"username":"sa"
				}
			},
			"writer":{
				"name":"sqlserverwriter",
				"parameter":{
					"column":[
						"CONDITION_ID",
						"ATOM_CODE",
						"ATOM_PARAM",
						"CONDITION_VALUE",
						"CONDITION_TYPE",
						"BUSI_CODE",
						"IMG_CLS",
						"LEGAL_ID"
					],
					"connection":[
						{
							"jdbcUrl":"jdbc:sqlserver://192.168.203.129:1433;DatabaseName=YGT;",
							"table":[
								"OPP_BUSI_IMG_CONDITION"
							]
						}
					],
					"password":"***********",
					"preSql":[
						"TRUNCATE TABLE OPP_BUSI_IMG_CONDITION"
					],
					"username":"sa"
				}
			}
		}
	],
	"setting":{
		"errorLimit":{
			"record":0
		},
		"speed":{
			"channel":20
		}
	}
}

2023-06-21 15:08:23.364 [main] WARN  Engine - prioriy set to 0, because NumberFormatException, the value is: null
2023-06-21 15:08:23.365 [main] INFO  PerfTrace - PerfTrace traceId=job_-1, isEnable=false, priority=0
2023-06-21 15:08:23.366 [main] INFO  JobContainer - DataX jobContainer starts job.
2023-06-21 15:08:23.367 [main] INFO  JobContainer - Set jobId = 0
2023-06-21 15:08:28.993 [job-0] INFO  OriginalConfPretreatmentUtil - Available jdbcUrl:jdbc:sqlserver://192.168.203.130:1433;DatabaseName=YGT;.
2023-06-21 15:08:29.031 [job-0] INFO  OriginalConfPretreatmentUtil - table:[OPP_BUSI_IMG_CONDITION] has columns:[CONDITION_ID,ATOM_CODE,ATOM_PARAM,CONDITION_VALUE,CONDITION_TYPE,BUSI_CODE,IMG_CLS,LEGAL_ID].
2023-06-21 15:08:29.101 [job-0] INFO  OriginalConfPretreatmentUtil - table:[OPP_BUSI_IMG_CONDITION] all columns:[
CONDITION_ID,ATOM_CODE,ATOM_PARAM,CONDITION_VALUE,CONDITION_TYPE,BUSI_CODE,IMG_CLS,LEGAL_ID
].
2023-06-21 15:08:29.110 [job-0] INFO  OriginalConfPretreatmentUtil - Write data [
INSERT INTO %s (CONDITION_ID,ATOM_CODE,ATOM_PARAM,CONDITION_VALUE,CONDITION_TYPE,BUSI_CODE,IMG_CLS,LEGAL_ID) VALUES(?,?,?,?,?,?,?,?)
], which jdbcUrl like:[jdbc:sqlserver://192.168.203.129:1433;DatabaseName=YGT;]
2023-06-21 15:08:29.110 [job-0] INFO  JobContainer - jobContainer starts to do prepare ...
2023-06-21 15:08:29.111 [job-0] INFO  JobContainer - DataX Reader.Job [sqlserverreader] do prepare work .
2023-06-21 15:08:29.111 [job-0] INFO  JobContainer - DataX Writer.Job [sqlserverwriter] do prepare work .
2023-06-21 15:08:29.120 [job-0] INFO  CommonRdbmsWriter$Job - Begin to execute preSqls:[TRUNCATE TABLE OPP_BUSI_IMG_CONDITION]. context info:jdbc:sqlserver://192.168.203.129:1433;DatabaseName=YGT;.
2023-06-21 15:08:29.121 [job-0] INFO  JobContainer - jobContainer starts to do split ...
2023-06-21 15:08:29.121 [job-0] INFO  JobContainer - Job set Channel-Number to 20 channels.
2023-06-21 15:08:29.123 [job-0] INFO  JobContainer - DataX Reader.Job [sqlserverreader] splits to [1] tasks.
2023-06-21 15:08:29.123 [job-0] INFO  JobContainer - DataX Writer.Job [sqlserverwriter] splits to [1] tasks.
2023-06-21 15:08:29.136 [job-0] INFO  JobContainer - jobContainer starts to do schedule ...
2023-06-21 15:08:29.138 [job-0] INFO  JobContainer - Scheduler starts [1] taskGroups.
2023-06-21 15:08:29.140 [job-0] INFO  JobContainer - Running by standalone Mode.
2023-06-21 15:08:29.144 [taskGroup-0] INFO  TaskGroupContainer - taskGroupId=[0] start [1] channels for [1] tasks.
2023-06-21 15:08:29.146 [taskGroup-0] INFO  Channel - Channel set byte_speed_limit to -1, No bps activated.
2023-06-21 15:08:29.146 [taskGroup-0] INFO  Channel - Channel set record_speed_limit to -1, No tps activated.
2023-06-21 15:08:29.154 [taskGroup-0] INFO  TaskGroupContainer - taskGroup[0] taskId[0] attemptCount[1] is started
2023-06-21 15:08:29.157 [0-0-0-reader] INFO  CommonRdbmsReader$Task - Begin to read record by Sql: [select CONDITION_ID,ATOM_CODE,ATOM_PARAM,CONDITION_VALUE,CONDITION_TYPE,BUSI_CODE,IMG_CLS,LEGAL_ID from OPP_BUSI_IMG_CONDITION 
] jdbcUrl:[jdbc:sqlserver://192.168.203.130:1433;DatabaseName=YGT;].
2023-06-21 15:08:29.315 [0-0-0-writer] WARN  CommonRdbmsWriter$Task - 回滚此次写入, 采用每次写入一行方式提交. 因为:当 IDENTITY_INSERT 设置为 OFF 时，不能为表 'OPP_BUSI_IMG_CONDITION' 中的标识列插入显式值。
2023-06-21 15:08:29.319 [0-0-0-writer] ERROR StdoutPluginCollector - 
com.microsoft.sqlserver.jdbc.SQLServerException: 当 IDENTITY_INSERT 设置为 OFF 时，不能为表 'OPP_BUSI_IMG_CONDITION' 中的标识列插入显式值。
	at com.microsoft.sqlserver.jdbc.SQLServerException.makeFromDatabaseError(SQLServerException.java:216) ~[sqljdbc4-4.0.jar:na]
	at com.microsoft.sqlserver.jdbc.SQLServerStatement.getNextResult(SQLServerStatement.java:1515) ~[sqljdbc4-4.0.jar:na]
	at com.microsoft.sqlserver.jdbc.SQLServerPreparedStatement.doExecutePreparedStatement(SQLServerPreparedStatement.java:404) ~[sqljdbc4-4.0.jar:na]
	at com.microsoft.sqlserver.jdbc.SQLServerPreparedStatement$PrepStmtExecCmd.doExecute(SQLServerPreparedStatement.java:350) ~[sqljdbc4-4.0.jar:na]
	at com.microsoft.sqlserver.jdbc.TDSCommand.execute(IOBuffer.java:5696) ~[sqljdbc4-4.0.jar:na]
	at com.microsoft.sqlserver.jdbc.SQLServerConnection.executeCommand(SQLServerConnection.java:1715) ~[sqljdbc4-4.0.jar:na]
	at com.microsoft.sqlserver.jdbc.SQLServerStatement.executeCommand(SQLServerStatement.java:180) ~[sqljdbc4-4.0.jar:na]
	at com.microsoft.sqlserver.jdbc.SQLServerStatement.executeStatement(SQLServerStatement.java:155) ~[sqljdbc4-4.0.jar:na]
	at com.microsoft.sqlserver.jdbc.SQLServerPreparedStatement.execute(SQLServerPreparedStatement.java:332) ~[sqljdbc4-4.0.jar:na]
	at com.alibaba.datax.plugin.rdbms.writer.CommonRdbmsWriter$Task.doOneInsert(CommonRdbmsWriter.java:382) [plugin-rdbms-util-0.0.1-SNAPSHOT.jar:na]
	at com.alibaba.datax.plugin.rdbms.writer.CommonRdbmsWriter$Task.doBatchInsert(CommonRdbmsWriter.java:362) [plugin-rdbms-util-0.0.1-SNAPSHOT.jar:na]
	at com.alibaba.datax.plugin.rdbms.writer.CommonRdbmsWriter$Task.startWriteWithConnection(CommonRdbmsWriter.java:291) [plugin-rdbms-util-0.0.1-SNAPSHOT.jar:na]
	at com.alibaba.datax.plugin.rdbms.writer.CommonRdbmsWriter$Task.startWrite(CommonRdbmsWriter.java:319) [plugin-rdbms-util-0.0.1-SNAPSHOT.jar:na]
	at com.alibaba.datax.plugin.writer.sqlserverwriter.SqlServerWriter$Task.startWrite(SqlServerWriter.java:81) [sqlserverwriter-0.0.1-SNAPSHOT.jar:na]
	at com.alibaba.datax.core.taskgroup.runner.WriterRunner.run(WriterRunner.java:56) [datax-core-0.0.1-SNAPSHOT.jar:na]
	at java.lang.Thread.run(Thread.java:748) [na:1.8.0_192]
2023-06-21 15:08:29.322 [0-0-0-writer] ERROR StdoutPluginCollector - 脏数据: 
{"exception":"当 IDENTITY_INSERT 设置为 OFF 时，不能为表 'OPP_BUSI_IMG_CONDITION' 中的标识列插入显式值。","record":[{"byteSize":5,"index":0,"rawData":"36061","type":"DOUBLE"},{"byteSize":0,"index":1,"rawData":"","type":"STRING"},{"byteSize":0,"index":2,"rawData":"","type":"STRING"},{"byteSize":16,"index":3,"rawData":"USER_TYPE == \"0\"","type":"STRING"},{"byteSize":1,"index":4,"rawData":"0","type":"STRING"},{"byteSize":6,"index":5,"rawData":"Z0001A","type":"STRING"},{"byteSize":3,"index":6,"rawData":"021","type":"STRING"},{"byteSize":1,"index":7,"rawData":"0","type":"STRING"}],"type":"writer"}
2023-06-21 15:08:29.323 [0-0-0-writer] ERROR StdoutPluginCollector - 脏数据: 
{"exception":"当 IDENTITY_INSERT 设置为 OFF 时，不能为表 'OPP_BUSI_IMG_CONDITION' 中的标识列插入显式值。","record":[{"byteSize":5,"index":0,"rawData":"36062","type":"DOUBLE"},{"byteSize":0,"index":1,"rawData":"","type":"STRING"},{"byteSize":0,"index":2,"rawData":"","type":"STRING"},{"byteSize":15,"index":3,"rawData":"ID_TYPE == \"00\"","type":"STRING"},{"byteSize":1,"index":4,"rawData":"0","type":"STRING"},{"byteSize":6,"index":5,"rawData":"Z0001A","type":"STRING"},{"byteSize":3,"index":6,"rawData":"022","type":"STRING"},{"byteSize":1,"index":7,"rawData":"0","type":"STRING"}],"type":"writer"}
2023-06-21 15:08:29.324 [0-0-0-writer] ERROR StdoutPluginCollector - 脏数据: 
{"exception":"当 IDENTITY_INSERT 设置为 OFF 时，不能为表 'OPP_BUSI_IMG_CONDITION' 中的标识列插入显式值。","record":[{"byteSize":5,"index":0,"rawData":"36063","type":"DOUBLE"},{"byteSize":0,"index":1,"rawData":"","type":"STRING"},{"byteSize":0,"index":2,"rawData":"","type":"STRING"},{"byteSize":34,"index":3,"rawData":"ID_TYPE == \"01\" || ID_TYPE == \"06\"","type":"STRING"},{"byteSize":1,"index":4,"rawData":"0","type":"STRING"},{"byteSize":6,"index":5,"rawData":"Z0001A","type":"STRING"},{"byteSize":3,"index":6,"rawData":"023","type":"STRING"},{"byteSize":1,"index":7,"rawData":"0","type":"STRING"}],"type":"writer"}
2023-06-21 15:08:29.324 [0-0-0-writer] ERROR StdoutPluginCollector - 脏数据: 
{"exception":"当 IDENTITY_INSERT 设置为 OFF 时，不能为表 'OPP_BUSI_IMG_CONDITION' 中的标识列插入显式值。","record":[{"byteSize":5,"index":0,"rawData":"36067","type":"DOUBLE"},{"byteSize":0,"index":1,"rawData":"","type":"STRING"},{"byteSize":0,"index":2,"rawData":"","type":"STRING"},{"byteSize":15,"index":3,"rawData":"ID_TYPE == \"0i\"","type":"STRING"},{"byteSize":1,"index":4,"rawData":"0","type":"STRING"},{"byteSize":6,"index":5,"rawData":"Z0001A","type":"STRING"},{"byteSize":3,"index":6,"rawData":"02d","type":"STRING"},{"byteSize":1,"index":7,"rawData":"0","type":"STRING"}],"type":"writer"}
2023-06-21 15:08:29.325 [0-0-0-writer] ERROR StdoutPluginCollector - 脏数据: 
{"exception":"当 IDENTITY_INSERT 设置为 OFF 时，不能为表 'OPP_BUSI_IMG_CONDITION' 中的标识列插入显式值。","record":[{"byteSize":5,"index":0,"rawData":"36068","type":"DOUBLE"},{"byteSize":0,"index":1,"rawData":"","type":"STRING"},{"byteSize":0,"index":2,"rawData":"","type":"STRING"},{"byteSize":15,"index":3,"rawData":"ID_TYPE == \"0j\"","type":"STRING"},{"byteSize":1,"index":4,"rawData":"0","type":"STRING"},{"byteSize":6,"index":5,"rawData":"Z0001A","type":"STRING"},{"byteSize":3,"index":6,"rawData":"02e","type":"STRING"},{"byteSize":1,"index":7,"rawData":"0","type":"STRING"}],"type":"writer"}
2023-06-21 15:08:29.326 [0-0-0-writer] ERROR StdoutPluginCollector - 脏数据: 
{"exception":"当 IDENTITY_INSERT 设置为 OFF 时，不能为表 'OPP_BUSI_IMG_CONDITION' 中的标识列插入显式值。","record":[{"byteSize":5,"index":0,"rawData":"36069","type":"DOUBLE"},{"byteSize":0,"index":1,"rawData":"","type":"STRING"},{"byteSize":0,"index":2,"rawData":"","type":"STRING"},{"byteSize":15,"index":3,"rawData":"ID_TYPE == \"0e\"","type":"STRING"},{"byteSize":1,"index":4,"rawData":"0","type":"STRING"},{"byteSize":6,"index":5,"rawData":"Z0001A","type":"STRING"},{"byteSize":3,"index":6,"rawData":"02k","type":"STRING"},{"byteSize":1,"index":7,"rawData":"0","type":"STRING"}],"type":"writer"}
2023-06-21 15:08:29.326 [0-0-0-writer] ERROR StdoutPluginCollector - 脏数据: 
{"exception":"当 IDENTITY_INSERT 设置为 OFF 时，不能为表 'OPP_BUSI_IMG_CONDITION' 中的标识列插入显式值。","record":[{"byteSize":5,"index":0,"rawData":"36070","type":"DOUBLE"},{"byteSize":0,"index":1,"rawData":"","type":"STRING"},{"byteSize":0,"index":2,"rawData":"","type":"STRING"},{"byteSize":133,"index":3,"rawData":"USER_TYPE == \"1\" && (LEGAL_REP_TYPE ==\"07\" || (SZORG_TYPE == \"31\" || SZORG_TYPE == \"32\" || SZORG_TYPE == \"33\" || SZORG_TYPE == \"34\"))","type":"STRING"},{"byteSize":1,"index":4,"rawData":"0","type":"STRING"},{"byteSize":6,"index":5,"rawData":"Z0001A","type":"STRING"},{"byteSize":3,"index":6,"rawData":"11h","type":"STRING"},{"byteSize":1,"index":7,"rawData":"0","type":"STRING"}],"type":"writer"}
2023-06-21 15:08:29.327 [0-0-0-writer] ERROR StdoutPluginCollector - 脏数据: 
{"exception":"当 IDENTITY_INSERT 设置为 OFF 时，不能为表 'OPP_BUSI_IMG_CONDITION' 中的标识列插入显式值。","record":[{"byteSize":5,"index":0,"rawData":"36072","type":"DOUBLE"},{"byteSize":0,"index":1,"rawData":"","type":"STRING"},{"byteSize":0,"index":2,"rawData":"","type":"STRING"},{"byteSize":248,"index":3,"rawData":"USER_TYPE != \"0\" && !(LEGAL_REP_TYPE ==\"07\" || LEGAL_REP_TYPE ==\"08\" || LEGAL_REP_TYPE ==\"09\" ) && !(SZORG_TYPE == \"21\" || SZORG_TYPE == \"22\" || SZORG_TYPE == \"23\"|| SZORG_TYPE == \"31\"|| SZORG_TYPE == \"32\"|| SZORG_TYPE == \"33\"|| SZORG_TYPE == \"34\")","type":"STRING"},{"byteSize":1,"index":4,"rawData":"0","type":"STRING"},{"byteSize":6,"index":5,"rawData":"Z0001A","type":"STRING"},{"byteSize":3,"index":6,"rawData":"054","type":"STRING"},{"byteSize":1,"index":7,"rawData":"0","type":"STRING"}],"type":"writer"}
2023-06-21 15:08:29.327 [0-0-0-writer] ERROR StdoutPluginCollector - 脏数据: 
{"exception":"当 IDENTITY_INSERT 设置为 OFF 时，不能为表 'OPP_BUSI_IMG_CONDITION' 中的标识列插入显式值。","record":[{"byteSize":5,"index":0,"rawData":"36073","type":"DOUBLE"},{"byteSize":0,"index":1,"rawData":"","type":"STRING"},{"byteSize":0,"index":2,"rawData":"","type":"STRING"},{"byteSize":248,"index":3,"rawData":"USER_TYPE != \"0\" && !(LEGAL_REP_TYPE ==\"07\" || LEGAL_REP_TYPE ==\"08\" || LEGAL_REP_TYPE ==\"09\" ) && !(SZORG_TYPE == \"21\" || SZORG_TYPE == \"22\" || SZORG_TYPE == \"23\"|| SZORG_TYPE == \"31\"|| SZORG_TYPE == \"32\"|| SZORG_TYPE == \"33\"|| SZORG_TYPE == \"34\")","type":"STRING"},{"byteSize":1,"index":4,"rawData":"0","type":"STRING"},{"byteSize":6,"index":5,"rawData":"Z0001A","type":"STRING"},{"byteSize":3,"index":6,"rawData":"053","type":"STRING"},{"byteSize":1,"index":7,"rawData":"0","type":"STRING"}],"type":"writer"}
2023-06-21 15:08:30.258 [0-0-0-writer] WARN  CommonRdbmsWriter$Task - 回滚此次写入, 采用每次写入一行方式提交. 因为:当 IDENTITY_INSERT 设置为 OFF 时，不能为表 'OPP_BUSI_IMG_CONDITION' 中的标识列插入显式值。
2023-06-21 15:08:31.076 [0-0-0-reader] INFO  CommonRdbmsReader$Task - Finished read record by Sql: [select CONDITION_ID,ATOM_CODE,ATOM_PARAM,CONDITION_VALUE,CONDITION_TYPE,BUSI_CODE,IMG_CLS,LEGAL_ID from OPP_BUSI_IMG_CONDITION 
] jdbcUrl:[jdbc:sqlserver://192.168.203.130:1433;DatabaseName=YGT;].
2023-06-21 15:08:31.311 [0-0-0-writer] WARN  CommonRdbmsWriter$Task - 回滚此次写入, 采用每次写入一行方式提交. 因为:当 IDENTITY_INSERT 设置为 OFF 时，不能为表 'OPP_BUSI_IMG_CONDITION' 中的标识列插入显式值。
2023-06-21 15:08:31.870 [taskGroup-0] INFO  TaskGroupContainer - taskGroup[0] taskId[0] is successed, used[2717]ms
2023-06-21 15:08:31.870 [taskGroup-0] INFO  TaskGroupContainer - taskGroup[0] completed it's tasks.
2023-06-21 15:08:39.164 [job-0] INFO  StandAloneJobContainerCommunicator - Total 5261 records, 462653 bytes | Speed 45.18KB/s, 526 records/s | Error 5261 records, 462653 bytes |  All Task WaitWriterTime 1.849s |  All Task WaitReaderTime 0.045s | Percentage 100.00%
2023-06-21 15:08:39.165 [job-0] ERROR JobContainer - 运行scheduler 模式[standalone]出错.
2023-06-21 15:08:39.165 [job-0] ERROR JobContainer - Exception when job run
com.alibaba.datax.common.exception.DataXException: Code:[Framework-14], Description:[DataX传输脏数据超过用户预期，该错误通常是由于源端数据存在较多业务脏数据导致，请仔细检查DataX汇报的脏数据日志信息, 或者您可以适当调大脏数据阈值 .].  - 脏数据条数检查不通过，限制是[0]条，但实际上捕获了[5261]条.
	at com.alibaba.datax.common.exception.DataXException.asDataXException(DataXException.java:30) ~[datax-common-0.0.1-SNAPSHOT.jar:na]
	at com.alibaba.datax.core.util.ErrorRecordChecker.checkRecordLimit(ErrorRecordChecker.java:58) ~[datax-core-0.0.1-SNAPSHOT.jar:na]
	at com.alibaba.datax.core.job.scheduler.AbstractScheduler.schedule(AbstractScheduler.java:89) ~[datax-core-0.0.1-SNAPSHOT.jar:na]
	at com.alibaba.datax.core.job.JobContainer.schedule(JobContainer.java:535) ~[datax-core-0.0.1-SNAPSHOT.jar:na]
	at com.alibaba.datax.core.job.JobContainer.start(JobContainer.java:119) ~[datax-core-0.0.1-SNAPSHOT.jar:na]
	at com.alibaba.datax.core.Engine.start(Engine.java:93) [datax-core-0.0.1-SNAPSHOT.jar:na]
	at com.alibaba.datax.core.Engine.entry(Engine.java:175) [datax-core-0.0.1-SNAPSHOT.jar:na]
	at com.alibaba.datax.core.Engine.main(Engine.java:208) [datax-core-0.0.1-SNAPSHOT.jar:na]
2023-06-21 15:08:39.166 [job-0] INFO  StandAloneJobContainerCommunicator - Total 5261 records, 462653 bytes | Speed 451.81KB/s, 5261 records/s | Error 5261 records, 462653 bytes |  All Task WaitWriterTime 1.849s |  All Task WaitReaderTime 0.045s | Percentage 100.00%
2023-06-21 15:08:39.166 [job-0] ERROR Engine - 

经DataX智能分析,该任务最可能的错误原因是:
com.alibaba.datax.common.exception.DataXException: Code:[Framework-14], Description:[DataX传输脏数据超过用户预期，该错误通常是由于源端数据存在较多业务脏数据导致，请仔细检查DataX汇报的脏数据日志信息, 或者您可以适当调大脏数据阈值 .].  - 脏数据条数检查不通过，限制是[0]条，但实际上捕获了[5261]条.
	at com.alibaba.datax.common.exception.DataXException.asDataXException(DataXException.java:30)
	at com.alibaba.datax.core.util.ErrorRecordChecker.checkRecordLimit(ErrorRecordChecker.java:58)
	at com.alibaba.datax.core.job.scheduler.AbstractScheduler.schedule(AbstractScheduler.java:89)
	at com.alibaba.datax.core.job.JobContainer.schedule(JobContainer.java:535)
	at com.alibaba.datax.core.job.JobContainer.start(JobContainer.java:119)
	at com.alibaba.datax.core.Engine.start(Engine.java:93)
	at com.alibaba.datax.core.Engine.entry(Engine.java:175)
	at com.alibaba.datax.core.Engine.main(Engine.java:208)

