2023-06-21 13:44:37.476 [main] INFO  MessageSource - JVM TimeZone: GMT+08:00, Locale: zh_CN
2023-06-21 13:44:37.484 [main] INFO  MessageSource - use Locale: zh_CN timeZone: sun.util.calendar.ZoneInfo[id="GMT+08:00",offset=28800000,dstSavings=0,useDaylight=false,transitions=0,lastRule=null]
2023-06-21 13:44:37.518 [main] INFO  VMInfo - VMInfo# operatingSystem class => sun.management.OperatingSystemImpl
2023-06-21 13:44:37.526 [main] INFO  Engine - the machine info  => 

	osInfo:	Oracle Corporation 1.8 25.192-b12
	jvmInfo:	Windows 10 amd64 10.0
	cpu num:	16

	totalPhysicalMemory:	-0.00G
	freePhysicalMemory:	-0.00G
	maxFileDescriptorCount:	-1
	currentOpenFileDescriptorCount:	-1

	GC Names	[PS MarkSweep, PS Scavenge]

	MEMORY_NAME                    | allocation_size                | init_size                      
	PS Eden Space                  | 256.00MB                       | 256.00MB                       
	Code Cache                     | 240.00MB                       | 2.44MB                         
	Compressed Class Space         | 1,024.00MB                     | 0.00MB                         
	PS Survivor Space              | 42.50MB                        | 42.50MB                        
	PS Old Gen                     | 683.00MB                       | 683.00MB                       
	Metaspace                      | -0.00MB                        | 0.00MB                         


2023-06-21 13:44:37.550 [main] INFO  Engine - 
{
	"content":[
		{
			"reader":{
				"name":"sqlserverreader",
				"parameter":{
					"column":[
						"BUSI_CODE",
						"IMG_CLS",
						"COLLECT_MUST",
						"WATER_MARK",
						"IMG_ORDER",
						"REF_BUSI_TYPE",
						"YZT_CHANNELS",
						"ADDITIONAL_REVIEW",
						"ADDITIONAL",
						"BUSI_SCOPE",
						"LEGAL_ID",
						"USER_TYPE"
					],
					"connection":[
						{
							"jdbcUrl":[
								"jdbc:sqlserver://192.168.203.130:1433;DatabaseName=YGT;"
							],
							"table":[
								"OPP_BUSI_IMG_CFG"
							]
						}
					],
					"password":"***********",
					"splitPk":"",
					"username":"sa"
				}
			},
			"writer":{
				"name":"sqlserverwriter",
				"parameter":{
					"column":[
						"BUSI_CODE",
						"IMG_CLS",
						"COLLECT_MUST",
						"WATER_MARK",
						"IMG_ORDER",
						"REF_BUSI_TYPE",
						"YZT_CHANNELS",
						"ADDITIONAL_REVIEW",
						"ADDITIONAL",
						"BUSI_SCOPE",
						"LEGAL_ID",
						"USER_TYPE"
					],
					"connection":[
						{
							"jdbcUrl":"jdbc:sqlserver://192.168.203.129:1433;DatabaseName=YGT;",
							"table":[
								"OPP_BUSI_IMG_CFG"
							]
						}
					],
					"password":"***********",
					"preSql":[
						"TRUNCATE TABLE OPP_BUSI_IMG_CFG"
					],
					"username":"sa"
				}
			}
		}
	],
	"setting":{
		"errorLimit":{
			"record":0
		},
		"speed":{
			"channel":20
		}
	}
}

2023-06-21 13:44:37.575 [main] WARN  Engine - prioriy set to 0, because NumberFormatException, the value is: null
2023-06-21 13:44:37.577 [main] INFO  PerfTrace - PerfTrace traceId=job_-1, isEnable=false, priority=0
2023-06-21 13:44:37.578 [main] INFO  JobContainer - DataX jobContainer starts job.
2023-06-21 13:44:37.580 [main] INFO  JobContainer - Set jobId = 0
2023-06-21 13:44:43.809 [job-0] INFO  OriginalConfPretreatmentUtil - Available jdbcUrl:jdbc:sqlserver://192.168.203.130:1433;DatabaseName=YGT;.
2023-06-21 13:44:43.882 [job-0] INFO  OriginalConfPretreatmentUtil - table:[OPP_BUSI_IMG_CFG] has columns:[BUSI_CODE,IMG_CLS,COLLECT_MUST,WATER_MARK,IMG_ORDER,REF_BUSI_TYPE,YZT_CHANNELS,ADDITIONAL_REVIEW,ADDITIONAL,BUSI_SCOPE,LEGAL_ID,USER_TYPE].
2023-06-21 13:44:43.989 [job-0] INFO  OriginalConfPretreatmentUtil - table:[OPP_BUSI_IMG_CFG] all columns:[
BUSI_CODE,IMG_CLS,COLLECT_MUST,WATER_MARK,IMG_ORDER,REF_BUSI_TYPE,YZT_CHANNELS,ADDITIONAL_REVIEW,ADDITIONAL,BUSI_SCOPE,LEGAL_ID,USER_TYPE
].
2023-06-21 13:44:44.012 [job-0] INFO  OriginalConfPretreatmentUtil - Write data [
INSERT INTO %s (BUSI_CODE,IMG_CLS,COLLECT_MUST,WATER_MARK,IMG_ORDER,REF_BUSI_TYPE,YZT_CHANNELS,ADDITIONAL_REVIEW,ADDITIONAL,BUSI_SCOPE,LEGAL_ID,USER_TYPE) VALUES(?,?,?,?,?,?,?,?,?,?,?,?)
], which jdbcUrl like:[jdbc:sqlserver://192.168.203.129:1433;DatabaseName=YGT;]
2023-06-21 13:44:44.013 [job-0] INFO  JobContainer - jobContainer starts to do prepare ...
2023-06-21 13:44:44.013 [job-0] INFO  JobContainer - DataX Reader.Job [sqlserverreader] do prepare work .
2023-06-21 13:44:44.013 [job-0] INFO  JobContainer - DataX Writer.Job [sqlserverwriter] do prepare work .
2023-06-21 13:44:44.042 [job-0] INFO  CommonRdbmsWriter$Job - Begin to execute preSqls:[TRUNCATE TABLE OPP_BUSI_IMG_CFG]. context info:jdbc:sqlserver://192.168.203.129:1433;DatabaseName=YGT;.
2023-06-21 13:44:44.043 [job-0] INFO  JobContainer - jobContainer starts to do split ...
2023-06-21 13:44:44.044 [job-0] INFO  JobContainer - Job set Channel-Number to 20 channels.
2023-06-21 13:44:44.067 [job-0] INFO  JobContainer - DataX Reader.Job [sqlserverreader] splits to [1] tasks.
2023-06-21 13:44:44.067 [job-0] INFO  JobContainer - DataX Writer.Job [sqlserverwriter] splits to [1] tasks.
2023-06-21 13:44:44.092 [job-0] INFO  JobContainer - jobContainer starts to do schedule ...
2023-06-21 13:44:44.095 [job-0] INFO  JobContainer - Scheduler starts [1] taskGroups.
2023-06-21 13:44:44.097 [job-0] INFO  JobContainer - Running by standalone Mode.
2023-06-21 13:44:44.103 [taskGroup-0] INFO  TaskGroupContainer - taskGroupId=[0] start [1] channels for [1] tasks.
2023-06-21 13:44:44.106 [taskGroup-0] INFO  Channel - Channel set byte_speed_limit to -1, No bps activated.
2023-06-21 13:44:44.107 [taskGroup-0] INFO  Channel - Channel set record_speed_limit to -1, No tps activated.
2023-06-21 13:44:44.143 [taskGroup-0] INFO  TaskGroupContainer - taskGroup[0] taskId[0] attemptCount[1] is started
2023-06-21 13:44:44.151 [0-0-0-reader] INFO  CommonRdbmsReader$Task - Begin to read record by Sql: [select BUSI_CODE,IMG_CLS,COLLECT_MUST,WATER_MARK,IMG_ORDER,REF_BUSI_TYPE,YZT_CHANNELS,ADDITIONAL_REVIEW,ADDITIONAL,BUSI_SCOPE,LEGAL_ID,USER_TYPE from OPP_BUSI_IMG_CFG 
] jdbcUrl:[jdbc:sqlserver://192.168.203.130:1433;DatabaseName=YGT;].
2023-06-21 13:44:44.827 [0-0-0-reader] INFO  CommonRdbmsReader$Task - Finished read record by Sql: [select BUSI_CODE,IMG_CLS,COLLECT_MUST,WATER_MARK,IMG_ORDER,REF_BUSI_TYPE,YZT_CHANNELS,ADDITIONAL_REVIEW,ADDITIONAL,BUSI_SCOPE,LEGAL_ID,USER_TYPE from OPP_BUSI_IMG_CFG 
] jdbcUrl:[jdbc:sqlserver://192.168.203.130:1433;DatabaseName=YGT;].
2023-06-21 13:44:45.119 [taskGroup-0] INFO  TaskGroupContainer - taskGroup[0] taskId[0] is successed, used[985]ms
2023-06-21 13:44:45.120 [taskGroup-0] INFO  TaskGroupContainer - taskGroup[0] completed it's tasks.
