2023-06-21 13:47:09.509 [main] INFO  MessageSource - JVM TimeZone: GMT+08:00, Locale: zh_CN
2023-06-21 13:47:09.513 [main] INFO  MessageSource - use Locale: zh_CN timeZone: sun.util.calendar.ZoneInfo[id="GMT+08:00",offset=28800000,dstSavings=0,useDaylight=false,transitions=0,lastRule=null]
2023-06-21 13:47:09.528 [main] INFO  VMInfo - VMInfo# operatingSystem class => sun.management.OperatingSystemImpl
2023-06-21 13:47:09.533 [main] INFO  Engine - the machine info  => 

	osInfo:	Oracle Corporation 1.8 25.192-b12
	jvmInfo:	Windows 10 amd64 10.0
	cpu num:	16

	totalPhysicalMemory:	-0.00G
	freePhysicalMemory:	-0.00G
	maxFileDescriptorCount:	-1
	currentOpenFileDescriptorCount:	-1

	GC Names	[PS MarkSweep, PS Scavenge]

	MEMORY_NAME                    | allocation_size                | init_size                      
	PS Eden Space                  | 256.00MB                       | 256.00MB                       
	Code Cache                     | 240.00MB                       | 2.44MB                         
	Compressed Class Space         | 1,024.00MB                     | 0.00MB                         
	PS Survivor Space              | 42.50MB                        | 42.50MB                        
	PS Old Gen                     | 683.00MB                       | 683.00MB                       
	Metaspace                      | -0.00MB                        | 0.00MB                         


2023-06-21 13:47:09.553 [main] INFO  Engine - 
{
	"content":[
		{
			"reader":{
				"name":"sqlserverreader",
				"parameter":{
					"column":[
						"BUSI_CODE",
						"IMG_CLS",
						"COLLECT_MUST",
						"WATER_MARK",
						"IMG_ORDER",
						"REF_BUSI_TYPE",
						"YZT_CHANNELS",
						"ADDITIONAL_REVIEW",
						"ADDITIONAL",
						"BUSI_SCOPE",
						"LEGAL_ID",
						"USER_TYPE"
					],
					"connection":[
						{
							"jdbcUrl":[
								"jdbc:sqlserver://192.168.203.130:1433;DatabaseName=YGT;"
							],
							"table":[
								"OPP_BUSI_IMG_CFG"
							]
						}
					],
					"password":"***********",
					"splitPk":"",
					"username":"sa"
				}
			},
			"writer":{
				"name":"sqlserverwriter",
				"parameter":{
					"column":[
						"BUSI_CODE",
						"IMG_CLS",
						"COLLECT_MUST",
						"WATER_MARK",
						"IMG_ORDER",
						"REF_BUSI_TYPE",
						"YZT_CHANNELS",
						"ADDITIONAL_REVIEW",
						"ADDITIONAL",
						"BUSI_SCOPE",
						"LEGAL_ID",
						"USER_TYPE"
					],
					"connection":[
						{
							"jdbcUrl":"jdbc:sqlserver://192.168.203.129:1433;DatabaseName=YGT;",
							"table":[
								"OPP_BUSI_IMG_CFG"
							]
						}
					],
					"password":"***********",
					"preSql":[
						"TRUNCATE TABLE OPP_BUSI_IMG_CFG"
					],
					"username":"sa"
				}
			}
		}
	],
	"setting":{
		"errorLimit":{
			"record":0
		},
		"speed":{
			"channel":20
		}
	}
}

2023-06-21 13:47:09.586 [main] WARN  Engine - prioriy set to 0, because NumberFormatException, the value is: null
2023-06-21 13:47:09.588 [main] INFO  PerfTrace - PerfTrace traceId=job_-1, isEnable=false, priority=0
2023-06-21 13:47:09.589 [main] INFO  JobContainer - DataX jobContainer starts job.
2023-06-21 13:47:09.591 [main] INFO  JobContainer - Set jobId = 0
2023-06-21 13:47:15.590 [job-0] INFO  OriginalConfPretreatmentUtil - Available jdbcUrl:jdbc:sqlserver://192.168.203.130:1433;DatabaseName=YGT;.
2023-06-21 13:47:15.634 [job-0] INFO  OriginalConfPretreatmentUtil - table:[OPP_BUSI_IMG_CFG] has columns:[BUSI_CODE,IMG_CLS,COLLECT_MUST,WATER_MARK,IMG_ORDER,REF_BUSI_TYPE,YZT_CHANNELS,ADDITIONAL_REVIEW,ADDITIONAL,BUSI_SCOPE,LEGAL_ID,USER_TYPE].
2023-06-21 13:47:15.784 [job-0] INFO  OriginalConfPretreatmentUtil - table:[OPP_BUSI_IMG_CFG] all columns:[
BUSI_CODE,IMG_CLS,COLLECT_MUST,WATER_MARK,IMG_ORDER,REF_BUSI_TYPE,YZT_CHANNELS,ADDITIONAL_REVIEW,ADDITIONAL,BUSI_SCOPE,LEGAL_ID,USER_TYPE
].
2023-06-21 13:47:15.809 [job-0] INFO  OriginalConfPretreatmentUtil - Write data [
INSERT INTO %s (BUSI_CODE,IMG_CLS,COLLECT_MUST,WATER_MARK,IMG_ORDER,REF_BUSI_TYPE,YZT_CHANNELS,ADDITIONAL_REVIEW,ADDITIONAL,BUSI_SCOPE,LEGAL_ID,USER_TYPE) VALUES(?,?,?,?,?,?,?,?,?,?,?,?)
], which jdbcUrl like:[jdbc:sqlserver://192.168.203.129:1433;DatabaseName=YGT;]
2023-06-21 13:47:15.810 [job-0] INFO  JobContainer - jobContainer starts to do prepare ...
2023-06-21 13:47:15.810 [job-0] INFO  JobContainer - DataX Reader.Job [sqlserverreader] do prepare work .
2023-06-21 13:47:15.810 [job-0] INFO  JobContainer - DataX Writer.Job [sqlserverwriter] do prepare work .
2023-06-21 13:47:15.835 [job-0] INFO  CommonRdbmsWriter$Job - Begin to execute preSqls:[TRUNCATE TABLE OPP_BUSI_IMG_CFG]. context info:jdbc:sqlserver://192.168.203.129:1433;DatabaseName=YGT;.
2023-06-21 13:47:15.841 [job-0] INFO  JobContainer - jobContainer starts to do split ...
2023-06-21 13:47:15.841 [job-0] INFO  JobContainer - Job set Channel-Number to 20 channels.
2023-06-21 13:47:15.847 [job-0] INFO  JobContainer - DataX Reader.Job [sqlserverreader] splits to [1] tasks.
2023-06-21 13:47:15.848 [job-0] INFO  JobContainer - DataX Writer.Job [sqlserverwriter] splits to [1] tasks.
2023-06-21 13:47:15.880 [job-0] INFO  JobContainer - jobContainer starts to do schedule ...
2023-06-21 13:47:15.888 [job-0] INFO  JobContainer - Scheduler starts [1] taskGroups.
2023-06-21 13:47:15.891 [job-0] INFO  JobContainer - Running by standalone Mode.
2023-06-21 13:47:15.907 [taskGroup-0] INFO  TaskGroupContainer - taskGroupId=[0] start [1] channels for [1] tasks.
2023-06-21 13:47:15.913 [taskGroup-0] INFO  Channel - Channel set byte_speed_limit to -1, No bps activated.
2023-06-21 13:47:15.913 [taskGroup-0] INFO  Channel - Channel set record_speed_limit to -1, No tps activated.
2023-06-21 13:47:15.957 [taskGroup-0] INFO  TaskGroupContainer - taskGroup[0] taskId[0] attemptCount[1] is started
2023-06-21 13:47:15.964 [0-0-0-reader] INFO  CommonRdbmsReader$Task - Begin to read record by Sql: [select BUSI_CODE,IMG_CLS,COLLECT_MUST,WATER_MARK,IMG_ORDER,REF_BUSI_TYPE,YZT_CHANNELS,ADDITIONAL_REVIEW,ADDITIONAL,BUSI_SCOPE,LEGAL_ID,USER_TYPE from OPP_BUSI_IMG_CFG 
] jdbcUrl:[jdbc:sqlserver://192.168.203.130:1433;DatabaseName=YGT;].
2023-06-21 13:47:16.686 [0-0-0-writer] WARN  CommonRdbmsWriter$Task - 回滚此次写入, 采用每次写入一行方式提交. 因为:违反了 PRIMARY KEY 约束“PK_OPP_IMG_BIZ_CFG”。不能在对象“dbo.OPP_BUSI_IMG_CFG”中插入重复键。重复键值为 (00000, 021, 0)。
2023-06-21 13:47:16.738 [0-0-0-writer] ERROR StdoutPluginCollector - 
com.microsoft.sqlserver.jdbc.SQLServerException: 违反了 PRIMARY KEY 约束“PK_OPP_IMG_BIZ_CFG”。不能在对象“dbo.OPP_BUSI_IMG_CFG”中插入重复键。重复键值为 (00000, 021, 0)。
	at com.microsoft.sqlserver.jdbc.SQLServerException.makeFromDatabaseError(SQLServerException.java:216) ~[sqljdbc4-4.0.jar:na]
	at com.microsoft.sqlserver.jdbc.SQLServerStatement.getNextResult(SQLServerStatement.java:1515) ~[sqljdbc4-4.0.jar:na]
	at com.microsoft.sqlserver.jdbc.SQLServerPreparedStatement.doExecutePreparedStatement(SQLServerPreparedStatement.java:404) ~[sqljdbc4-4.0.jar:na]
	at com.microsoft.sqlserver.jdbc.SQLServerPreparedStatement$PrepStmtExecCmd.doExecute(SQLServerPreparedStatement.java:350) ~[sqljdbc4-4.0.jar:na]
	at com.microsoft.sqlserver.jdbc.TDSCommand.execute(IOBuffer.java:5696) ~[sqljdbc4-4.0.jar:na]
	at com.microsoft.sqlserver.jdbc.SQLServerConnection.executeCommand(SQLServerConnection.java:1715) ~[sqljdbc4-4.0.jar:na]
	at com.microsoft.sqlserver.jdbc.SQLServerStatement.executeCommand(SQLServerStatement.java:180) ~[sqljdbc4-4.0.jar:na]
	at com.microsoft.sqlserver.jdbc.SQLServerStatement.executeStatement(SQLServerStatement.java:155) ~[sqljdbc4-4.0.jar:na]
	at com.microsoft.sqlserver.jdbc.SQLServerPreparedStatement.execute(SQLServerPreparedStatement.java:332) ~[sqljdbc4-4.0.jar:na]
	at com.alibaba.datax.plugin.rdbms.writer.CommonRdbmsWriter$Task.doOneInsert(CommonRdbmsWriter.java:382) [plugin-rdbms-util-0.0.1-SNAPSHOT.jar:na]
	at com.alibaba.datax.plugin.rdbms.writer.CommonRdbmsWriter$Task.doBatchInsert(CommonRdbmsWriter.java:362) [plugin-rdbms-util-0.0.1-SNAPSHOT.jar:na]
	at com.alibaba.datax.plugin.rdbms.writer.CommonRdbmsWriter$Task.startWriteWithConnection(CommonRdbmsWriter.java:291) [plugin-rdbms-util-0.0.1-SNAPSHOT.jar:na]
	at com.alibaba.datax.plugin.rdbms.writer.CommonRdbmsWriter$Task.startWrite(CommonRdbmsWriter.java:319) [plugin-rdbms-util-0.0.1-SNAPSHOT.jar:na]
	at com.alibaba.datax.plugin.writer.sqlserverwriter.SqlServerWriter$Task.startWrite(SqlServerWriter.java:81) [sqlserverwriter-0.0.1-SNAPSHOT.jar:na]
	at com.alibaba.datax.core.taskgroup.runner.WriterRunner.run(WriterRunner.java:56) [datax-core-0.0.1-SNAPSHOT.jar:na]
	at java.lang.Thread.run(Thread.java:748) [na:1.8.0_192]
2023-06-21 13:47:16.742 [0-0-0-writer] ERROR StdoutPluginCollector - 脏数据: 
{"exception":"违反了 PRIMARY KEY 约束“PK_OPP_IMG_BIZ_CFG”。不能在对象“dbo.OPP_BUSI_IMG_CFG”中插入重复键。重复键值为 (00000, 021, 0)。","record":[{"byteSize":5,"index":0,"rawData":"00000","type":"STRING"},{"byteSize":3,"index":1,"rawData":"021","type":"STRING"},{"byteSize":1,"index":2,"rawData":"1","type":"STRING"},{"byteSize":1,"index":3,"rawData":" ","type":"STRING"},{"byteSize":1,"index":4,"rawData":"1","type":"DOUBLE"},{"byteSize":0,"index":5,"rawData":"","type":"STRING"},{"byteSize":5,"index":6,"rawData":"0,1,2","type":"STRING"},{"byteSize":1,"index":7,"rawData":"0","type":"STRING"},{"byteSize":1,"index":8,"rawData":"0","type":"STRING"},{"byteSize":0,"index":9,"type":"STRING"},{"byteSize":1,"index":10,"rawData":"0","type":"STRING"},{"byteSize":0,"index":11,"type":"STRING"}],"type":"writer"}
2023-06-21 13:47:16.755 [0-0-0-writer] ERROR StdoutPluginCollector - 脏数据: 
{"exception":"违反了 PRIMARY KEY 约束“PK_OPP_IMG_BIZ_CFG”。不能在对象“dbo.OPP_BUSI_IMG_CFG”中插入重复键。重复键值为 (00000, 022, 0)。","record":[{"byteSize":5,"index":0,"rawData":"00000","type":"STRING"},{"byteSize":3,"index":1,"rawData":"022","type":"STRING"},{"byteSize":1,"index":2,"rawData":"1","type":"STRING"},{"byteSize":1,"index":3,"rawData":" ","type":"STRING"},{"byteSize":1,"index":4,"rawData":"1","type":"DOUBLE"},{"byteSize":0,"index":5,"rawData":"","type":"STRING"},{"byteSize":5,"index":6,"rawData":"0,1,2","type":"STRING"},{"byteSize":1,"index":7,"rawData":"0","type":"STRING"},{"byteSize":1,"index":8,"rawData":"0","type":"STRING"},{"byteSize":0,"index":9,"type":"STRING"},{"byteSize":1,"index":10,"rawData":"0","type":"STRING"},{"byteSize":0,"index":11,"type":"STRING"}],"type":"writer"}
2023-06-21 13:47:16.755 [0-0-0-writer] ERROR StdoutPluginCollector - 脏数据: 
{"exception":"违反了 PRIMARY KEY 约束“PK_OPP_IMG_BIZ_CFG”。不能在对象“dbo.OPP_BUSI_IMG_CFG”中插入重复键。重复键值为 (00000, 023, 0)。","record":[{"byteSize":5,"index":0,"rawData":"00000","type":"STRING"},{"byteSize":3,"index":1,"rawData":"023","type":"STRING"},{"byteSize":1,"index":2,"rawData":"1","type":"STRING"},{"byteSize":1,"index":3,"rawData":" ","type":"STRING"},{"byteSize":1,"index":4,"rawData":"1","type":"DOUBLE"},{"byteSize":0,"index":5,"rawData":"","type":"STRING"},{"byteSize":5,"index":6,"rawData":"0,1,2","type":"STRING"},{"byteSize":1,"index":7,"rawData":"0","type":"STRING"},{"byteSize":1,"index":8,"rawData":"0","type":"STRING"},{"byteSize":0,"index":9,"type":"STRING"},{"byteSize":1,"index":10,"rawData":"0","type":"STRING"},{"byteSize":0,"index":11,"type":"STRING"}],"type":"writer"}
2023-06-21 13:47:16.756 [0-0-0-writer] ERROR StdoutPluginCollector - 脏数据: 
{"exception":"违反了 PRIMARY KEY 约束“PK_OPP_IMG_BIZ_CFG”。不能在对象“dbo.OPP_BUSI_IMG_CFG”中插入重复键。重复键值为 (00000, 025, 0)。","record":[{"byteSize":5,"index":0,"rawData":"00000","type":"STRING"},{"byteSize":3,"index":1,"rawData":"025","type":"STRING"},{"byteSize":1,"index":2,"rawData":"1","type":"STRING"},{"byteSize":1,"index":3,"rawData":" ","type":"STRING"},{"byteSize":1,"index":4,"rawData":"1","type":"DOUBLE"},{"byteSize":0,"index":5,"rawData":"","type":"STRING"},{"byteSize":5,"index":6,"rawData":"0,1,2","type":"STRING"},{"byteSize":1,"index":7,"rawData":"0","type":"STRING"},{"byteSize":1,"index":8,"rawData":"0","type":"STRING"},{"byteSize":0,"index":9,"type":"STRING"},{"byteSize":1,"index":10,"rawData":"0","type":"STRING"},{"byteSize":0,"index":11,"type":"STRING"}],"type":"writer"}
2023-06-21 13:47:16.757 [0-0-0-writer] ERROR StdoutPluginCollector - 脏数据: 
{"exception":"违反了 PRIMARY KEY 约束“PK_OPP_IMG_BIZ_CFG”。不能在对象“dbo.OPP_BUSI_IMG_CFG”中插入重复键。重复键值为 (00000, 02d, 0)。","record":[{"byteSize":5,"index":0,"rawData":"00000","type":"STRING"},{"byteSize":3,"index":1,"rawData":"02d","type":"STRING"},{"byteSize":1,"index":2,"rawData":"1","type":"STRING"},{"byteSize":1,"index":3,"rawData":" ","type":"STRING"},{"byteSize":1,"index":4,"rawData":"1","type":"DOUBLE"},{"byteSize":0,"index":5,"rawData":"","type":"STRING"},{"byteSize":5,"index":6,"rawData":"0,1,2","type":"STRING"},{"byteSize":1,"index":7,"rawData":"0","type":"STRING"},{"byteSize":1,"index":8,"rawData":"0","type":"STRING"},{"byteSize":0,"index":9,"type":"STRING"},{"byteSize":1,"index":10,"rawData":"0","type":"STRING"},{"byteSize":0,"index":11,"type":"STRING"}],"type":"writer"}
2023-06-21 13:47:16.757 [0-0-0-writer] ERROR StdoutPluginCollector - 脏数据: 
{"exception":"违反了 PRIMARY KEY 约束“PK_OPP_IMG_BIZ_CFG”。不能在对象“dbo.OPP_BUSI_IMG_CFG”中插入重复键。重复键值为 (00000, 02e, 0)。","record":[{"byteSize":5,"index":0,"rawData":"00000","type":"STRING"},{"byteSize":3,"index":1,"rawData":"02e","type":"STRING"},{"byteSize":1,"index":2,"rawData":"1","type":"STRING"},{"byteSize":1,"index":3,"rawData":" ","type":"STRING"},{"byteSize":1,"index":4,"rawData":"1","type":"DOUBLE"},{"byteSize":0,"index":5,"rawData":"","type":"STRING"},{"byteSize":5,"index":6,"rawData":"0,1,2","type":"STRING"},{"byteSize":1,"index":7,"rawData":"0","type":"STRING"},{"byteSize":1,"index":8,"rawData":"0","type":"STRING"},{"byteSize":0,"index":9,"type":"STRING"},{"byteSize":1,"index":10,"rawData":"0","type":"STRING"},{"byteSize":0,"index":11,"type":"STRING"}],"type":"writer"}
2023-06-21 13:47:16.758 [0-0-0-writer] ERROR StdoutPluginCollector - 脏数据: 
{"exception":"违反了 PRIMARY KEY 约束“PK_OPP_IMG_BIZ_CFG”。不能在对象“dbo.OPP_BUSI_IMG_CFG”中插入重复键。重复键值为 (00000, 02k, 0)。","record":[{"byteSize":5,"index":0,"rawData":"00000","type":"STRING"},{"byteSize":3,"index":1,"rawData":"02k","type":"STRING"},{"byteSize":1,"index":2,"rawData":"1","type":"STRING"},{"byteSize":1,"index":3,"rawData":" ","type":"STRING"},{"byteSize":1,"index":4,"rawData":"1","type":"DOUBLE"},{"byteSize":0,"index":5,"rawData":"","type":"STRING"},{"byteSize":5,"index":6,"rawData":"0,1,2","type":"STRING"},{"byteSize":1,"index":7,"rawData":"0","type":"STRING"},{"byteSize":1,"index":8,"rawData":"0","type":"STRING"},{"byteSize":0,"index":9,"type":"STRING"},{"byteSize":1,"index":10,"rawData":"0","type":"STRING"},{"byteSize":0,"index":11,"type":"STRING"}],"type":"writer"}
2023-06-21 13:47:16.759 [0-0-0-writer] ERROR StdoutPluginCollector - 脏数据: 
{"exception":"违反了 PRIMARY KEY 约束“PK_OPP_IMG_BIZ_CFG”。不能在对象“dbo.OPP_BUSI_IMG_CFG”中插入重复键。重复键值为 (00000, 02q, 0)。","record":[{"byteSize":5,"index":0,"rawData":"00000","type":"STRING"},{"byteSize":3,"index":1,"rawData":"02q","type":"STRING"},{"byteSize":1,"index":2,"rawData":"1","type":"STRING"},{"byteSize":1,"index":3,"rawData":" ","type":"STRING"},{"byteSize":1,"index":4,"rawData":"1","type":"DOUBLE"},{"byteSize":0,"index":5,"rawData":"","type":"STRING"},{"byteSize":5,"index":6,"rawData":"0,1,2","type":"STRING"},{"byteSize":1,"index":7,"rawData":"0","type":"STRING"},{"byteSize":1,"index":8,"rawData":"0","type":"STRING"},{"byteSize":0,"index":9,"type":"STRING"},{"byteSize":1,"index":10,"rawData":"0","type":"STRING"},{"byteSize":0,"index":11,"type":"STRING"}],"type":"writer"}
2023-06-21 13:47:16.759 [0-0-0-writer] ERROR StdoutPluginCollector - 脏数据: 
{"exception":"违反了 PRIMARY KEY 约束“PK_OPP_IMG_BIZ_CFG”。不能在对象“dbo.OPP_BUSI_IMG_CFG”中插入重复键。重复键值为 (00000, 02r, 0)。","record":[{"byteSize":5,"index":0,"rawData":"00000","type":"STRING"},{"byteSize":3,"index":1,"rawData":"02r","type":"STRING"},{"byteSize":1,"index":2,"rawData":"1","type":"STRING"},{"byteSize":1,"index":3,"rawData":" ","type":"STRING"},{"byteSize":1,"index":4,"rawData":"1","type":"DOUBLE"},{"byteSize":0,"index":5,"rawData":"","type":"STRING"},{"byteSize":5,"index":6,"rawData":"0,1,2","type":"STRING"},{"byteSize":1,"index":7,"rawData":"0","type":"STRING"},{"byteSize":1,"index":8,"rawData":"0","type":"STRING"},{"byteSize":0,"index":9,"type":"STRING"},{"byteSize":1,"index":10,"rawData":"0","type":"STRING"},{"byteSize":0,"index":11,"type":"STRING"}],"type":"writer"}
2023-06-21 13:47:17.892 [0-0-0-writer] WARN  CommonRdbmsWriter$Task - 回滚此次写入, 采用每次写入一行方式提交. 因为:违反了 PRIMARY KEY 约束“PK_OPP_IMG_BIZ_CFG”。不能在对象“dbo.OPP_BUSI_IMG_CFG”中插入重复键。重复键值为 (Z0024, x904, 0)。
2023-06-21 13:47:18.806 [0-0-0-reader] INFO  CommonRdbmsReader$Task - Finished read record by Sql: [select BUSI_CODE,IMG_CLS,COLLECT_MUST,WATER_MARK,IMG_ORDER,REF_BUSI_TYPE,YZT_CHANNELS,ADDITIONAL_REVIEW,ADDITIONAL,BUSI_SCOPE,LEGAL_ID,USER_TYPE from OPP_BUSI_IMG_CFG 
] jdbcUrl:[jdbc:sqlserver://192.168.203.130:1433;DatabaseName=YGT;].
2023-06-21 13:47:19.132 [0-0-0-writer] WARN  CommonRdbmsWriter$Task - 回滚此次写入, 采用每次写入一行方式提交. 因为:违反了 PRIMARY KEY 约束“PK_OPP_IMG_BIZ_CFG”。不能在对象“dbo.OPP_BUSI_IMG_CFG”中插入重复键。重复键值为 (Z0369, x903, 0)。
