2023-06-21 11:00:00.892 [main] INFO  MessageSource - JVM TimeZone: GMT+08:00, Locale: zh_CN
2023-06-21 11:00:00.894 [main] INFO  MessageSource - use Locale: zh_CN timeZone: sun.util.calendar.ZoneInfo[id="GMT+08:00",offset=28800000,dstSavings=0,useDaylight=false,transitions=0,lastRule=null]
2023-06-21 11:00:00.902 [main] INFO  VMInfo - VMInfo# operatingSystem class => sun.management.OperatingSystemImpl
2023-06-21 11:00:00.906 [main] INFO  Engine - the machine info  => 

	osInfo:	Oracle Corporation 1.8 25.192-b12
	jvmInfo:	Windows 10 amd64 10.0
	cpu num:	16

	totalPhysicalMemory:	-0.00G
	freePhysicalMemory:	-0.00G
	maxFileDescriptorCount:	-1
	currentOpenFileDescriptorCount:	-1

	GC Names	[PS MarkSweep, PS Scavenge]

	MEMORY_NAME                    | allocation_size                | init_size                      
	PS Eden Space                  | 256.00MB                       | 256.00MB                       
	Code Cache                     | 240.00MB                       | 2.44MB                         
	Compressed Class Space         | 1,024.00MB                     | 0.00MB                         
	PS Survivor Space              | 42.50MB                        | 42.50MB                        
	PS Old Gen                     | 683.00MB                       | 683.00MB                       
	Metaspace                      | -0.00MB                        | 0.00MB                         


2023-06-21 11:00:00.919 [main] INFO  Engine - 
{
	"content":[
		{
			"reader":{
				"name":"sqlserverreader",
				"parameter":{
					"column":[
						"BUSI_CODE",
						"NODE_KEY",
						"IMG_CLS",
						"USER_TYPE",
						"SHOW_TYPE"
					],
					"connection":[
						{
							"jdbcUrl":[
								"jdbc:sqlserver://192.168.203.130:1433;DatabaseName=YGT;"
							],
							"table":[
								"OPP_BUSI_NODE_IMG_CLS"
							]
						}
					],
					"password":"***********",
					"splitPk":"",
					"username":"sa"
				}
			},
			"writer":{
				"name":"sqlserverwriter",
				"parameter":{
					"column":[
						"BUSI_CODE",
						"NODE_KEY",
						"IMG_CLS",
						"USER_TYPE",
						"SHOW_TYPE"
					],
					"connection":[
						{
							"jdbcUrl":"jdbc:sqlserver://192.168.203.129:1433;DatabaseName=YGT;",
							"table":[
								"OPP_BUSI_NODE_IMG_CLS"
							]
						}
					],
					"password":"***********",
					"preSql":[
						"TRUNCATE TABLE OPP_BUSI_NODE_IMG_CLS"
					],
					"username":"sa"
				}
			}
		}
	],
	"setting":{
		"errorLimit":{
			"record":0
		},
		"speed":{
			"channel":20
		}
	}
}

2023-06-21 11:00:00.931 [main] WARN  Engine - prioriy set to 0, because NumberFormatException, the value is: null
2023-06-21 11:00:00.932 [main] INFO  PerfTrace - PerfTrace traceId=job_-1, isEnable=false, priority=0
2023-06-21 11:00:00.932 [main] INFO  JobContainer - DataX jobContainer starts job.
2023-06-21 11:00:00.933 [main] INFO  JobContainer - Set jobId = 0
2023-06-21 11:00:06.565 [job-0] INFO  OriginalConfPretreatmentUtil - Available jdbcUrl:jdbc:sqlserver://192.168.203.130:1433;DatabaseName=YGT;.
2023-06-21 11:00:06.600 [job-0] INFO  OriginalConfPretreatmentUtil - table:[OPP_BUSI_NODE_IMG_CLS] has columns:[BUSI_CODE,NODE_KEY,IMG_CLS,USER_TYPE,SHOW_TYPE].
2023-06-21 11:00:06.677 [job-0] INFO  OriginalConfPretreatmentUtil - table:[OPP_BUSI_NODE_IMG_CLS] all columns:[
BUSI_CODE,NODE_KEY,IMG_CLS,USER_TYPE,SHOW_TYPE
].
2023-06-21 11:00:06.687 [job-0] INFO  OriginalConfPretreatmentUtil - Write data [
INSERT INTO %s (BUSI_CODE,NODE_KEY,IMG_CLS,USER_TYPE,SHOW_TYPE) VALUES(?,?,?,?,?)
], which jdbcUrl like:[jdbc:sqlserver://192.168.203.129:1433;DatabaseName=YGT;]
2023-06-21 11:00:06.687 [job-0] INFO  JobContainer - jobContainer starts to do prepare ...
2023-06-21 11:00:06.687 [job-0] INFO  JobContainer - DataX Reader.Job [sqlserverreader] do prepare work .
2023-06-21 11:00:06.687 [job-0] INFO  JobContainer - DataX Writer.Job [sqlserverwriter] do prepare work .
2023-06-21 11:00:06.696 [job-0] INFO  CommonRdbmsWriter$Job - Begin to execute preSqls:[TRUNCATE TABLE OPP_BUSI_NODE_IMG_CLS]. context info:jdbc:sqlserver://192.168.203.129:1433;DatabaseName=YGT;.
2023-06-21 11:00:06.697 [job-0] INFO  JobContainer - jobContainer starts to do split ...
2023-06-21 11:00:06.698 [job-0] INFO  JobContainer - Job set Channel-Number to 20 channels.
2023-06-21 11:00:06.699 [job-0] INFO  JobContainer - DataX Reader.Job [sqlserverreader] splits to [1] tasks.
2023-06-21 11:00:06.700 [job-0] INFO  JobContainer - DataX Writer.Job [sqlserverwriter] splits to [1] tasks.
2023-06-21 11:00:06.710 [job-0] INFO  JobContainer - jobContainer starts to do schedule ...
2023-06-21 11:00:06.712 [job-0] INFO  JobContainer - Scheduler starts [1] taskGroups.
2023-06-21 11:00:06.714 [job-0] INFO  JobContainer - Running by standalone Mode.
2023-06-21 11:00:06.718 [taskGroup-0] INFO  TaskGroupContainer - taskGroupId=[0] start [1] channels for [1] tasks.
2023-06-21 11:00:06.720 [taskGroup-0] INFO  Channel - Channel set byte_speed_limit to -1, No bps activated.
2023-06-21 11:00:06.720 [taskGroup-0] INFO  Channel - Channel set record_speed_limit to -1, No tps activated.
2023-06-21 11:00:06.727 [taskGroup-0] INFO  TaskGroupContainer - taskGroup[0] taskId[0] attemptCount[1] is started
2023-06-21 11:00:06.731 [0-0-0-reader] INFO  CommonRdbmsReader$Task - Begin to read record by Sql: [select BUSI_CODE,NODE_KEY,IMG_CLS,USER_TYPE,SHOW_TYPE from OPP_BUSI_NODE_IMG_CLS 
] jdbcUrl:[jdbc:sqlserver://192.168.203.130:1433;DatabaseName=YGT;].
2023-06-21 11:00:06.884 [0-0-0-reader] INFO  CommonRdbmsReader$Task - Finished read record by Sql: [select BUSI_CODE,NODE_KEY,IMG_CLS,USER_TYPE,SHOW_TYPE from OPP_BUSI_NODE_IMG_CLS 
] jdbcUrl:[jdbc:sqlserver://192.168.203.130:1433;DatabaseName=YGT;].
2023-06-21 11:00:07.168 [taskGroup-0] INFO  TaskGroupContainer - taskGroup[0] taskId[0] is successed, used[441]ms
2023-06-21 11:00:07.169 [taskGroup-0] INFO  TaskGroupContainer - taskGroup[0] completed it's tasks.
