2023-06-21 09:17:25.640 [main] INFO  MessageSource - JVM TimeZone: GMT+08:00, Locale: zh_CN
2023-06-21 09:17:25.642 [main] INFO  MessageSource - use Locale: zh_CN timeZone: sun.util.calendar.ZoneInfo[id="GMT+08:00",offset=28800000,dstSavings=0,useDaylight=false,transitions=0,lastRule=null]
2023-06-21 09:17:25.649 [main] INFO  VMInfo - VMInfo# operatingSystem class => sun.management.OperatingSystemImpl
2023-06-21 09:17:25.652 [main] INFO  Engine - the machine info  => 

	osInfo:	Oracle Corporation 1.8 25.192-b12
	jvmInfo:	Windows 10 amd64 10.0
	cpu num:	16

	totalPhysicalMemory:	-0.00G
	freePhysicalMemory:	-0.00G
	maxFileDescriptorCount:	-1
	currentOpenFileDescriptorCount:	-1

	GC Names	[PS MarkSweep, PS Scavenge]

	MEMORY_NAME                    | allocation_size                | init_size                      
	PS Eden Space                  | 256.00MB                       | 256.00MB                       
	Code Cache                     | 240.00MB                       | 2.44MB                         
	Compressed Class Space         | 1,024.00MB                     | 0.00MB                         
	PS Survivor Space              | 42.50MB                        | 42.50MB                        
	PS Old Gen                     | 683.00MB                       | 683.00MB                       
	Metaspace                      | -0.00MB                        | 0.00MB                         


2023-06-21 09:17:25.664 [main] INFO  Engine - 
{
	"content":[
		{
			"reader":{
				"name":"sqlserverreader",
				"parameter":{
					"column":[
						"OP_CODE",
						"JSESSIONID",
						"UPDATE_TIME",
						"SERVER_SITE",
						"SOCKET_ID"
					],
					"connection":[
						{
							"jdbcUrl":[
								"jdbc:sqlserver://192.168.203.130:1433;DatabaseName=YGT;"
							],
							"table":[
								"OPP_ASSIGN_EMP_ONLINE"
							]
						}
					],
					"password":"***********",
					"splitPk":"",
					"username":"sa"
				}
			},
			"writer":{
				"name":"sqlserverwriter",
				"parameter":{
					"column":[
						"OP_CODE",
						"JSESSIONID",
						"UPDATE_TIME",
						"SERVER_SITE",
						"SOCKET_ID"
					],
					"connection":[
						{
							"jdbcUrl":"jdbc:sqlserver://192.168.203.129:1433;DatabaseName=YGT;",
							"table":[
								"OPP_ASSIGN_EMP_ONLINE"
							]
						}
					],
					"password":"***********",
					"preSql":[
						"TRUNCATE TABLE OPP_ASSIGN_EMP_ONLINE"
					],
					"username":"sa"
				}
			}
		}
	],
	"setting":{
		"errorLimit":{
			"record":0
		},
		"speed":{
			"channel":10
		}
	}
}

2023-06-21 09:17:25.675 [main] WARN  Engine - prioriy set to 0, because NumberFormatException, the value is: null
2023-06-21 09:17:25.676 [main] INFO  PerfTrace - PerfTrace traceId=job_-1, isEnable=false, priority=0
2023-06-21 09:17:25.676 [main] INFO  JobContainer - DataX jobContainer starts job.
2023-06-21 09:17:25.677 [main] INFO  JobContainer - Set jobId = 0
2023-06-21 09:17:31.240 [job-0] INFO  OriginalConfPretreatmentUtil - Available jdbcUrl:jdbc:sqlserver://192.168.203.130:1433;DatabaseName=YGT;.
2023-06-21 09:17:31.267 [job-0] INFO  OriginalConfPretreatmentUtil - table:[OPP_ASSIGN_EMP_ONLINE] has columns:[OP_CODE,JSESSIONID,UPDATE_TIME,SERVER_SITE,SOCKET_ID].
2023-06-21 09:17:31.332 [job-0] INFO  OriginalConfPretreatmentUtil - table:[OPP_ASSIGN_EMP_ONLINE] all columns:[
OP_CODE,JSESSIONID,UPDATE_TIME,SERVER_SITE,SOCKET_ID
].
2023-06-21 09:17:31.342 [job-0] INFO  OriginalConfPretreatmentUtil - Write data [
INSERT INTO %s (OP_CODE,JSESSIONID,UPDATE_TIME,SERVER_SITE,SOCKET_ID) VALUES(?,?,?,?,?)
], which jdbcUrl like:[jdbc:sqlserver://192.168.203.129:1433;DatabaseName=YGT;]
2023-06-21 09:17:31.342 [job-0] INFO  JobContainer - jobContainer starts to do prepare ...
2023-06-21 09:17:31.342 [job-0] INFO  JobContainer - DataX Reader.Job [sqlserverreader] do prepare work .
2023-06-21 09:17:31.342 [job-0] INFO  JobContainer - DataX Writer.Job [sqlserverwriter] do prepare work .
2023-06-21 09:17:31.350 [job-0] INFO  CommonRdbmsWriter$Job - Begin to execute preSqls:[TRUNCATE TABLE OPP_ASSIGN_EMP_ONLINE]. context info:jdbc:sqlserver://192.168.203.129:1433;DatabaseName=YGT;.
2023-06-21 09:17:31.352 [job-0] INFO  JobContainer - jobContainer starts to do split ...
2023-06-21 09:17:31.352 [job-0] INFO  JobContainer - Job set Channel-Number to 10 channels.
2023-06-21 09:17:31.353 [job-0] INFO  JobContainer - DataX Reader.Job [sqlserverreader] splits to [1] tasks.
2023-06-21 09:17:31.354 [job-0] INFO  JobContainer - DataX Writer.Job [sqlserverwriter] splits to [1] tasks.
2023-06-21 09:17:31.364 [job-0] INFO  JobContainer - jobContainer starts to do schedule ...
2023-06-21 09:17:31.366 [job-0] INFO  JobContainer - Scheduler starts [1] taskGroups.
2023-06-21 09:17:31.367 [job-0] INFO  JobContainer - Running by standalone Mode.
2023-06-21 09:17:31.370 [taskGroup-0] INFO  TaskGroupContainer - taskGroupId=[0] start [1] channels for [1] tasks.
2023-06-21 09:17:31.373 [taskGroup-0] INFO  Channel - Channel set byte_speed_limit to -1, No bps activated.
2023-06-21 09:17:31.373 [taskGroup-0] INFO  Channel - Channel set record_speed_limit to -1, No tps activated.
2023-06-21 09:17:31.379 [taskGroup-0] INFO  TaskGroupContainer - taskGroup[0] taskId[0] attemptCount[1] is started
2023-06-21 09:17:31.382 [0-0-0-reader] INFO  CommonRdbmsReader$Task - Begin to read record by Sql: [select OP_CODE,JSESSIONID,UPDATE_TIME,SERVER_SITE,SOCKET_ID from OPP_ASSIGN_EMP_ONLINE 
] jdbcUrl:[jdbc:sqlserver://192.168.203.130:1433;DatabaseName=YGT;].
2023-06-21 09:17:31.392 [0-0-0-reader] INFO  CommonRdbmsReader$Task - Finished read record by Sql: [select OP_CODE,JSESSIONID,UPDATE_TIME,SERVER_SITE,SOCKET_ID from OPP_ASSIGN_EMP_ONLINE 
] jdbcUrl:[jdbc:sqlserver://192.168.203.130:1433;DatabaseName=YGT;].
2023-06-21 09:17:31.480 [taskGroup-0] INFO  TaskGroupContainer - taskGroup[0] taskId[0] is successed, used[101]ms
2023-06-21 09:17:31.481 [taskGroup-0] INFO  TaskGroupContainer - taskGroup[0] completed it's tasks.
2023-06-21 09:17:41.383 [job-0] INFO  StandAloneJobContainerCommunicator - Total 0 records, 0 bytes | Speed 0B/s, 0 records/s | Error 0 records, 0 bytes |  All Task WaitWriterTime 0.000s |  All Task WaitReaderTime 0.000s | Percentage 100.00%
2023-06-21 09:17:41.383 [job-0] INFO  AbstractScheduler - Scheduler accomplished all tasks.
2023-06-21 09:17:41.383 [job-0] INFO  JobContainer - DataX Writer.Job [sqlserverwriter] do post work.
2023-06-21 09:17:41.383 [job-0] INFO  JobContainer - DataX Reader.Job [sqlserverreader] do post work.
2023-06-21 09:17:41.384 [job-0] INFO  JobContainer - DataX jobId [0] completed successfully.
2023-06-21 09:17:41.384 [job-0] INFO  HookInvoker - No hook invoked, because base dir not exists or is a file: C:\Users\xT\PycharmProjects\Migration\datax\hook
2023-06-21 09:17:41.385 [job-0] INFO  JobContainer - 
	 [total cpu info] => 
		averageCpu                     | maxDeltaCpu                    | minDeltaCpu                    
		-1.00%                         | -1.00%                         | -1.00%
                        

	 [total gc info] => 
		 NAME                 | totalGCCount       | maxDeltaGCCount    | minDeltaGCCount    | totalGCTime        | maxDeltaGCTime     | minDeltaGCTime     
		 PS MarkSweep         | 0                  | 0                  | 0                  | 0.000s             | 0.000s             | 0.000s             
		 PS Scavenge          | 0                  | 0                  | 0                  | 0.000s             | 0.000s             | 0.000s             

2023-06-21 09:17:41.385 [job-0] INFO  JobContainer - PerfTrace not enable!
2023-06-21 09:17:41.385 [job-0] INFO  StandAloneJobContainerCommunicator - Total 0 records, 0 bytes | Speed 0B/s, 0 records/s | Error 0 records, 0 bytes |  All Task WaitWriterTime 0.000s |  All Task WaitReaderTime 0.000s | Percentage 100.00%
2023-06-21 09:17:41.385 [job-0] INFO  JobContainer - 
任务启动时刻                    : 2023-06-21 09:17:25
任务结束时刻                    : 2023-06-21 09:17:41
任务总计耗时                    :                 15s
任务平均流量                    :                0B/s
记录写入速度                    :              0rec/s
读出记录总数                    :                   0
读写失败总数                    :                   0

