2023-06-21 16:51:19.483 [main] INFO  MessageSource - JVM TimeZone: GMT+08:00, Locale: zh_CN
2023-06-21 16:51:19.486 [main] INFO  MessageSource - use Locale: zh_CN timeZone: sun.util.calendar.ZoneInfo[id="GMT+08:00",offset=28800000,dstSavings=0,useDaylight=false,transitions=0,lastRule=null]
2023-06-21 16:51:19.498 [main] INFO  VMInfo - VMInfo# operatingSystem class => sun.management.OperatingSystemImpl
2023-06-21 16:51:19.505 [main] INFO  Engine - the machine info  => 

	osInfo:	Oracle Corporation 1.8 25.192-b12
	jvmInfo:	Windows 10 amd64 10.0
	cpu num:	16

	totalPhysicalMemory:	-0.00G
	freePhysicalMemory:	-0.00G
	maxFileDescriptorCount:	-1
	currentOpenFileDescriptorCount:	-1

	GC Names	[PS MarkSweep, PS Scavenge]

	MEMORY_NAME                    | allocation_size                | init_size                      
	PS Eden Space                  | 256.00MB                       | 256.00MB                       
	Code Cache                     | 240.00MB                       | 2.44MB                         
	Compressed Class Space         | 1,024.00MB                     | 0.00MB                         
	PS Survivor Space              | 42.50MB                        | 42.50MB                        
	PS Old Gen                     | 683.00MB                       | 683.00MB                       
	Metaspace                      | -0.00MB                        | 0.00MB                         


2023-06-21 16:51:19.524 [main] INFO  Engine - 
{
	"content":[
		{
			"reader":{
				"name":"sqlserverreader",
				"parameter":{
					"column":[
						"EXECUTION_ID",
						"REV",
						"BUSINESS_KEY",
						"PROC_INST_ID",
						"PROC_DEF_ID",
						"ACT_ID",
						"IS_ACTIVE",
						"IS_CONCURRENT",
						"IS_SCOPE",
						"IS_EVENT_SCOPE",
						"PARENT_ID",
						"SUPER_EXEC",
						"SUSPENSION_STATE",
						"CACHED_ENT_STATE",
						"CREATE_TIME"
					],
					"connection":[
						{
							"jdbcUrl":[
								"jdbc:sqlserver://192.168.203.130:1433;DatabaseName=YGT;"
							],
							"table":[
								"UWK_RU_EXECUTION"
							]
						}
					],
					"password":"***********",
					"splitPk":"",
					"username":"sa"
				}
			},
			"writer":{
				"name":"sqlserverwriter",
				"parameter":{
					"column":[
						"EXECUTION_ID",
						"REV",
						"BUSINESS_KEY",
						"PROC_INST_ID",
						"PROC_DEF_ID",
						"ACT_ID",
						"IS_ACTIVE",
						"IS_CONCURRENT",
						"IS_SCOPE",
						"IS_EVENT_SCOPE",
						"PARENT_ID",
						"SUPER_EXEC",
						"SUSPENSION_STATE",
						"CACHED_ENT_STATE",
						"CREATE_TIME"
					],
					"connection":[
						{
							"jdbcUrl":"jdbc:sqlserver://192.168.203.129:1433;DatabaseName=YGT;",
							"table":[
								"UWK_RU_EXECUTION"
							]
						}
					],
					"password":"***********",
					"preSql":[
						"TRUNCATE TABLE UWK_RU_EXECUTION"
					],
					"username":"sa"
				}
			}
		}
	],
	"setting":{
		"errorLimit":{
			"record":0
		},
		"speed":{
			"channel":20
		}
	}
}

2023-06-21 16:51:19.548 [main] WARN  Engine - prioriy set to 0, because NumberFormatException, the value is: null
2023-06-21 16:51:19.550 [main] INFO  PerfTrace - PerfTrace traceId=job_-1, isEnable=false, priority=0
2023-06-21 16:51:19.550 [main] INFO  JobContainer - DataX jobContainer starts job.
2023-06-21 16:51:19.553 [main] INFO  JobContainer - Set jobId = 0
