2023-06-20 12:31:37.194 [main] INFO  MessageSource - JVM TimeZone: GMT+08:00, Locale: zh_CN
2023-06-20 12:31:37.196 [main] INFO  MessageSource - use Locale: zh_CN timeZone: sun.util.calendar.ZoneInfo[id="GMT+08:00",offset=28800000,dstSavings=0,useDaylight=false,transitions=0,lastRule=null]
2023-06-20 12:31:37.208 [main] INFO  VMInfo - VMInfo# operatingSystem class => sun.management.OperatingSystemImpl
2023-06-20 12:31:37.213 [main] INFO  Engine - the machine info  => 

	osInfo:	Oracle Corporation 1.8 25.192-b12
	jvmInfo:	Windows 10 amd64 10.0
	cpu num:	16

	totalPhysicalMemory:	-0.00G
	freePhysicalMemory:	-0.00G
	maxFileDescriptorCount:	-1
	currentOpenFileDescriptorCount:	-1

	GC Names	[PS MarkSweep, PS Scavenge]

	MEMORY_NAME                    | allocation_size                | init_size                      
	PS Eden Space                  | 256.00MB                       | 256.00MB                       
	Code Cache                     | 240.00MB                       | 2.44MB                         
	Compressed Class Space         | 1,024.00MB                     | 0.00MB                         
	PS Survivor Space              | 42.50MB                        | 42.50MB                        
	PS Old Gen                     | 683.00MB                       | 683.00MB                       
	Metaspace                      | -0.00MB                        | 0.00MB                         


2023-06-20 12:31:37.226 [main] INFO  Engine - 
{
	"content":[
		{
			"reader":{
				"name":"sqlserverreader",
				"parameter":{
					"column":[
						"SERIAL_NO",
						"APPT_CHNL",
						"APPT_TYPE",
						"APPT_STATUS",
						"WEB_PHASE",
						"BUSI_CODE",
						"SERVICE_CODE",
						"USER_TYPE",
						"ORG_CODE",
						"CUST_CODE",
						"CUACCT_CODE",
						"ID_TYPE",
						"ID_CODE",
						"CUST_NAME",
						"CUST_FNAME",
						"MOBILE_TEL",
						"ACCEPT_PARAM",
						"EXP_DATE",
						"OP_ORG",
						"OP_CODE",
						"OP_SITE",
						"CREATE_DATE",
						"CREATE_TIME",
						"LAST_UPD_TIME",
						"REMARK",
						"ACS_GROUP_ID",
						"KCOP_SNO",
						"KIDM_SNO"
					],
					"connection":[
						{
							"jdbcUrl":"jdbc:sqlserver://192.168.203.130:1433;DatabaseName=YGT;",
							"table":[
								"APPT_BUSI_DATA"
							]
						}
					],
					"password":"***********",
					"splitPk":"",
					"username":"sa"
				}
			},
			"writer":{
				"name":"sqlserverwriter",
				"parameter":{
					"column":[
						"SERIAL_NO",
						"APPT_CHNL",
						"APPT_TYPE",
						"APPT_STATUS",
						"WEB_PHASE",
						"BUSI_CODE",
						"SERVICE_CODE",
						"USER_TYPE",
						"ORG_CODE",
						"CUST_CODE",
						"CUACCT_CODE",
						"ID_TYPE",
						"ID_CODE",
						"CUST_NAME",
						"CUST_FNAME",
						"MOBILE_TEL",
						"ACCEPT_PARAM",
						"EXP_DATE",
						"OP_ORG",
						"OP_CODE",
						"OP_SITE",
						"CREATE_DATE",
						"CREATE_TIME",
						"LAST_UPD_TIME",
						"REMARK",
						"ACS_GROUP_ID",
						"KCOP_SNO",
						"KIDM_SNO"
					],
					"connection":[
						{
							"jdbcUrl":"jdbc:sqlserver://192.168.203.130:1433;DatabaseName=YGT;",
							"table":[
								"APPT_BUSI_DATA"
							]
						}
					],
					"password":"***********",
					"preSql":[
						"TRUNCATE TABLE APPT_BUSI_DATA"
					],
					"username":"sa"
				}
			}
		}
	],
	"setting":{
		"speed":{
			"channel":10
		}
	}
}

2023-06-20 12:31:37.238 [main] WARN  Engine - prioriy set to 0, because NumberFormatException, the value is: null
2023-06-20 12:31:37.240 [main] INFO  PerfTrace - PerfTrace traceId=job_-1, isEnable=false, priority=0
2023-06-20 12:31:37.240 [main] INFO  JobContainer - DataX jobContainer starts job.
2023-06-20 12:31:37.241 [main] INFO  JobContainer - Set jobId = 0
2023-06-20 12:31:37.263 [job-0] ERROR JobContainer - Exception when job run
java.lang.ClassCastException: java.lang.String cannot be cast to java.util.List
	at com.alibaba.datax.common.util.Configuration.getList(Configuration.java:435) ~[datax-common-0.0.1-SNAPSHOT.jar:na]
	at com.alibaba.datax.plugin.rdbms.reader.util.OriginalConfPretreatmentUtil.dealJdbcAndTable(OriginalConfPretreatmentUtil.java:85) ~[plugin-rdbms-util-0.0.1-SNAPSHOT.jar:na]
	at com.alibaba.datax.plugin.rdbms.reader.util.OriginalConfPretreatmentUtil.simplifyConf(OriginalConfPretreatmentUtil.java:59) ~[plugin-rdbms-util-0.0.1-SNAPSHOT.jar:na]
	at com.alibaba.datax.plugin.rdbms.reader.util.OriginalConfPretreatmentUtil.doPretreatment(OriginalConfPretreatmentUtil.java:33) ~[plugin-rdbms-util-0.0.1-SNAPSHOT.jar:na]
	at com.alibaba.datax.plugin.rdbms.reader.CommonRdbmsReader$Job.init(CommonRdbmsReader.java:55) ~[plugin-rdbms-util-0.0.1-SNAPSHOT.jar:na]
	at com.alibaba.datax.plugin.reader.sqlserverreader.SqlServerReader$Job.init(SqlServerReader.java:40) ~[sqlserverreader-0.0.1-SNAPSHOT.jar:na]
	at com.alibaba.datax.core.job.JobContainer.initJobReader(JobContainer.java:673) ~[datax-core-0.0.1-SNAPSHOT.jar:na]
	at com.alibaba.datax.core.job.JobContainer.init(JobContainer.java:303) ~[datax-core-0.0.1-SNAPSHOT.jar:na]
	at com.alibaba.datax.core.job.JobContainer.start(JobContainer.java:113) ~[datax-core-0.0.1-SNAPSHOT.jar:na]
	at com.alibaba.datax.core.Engine.start(Engine.java:93) [datax-core-0.0.1-SNAPSHOT.jar:na]
	at com.alibaba.datax.core.Engine.entry(Engine.java:175) [datax-core-0.0.1-SNAPSHOT.jar:na]
	at com.alibaba.datax.core.Engine.main(Engine.java:208) [datax-core-0.0.1-SNAPSHOT.jar:na]
2023-06-20 12:31:42.065 [job-0] INFO  StandAloneJobContainerCommunicator - Total 0 records, 0 bytes | Speed 0B/s, 0 records/s | Error 0 records, 0 bytes |  All Task WaitWriterTime 0.000s |  All Task WaitReaderTime 0.000s | Percentage 0.00%
2023-06-20 12:31:42.066 [job-0] ERROR Engine - 

经DataX智能分析,该任务最可能的错误原因是:
com.alibaba.datax.common.exception.DataXException: Code:[Framework-02], Description:[DataX引擎运行过程出错，具体原因请参看DataX运行结束时的错误诊断信息  .].  - java.lang.ClassCastException: java.lang.String cannot be cast to java.util.List
	at com.alibaba.datax.common.util.Configuration.getList(Configuration.java:435)
	at com.alibaba.datax.plugin.rdbms.reader.util.OriginalConfPretreatmentUtil.dealJdbcAndTable(OriginalConfPretreatmentUtil.java:85)
	at com.alibaba.datax.plugin.rdbms.reader.util.OriginalConfPretreatmentUtil.simplifyConf(OriginalConfPretreatmentUtil.java:59)
	at com.alibaba.datax.plugin.rdbms.reader.util.OriginalConfPretreatmentUtil.doPretreatment(OriginalConfPretreatmentUtil.java:33)
	at com.alibaba.datax.plugin.rdbms.reader.CommonRdbmsReader$Job.init(CommonRdbmsReader.java:55)
	at com.alibaba.datax.plugin.reader.sqlserverreader.SqlServerReader$Job.init(SqlServerReader.java:40)
	at com.alibaba.datax.core.job.JobContainer.initJobReader(JobContainer.java:673)
	at com.alibaba.datax.core.job.JobContainer.init(JobContainer.java:303)
	at com.alibaba.datax.core.job.JobContainer.start(JobContainer.java:113)
	at com.alibaba.datax.core.Engine.start(Engine.java:93)
	at com.alibaba.datax.core.Engine.entry(Engine.java:175)
	at com.alibaba.datax.core.Engine.main(Engine.java:208)
 - java.lang.ClassCastException: java.lang.String cannot be cast to java.util.List
	at com.alibaba.datax.common.util.Configuration.getList(Configuration.java:435)
	at com.alibaba.datax.plugin.rdbms.reader.util.OriginalConfPretreatmentUtil.dealJdbcAndTable(OriginalConfPretreatmentUtil.java:85)
	at com.alibaba.datax.plugin.rdbms.reader.util.OriginalConfPretreatmentUtil.simplifyConf(OriginalConfPretreatmentUtil.java:59)
	at com.alibaba.datax.plugin.rdbms.reader.util.OriginalConfPretreatmentUtil.doPretreatment(OriginalConfPretreatmentUtil.java:33)
	at com.alibaba.datax.plugin.rdbms.reader.CommonRdbmsReader$Job.init(CommonRdbmsReader.java:55)
	at com.alibaba.datax.plugin.reader.sqlserverreader.SqlServerReader$Job.init(SqlServerReader.java:40)
	at com.alibaba.datax.core.job.JobContainer.initJobReader(JobContainer.java:673)
	at com.alibaba.datax.core.job.JobContainer.init(JobContainer.java:303)
	at com.alibaba.datax.core.job.JobContainer.start(JobContainer.java:113)
	at com.alibaba.datax.core.Engine.start(Engine.java:93)
	at com.alibaba.datax.core.Engine.entry(Engine.java:175)
	at com.alibaba.datax.core.Engine.main(Engine.java:208)

	at com.alibaba.datax.common.exception.DataXException.asDataXException(DataXException.java:48)
	at com.alibaba.datax.core.job.JobContainer.start(JobContainer.java:162)
	at com.alibaba.datax.core.Engine.start(Engine.java:93)
	at com.alibaba.datax.core.Engine.entry(Engine.java:175)
	at com.alibaba.datax.core.Engine.main(Engine.java:208)
Caused by: java.lang.ClassCastException: java.lang.String cannot be cast to java.util.List
	at com.alibaba.datax.common.util.Configuration.getList(Configuration.java:435)
	at com.alibaba.datax.plugin.rdbms.reader.util.OriginalConfPretreatmentUtil.dealJdbcAndTable(OriginalConfPretreatmentUtil.java:85)
	at com.alibaba.datax.plugin.rdbms.reader.util.OriginalConfPretreatmentUtil.simplifyConf(OriginalConfPretreatmentUtil.java:59)
	at com.alibaba.datax.plugin.rdbms.reader.util.OriginalConfPretreatmentUtil.doPretreatment(OriginalConfPretreatmentUtil.java:33)
	at com.alibaba.datax.plugin.rdbms.reader.CommonRdbmsReader$Job.init(CommonRdbmsReader.java:55)
	at com.alibaba.datax.plugin.reader.sqlserverreader.SqlServerReader$Job.init(SqlServerReader.java:40)
	at com.alibaba.datax.core.job.JobContainer.initJobReader(JobContainer.java:673)
	at com.alibaba.datax.core.job.JobContainer.init(JobContainer.java:303)
	at com.alibaba.datax.core.job.JobContainer.start(JobContainer.java:113)
	... 3 more

