2023-06-20 10:35:56.261 [main] INFO  MessageSource - JVM TimeZone: GMT+08:00, Locale: zh_CN
2023-06-20 10:35:56.264 [main] INFO  MessageSource - use Locale: zh_CN timeZone: sun.util.calendar.ZoneInfo[id="GMT+08:00",offset=28800000,dstSavings=0,useDaylight=false,transitions=0,lastRule=null]
2023-06-20 10:35:56.281 [main] INFO  VMInfo - VMInfo# operatingSystem class => sun.management.OperatingSystemImpl
2023-06-20 10:35:56.290 [main] INFO  Engine - the machine info  => 

	osInfo:	Oracle Corporation 1.8 25.192-b12
	jvmInfo:	Windows 10 amd64 10.0
	cpu num:	16

	totalPhysicalMemory:	-0.00G
	freePhysicalMemory:	-0.00G
	maxFileDescriptorCount:	-1
	currentOpenFileDescriptorCount:	-1

	GC Names	[PS MarkSweep, PS Scavenge]

	MEMORY_NAME                    | allocation_size                | init_size                      
	PS Eden Space                  | 256.00MB                       | 256.00MB                       
	Code Cache                     | 240.00MB                       | 2.44MB                         
	Compressed Class Space         | 1,024.00MB                     | 0.00MB                         
	PS Survivor Space              | 42.50MB                        | 42.50MB                        
	PS Old Gen                     | 683.00MB                       | 683.00MB                       
	Metaspace                      | -0.00MB                        | 0.00MB                         


2023-06-20 10:35:56.311 [main] INFO  Engine - 
{
	"content":[
		{
			"reader":{
				"name":"sqlserverreader",
				"parameter":{
					"column":[
						"HI_PROCINST_ID",
						"PROC_INST_ID",
						"BUSINESS_KEY",
						"PROC_DEF_ID",
						"START_TIME",
						"END_TIME",
						"DURATION",
						"START_USER_ID",
						"START_ACT_ID",
						"END_ACT_ID",
						"SUPER_PROCESS_INSTANCE_ID",
						"DELETE_REASON",
						"CREATE_TIME",
						"LAST_TASK_ID",
						"LAST_TASK_ASSIGNEE",
						"LAST_TASK_TIME",
						"REMIND_STATE"
					],
					"connection":[
						{
							"jdbcUrl":"jdbc:sqlserver://192.168.203.130:1433;DatabaseName=YGT;",
							"table":[
								"UWK_HI_PROCINST_BAK"
							]
						}
					],
					"password":"***********",
					"splitPk":"",
					"username":"sa"
				}
			},
			"writer":{
				"name":"sqlserverwriter",
				"parameter":{
					"column":[
						"HI_PROCINST_ID",
						"PROC_INST_ID",
						"BUSINESS_KEY",
						"PROC_DEF_ID",
						"START_TIME",
						"END_TIME",
						"DURATION",
						"START_USER_ID",
						"START_ACT_ID",
						"END_ACT_ID",
						"SUPER_PROCESS_INSTANCE_ID",
						"DELETE_REASON",
						"CREATE_TIME",
						"LAST_TASK_ID",
						"LAST_TASK_ASSIGNEE",
						"LAST_TASK_TIME",
						"REMIND_STATE"
					],
					"connection":[
						{
							"jdbcUrl":"jdbc:sqlserver://192.168.203.130:1433;DatabaseName=YGT;",
							"table":[
								"UWK_HI_PROCINST_BAK"
							]
						}
					],
					"password":"***********",
					"preSql":[
						"TRUNCATE TABLE UWK_HI_PROCINST_BAK"
					],
					"username":"sa"
				}
			}
		}
	],
	"setting":{
		"speed":{
			"channel":10
		}
	}
}

2023-06-20 10:35:56.323 [main] WARN  Engine - prioriy set to 0, because NumberFormatException, the value is: null
2023-06-20 10:35:56.325 [main] INFO  PerfTrace - PerfTrace traceId=job_-1, isEnable=false, priority=0
2023-06-20 10:35:56.325 [main] INFO  JobContainer - DataX jobContainer starts job.
2023-06-20 10:35:56.327 [main] INFO  JobContainer - Set jobId = 0
