2023-06-27 13:26:36.780 [main] INFO  MessageSource - JVM TimeZone: GMT+08:00, Locale: zh_CN
2023-06-27 13:26:36.781 [main] INFO  MessageSource - use Locale: zh_CN timeZone: sun.util.calendar.ZoneInfo[id="GMT+08:00",offset=28800000,dstSavings=0,useDaylight=false,transitions=0,lastRule=null]
2023-06-27 13:26:36.790 [main] INFO  VMInfo - VMInfo# operatingSystem class => sun.management.OperatingSystemImpl
2023-06-27 13:26:36.796 [main] INFO  Engine - the machine info  => 

	osInfo:	Oracle Corporation 1.8 25.192-b12
	jvmInfo:	Windows 10 amd64 10.0
	cpu num:	16

	totalPhysicalMemory:	-0.00G
	freePhysicalMemory:	-0.00G
	maxFileDescriptorCount:	-1
	currentOpenFileDescriptorCount:	-1

	GC Names	[PS MarkSweep, PS Scavenge]

	MEMORY_NAME                    | allocation_size                | init_size                      
	PS Eden Space                  | 256.00MB                       | 256.00MB                       
	Code Cache                     | 240.00MB                       | 2.44MB                         
	Compressed Class Space         | 1,024.00MB                     | 0.00MB                         
	PS Survivor Space              | 42.50MB                        | 42.50MB                        
	PS Old Gen                     | 683.00MB                       | 683.00MB                       
	Metaspace                      | -0.00MB                        | 0.00MB                         


2023-06-27 13:26:36.839 [main] INFO  Engine - 
{
	"content":[
		{
			"reader":{
				"name":"sqlserverreader",
				"parameter":{
					"column":[
						"GRAPH_ID",
						"CELL_ID",
						"CELL_TAG",
						"CELL_TYPE",
						"PAR_ID",
						"SOURCE_ID",
						"TARGET_ID"
					],
					"connection":[
						{
							"jdbcUrl":[
								"jdbc:sqlserver://192.168.203.130:1433;DatabaseName=YGT;"
							],
							"table":[
								"GRAPH_CELL"
							]
						}
					],
					"password":"***********",
					"splitPk":"",
					"username":"sa"
				}
			},
			"writer":{
				"name":"sqlserverwriter",
				"parameter":{
					"column":[
						"GRAPH_ID",
						"CELL_ID",
						"CELL_TAG",
						"CELL_TYPE",
						"PAR_ID",
						"SOURCE_ID",
						"TARGET_ID"
					],
					"connection":[
						{
							"jdbcUrl":"jdbc:sqlserver://192.168.203.129:1433;DatabaseName=YGT;",
							"table":[
								"GRAPH_CELL"
							]
						}
					],
					"password":"***********",
					"preSql":[
						"TRUNCATE TABLE GRAPH_CELL"
					],
					"username":"sa"
				}
			}
		}
	],
	"setting":{
		"errorLimit":{
			"record":0
		},
		"speed":{
			"channel":20
		}
	}
}

2023-06-27 13:26:36.896 [main] WARN  Engine - prioriy set to 0, because NumberFormatException, the value is: null
2023-06-27 13:26:36.899 [main] INFO  PerfTrace - PerfTrace traceId=job_-1, isEnable=false, priority=0
2023-06-27 13:26:36.900 [main] INFO  JobContainer - DataX jobContainer starts job.
2023-06-27 13:26:36.909 [main] INFO  JobContainer - Set jobId = 0
2023-06-27 13:26:42.769 [job-0] INFO  OriginalConfPretreatmentUtil - Available jdbcUrl:jdbc:sqlserver://192.168.203.130:1433;DatabaseName=YGT;.
2023-06-27 13:26:42.830 [job-0] INFO  OriginalConfPretreatmentUtil - table:[GRAPH_CELL] has columns:[GRAPH_ID,CELL_ID,CELL_TAG,CELL_TYPE,PAR_ID,SOURCE_ID,TARGET_ID].
2023-06-27 13:26:42.917 [job-0] INFO  OriginalConfPretreatmentUtil - table:[GRAPH_CELL] all columns:[
GRAPH_ID,CELL_ID,CELL_TAG,CELL_TYPE,PAR_ID,SOURCE_ID,TARGET_ID
].
2023-06-27 13:26:42.933 [job-0] INFO  OriginalConfPretreatmentUtil - Write data [
INSERT INTO %s (GRAPH_ID,CELL_ID,CELL_TAG,CELL_TYPE,PAR_ID,SOURCE_ID,TARGET_ID) VALUES(?,?,?,?,?,?,?)
], which jdbcUrl like:[jdbc:sqlserver://192.168.203.129:1433;DatabaseName=YGT;]
2023-06-27 13:26:42.934 [job-0] INFO  JobContainer - jobContainer starts to do prepare ...
2023-06-27 13:26:42.934 [job-0] INFO  JobContainer - DataX Reader.Job [sqlserverreader] do prepare work .
2023-06-27 13:26:42.934 [job-0] INFO  JobContainer - DataX Writer.Job [sqlserverwriter] do prepare work .
2023-06-27 13:26:42.949 [job-0] INFO  CommonRdbmsWriter$Job - Begin to execute preSqls:[TRUNCATE TABLE GRAPH_CELL]. context info:jdbc:sqlserver://192.168.203.129:1433;DatabaseName=YGT;.
2023-06-27 13:26:42.951 [job-0] INFO  JobContainer - jobContainer starts to do split ...
2023-06-27 13:26:42.952 [job-0] INFO  JobContainer - Job set Channel-Number to 20 channels.
2023-06-27 13:26:42.954 [job-0] INFO  JobContainer - DataX Reader.Job [sqlserverreader] splits to [1] tasks.
2023-06-27 13:26:42.954 [job-0] INFO  JobContainer - DataX Writer.Job [sqlserverwriter] splits to [1] tasks.
2023-06-27 13:26:42.974 [job-0] INFO  JobContainer - jobContainer starts to do schedule ...
2023-06-27 13:26:42.977 [job-0] INFO  JobContainer - Scheduler starts [1] taskGroups.
2023-06-27 13:26:42.979 [job-0] INFO  JobContainer - Running by standalone Mode.
2023-06-27 13:26:42.985 [taskGroup-0] INFO  TaskGroupContainer - taskGroupId=[0] start [1] channels for [1] tasks.
2023-06-27 13:26:42.988 [taskGroup-0] INFO  Channel - Channel set byte_speed_limit to -1, No bps activated.
2023-06-27 13:26:42.988 [taskGroup-0] INFO  Channel - Channel set record_speed_limit to -1, No tps activated.
2023-06-27 13:26:42.999 [taskGroup-0] INFO  TaskGroupContainer - taskGroup[0] taskId[0] attemptCount[1] is started
2023-06-27 13:26:43.003 [0-0-0-reader] INFO  CommonRdbmsReader$Task - Begin to read record by Sql: [select GRAPH_ID,CELL_ID,CELL_TAG,CELL_TYPE,PAR_ID,SOURCE_ID,TARGET_ID from GRAPH_CELL 
] jdbcUrl:[jdbc:sqlserver://192.168.203.130:1433;DatabaseName=YGT;].
2023-06-27 13:26:43.111 [0-0-0-reader] INFO  CommonRdbmsReader$Task - Finished read record by Sql: [select GRAPH_ID,CELL_ID,CELL_TAG,CELL_TYPE,PAR_ID,SOURCE_ID,TARGET_ID from GRAPH_CELL 
] jdbcUrl:[jdbc:sqlserver://192.168.203.130:1433;DatabaseName=YGT;].
2023-06-27 13:26:43.357 [0-0-0-writer] WARN  CommonRdbmsWriter$Task - 回滚此次写入, 采用每次写入一行方式提交. 因为:违反了 PRIMARY KEY 约束“PK_GRAPH_CELL”。不能在对象“dbo.GRAPH_CELL”中插入重复键。重复键值为 (495395824adb4aeead424777d01e2327, 9-1)。
2023-06-27 13:26:43.411 [0-0-0-writer] ERROR StdoutPluginCollector - 
com.microsoft.sqlserver.jdbc.SQLServerException: 违反了 PRIMARY KEY 约束“PK_GRAPH_CELL”。不能在对象“dbo.GRAPH_CELL”中插入重复键。重复键值为 (495395824adb4aeead424777d01e2327, 9-1)。
	at com.microsoft.sqlserver.jdbc.SQLServerException.makeFromDatabaseError(SQLServerException.java:216) ~[sqljdbc4-4.0.jar:na]
	at com.microsoft.sqlserver.jdbc.SQLServerStatement.getNextResult(SQLServerStatement.java:1515) ~[sqljdbc4-4.0.jar:na]
	at com.microsoft.sqlserver.jdbc.SQLServerPreparedStatement.doExecutePreparedStatement(SQLServerPreparedStatement.java:404) ~[sqljdbc4-4.0.jar:na]
	at com.microsoft.sqlserver.jdbc.SQLServerPreparedStatement$PrepStmtExecCmd.doExecute(SQLServerPreparedStatement.java:350) ~[sqljdbc4-4.0.jar:na]
	at com.microsoft.sqlserver.jdbc.TDSCommand.execute(IOBuffer.java:5696) ~[sqljdbc4-4.0.jar:na]
	at com.microsoft.sqlserver.jdbc.SQLServerConnection.executeCommand(SQLServerConnection.java:1715) ~[sqljdbc4-4.0.jar:na]
	at com.microsoft.sqlserver.jdbc.SQLServerStatement.executeCommand(SQLServerStatement.java:180) ~[sqljdbc4-4.0.jar:na]
	at com.microsoft.sqlserver.jdbc.SQLServerStatement.executeStatement(SQLServerStatement.java:155) ~[sqljdbc4-4.0.jar:na]
	at com.microsoft.sqlserver.jdbc.SQLServerPreparedStatement.execute(SQLServerPreparedStatement.java:332) ~[sqljdbc4-4.0.jar:na]
	at com.alibaba.datax.plugin.rdbms.writer.CommonRdbmsWriter$Task.doOneInsert(CommonRdbmsWriter.java:382) [plugin-rdbms-util-0.0.1-SNAPSHOT.jar:na]
	at com.alibaba.datax.plugin.rdbms.writer.CommonRdbmsWriter$Task.doBatchInsert(CommonRdbmsWriter.java:362) [plugin-rdbms-util-0.0.1-SNAPSHOT.jar:na]
	at com.alibaba.datax.plugin.rdbms.writer.CommonRdbmsWriter$Task.startWriteWithConnection(CommonRdbmsWriter.java:297) [plugin-rdbms-util-0.0.1-SNAPSHOT.jar:na]
	at com.alibaba.datax.plugin.rdbms.writer.CommonRdbmsWriter$Task.startWrite(CommonRdbmsWriter.java:319) [plugin-rdbms-util-0.0.1-SNAPSHOT.jar:na]
	at com.alibaba.datax.plugin.writer.sqlserverwriter.SqlServerWriter$Task.startWrite(SqlServerWriter.java:81) [sqlserverwriter-0.0.1-SNAPSHOT.jar:na]
	at com.alibaba.datax.core.taskgroup.runner.WriterRunner.run(WriterRunner.java:56) [datax-core-0.0.1-SNAPSHOT.jar:na]
	at java.lang.Thread.run(Thread.java:748) [na:1.8.0_192]
2023-06-27 13:26:43.414 [0-0-0-writer] ERROR StdoutPluginCollector - 脏数据: 
{"exception":"违反了 PRIMARY KEY 约束“PK_GRAPH_CELL”。不能在对象“dbo.GRAPH_CELL”中插入重复键。重复键值为 (495395824adb4aeead424777d01e2327, 9-1)。","record":[{"byteSize":32,"index":0,"rawData":"495395824adb4aeead424777d01e2327","type":"STRING"},{"byteSize":3,"index":1,"rawData":"9-1","type":"STRING"},{"byteSize":10,"index":2,"rawData":"mxGeometry","type":"STRING"},{"byteSize":8,"index":3,"rawData":"Geometry","type":"STRING"},{"byteSize":1,"index":4,"rawData":"9","type":"STRING"},{"byteSize":0,"index":5,"rawData":"","type":"STRING"},{"byteSize":0,"index":6,"rawData":"","type":"STRING"}],"type":"writer"}
2023-06-27 13:26:43.426 [0-0-0-writer] ERROR StdoutPluginCollector - 脏数据: 
{"exception":"违反了 PRIMARY KEY 约束“PK_GRAPH_CELL”。不能在对象“dbo.GRAPH_CELL”中插入重复键。重复键值为 (e8b8930cb8ef4e5d8ed6a1d23777c2fe, 0)。","record":[{"byteSize":32,"index":0,"rawData":"e8b8930cb8ef4e5d8ed6a1d23777c2fe","type":"STRING"},{"byteSize":1,"index":1,"rawData":"0","type":"STRING"},{"byteSize":6,"index":2,"rawData":"mxCell","type":"STRING"},{"byteSize":4,"index":3,"rawData":"Cell","type":"STRING"},{"byteSize":2,"index":4,"rawData":"-1","type":"STRING"},{"byteSize":0,"index":5,"rawData":"","type":"STRING"},{"byteSize":0,"index":6,"rawData":"","type":"STRING"}],"type":"writer"}
2023-06-27 13:26:43.437 [0-0-0-writer] ERROR StdoutPluginCollector - 脏数据: 
{"exception":"违反了 PRIMARY KEY 约束“PK_GRAPH_CELL”。不能在对象“dbo.GRAPH_CELL”中插入重复键。重复键值为 (e8b8930cb8ef4e5d8ed6a1d23777c2fe, 1)。","record":[{"byteSize":32,"index":0,"rawData":"e8b8930cb8ef4e5d8ed6a1d23777c2fe","type":"STRING"},{"byteSize":1,"index":1,"rawData":"1","type":"STRING"},{"byteSize":6,"index":2,"rawData":"mxCell","type":"STRING"},{"byteSize":4,"index":3,"rawData":"Cell","type":"STRING"},{"byteSize":1,"index":4,"rawData":"0","type":"STRING"},{"byteSize":0,"index":5,"rawData":"","type":"STRING"},{"byteSize":0,"index":6,"rawData":"","type":"STRING"}],"type":"writer"}
2023-06-27 13:26:43.443 [0-0-0-writer] ERROR StdoutPluginCollector - 脏数据: 
{"exception":"违反了 PRIMARY KEY 约束“PK_GRAPH_CELL”。不能在对象“dbo.GRAPH_CELL”中插入重复键。重复键值为 (e8b8930cb8ef4e5d8ed6a1d23777c2fe, 2)。","record":[{"byteSize":32,"index":0,"rawData":"e8b8930cb8ef4e5d8ed6a1d23777c2fe","type":"STRING"},{"byteSize":1,"index":1,"rawData":"2","type":"STRING"},{"byteSize":6,"index":2,"rawData":"mxCell","type":"STRING"},{"byteSize":4,"index":3,"rawData":"Cell","type":"STRING"},{"byteSize":1,"index":4,"rawData":"1","type":"STRING"},{"byteSize":0,"index":5,"rawData":"","type":"STRING"},{"byteSize":0,"index":6,"rawData":"","type":"STRING"}],"type":"writer"}
2023-06-27 13:26:43.452 [0-0-0-writer] ERROR StdoutPluginCollector - 脏数据: 
{"exception":"违反了 PRIMARY KEY 约束“PK_GRAPH_CELL”。不能在对象“dbo.GRAPH_CELL”中插入重复键。重复键值为 (e8b8930cb8ef4e5d8ed6a1d23777c2fe, 2-0)。","record":[{"byteSize":32,"index":0,"rawData":"e8b8930cb8ef4e5d8ed6a1d23777c2fe","type":"STRING"},{"byteSize":3,"index":1,"rawData":"2-0","type":"STRING"},{"byteSize":6,"index":2,"rawData":"Object","type":"STRING"},{"byteSize":8,"index":3,"rawData":"BusiNode","type":"STRING"},{"byteSize":1,"index":4,"rawData":"2","type":"STRING"},{"byteSize":0,"index":5,"rawData":"","type":"STRING"},{"byteSize":0,"index":6,"rawData":"","type":"STRING"}],"type":"writer"}
2023-06-27 13:26:43.464 [0-0-0-writer] ERROR StdoutPluginCollector - 脏数据: 
{"exception":"违反了 PRIMARY KEY 约束“PK_GRAPH_CELL”。不能在对象“dbo.GRAPH_CELL”中插入重复键。重复键值为 (e8b8930cb8ef4e5d8ed6a1d23777c2fe, 2-1)。","record":[{"byteSize":32,"index":0,"rawData":"e8b8930cb8ef4e5d8ed6a1d23777c2fe","type":"STRING"},{"byteSize":3,"index":1,"rawData":"2-1","type":"STRING"},{"byteSize":10,"index":2,"rawData":"mxGeometry","type":"STRING"},{"byteSize":8,"index":3,"rawData":"Geometry","type":"STRING"},{"byteSize":1,"index":4,"rawData":"2","type":"STRING"},{"byteSize":0,"index":5,"rawData":"","type":"STRING"},{"byteSize":0,"index":6,"rawData":"","type":"STRING"}],"type":"writer"}
2023-06-27 13:26:43.479 [0-0-0-writer] ERROR StdoutPluginCollector - 脏数据: 
{"exception":"违反了 PRIMARY KEY 约束“PK_GRAPH_CELL”。不能在对象“dbo.GRAPH_CELL”中插入重复键。重复键值为 (e8b8930cb8ef4e5d8ed6a1d23777c2fe, 4)。","record":[{"byteSize":32,"index":0,"rawData":"e8b8930cb8ef4e5d8ed6a1d23777c2fe","type":"STRING"},{"byteSize":1,"index":1,"rawData":"4","type":"STRING"},{"byteSize":6,"index":2,"rawData":"mxCell","type":"STRING"},{"byteSize":4,"index":3,"rawData":"Cell","type":"STRING"},{"byteSize":1,"index":4,"rawData":"2","type":"STRING"},{"byteSize":0,"index":5,"rawData":"","type":"STRING"},{"byteSize":0,"index":6,"rawData":"","type":"STRING"}],"type":"writer"}
2023-06-27 13:26:43.495 [0-0-0-writer] ERROR StdoutPluginCollector - 脏数据: 
{"exception":"违反了 PRIMARY KEY 约束“PK_GRAPH_CELL”。不能在对象“dbo.GRAPH_CELL”中插入重复键。重复键值为 (e8b8930cb8ef4e5d8ed6a1d23777c2fe, 4-0)。","record":[{"byteSize":32,"index":0,"rawData":"e8b8930cb8ef4e5d8ed6a1d23777c2fe","type":"STRING"},{"byteSize":3,"index":1,"rawData":"4-0","type":"STRING"},{"byteSize":6,"index":2,"rawData":"Object","type":"STRING"},{"byteSize":12,"index":3,"rawData":"BusiNodeAtom","type":"STRING"},{"byteSize":1,"index":4,"rawData":"4","type":"STRING"},{"byteSize":0,"index":5,"rawData":"","type":"STRING"},{"byteSize":0,"index":6,"rawData":"","type":"STRING"}],"type":"writer"}
2023-06-27 13:26:43.517 [0-0-0-writer] ERROR StdoutPluginCollector - 脏数据: 
{"exception":"违反了 PRIMARY KEY 约束“PK_GRAPH_CELL”。不能在对象“dbo.GRAPH_CELL”中插入重复键。重复键值为 (e8b8930cb8ef4e5d8ed6a1d23777c2fe, 4-1)。","record":[{"byteSize":32,"index":0,"rawData":"e8b8930cb8ef4e5d8ed6a1d23777c2fe","type":"STRING"},{"byteSize":3,"index":1,"rawData":"4-1","type":"STRING"},{"byteSize":10,"index":2,"rawData":"mxGeometry","type":"STRING"},{"byteSize":8,"index":3,"rawData":"Geometry","type":"STRING"},{"byteSize":1,"index":4,"rawData":"4","type":"STRING"},{"byteSize":0,"index":5,"rawData":"","type":"STRING"},{"byteSize":0,"index":6,"rawData":"","type":"STRING"}],"type":"writer"}
2023-06-27 13:26:43.769 [taskGroup-0] INFO  TaskGroupContainer - taskGroup[0] taskId[0] is successed, used[772]ms
2023-06-27 13:26:43.769 [taskGroup-0] INFO  TaskGroupContainer - taskGroup[0] completed it's tasks.
2023-06-27 13:26:53.001 [job-0] INFO  StandAloneJobContainerCommunicator - Total 239 records, 11750 bytes | Speed 1.15KB/s, 23 records/s | Error 239 records, 11750 bytes |  All Task WaitWriterTime 0.001s |  All Task WaitReaderTime 0.070s | Percentage 100.00%
2023-06-27 13:26:53.002 [job-0] ERROR JobContainer - 运行scheduler 模式[standalone]出错.
2023-06-27 13:26:53.002 [job-0] ERROR JobContainer - Exception when job run
com.alibaba.datax.common.exception.DataXException: Code:[Framework-14], Description:[DataX传输脏数据超过用户预期，该错误通常是由于源端数据存在较多业务脏数据导致，请仔细检查DataX汇报的脏数据日志信息, 或者您可以适当调大脏数据阈值 .].  - 脏数据条数检查不通过，限制是[0]条，但实际上捕获了[239]条.
	at com.alibaba.datax.common.exception.DataXException.asDataXException(DataXException.java:30) ~[datax-common-0.0.1-SNAPSHOT.jar:na]
	at com.alibaba.datax.core.util.ErrorRecordChecker.checkRecordLimit(ErrorRecordChecker.java:58) ~[datax-core-0.0.1-SNAPSHOT.jar:na]
	at com.alibaba.datax.core.job.scheduler.AbstractScheduler.schedule(AbstractScheduler.java:89) ~[datax-core-0.0.1-SNAPSHOT.jar:na]
	at com.alibaba.datax.core.job.JobContainer.schedule(JobContainer.java:535) ~[datax-core-0.0.1-SNAPSHOT.jar:na]
	at com.alibaba.datax.core.job.JobContainer.start(JobContainer.java:119) ~[datax-core-0.0.1-SNAPSHOT.jar:na]
	at com.alibaba.datax.core.Engine.start(Engine.java:93) [datax-core-0.0.1-SNAPSHOT.jar:na]
	at com.alibaba.datax.core.Engine.entry(Engine.java:175) [datax-core-0.0.1-SNAPSHOT.jar:na]
	at com.alibaba.datax.core.Engine.main(Engine.java:208) [datax-core-0.0.1-SNAPSHOT.jar:na]
2023-06-27 13:26:53.003 [job-0] INFO  StandAloneJobContainerCommunicator - Total 239 records, 11750 bytes | Speed 11.47KB/s, 239 records/s | Error 239 records, 11750 bytes |  All Task WaitWriterTime 0.001s |  All Task WaitReaderTime 0.070s | Percentage 100.00%
2023-06-27 13:26:53.007 [job-0] ERROR Engine - 

经DataX智能分析,该任务最可能的错误原因是:
com.alibaba.datax.common.exception.DataXException: Code:[Framework-14], Description:[DataX传输脏数据超过用户预期，该错误通常是由于源端数据存在较多业务脏数据导致，请仔细检查DataX汇报的脏数据日志信息, 或者您可以适当调大脏数据阈值 .].  - 脏数据条数检查不通过，限制是[0]条，但实际上捕获了[239]条.
	at com.alibaba.datax.common.exception.DataXException.asDataXException(DataXException.java:30)
	at com.alibaba.datax.core.util.ErrorRecordChecker.checkRecordLimit(ErrorRecordChecker.java:58)
	at com.alibaba.datax.core.job.scheduler.AbstractScheduler.schedule(AbstractScheduler.java:89)
	at com.alibaba.datax.core.job.JobContainer.schedule(JobContainer.java:535)
	at com.alibaba.datax.core.job.JobContainer.start(JobContainer.java:119)
	at com.alibaba.datax.core.Engine.start(Engine.java:93)
	at com.alibaba.datax.core.Engine.entry(Engine.java:175)
	at com.alibaba.datax.core.Engine.main(Engine.java:208)

