2023-07-07 12:31:41.247 [main] INFO  MessageSource - JVM TimeZone: GMT+08:00, Locale: zh_CN
2023-07-07 12:31:41.250 [main] INFO  MessageSource - use Locale: zh_CN timeZone: sun.util.calendar.ZoneInfo[id="GMT+08:00",offset=28800000,dstSavings=0,useDaylight=false,transitions=0,lastRule=null]
2023-07-07 12:31:41.257 [main] INFO  VMInfo - VMInfo# operatingSystem class => sun.management.OperatingSystemImpl
2023-07-07 12:31:41.262 [main] INFO  Engine - the machine info  => 

	osInfo:	Oracle Corporation 1.8 25.192-b12
	jvmInfo:	Windows 10 amd64 10.0
	cpu num:	16

	totalPhysicalMemory:	-0.00G
	freePhysicalMemory:	-0.00G
	maxFileDescriptorCount:	-1
	currentOpenFileDescriptorCount:	-1

	GC Names	[PS MarkSweep, PS Scavenge]

	MEMORY_NAME                    | allocation_size                | init_size                      
	PS Eden Space                  | 256.00MB                       | 256.00MB                       
	Code Cache                     | 240.00MB                       | 2.44MB                         
	Compressed Class Space         | 1,024.00MB                     | 0.00MB                         
	PS Survivor Space              | 42.50MB                        | 42.50MB                        
	PS Old Gen                     | 683.00MB                       | 683.00MB                       
	Metaspace                      | -0.00MB                        | 0.00MB                         


2023-07-07 12:31:41.277 [main] INFO  Engine - 
{
	"content":[
		{
			"reader":{
				"name":"postgresqlreader",
				"parameter":{
					"column":[
						"busi_code",
						"img_cls",
						"field",
						"field_name",
						"field_chain"
					],
					"connection":[
						{
							"jdbcUrl":[
								"jdbc:postgresql://10.201.65.21:30100/ygt"
							],
							"table":[
								"opp_busi_img_field"
							]
						}
					],
					"password":"************",
					"splitPk":"",
					"username":"ygt"
				}
			},
			"writer":{
				"name":"sqlserverwriter",
				"parameter":{
					"column":[
						"BUSI_CODE",
						"IMG_CLS",
						"FIELD",
						"FIELD_NAME",
						"FIELD_CHAIN"
					],
					"connection":[
						{
							"jdbcUrl":"jdbc:sqlserver://192.168.203.129:1433;DatabaseName=YGT;",
							"table":[
								"OPP_BUSI_IMG_FIELD"
							]
						}
					],
					"password":"***********",
					"preSql":[
						"TRUNCATE TABLE OPP_BUSI_IMG_FIELD"
					],
					"username":"sa"
				}
			}
		}
	],
	"setting":{
		"errorLimit":{
			"record":0
		},
		"speed":{
			"channel":20
		}
	}
}

2023-07-07 12:31:41.290 [main] WARN  Engine - prioriy set to 0, because NumberFormatException, the value is: null
2023-07-07 12:31:41.291 [main] INFO  PerfTrace - PerfTrace traceId=job_-1, isEnable=false, priority=0
2023-07-07 12:31:41.292 [main] INFO  JobContainer - DataX jobContainer starts job.
2023-07-07 12:31:41.293 [main] INFO  JobContainer - Set jobId = 0
2023-07-07 12:31:48.338 [job-0] INFO  OriginalConfPretreatmentUtil - Available jdbcUrl:jdbc:postgresql://10.201.65.21:30100/ygt.
2023-07-07 12:31:49.865 [job-0] INFO  OriginalConfPretreatmentUtil - table:[opp_busi_img_field] has columns:[busi_code,img_cls,field,field_name,field_chain].
2023-07-07 12:31:50.031 [job-0] INFO  OriginalConfPretreatmentUtil - table:[OPP_BUSI_IMG_FIELD] all columns:[
BUSI_CODE,IMG_CLS,FIELD,FIELD_NAME,FIELD_CHAIN
].
2023-07-07 12:31:50.041 [job-0] INFO  OriginalConfPretreatmentUtil - Write data [
INSERT INTO %s (BUSI_CODE,IMG_CLS,FIELD,FIELD_NAME,FIELD_CHAIN) VALUES(?,?,?,?,?)
], which jdbcUrl like:[jdbc:sqlserver://192.168.203.129:1433;DatabaseName=YGT;]
2023-07-07 12:31:50.042 [job-0] INFO  JobContainer - jobContainer starts to do prepare ...
2023-07-07 12:31:50.042 [job-0] INFO  JobContainer - DataX Reader.Job [postgresqlreader] do prepare work .
2023-07-07 12:31:50.042 [job-0] INFO  JobContainer - DataX Writer.Job [sqlserverwriter] do prepare work .
2023-07-07 12:31:50.051 [job-0] INFO  CommonRdbmsWriter$Job - Begin to execute preSqls:[TRUNCATE TABLE OPP_BUSI_IMG_FIELD]. context info:jdbc:sqlserver://192.168.203.129:1433;DatabaseName=YGT;.
2023-07-07 12:31:50.052 [job-0] INFO  JobContainer - jobContainer starts to do split ...
2023-07-07 12:31:50.053 [job-0] INFO  JobContainer - Job set Channel-Number to 20 channels.
2023-07-07 12:31:50.054 [job-0] INFO  JobContainer - DataX Reader.Job [postgresqlreader] splits to [1] tasks.
2023-07-07 12:31:50.055 [job-0] INFO  JobContainer - DataX Writer.Job [sqlserverwriter] splits to [1] tasks.
2023-07-07 12:31:50.067 [job-0] INFO  JobContainer - jobContainer starts to do schedule ...
2023-07-07 12:31:50.071 [job-0] INFO  JobContainer - Scheduler starts [1] taskGroups.
2023-07-07 12:31:50.073 [job-0] INFO  JobContainer - Running by standalone Mode.
2023-07-07 12:31:50.076 [taskGroup-0] INFO  TaskGroupContainer - taskGroupId=[0] start [1] channels for [1] tasks.
2023-07-07 12:31:50.079 [taskGroup-0] INFO  Channel - Channel set byte_speed_limit to -1, No bps activated.
2023-07-07 12:31:50.079 [taskGroup-0] INFO  Channel - Channel set record_speed_limit to -1, No tps activated.
2023-07-07 12:31:50.086 [taskGroup-0] INFO  TaskGroupContainer - taskGroup[0] taskId[0] attemptCount[1] is started
2023-07-07 12:31:50.090 [0-0-0-reader] INFO  CommonRdbmsReader$Task - Begin to read record by Sql: [select busi_code,img_cls,field,field_name,field_chain from opp_busi_img_field 
] jdbcUrl:[jdbc:postgresql://10.201.65.21:30100/ygt].
2023-07-07 12:31:51.568 [0-0-0-reader] INFO  CommonRdbmsReader$Task - Finished read record by Sql: [select busi_code,img_cls,field,field_name,field_chain from opp_busi_img_field 
] jdbcUrl:[jdbc:postgresql://10.201.65.21:30100/ygt].
2023-07-07 12:31:51.859 [taskGroup-0] INFO  TaskGroupContainer - taskGroup[0] taskId[0] is successed, used[1774]ms
2023-07-07 12:31:51.859 [taskGroup-0] INFO  TaskGroupContainer - taskGroup[0] completed it's tasks.
2023-07-07 12:32:00.091 [job-0] INFO  StandAloneJobContainerCommunicator - Total 176 records, 11458 bytes | Speed 1.12KB/s, 17 records/s | Error 0 records, 0 bytes |  All Task WaitWriterTime 0.000s |  All Task WaitReaderTime 1.459s | Percentage 100.00%
2023-07-07 12:32:00.091 [job-0] INFO  AbstractScheduler - Scheduler accomplished all tasks.
2023-07-07 12:32:00.091 [job-0] INFO  JobContainer - DataX Writer.Job [sqlserverwriter] do post work.
2023-07-07 12:32:00.092 [job-0] INFO  JobContainer - DataX Reader.Job [postgresqlreader] do post work.
2023-07-07 12:32:00.092 [job-0] INFO  JobContainer - DataX jobId [0] completed successfully.
2023-07-07 12:32:00.092 [job-0] INFO  HookInvoker - No hook invoked, because base dir not exists or is a file: C:\Users\xT\PycharmProjects\Migration\datax\hook
2023-07-07 12:32:00.093 [job-0] INFO  JobContainer - 
	 [total cpu info] => 
		averageCpu                     | maxDeltaCpu                    | minDeltaCpu                    
		-1.00%                         | -1.00%                         | -1.00%
                        

	 [total gc info] => 
		 NAME                 | totalGCCount       | maxDeltaGCCount    | minDeltaGCCount    | totalGCTime        | maxDeltaGCTime     | minDeltaGCTime     
		 PS MarkSweep         | 0                  | 0                  | 0                  | 0.000s             | 0.000s             | 0.000s             
		 PS Scavenge          | 0                  | 0                  | 0                  | 0.000s             | 0.000s             | 0.000s             

2023-07-07 12:32:00.093 [job-0] INFO  JobContainer - PerfTrace not enable!
2023-07-07 12:32:00.094 [job-0] INFO  StandAloneJobContainerCommunicator - Total 176 records, 11458 bytes | Speed 1.12KB/s, 17 records/s | Error 0 records, 0 bytes |  All Task WaitWriterTime 0.000s |  All Task WaitReaderTime 1.459s | Percentage 100.00%
2023-07-07 12:32:00.094 [job-0] INFO  JobContainer - 
任务启动时刻                    : 2023-07-07 12:31:41
任务结束时刻                    : 2023-07-07 12:32:00
任务总计耗时                    :                 18s
任务平均流量                    :            1.12KB/s
记录写入速度                    :             17rec/s
读出记录总数                    :                 176
读写失败总数                    :                   0

