2023-07-07 12:32:23.256 [main] INFO  MessageSource - JVM TimeZone: GMT+08:00, Locale: zh_CN
2023-07-07 12:32:23.258 [main] INFO  MessageSource - use Locale: zh_CN timeZone: sun.util.calendar.ZoneInfo[id="GMT+08:00",offset=28800000,dstSavings=0,useDaylight=false,transitions=0,lastRule=null]
2023-07-07 12:32:23.266 [main] INFO  VMInfo - VMInfo# operatingSystem class => sun.management.OperatingSystemImpl
2023-07-07 12:32:23.270 [main] INFO  Engine - the machine info  => 

	osInfo:	Oracle Corporation 1.8 25.192-b12
	jvmInfo:	Windows 10 amd64 10.0
	cpu num:	16

	totalPhysicalMemory:	-0.00G
	freePhysicalMemory:	-0.00G
	maxFileDescriptorCount:	-1
	currentOpenFileDescriptorCount:	-1

	GC Names	[PS MarkSweep, PS Scavenge]

	MEMORY_NAME                    | allocation_size                | init_size                      
	PS Eden Space                  | 256.00MB                       | 256.00MB                       
	Code Cache                     | 240.00MB                       | 2.44MB                         
	Compressed Class Space         | 1,024.00MB                     | 0.00MB                         
	PS Survivor Space              | 42.50MB                        | 42.50MB                        
	PS Old Gen                     | 683.00MB                       | 683.00MB                       
	Metaspace                      | -0.00MB                        | 0.00MB                         


2023-07-07 12:32:23.285 [main] INFO  Engine - 
{
	"content":[
		{
			"reader":{
				"name":"postgresqlreader",
				"parameter":{
					"column":[
						"b_sno",
						"b_node_ord",
						"busi_code",
						"node_key",
						"node_name",
						"handler",
						"handler_org",
						"start_time",
						"end_time",
						"node_time",
						"node_result",
						"remark",
						"reject_lvl",
						"node_score",
						"is_error",
						"error_lvl",
						"error_score",
						"is_delete",
						"update_time",
						"waited_time",
						"op_reject_lvl",
						"reject_node_ord"
					],
					"connection":[
						{
							"jdbcUrl":[
								"jdbc:postgresql://10.201.65.21:30100/ygt"
							],
							"table":[
								"stat_busi_node_info"
							]
						}
					],
					"password":"************",
					"splitPk":"",
					"username":"ygt"
				}
			},
			"writer":{
				"name":"sqlserverwriter",
				"parameter":{
					"column":[
						"B_SNO",
						"B_NODE_ORD",
						"BUSI_CODE",
						"NODE_KEY",
						"NODE_NAME",
						"HANDLER",
						"HANDLER_ORG",
						"START_TIME",
						"END_TIME",
						"NODE_TIME",
						"NODE_RESULT",
						"REMARK",
						"REJECT_LVL",
						"NODE_SCORE",
						"IS_ERROR",
						"ERROR_LVL",
						"ERROR_SCORE",
						"IS_DELETE",
						"UPDATE_TIME",
						"REJECT_NODE_ORD",
						"WAITED_TIME",
						"OP_REJECT_LVL"
					],
					"connection":[
						{
							"jdbcUrl":"jdbc:sqlserver://192.168.203.129:1433;DatabaseName=YGT;",
							"table":[
								"STAT_BUSI_NODE_INFO"
							]
						}
					],
					"password":"***********",
					"preSql":[
						"TRUNCATE TABLE STAT_BUSI_NODE_INFO"
					],
					"username":"sa"
				}
			}
		}
	],
	"setting":{
		"errorLimit":{
			"record":0
		},
		"speed":{
			"channel":20
		}
	}
}

2023-07-07 12:32:23.300 [main] WARN  Engine - prioriy set to 0, because NumberFormatException, the value is: null
2023-07-07 12:32:23.301 [main] INFO  PerfTrace - PerfTrace traceId=job_-1, isEnable=false, priority=0
2023-07-07 12:32:23.301 [main] INFO  JobContainer - DataX jobContainer starts job.
2023-07-07 12:32:23.303 [main] INFO  JobContainer - Set jobId = 0
2023-07-07 12:32:29.785 [job-0] INFO  OriginalConfPretreatmentUtil - Available jdbcUrl:jdbc:postgresql://10.201.65.21:30100/ygt.
2023-07-07 12:32:30.447 [job-0] INFO  OriginalConfPretreatmentUtil - table:[stat_busi_node_info] has columns:[b_sno,b_node_ord,busi_code,node_key,node_name,handler,handler_org,start_time,end_time,node_time,node_result,remark,reject_lvl,node_score,is_error,error_lvl,error_score,is_delete,update_time,waited_time,op_reject_lvl,reject_node_ord].
2023-07-07 12:32:30.589 [job-0] INFO  OriginalConfPretreatmentUtil - table:[STAT_BUSI_NODE_INFO] all columns:[
B_SNO,B_NODE_ORD,BUSI_CODE,NODE_KEY,NODE_NAME,HANDLER,HANDLER_ORG,START_TIME,END_TIME,NODE_TIME,NODE_RESULT,REMARK,REJECT_LVL,NODE_SCORE,IS_ERROR,ERROR_LVL,ERROR_SCORE,IS_DELETE,UPDATE_TIME,REJECT_NODE_ORD,WAITED_TIME,OP_REJECT_LVL
].
2023-07-07 12:32:30.599 [job-0] INFO  OriginalConfPretreatmentUtil - Write data [
INSERT INTO %s (B_SNO,B_NODE_ORD,BUSI_CODE,NODE_KEY,NODE_NAME,HANDLER,HANDLER_ORG,START_TIME,END_TIME,NODE_TIME,NODE_RESULT,REMARK,REJECT_LVL,NODE_SCORE,IS_ERROR,ERROR_LVL,ERROR_SCORE,IS_DELETE,UPDATE_TIME,REJECT_NODE_ORD,WAITED_TIME,OP_REJECT_LVL) VALUES(?,?,?,?,?,?,?,?,?,?,?,?,?,?,?,?,?,?,?,?,?,?)
], which jdbcUrl like:[jdbc:sqlserver://192.168.203.129:1433;DatabaseName=YGT;]
2023-07-07 12:32:30.599 [job-0] INFO  JobContainer - jobContainer starts to do prepare ...
2023-07-07 12:32:30.600 [job-0] INFO  JobContainer - DataX Reader.Job [postgresqlreader] do prepare work .
2023-07-07 12:32:30.600 [job-0] INFO  JobContainer - DataX Writer.Job [sqlserverwriter] do prepare work .
2023-07-07 12:32:30.609 [job-0] INFO  CommonRdbmsWriter$Job - Begin to execute preSqls:[TRUNCATE TABLE STAT_BUSI_NODE_INFO]. context info:jdbc:sqlserver://192.168.203.129:1433;DatabaseName=YGT;.
2023-07-07 12:32:30.610 [job-0] INFO  JobContainer - jobContainer starts to do split ...
2023-07-07 12:32:30.611 [job-0] INFO  JobContainer - Job set Channel-Number to 20 channels.
2023-07-07 12:32:30.612 [job-0] INFO  JobContainer - DataX Reader.Job [postgresqlreader] splits to [1] tasks.
2023-07-07 12:32:30.613 [job-0] INFO  JobContainer - DataX Writer.Job [sqlserverwriter] splits to [1] tasks.
2023-07-07 12:32:30.626 [job-0] INFO  JobContainer - jobContainer starts to do schedule ...
2023-07-07 12:32:30.629 [job-0] INFO  JobContainer - Scheduler starts [1] taskGroups.
2023-07-07 12:32:30.630 [job-0] INFO  JobContainer - Running by standalone Mode.
2023-07-07 12:32:30.635 [taskGroup-0] INFO  TaskGroupContainer - taskGroupId=[0] start [1] channels for [1] tasks.
2023-07-07 12:32:30.638 [taskGroup-0] INFO  Channel - Channel set byte_speed_limit to -1, No bps activated.
2023-07-07 12:32:30.638 [taskGroup-0] INFO  Channel - Channel set record_speed_limit to -1, No tps activated.
2023-07-07 12:32:30.646 [taskGroup-0] INFO  TaskGroupContainer - taskGroup[0] taskId[0] attemptCount[1] is started
2023-07-07 12:32:30.650 [0-0-0-reader] INFO  CommonRdbmsReader$Task - Begin to read record by Sql: [select b_sno,b_node_ord,busi_code,node_key,node_name,handler,handler_org,start_time,end_time,node_time,node_result,remark,reject_lvl,node_score,is_error,error_lvl,error_score,is_delete,update_time,waited_time,op_reject_lvl,reject_node_ord from stat_busi_node_info 
] jdbcUrl:[jdbc:postgresql://10.201.65.21:30100/ygt].
2023-07-07 12:32:31.360 [0-0-0-reader] INFO  CommonRdbmsReader$Task - Finished read record by Sql: [select b_sno,b_node_ord,busi_code,node_key,node_name,handler,handler_org,start_time,end_time,node_time,node_result,remark,reject_lvl,node_score,is_error,error_lvl,error_score,is_delete,update_time,waited_time,op_reject_lvl,reject_node_ord from stat_busi_node_info 
] jdbcUrl:[jdbc:postgresql://10.201.65.21:30100/ygt].
2023-07-07 12:32:31.645 [taskGroup-0] INFO  TaskGroupContainer - taskGroup[0] taskId[0] is successed, used[1000]ms
2023-07-07 12:32:31.645 [taskGroup-0] INFO  TaskGroupContainer - taskGroup[0] completed it's tasks.
2023-07-07 12:32:40.657 [job-0] INFO  StandAloneJobContainerCommunicator - Total 22 records, 1622 bytes | Speed 162B/s, 2 records/s | Error 0 records, 0 bytes |  All Task WaitWriterTime 0.000s |  All Task WaitReaderTime 0.669s | Percentage 100.00%
2023-07-07 12:32:40.658 [job-0] INFO  AbstractScheduler - Scheduler accomplished all tasks.
2023-07-07 12:32:40.658 [job-0] INFO  JobContainer - DataX Writer.Job [sqlserverwriter] do post work.
2023-07-07 12:32:40.658 [job-0] INFO  JobContainer - DataX Reader.Job [postgresqlreader] do post work.
2023-07-07 12:32:40.658 [job-0] INFO  JobContainer - DataX jobId [0] completed successfully.
2023-07-07 12:32:40.659 [job-0] INFO  HookInvoker - No hook invoked, because base dir not exists or is a file: C:\Users\xT\PycharmProjects\Migration\datax\hook
2023-07-07 12:32:40.660 [job-0] INFO  JobContainer - 
	 [total cpu info] => 
		averageCpu                     | maxDeltaCpu                    | minDeltaCpu                    
		-1.00%                         | -1.00%                         | -1.00%
                        

	 [total gc info] => 
		 NAME                 | totalGCCount       | maxDeltaGCCount    | minDeltaGCCount    | totalGCTime        | maxDeltaGCTime     | minDeltaGCTime     
		 PS MarkSweep         | 0                  | 0                  | 0                  | 0.000s             | 0.000s             | 0.000s             
		 PS Scavenge          | 0                  | 0                  | 0                  | 0.000s             | 0.000s             | 0.000s             

2023-07-07 12:32:40.660 [job-0] INFO  JobContainer - PerfTrace not enable!
2023-07-07 12:32:40.661 [job-0] INFO  StandAloneJobContainerCommunicator - Total 22 records, 1622 bytes | Speed 162B/s, 2 records/s | Error 0 records, 0 bytes |  All Task WaitWriterTime 0.000s |  All Task WaitReaderTime 0.669s | Percentage 100.00%
2023-07-07 12:32:40.661 [job-0] INFO  JobContainer - 
任务启动时刻                    : 2023-07-07 12:32:23
任务结束时刻                    : 2023-07-07 12:32:40
任务总计耗时                    :                 17s
任务平均流量                    :              162B/s
记录写入速度                    :              2rec/s
读出记录总数                    :                  22
读写失败总数                    :                   0

