2023-07-07 12:21:35.621 [main] INFO  MessageSource - JVM TimeZone: GMT+08:00, Locale: zh_CN
2023-07-07 12:21:35.624 [main] INFO  MessageSource - use Locale: zh_CN timeZone: sun.util.calendar.ZoneInfo[id="GMT+08:00",offset=28800000,dstSavings=0,useDaylight=false,transitions=0,lastRule=null]
2023-07-07 12:21:35.636 [main] INFO  VMInfo - VMInfo# operatingSystem class => sun.management.OperatingSystemImpl
2023-07-07 12:21:35.642 [main] INFO  Engine - the machine info  => 

	osInfo:	Oracle Corporation 1.8 25.192-b12
	jvmInfo:	Windows 10 amd64 10.0
	cpu num:	16

	totalPhysicalMemory:	-0.00G
	freePhysicalMemory:	-0.00G
	maxFileDescriptorCount:	-1
	currentOpenFileDescriptorCount:	-1

	GC Names	[PS MarkSweep, PS Scavenge]

	MEMORY_NAME                    | allocation_size                | init_size                      
	PS Eden Space                  | 256.00MB                       | 256.00MB                       
	Code Cache                     | 240.00MB                       | 2.44MB                         
	Compressed Class Space         | 1,024.00MB                     | 0.00MB                         
	PS Survivor Space              | 42.50MB                        | 42.50MB                        
	PS Old Gen                     | 683.00MB                       | 683.00MB                       
	Metaspace                      | -0.00MB                        | 0.00MB                         


2023-07-07 12:21:35.661 [main] INFO  Engine - 
{
	"content":[
		{
			"reader":{
				"name":"postgresqlreader",
				"parameter":{
					"column":[
						"id_type",
						"id_code",
						"user_type",
						"cust_code",
						"op_code",
						"cust_info",
						"oper_time",
						"survey_field_info",
						"cust_fname"
					],
					"connection":[
						{
							"jdbcUrl":[
								"jdbc:postgresql://10.201.65.21:30100/ygt"
							],
							"table":[
								"kscs_busi_cust_info"
							]
						}
					],
					"password":"************",
					"splitPk":"",
					"username":"ygt"
				}
			},
			"writer":{
				"name":"sqlserverwriter",
				"parameter":{
					"column":[
						"id_type",
						"id_code",
						"user_type",
						"cust_code",
						"op_code",
						"cust_info",
						"oper_time",
						"survey_field_info",
						"cust_fname"
					],
					"connection":[
						{
							"jdbcUrl":"jdbc:sqlserver://192.168.203.129:1433;DatabaseName=YGT;",
							"table":[
								"kscs_busi_cust_info"
							]
						}
					],
					"password":"***********",
					"preSql":[
						"TRUNCATE TABLE kscs_busi_cust_info"
					],
					"username":"sa"
				}
			}
		}
	],
	"setting":{
		"errorLimit":{
			"record":0
		},
		"speed":{
			"channel":20
		}
	}
}

2023-07-07 12:21:35.676 [main] WARN  Engine - prioriy set to 0, because NumberFormatException, the value is: null
2023-07-07 12:21:35.678 [main] INFO  PerfTrace - PerfTrace traceId=job_-1, isEnable=false, priority=0
2023-07-07 12:21:35.678 [main] INFO  JobContainer - DataX jobContainer starts job.
2023-07-07 12:21:35.680 [main] INFO  JobContainer - Set jobId = 0
2023-07-07 12:21:41.649 [job-0] INFO  OriginalConfPretreatmentUtil - Available jdbcUrl:jdbc:postgresql://10.201.65.21:30100/ygt.
2023-07-07 12:21:41.887 [job-0] INFO  OriginalConfPretreatmentUtil - table:[kscs_busi_cust_info] has columns:[id_type,id_code,user_type,cust_code,op_code,cust_info,oper_time,survey_field_info,cust_fname].
2023-07-07 12:21:42.135 [job-0] INFO  OriginalConfPretreatmentUtil - table:[kscs_busi_cust_info] all columns:[
id_type,id_code,user_type,cust_code,op_code,cust_info,oper_time,survey_field_info,cust_fname
].
2023-07-07 12:21:42.150 [job-0] INFO  OriginalConfPretreatmentUtil - Write data [
INSERT INTO %s (id_type,id_code,user_type,cust_code,op_code,cust_info,oper_time,survey_field_info,cust_fname) VALUES(?,?,?,?,?,?,?,?,?)
], which jdbcUrl like:[jdbc:sqlserver://192.168.203.129:1433;DatabaseName=YGT;]
2023-07-07 12:21:42.150 [job-0] INFO  JobContainer - jobContainer starts to do prepare ...
2023-07-07 12:21:42.151 [job-0] INFO  JobContainer - DataX Reader.Job [postgresqlreader] do prepare work .
2023-07-07 12:21:42.151 [job-0] INFO  JobContainer - DataX Writer.Job [sqlserverwriter] do prepare work .
2023-07-07 12:21:42.164 [job-0] INFO  CommonRdbmsWriter$Job - Begin to execute preSqls:[TRUNCATE TABLE kscs_busi_cust_info]. context info:jdbc:sqlserver://192.168.203.129:1433;DatabaseName=YGT;.
2023-07-07 12:21:42.166 [job-0] INFO  JobContainer - jobContainer starts to do split ...
2023-07-07 12:21:42.166 [job-0] INFO  JobContainer - Job set Channel-Number to 20 channels.
2023-07-07 12:21:42.168 [job-0] INFO  JobContainer - DataX Reader.Job [postgresqlreader] splits to [1] tasks.
2023-07-07 12:21:42.169 [job-0] INFO  JobContainer - DataX Writer.Job [sqlserverwriter] splits to [1] tasks.
2023-07-07 12:21:42.183 [job-0] INFO  JobContainer - jobContainer starts to do schedule ...
2023-07-07 12:21:42.186 [job-0] INFO  JobContainer - Scheduler starts [1] taskGroups.
2023-07-07 12:21:42.188 [job-0] INFO  JobContainer - Running by standalone Mode.
2023-07-07 12:21:42.193 [taskGroup-0] INFO  TaskGroupContainer - taskGroupId=[0] start [1] channels for [1] tasks.
2023-07-07 12:21:42.196 [taskGroup-0] INFO  Channel - Channel set byte_speed_limit to -1, No bps activated.
2023-07-07 12:21:42.196 [taskGroup-0] INFO  Channel - Channel set record_speed_limit to -1, No tps activated.
2023-07-07 12:21:42.204 [taskGroup-0] INFO  TaskGroupContainer - taskGroup[0] taskId[0] attemptCount[1] is started
2023-07-07 12:21:42.208 [0-0-0-reader] INFO  CommonRdbmsReader$Task - Begin to read record by Sql: [select id_type,id_code,user_type,cust_code,op_code,cust_info,oper_time,survey_field_info,cust_fname from kscs_busi_cust_info 
] jdbcUrl:[jdbc:postgresql://10.201.65.21:30100/ygt].
2023-07-07 12:21:42.838 [0-0-0-reader] INFO  CommonRdbmsReader$Task - Finished read record by Sql: [select id_type,id_code,user_type,cust_code,op_code,cust_info,oper_time,survey_field_info,cust_fname from kscs_busi_cust_info 
] jdbcUrl:[jdbc:postgresql://10.201.65.21:30100/ygt].
2023-07-07 12:21:43.204 [taskGroup-0] INFO  TaskGroupContainer - taskGroup[0] taskId[0] is successed, used[1001]ms
2023-07-07 12:21:43.204 [taskGroup-0] INFO  TaskGroupContainer - taskGroup[0] completed it's tasks.
2023-07-07 12:21:52.207 [job-0] INFO  StandAloneJobContainerCommunicator - Total 4 records, 59457 bytes | Speed 5.81KB/s, 0 records/s | Error 0 records, 0 bytes |  All Task WaitWriterTime 0.000s |  All Task WaitReaderTime 0.611s | Percentage 100.00%
2023-07-07 12:21:52.207 [job-0] INFO  AbstractScheduler - Scheduler accomplished all tasks.
2023-07-07 12:21:52.207 [job-0] INFO  JobContainer - DataX Writer.Job [sqlserverwriter] do post work.
2023-07-07 12:21:52.207 [job-0] INFO  JobContainer - DataX Reader.Job [postgresqlreader] do post work.
2023-07-07 12:21:52.208 [job-0] INFO  JobContainer - DataX jobId [0] completed successfully.
2023-07-07 12:21:52.208 [job-0] INFO  HookInvoker - No hook invoked, because base dir not exists or is a file: C:\Users\xT\PycharmProjects\Migration\datax\hook
2023-07-07 12:21:52.209 [job-0] INFO  JobContainer - 
	 [total cpu info] => 
		averageCpu                     | maxDeltaCpu                    | minDeltaCpu                    
		-1.00%                         | -1.00%                         | -1.00%
                        

	 [total gc info] => 
		 NAME                 | totalGCCount       | maxDeltaGCCount    | minDeltaGCCount    | totalGCTime        | maxDeltaGCTime     | minDeltaGCTime     
		 PS MarkSweep         | 0                  | 0                  | 0                  | 0.000s             | 0.000s             | 0.000s             
		 PS Scavenge          | 0                  | 0                  | 0                  | 0.000s             | 0.000s             | 0.000s             

2023-07-07 12:21:52.209 [job-0] INFO  JobContainer - PerfTrace not enable!
2023-07-07 12:21:52.209 [job-0] INFO  StandAloneJobContainerCommunicator - Total 4 records, 59457 bytes | Speed 5.81KB/s, 0 records/s | Error 0 records, 0 bytes |  All Task WaitWriterTime 0.000s |  All Task WaitReaderTime 0.611s | Percentage 100.00%
2023-07-07 12:21:52.210 [job-0] INFO  JobContainer - 
任务启动时刻                    : 2023-07-07 12:21:35
任务结束时刻                    : 2023-07-07 12:21:52
任务总计耗时                    :                 16s
任务平均流量                    :            5.81KB/s
记录写入速度                    :              0rec/s
读出记录总数                    :                   4
读写失败总数                    :                   0

