2023-07-07 12:32:40.935 [main] INFO  MessageSource - JVM TimeZone: GMT+08:00, Locale: zh_CN
2023-07-07 12:32:40.937 [main] INFO  MessageSource - use Locale: zh_CN timeZone: sun.util.calendar.ZoneInfo[id="GMT+08:00",offset=28800000,dstSavings=0,useDaylight=false,transitions=0,lastRule=null]
2023-07-07 12:32:40.948 [main] INFO  VMInfo - VMInfo# operatingSystem class => sun.management.OperatingSystemImpl
2023-07-07 12:32:40.954 [main] INFO  Engine - the machine info  => 

	osInfo:	Oracle Corporation 1.8 25.192-b12
	jvmInfo:	Windows 10 amd64 10.0
	cpu num:	16

	totalPhysicalMemory:	-0.00G
	freePhysicalMemory:	-0.00G
	maxFileDescriptorCount:	-1
	currentOpenFileDescriptorCount:	-1

	GC Names	[PS MarkSweep, PS Scavenge]

	MEMORY_NAME                    | allocation_size                | init_size                      
	PS Eden Space                  | 256.00MB                       | 256.00MB                       
	Code Cache                     | 240.00MB                       | 2.44MB                         
	Compressed Class Space         | 1,024.00MB                     | 0.00MB                         
	PS Survivor Space              | 42.50MB                        | 42.50MB                        
	PS Old Gen                     | 683.00MB                       | 683.00MB                       
	Metaspace                      | -0.00MB                        | 0.00MB                         


2023-07-07 12:32:40.973 [main] INFO  Engine - 
{
	"content":[
		{
			"reader":{
				"name":"postgresqlreader",
				"parameter":{
					"column":[
						"op_code",
						"b_sno",
						"node_key",
						"busi_code",
						"effect_time",
						"initial_score",
						"perform_score",
						"update_time",
						"adjust_type",
						"adjust_score",
						"adjust_remark",
						"handle_num",
						"breject_num"
					],
					"connection":[
						{
							"jdbcUrl":[
								"jdbc:postgresql://10.201.65.21:30100/ygt"
							],
							"table":[
								"stat_emp_busi_score"
							]
						}
					],
					"password":"************",
					"splitPk":"",
					"username":"ygt"
				}
			},
			"writer":{
				"name":"sqlserverwriter",
				"parameter":{
					"column":[
						"OP_CODE",
						"B_SNO",
						"NODE_KEY",
						"BUSI_CODE",
						"EFFECT_TIME",
						"INITIAL_SCORE",
						"PERFORM_SCORE",
						"UPDATE_TIME",
						"ADJUST_TYPE",
						"ADJUST_SCORE",
						"ADJUST_REMARK",
						"HANDLE_NUM",
						"BREJECT_NUM"
					],
					"connection":[
						{
							"jdbcUrl":"jdbc:sqlserver://192.168.203.129:1433;DatabaseName=YGT;",
							"table":[
								"STAT_EMP_BUSI_SCORE"
							]
						}
					],
					"password":"***********",
					"preSql":[
						"TRUNCATE TABLE STAT_EMP_BUSI_SCORE"
					],
					"username":"sa"
				}
			}
		}
	],
	"setting":{
		"errorLimit":{
			"record":0
		},
		"speed":{
			"channel":20
		}
	}
}

2023-07-07 12:32:40.988 [main] WARN  Engine - prioriy set to 0, because NumberFormatException, the value is: null
2023-07-07 12:32:40.990 [main] INFO  PerfTrace - PerfTrace traceId=job_-1, isEnable=false, priority=0
2023-07-07 12:32:40.990 [main] INFO  JobContainer - DataX jobContainer starts job.
2023-07-07 12:32:40.992 [main] INFO  JobContainer - Set jobId = 0
2023-07-07 12:32:48.373 [job-0] INFO  OriginalConfPretreatmentUtil - Available jdbcUrl:jdbc:postgresql://10.201.65.21:30100/ygt.
2023-07-07 12:32:49.337 [job-0] INFO  OriginalConfPretreatmentUtil - table:[stat_emp_busi_score] has columns:[op_code,b_sno,node_key,busi_code,effect_time,initial_score,perform_score,update_time,adjust_type,adjust_score,adjust_remark,handle_num,breject_num].
2023-07-07 12:32:49.491 [job-0] INFO  OriginalConfPretreatmentUtil - table:[STAT_EMP_BUSI_SCORE] all columns:[
OP_CODE,B_SNO,NODE_KEY,BUSI_CODE,EFFECT_TIME,INITIAL_SCORE,PERFORM_SCORE,UPDATE_TIME,ADJUST_TYPE,ADJUST_SCORE,ADJUST_REMARK,HANDLE_NUM,BREJECT_NUM
].
2023-07-07 12:32:49.503 [job-0] INFO  OriginalConfPretreatmentUtil - Write data [
INSERT INTO %s (OP_CODE,B_SNO,NODE_KEY,BUSI_CODE,EFFECT_TIME,INITIAL_SCORE,PERFORM_SCORE,UPDATE_TIME,ADJUST_TYPE,ADJUST_SCORE,ADJUST_REMARK,HANDLE_NUM,BREJECT_NUM) VALUES(?,?,?,?,?,?,?,?,?,?,?,?,?)
], which jdbcUrl like:[jdbc:sqlserver://192.168.203.129:1433;DatabaseName=YGT;]
2023-07-07 12:32:49.504 [job-0] INFO  JobContainer - jobContainer starts to do prepare ...
2023-07-07 12:32:49.504 [job-0] INFO  JobContainer - DataX Reader.Job [postgresqlreader] do prepare work .
2023-07-07 12:32:49.504 [job-0] INFO  JobContainer - DataX Writer.Job [sqlserverwriter] do prepare work .
2023-07-07 12:32:49.516 [job-0] INFO  CommonRdbmsWriter$Job - Begin to execute preSqls:[TRUNCATE TABLE STAT_EMP_BUSI_SCORE]. context info:jdbc:sqlserver://192.168.203.129:1433;DatabaseName=YGT;.
2023-07-07 12:32:49.517 [job-0] INFO  JobContainer - jobContainer starts to do split ...
2023-07-07 12:32:49.517 [job-0] INFO  JobContainer - Job set Channel-Number to 20 channels.
2023-07-07 12:32:49.518 [job-0] INFO  JobContainer - DataX Reader.Job [postgresqlreader] splits to [1] tasks.
2023-07-07 12:32:49.519 [job-0] INFO  JobContainer - DataX Writer.Job [sqlserverwriter] splits to [1] tasks.
2023-07-07 12:32:49.531 [job-0] INFO  JobContainer - jobContainer starts to do schedule ...
2023-07-07 12:32:49.534 [job-0] INFO  JobContainer - Scheduler starts [1] taskGroups.
2023-07-07 12:32:49.536 [job-0] INFO  JobContainer - Running by standalone Mode.
2023-07-07 12:32:49.540 [taskGroup-0] INFO  TaskGroupContainer - taskGroupId=[0] start [1] channels for [1] tasks.
2023-07-07 12:32:49.543 [taskGroup-0] INFO  Channel - Channel set byte_speed_limit to -1, No bps activated.
2023-07-07 12:32:49.544 [taskGroup-0] INFO  Channel - Channel set record_speed_limit to -1, No tps activated.
2023-07-07 12:32:49.551 [taskGroup-0] INFO  TaskGroupContainer - taskGroup[0] taskId[0] attemptCount[1] is started
2023-07-07 12:32:49.556 [0-0-0-reader] INFO  CommonRdbmsReader$Task - Begin to read record by Sql: [select op_code,b_sno,node_key,busi_code,effect_time,initial_score,perform_score,update_time,adjust_type,adjust_score,adjust_remark,handle_num,breject_num from stat_emp_busi_score 
] jdbcUrl:[jdbc:postgresql://10.201.65.21:30100/ygt].
2023-07-07 12:32:51.561 [0-0-0-reader] INFO  CommonRdbmsReader$Task - Finished read record by Sql: [select op_code,b_sno,node_key,busi_code,effect_time,initial_score,perform_score,update_time,adjust_type,adjust_score,adjust_remark,handle_num,breject_num from stat_emp_busi_score 
] jdbcUrl:[jdbc:postgresql://10.201.65.21:30100/ygt].
2023-07-07 12:32:51.658 [taskGroup-0] INFO  TaskGroupContainer - taskGroup[0] taskId[0] is successed, used[2107]ms
2023-07-07 12:32:51.658 [taskGroup-0] INFO  TaskGroupContainer - taskGroup[0] completed it's tasks.
2023-07-07 12:32:59.561 [job-0] INFO  StandAloneJobContainerCommunicator - Total 13 records, 654 bytes | Speed 65B/s, 1 records/s | Error 0 records, 0 bytes |  All Task WaitWriterTime 0.000s |  All Task WaitReaderTime 0.000s | Percentage 100.00%
2023-07-07 12:32:59.561 [job-0] INFO  AbstractScheduler - Scheduler accomplished all tasks.
2023-07-07 12:32:59.562 [job-0] INFO  JobContainer - DataX Writer.Job [sqlserverwriter] do post work.
2023-07-07 12:32:59.562 [job-0] INFO  JobContainer - DataX Reader.Job [postgresqlreader] do post work.
2023-07-07 12:32:59.562 [job-0] INFO  JobContainer - DataX jobId [0] completed successfully.
2023-07-07 12:32:59.563 [job-0] INFO  HookInvoker - No hook invoked, because base dir not exists or is a file: C:\Users\xT\PycharmProjects\Migration\datax\hook
2023-07-07 12:32:59.564 [job-0] INFO  JobContainer - 
	 [total cpu info] => 
		averageCpu                     | maxDeltaCpu                    | minDeltaCpu                    
		-1.00%                         | -1.00%                         | -1.00%
                        

	 [total gc info] => 
		 NAME                 | totalGCCount       | maxDeltaGCCount    | minDeltaGCCount    | totalGCTime        | maxDeltaGCTime     | minDeltaGCTime     
		 PS MarkSweep         | 0                  | 0                  | 0                  | 0.000s             | 0.000s             | 0.000s             
		 PS Scavenge          | 0                  | 0                  | 0                  | 0.000s             | 0.000s             | 0.000s             

2023-07-07 12:32:59.564 [job-0] INFO  JobContainer - PerfTrace not enable!
2023-07-07 12:32:59.564 [job-0] INFO  StandAloneJobContainerCommunicator - Total 13 records, 654 bytes | Speed 65B/s, 1 records/s | Error 0 records, 0 bytes |  All Task WaitWriterTime 0.000s |  All Task WaitReaderTime 0.000s | Percentage 100.00%
2023-07-07 12:32:59.565 [job-0] INFO  JobContainer - 
任务启动时刻                    : 2023-07-07 12:32:40
任务结束时刻                    : 2023-07-07 12:32:59
任务总计耗时                    :                 18s
任务平均流量                    :               65B/s
记录写入速度                    :              1rec/s
读出记录总数                    :                  13
读写失败总数                    :                   0

