2023-07-07 12:25:59.502 [main] INFO  MessageSource - JVM TimeZone: GMT+08:00, Locale: zh_CN
2023-07-07 12:25:59.504 [main] INFO  MessageSource - use Locale: zh_CN timeZone: sun.util.calendar.ZoneInfo[id="GMT+08:00",offset=28800000,dstSavings=0,useDaylight=false,transitions=0,lastRule=null]
2023-07-07 12:25:59.510 [main] INFO  VMInfo - VMInfo# operatingSystem class => sun.management.OperatingSystemImpl
2023-07-07 12:25:59.514 [main] INFO  Engine - the machine info  => 

	osInfo:	Oracle Corporation 1.8 25.192-b12
	jvmInfo:	Windows 10 amd64 10.0
	cpu num:	16

	totalPhysicalMemory:	-0.00G
	freePhysicalMemory:	-0.00G
	maxFileDescriptorCount:	-1
	currentOpenFileDescriptorCount:	-1

	GC Names	[PS MarkSweep, PS Scavenge]

	MEMORY_NAME                    | allocation_size                | init_size                      
	PS Eden Space                  | 256.00MB                       | 256.00MB                       
	Code Cache                     | 240.00MB                       | 2.44MB                         
	Compressed Class Space         | 1,024.00MB                     | 0.00MB                         
	PS Survivor Space              | 42.50MB                        | 42.50MB                        
	PS Old Gen                     | 683.00MB                       | 683.00MB                       
	Metaspace                      | -0.00MB                        | 0.00MB                         


2023-07-07 12:25:59.527 [main] INFO  Engine - 
{
	"content":[
		{
			"reader":{
				"name":"postgresqlreader",
				"parameter":{
					"column":[
						"b_sno",
						"b_node_ord",
						"node_key",
						"node_name",
						"handler",
						"handler_org",
						"start_time",
						"end_time",
						"node_time",
						"node_result",
						"remark",
						"reject_lvl",
						"busi_code",
						"is_delete",
						"reject_to_node",
						"prepared_time"
					],
					"connection":[
						{
							"jdbcUrl":[
								"jdbc:postgresql://10.201.65.21:30100/ygt"
							],
							"table":[
								"stat_busi_node_info_temp"
							]
						}
					],
					"password":"************",
					"splitPk":"",
					"username":"ygt"
				}
			},
			"writer":{
				"name":"sqlserverwriter",
				"parameter":{
					"column":[
						"B_SNO",
						"B_NODE_ORD",
						"NODE_KEY",
						"NODE_NAME",
						"HANDLER",
						"HANDLER_ORG",
						"START_TIME",
						"END_TIME",
						"NODE_TIME",
						"NODE_RESULT",
						"REMARK",
						"REJECT_LVL",
						"BUSI_CODE",
						"IS_DELETE",
						"REJECT_TO_NODE",
						"PREPARED_TIME"
					],
					"connection":[
						{
							"jdbcUrl":"jdbc:sqlserver://192.168.203.129:1433;DatabaseName=YGT;",
							"table":[
								"STAT_BUSI_NODE_INFO_TEMP"
							]
						}
					],
					"password":"***********",
					"preSql":[
						"TRUNCATE TABLE STAT_BUSI_NODE_INFO_TEMP"
					],
					"username":"sa"
				}
			}
		}
	],
	"setting":{
		"errorLimit":{
			"record":0
		},
		"speed":{
			"channel":20
		}
	}
}

2023-07-07 12:25:59.538 [main] WARN  Engine - prioriy set to 0, because NumberFormatException, the value is: null
2023-07-07 12:25:59.539 [main] INFO  PerfTrace - PerfTrace traceId=job_-1, isEnable=false, priority=0
2023-07-07 12:25:59.539 [main] INFO  JobContainer - DataX jobContainer starts job.
2023-07-07 12:25:59.540 [main] INFO  JobContainer - Set jobId = 0
2023-07-07 12:26:05.680 [job-0] INFO  OriginalConfPretreatmentUtil - Available jdbcUrl:jdbc:postgresql://10.201.65.21:30100/ygt.
2023-07-07 12:26:06.206 [job-0] INFO  OriginalConfPretreatmentUtil - table:[stat_busi_node_info_temp] has columns:[b_sno,b_node_ord,node_key,node_name,handler,handler_org,start_time,end_time,node_time,node_result,remark,reject_lvl,busi_code,is_delete,reject_to_node,prepared_time].
2023-07-07 12:26:06.346 [job-0] INFO  OriginalConfPretreatmentUtil - table:[STAT_BUSI_NODE_INFO_TEMP] all columns:[
B_SNO,B_NODE_ORD,NODE_KEY,NODE_NAME,HANDLER,HANDLER_ORG,START_TIME,END_TIME,NODE_TIME,NODE_RESULT,REMARK,REJECT_LVL,BUSI_CODE,IS_DELETE,REJECT_TO_NODE,PREPARED_TIME
].
2023-07-07 12:26:06.357 [job-0] INFO  OriginalConfPretreatmentUtil - Write data [
INSERT INTO %s (B_SNO,B_NODE_ORD,NODE_KEY,NODE_NAME,HANDLER,HANDLER_ORG,START_TIME,END_TIME,NODE_TIME,NODE_RESULT,REMARK,REJECT_LVL,BUSI_CODE,IS_DELETE,REJECT_TO_NODE,PREPARED_TIME) VALUES(?,?,?,?,?,?,?,?,?,?,?,?,?,?,?,?)
], which jdbcUrl like:[jdbc:sqlserver://192.168.203.129:1433;DatabaseName=YGT;]
2023-07-07 12:26:06.357 [job-0] INFO  JobContainer - jobContainer starts to do prepare ...
2023-07-07 12:26:06.358 [job-0] INFO  JobContainer - DataX Reader.Job [postgresqlreader] do prepare work .
2023-07-07 12:26:06.358 [job-0] INFO  JobContainer - DataX Writer.Job [sqlserverwriter] do prepare work .
2023-07-07 12:26:06.367 [job-0] INFO  CommonRdbmsWriter$Job - Begin to execute preSqls:[TRUNCATE TABLE STAT_BUSI_NODE_INFO_TEMP]. context info:jdbc:sqlserver://192.168.203.129:1433;DatabaseName=YGT;.
2023-07-07 12:26:06.369 [job-0] INFO  JobContainer - jobContainer starts to do split ...
2023-07-07 12:26:06.369 [job-0] INFO  JobContainer - Job set Channel-Number to 20 channels.
2023-07-07 12:26:06.371 [job-0] INFO  JobContainer - DataX Reader.Job [postgresqlreader] splits to [1] tasks.
2023-07-07 12:26:06.371 [job-0] INFO  JobContainer - DataX Writer.Job [sqlserverwriter] splits to [1] tasks.
2023-07-07 12:26:06.383 [job-0] INFO  JobContainer - jobContainer starts to do schedule ...
2023-07-07 12:26:06.386 [job-0] INFO  JobContainer - Scheduler starts [1] taskGroups.
2023-07-07 12:26:06.388 [job-0] INFO  JobContainer - Running by standalone Mode.
2023-07-07 12:26:06.392 [taskGroup-0] INFO  TaskGroupContainer - taskGroupId=[0] start [1] channels for [1] tasks.
2023-07-07 12:26:06.394 [taskGroup-0] INFO  Channel - Channel set byte_speed_limit to -1, No bps activated.
2023-07-07 12:26:06.394 [taskGroup-0] INFO  Channel - Channel set record_speed_limit to -1, No tps activated.
2023-07-07 12:26:06.401 [taskGroup-0] INFO  TaskGroupContainer - taskGroup[0] taskId[0] attemptCount[1] is started
2023-07-07 12:26:06.405 [0-0-0-reader] INFO  CommonRdbmsReader$Task - Begin to read record by Sql: [select b_sno,b_node_ord,node_key,node_name,handler,handler_org,start_time,end_time,node_time,node_result,remark,reject_lvl,busi_code,is_delete,reject_to_node,prepared_time from stat_busi_node_info_temp 
] jdbcUrl:[jdbc:postgresql://10.201.65.21:30100/ygt].
2023-07-07 12:26:06.636 [0-0-0-reader] INFO  CommonRdbmsReader$Task - Finished read record by Sql: [select b_sno,b_node_ord,node_key,node_name,handler,handler_org,start_time,end_time,node_time,node_result,remark,reject_lvl,busi_code,is_delete,reject_to_node,prepared_time from stat_busi_node_info_temp 
] jdbcUrl:[jdbc:postgresql://10.201.65.21:30100/ygt].
2023-07-07 12:26:06.949 [taskGroup-0] INFO  TaskGroupContainer - taskGroup[0] taskId[0] is successed, used[549]ms
2023-07-07 12:26:06.949 [taskGroup-0] INFO  TaskGroupContainer - taskGroup[0] completed it's tasks.
2023-07-07 12:26:16.408 [job-0] INFO  StandAloneJobContainerCommunicator - Total 22 records, 1512 bytes | Speed 151B/s, 2 records/s | Error 0 records, 0 bytes |  All Task WaitWriterTime 0.000s |  All Task WaitReaderTime 0.210s | Percentage 100.00%
2023-07-07 12:26:16.408 [job-0] INFO  AbstractScheduler - Scheduler accomplished all tasks.
2023-07-07 12:26:16.408 [job-0] INFO  JobContainer - DataX Writer.Job [sqlserverwriter] do post work.
2023-07-07 12:26:16.409 [job-0] INFO  JobContainer - DataX Reader.Job [postgresqlreader] do post work.
2023-07-07 12:26:16.409 [job-0] INFO  JobContainer - DataX jobId [0] completed successfully.
2023-07-07 12:26:16.409 [job-0] INFO  HookInvoker - No hook invoked, because base dir not exists or is a file: C:\Users\xT\PycharmProjects\Migration\datax\hook
2023-07-07 12:26:16.410 [job-0] INFO  JobContainer - 
	 [total cpu info] => 
		averageCpu                     | maxDeltaCpu                    | minDeltaCpu                    
		-1.00%                         | -1.00%                         | -1.00%
                        

	 [total gc info] => 
		 NAME                 | totalGCCount       | maxDeltaGCCount    | minDeltaGCCount    | totalGCTime        | maxDeltaGCTime     | minDeltaGCTime     
		 PS MarkSweep         | 0                  | 0                  | 0                  | 0.000s             | 0.000s             | 0.000s             
		 PS Scavenge          | 0                  | 0                  | 0                  | 0.000s             | 0.000s             | 0.000s             

2023-07-07 12:26:16.410 [job-0] INFO  JobContainer - PerfTrace not enable!
2023-07-07 12:26:16.410 [job-0] INFO  StandAloneJobContainerCommunicator - Total 22 records, 1512 bytes | Speed 151B/s, 2 records/s | Error 0 records, 0 bytes |  All Task WaitWriterTime 0.000s |  All Task WaitReaderTime 0.210s | Percentage 100.00%
2023-07-07 12:26:16.411 [job-0] INFO  JobContainer - 
任务启动时刻                    : 2023-07-07 12:25:59
任务结束时刻                    : 2023-07-07 12:26:16
任务总计耗时                    :                 16s
任务平均流量                    :              151B/s
记录写入速度                    :              2rec/s
读出记录总数                    :                  22
读写失败总数                    :                   0

