2023-07-07 12:26:38.452 [main] INFO  MessageSource - JVM TimeZone: GMT+08:00, Locale: zh_CN
2023-07-07 12:26:38.454 [main] INFO  MessageSource - use Locale: zh_CN timeZone: sun.util.calendar.ZoneInfo[id="GMT+08:00",offset=28800000,dstSavings=0,useDaylight=false,transitions=0,lastRule=null]
2023-07-07 12:26:38.463 [main] INFO  VMInfo - VMInfo# operatingSystem class => sun.management.OperatingSystemImpl
2023-07-07 12:26:38.467 [main] INFO  Engine - the machine info  => 

	osInfo:	Oracle Corporation 1.8 25.192-b12
	jvmInfo:	Windows 10 amd64 10.0
	cpu num:	16

	totalPhysicalMemory:	-0.00G
	freePhysicalMemory:	-0.00G
	maxFileDescriptorCount:	-1
	currentOpenFileDescriptorCount:	-1

	GC Names	[PS MarkSweep, PS Scavenge]

	MEMORY_NAME                    | allocation_size                | init_size                      
	PS Eden Space                  | 256.00MB                       | 256.00MB                       
	Code Cache                     | 240.00MB                       | 2.44MB                         
	Compressed Class Space         | 1,024.00MB                     | 0.00MB                         
	PS Survivor Space              | 42.50MB                        | 42.50MB                        
	PS Old Gen                     | 683.00MB                       | 683.00MB                       
	Metaspace                      | -0.00MB                        | 0.00MB                         


2023-07-07 12:26:38.483 [main] INFO  Engine - 
{
	"content":[
		{
			"reader":{
				"name":"postgresqlreader",
				"parameter":{
					"column":[
						"serial_no",
						"user_type",
						"id_type",
						"citizenship",
						"inoutside_identity",
						"subject_identity",
						"occu_type",
						"legal_rep_type",
						"szorg_type",
						"trade",
						"pro_cls",
						"acct_type",
						"open_type",
						"logic_stat",
						"prompt_tip"
					],
					"connection":[
						{
							"jdbcUrl":[
								"jdbc:postgresql://10.201.65.21:30100/ygt"
							],
							"table":[
								"opp_busi_open_logic_cfg"
							]
						}
					],
					"password":"************",
					"splitPk":"",
					"username":"ygt"
				}
			},
			"writer":{
				"name":"sqlserverwriter",
				"parameter":{
					"column":[
						"SERIAL_NO",
						"USER_TYPE",
						"ID_TYPE",
						"CITIZENSHIP",
						"INOUTSIDE_IDENTITY",
						"SUBJECT_IDENTITY",
						"OCCU_TYPE",
						"LEGAL_REP_TYPE",
						"SZORG_TYPE",
						"TRADE",
						"PRO_CLS",
						"ACCT_TYPE",
						"OPEN_TYPE",
						"LOGIC_STAT",
						"PROMPT_TIP"
					],
					"connection":[
						{
							"jdbcUrl":"jdbc:sqlserver://192.168.203.129:1433;DatabaseName=YGT;",
							"table":[
								"OPP_BUSI_OPEN_LOGIC_CFG"
							]
						}
					],
					"password":"***********",
					"preSql":[
						"TRUNCATE TABLE OPP_BUSI_OPEN_LOGIC_CFG"
					],
					"username":"sa"
				}
			}
		}
	],
	"setting":{
		"errorLimit":{
			"record":0
		},
		"speed":{
			"channel":20
		}
	}
}

2023-07-07 12:26:38.496 [main] WARN  Engine - prioriy set to 0, because NumberFormatException, the value is: null
2023-07-07 12:26:38.497 [main] INFO  PerfTrace - PerfTrace traceId=job_-1, isEnable=false, priority=0
2023-07-07 12:26:38.497 [main] INFO  JobContainer - DataX jobContainer starts job.
2023-07-07 12:26:38.499 [main] INFO  JobContainer - Set jobId = 0
2023-07-07 12:26:44.401 [job-0] INFO  OriginalConfPretreatmentUtil - Available jdbcUrl:jdbc:postgresql://10.201.65.21:30100/ygt.
2023-07-07 12:26:45.010 [job-0] INFO  OriginalConfPretreatmentUtil - table:[opp_busi_open_logic_cfg] has columns:[serial_no,user_type,id_type,citizenship,inoutside_identity,subject_identity,occu_type,legal_rep_type,szorg_type,trade,pro_cls,acct_type,open_type,logic_stat,prompt_tip].
2023-07-07 12:26:45.133 [job-0] INFO  OriginalConfPretreatmentUtil - table:[OPP_BUSI_OPEN_LOGIC_CFG] all columns:[
SERIAL_NO,USER_TYPE,ID_TYPE,CITIZENSHIP,INOUTSIDE_IDENTITY,SUBJECT_IDENTITY,OCCU_TYPE,LEGAL_REP_TYPE,SZORG_TYPE,TRADE,PRO_CLS,ACCT_TYPE,OPEN_TYPE,LOGIC_STAT,PROMPT_TIP
].
2023-07-07 12:26:45.143 [job-0] INFO  OriginalConfPretreatmentUtil - Write data [
INSERT INTO %s (SERIAL_NO,USER_TYPE,ID_TYPE,CITIZENSHIP,INOUTSIDE_IDENTITY,SUBJECT_IDENTITY,OCCU_TYPE,LEGAL_REP_TYPE,SZORG_TYPE,TRADE,PRO_CLS,ACCT_TYPE,OPEN_TYPE,LOGIC_STAT,PROMPT_TIP) VALUES(?,?,?,?,?,?,?,?,?,?,?,?,?,?,?)
], which jdbcUrl like:[jdbc:sqlserver://192.168.203.129:1433;DatabaseName=YGT;]
2023-07-07 12:26:45.143 [job-0] INFO  JobContainer - jobContainer starts to do prepare ...
2023-07-07 12:26:45.143 [job-0] INFO  JobContainer - DataX Reader.Job [postgresqlreader] do prepare work .
2023-07-07 12:26:45.144 [job-0] INFO  JobContainer - DataX Writer.Job [sqlserverwriter] do prepare work .
2023-07-07 12:26:45.152 [job-0] INFO  CommonRdbmsWriter$Job - Begin to execute preSqls:[TRUNCATE TABLE OPP_BUSI_OPEN_LOGIC_CFG]. context info:jdbc:sqlserver://192.168.203.129:1433;DatabaseName=YGT;.
2023-07-07 12:26:45.154 [job-0] INFO  JobContainer - jobContainer starts to do split ...
2023-07-07 12:26:45.154 [job-0] INFO  JobContainer - Job set Channel-Number to 20 channels.
2023-07-07 12:26:45.156 [job-0] INFO  JobContainer - DataX Reader.Job [postgresqlreader] splits to [1] tasks.
2023-07-07 12:26:45.156 [job-0] INFO  JobContainer - DataX Writer.Job [sqlserverwriter] splits to [1] tasks.
2023-07-07 12:26:45.168 [job-0] INFO  JobContainer - jobContainer starts to do schedule ...
2023-07-07 12:26:45.171 [job-0] INFO  JobContainer - Scheduler starts [1] taskGroups.
2023-07-07 12:26:45.173 [job-0] INFO  JobContainer - Running by standalone Mode.
2023-07-07 12:26:45.179 [taskGroup-0] INFO  TaskGroupContainer - taskGroupId=[0] start [1] channels for [1] tasks.
2023-07-07 12:26:45.181 [taskGroup-0] INFO  Channel - Channel set byte_speed_limit to -1, No bps activated.
2023-07-07 12:26:45.181 [taskGroup-0] INFO  Channel - Channel set record_speed_limit to -1, No tps activated.
2023-07-07 12:26:45.188 [taskGroup-0] INFO  TaskGroupContainer - taskGroup[0] taskId[0] attemptCount[1] is started
2023-07-07 12:26:45.192 [0-0-0-reader] INFO  CommonRdbmsReader$Task - Begin to read record by Sql: [select serial_no,user_type,id_type,citizenship,inoutside_identity,subject_identity,occu_type,legal_rep_type,szorg_type,trade,pro_cls,acct_type,open_type,logic_stat,prompt_tip from opp_busi_open_logic_cfg 
] jdbcUrl:[jdbc:postgresql://10.201.65.21:30100/ygt].
2023-07-07 12:26:45.475 [0-0-0-reader] INFO  CommonRdbmsReader$Task - Finished read record by Sql: [select serial_no,user_type,id_type,citizenship,inoutside_identity,subject_identity,occu_type,legal_rep_type,szorg_type,trade,pro_cls,acct_type,open_type,logic_stat,prompt_tip from opp_busi_open_logic_cfg 
] jdbcUrl:[jdbc:postgresql://10.201.65.21:30100/ygt].
2023-07-07 12:26:45.523 [taskGroup-0] INFO  TaskGroupContainer - taskGroup[0] taskId[0] is successed, used[335]ms
2023-07-07 12:26:45.523 [taskGroup-0] INFO  TaskGroupContainer - taskGroup[0] completed it's tasks.
2023-07-07 12:26:55.192 [job-0] INFO  StandAloneJobContainerCommunicator - Total 74 records, 36577 bytes | Speed 3.57KB/s, 7 records/s | Error 0 records, 0 bytes |  All Task WaitWriterTime 0.000s |  All Task WaitReaderTime 0.263s | Percentage 100.00%
2023-07-07 12:26:55.192 [job-0] INFO  AbstractScheduler - Scheduler accomplished all tasks.
2023-07-07 12:26:55.192 [job-0] INFO  JobContainer - DataX Writer.Job [sqlserverwriter] do post work.
2023-07-07 12:26:55.193 [job-0] INFO  JobContainer - DataX Reader.Job [postgresqlreader] do post work.
2023-07-07 12:26:55.193 [job-0] INFO  JobContainer - DataX jobId [0] completed successfully.
2023-07-07 12:26:55.193 [job-0] INFO  HookInvoker - No hook invoked, because base dir not exists or is a file: C:\Users\xT\PycharmProjects\Migration\datax\hook
2023-07-07 12:26:55.194 [job-0] INFO  JobContainer - 
	 [total cpu info] => 
		averageCpu                     | maxDeltaCpu                    | minDeltaCpu                    
		-1.00%                         | -1.00%                         | -1.00%
                        

	 [total gc info] => 
		 NAME                 | totalGCCount       | maxDeltaGCCount    | minDeltaGCCount    | totalGCTime        | maxDeltaGCTime     | minDeltaGCTime     
		 PS MarkSweep         | 0                  | 0                  | 0                  | 0.000s             | 0.000s             | 0.000s             
		 PS Scavenge          | 0                  | 0                  | 0                  | 0.000s             | 0.000s             | 0.000s             

2023-07-07 12:26:55.194 [job-0] INFO  JobContainer - PerfTrace not enable!
2023-07-07 12:26:55.194 [job-0] INFO  StandAloneJobContainerCommunicator - Total 74 records, 36577 bytes | Speed 3.57KB/s, 7 records/s | Error 0 records, 0 bytes |  All Task WaitWriterTime 0.000s |  All Task WaitReaderTime 0.263s | Percentage 100.00%
2023-07-07 12:26:55.195 [job-0] INFO  JobContainer - 
任务启动时刻                    : 2023-07-07 12:26:38
任务结束时刻                    : 2023-07-07 12:26:55
任务总计耗时                    :                 16s
任务平均流量                    :            3.57KB/s
记录写入速度                    :              7rec/s
读出记录总数                    :                  74
读写失败总数                    :                   0

