2023-07-07 11:37:00.816 [main] INFO  MessageSource - JVM TimeZone: GMT+08:00, Locale: zh_CN
2023-07-07 11:37:00.819 [main] INFO  MessageSource - use Locale: zh_CN timeZone: sun.util.calendar.ZoneInfo[id="GMT+08:00",offset=28800000,dstSavings=0,useDaylight=false,transitions=0,lastRule=null]
2023-07-07 11:37:00.830 [main] INFO  VMInfo - VMInfo# operatingSystem class => sun.management.OperatingSystemImpl
2023-07-07 11:37:00.839 [main] INFO  Engine - the machine info  => 

	osInfo:	Oracle Corporation 1.8 25.192-b12
	jvmInfo:	Windows 10 amd64 10.0
	cpu num:	16

	totalPhysicalMemory:	-0.00G
	freePhysicalMemory:	-0.00G
	maxFileDescriptorCount:	-1
	currentOpenFileDescriptorCount:	-1

	GC Names	[PS MarkSweep, PS Scavenge]

	MEMORY_NAME                    | allocation_size                | init_size                      
	PS Eden Space                  | 256.00MB                       | 256.00MB                       
	Code Cache                     | 240.00MB                       | 2.44MB                         
	Compressed Class Space         | 1,024.00MB                     | 0.00MB                         
	PS Survivor Space              | 42.50MB                        | 42.50MB                        
	PS Old Gen                     | 683.00MB                       | 683.00MB                       
	Metaspace                      | -0.00MB                        | 0.00MB                         


2023-07-07 11:37:00.856 [main] INFO  Engine - 
{
	"content":[
		{
			"reader":{
				"name":"postgresqlreader",
				"parameter":{
					"column":[
						"complete_date",
						"org_code",
						"busi_code",
						"yzt_channel",
						"exam_type",
						"busi_num_total",
						"busi_time_total",
						"reject_num",
						"error_num",
						"replace_num",
						"rev_replace_num"
					],
					"connection":[
						{
							"jdbcUrl":[
								"jdbc:postgresql://10.201.65.21:30100/ygt"
							],
							"table":[
								"opp_org_busi_total"
							]
						}
					],
					"password":"************",
					"splitPk":"",
					"username":"ygt"
				}
			},
			"writer":{
				"name":"sqlserverwriter",
				"parameter":{
					"column":[
						"COMPLETE_DATE",
						"ORG_CODE",
						"BUSI_CODE",
						"YZT_CHANNEL",
						"EXAM_TYPE",
						"BUSI_NUM_TOTAL",
						"BUSI_TIME_TOTAL",
						"REJECT_NUM",
						"ERROR_NUM",
						"REPLACE_NUM",
						"REV_REPLACE_NUM"
					],
					"connection":[
						{
							"jdbcUrl":"jdbc:sqlserver://192.168.203.129:1433;DatabaseName=YGT;",
							"table":[
								"OPP_ORG_BUSI_TOTAL"
							]
						}
					],
					"password":"***********",
					"preSql":[
						"TRUNCATE TABLE OPP_ORG_BUSI_TOTAL"
					],
					"username":"sa"
				}
			}
		}
	],
	"setting":{
		"errorLimit":{
			"record":0
		},
		"speed":{
			"channel":20
		}
	}
}

2023-07-07 11:37:00.870 [main] WARN  Engine - prioriy set to 0, because NumberFormatException, the value is: null
2023-07-07 11:37:00.871 [main] INFO  PerfTrace - PerfTrace traceId=job_-1, isEnable=false, priority=0
2023-07-07 11:37:00.871 [main] INFO  JobContainer - DataX jobContainer starts job.
2023-07-07 11:37:00.873 [main] INFO  JobContainer - Set jobId = 0
2023-07-07 11:37:09.918 [job-0] INFO  OriginalConfPretreatmentUtil - Available jdbcUrl:jdbc:postgresql://10.201.65.21:30100/ygt.
2023-07-07 11:37:12.625 [job-0] INFO  OriginalConfPretreatmentUtil - table:[opp_org_busi_total] has columns:[complete_date,org_code,busi_code,yzt_channel,exam_type,busi_num_total,busi_time_total,reject_num,error_num,replace_num,rev_replace_num].
2023-07-07 11:37:12.763 [job-0] INFO  OriginalConfPretreatmentUtil - table:[OPP_ORG_BUSI_TOTAL] all columns:[
COMPLETE_DATE,ORG_CODE,BUSI_CODE,YZT_CHANNEL,EXAM_TYPE,BUSI_NUM_TOTAL,BUSI_TIME_TOTAL,REJECT_NUM,ERROR_NUM,REPLACE_NUM,REV_REPLACE_NUM
].
2023-07-07 11:37:12.777 [job-0] INFO  OriginalConfPretreatmentUtil - Write data [
INSERT INTO %s (COMPLETE_DATE,ORG_CODE,BUSI_CODE,YZT_CHANNEL,EXAM_TYPE,BUSI_NUM_TOTAL,BUSI_TIME_TOTAL,REJECT_NUM,ERROR_NUM,REPLACE_NUM,REV_REPLACE_NUM) VALUES(?,?,?,?,?,?,?,?,?,?,?)
], which jdbcUrl like:[jdbc:sqlserver://192.168.203.129:1433;DatabaseName=YGT;]
2023-07-07 11:37:12.777 [job-0] INFO  JobContainer - jobContainer starts to do prepare ...
2023-07-07 11:37:12.777 [job-0] INFO  JobContainer - DataX Reader.Job [postgresqlreader] do prepare work .
2023-07-07 11:37:12.777 [job-0] INFO  JobContainer - DataX Writer.Job [sqlserverwriter] do prepare work .
2023-07-07 11:37:12.789 [job-0] INFO  CommonRdbmsWriter$Job - Begin to execute preSqls:[TRUNCATE TABLE OPP_ORG_BUSI_TOTAL]. context info:jdbc:sqlserver://192.168.203.129:1433;DatabaseName=YGT;.
2023-07-07 11:37:12.792 [job-0] INFO  JobContainer - jobContainer starts to do split ...
2023-07-07 11:37:12.792 [job-0] INFO  JobContainer - Job set Channel-Number to 20 channels.
2023-07-07 11:37:12.794 [job-0] INFO  JobContainer - DataX Reader.Job [postgresqlreader] splits to [1] tasks.
2023-07-07 11:37:12.794 [job-0] INFO  JobContainer - DataX Writer.Job [sqlserverwriter] splits to [1] tasks.
2023-07-07 11:37:12.805 [job-0] INFO  JobContainer - jobContainer starts to do schedule ...
2023-07-07 11:37:12.808 [job-0] INFO  JobContainer - Scheduler starts [1] taskGroups.
2023-07-07 11:37:12.809 [job-0] INFO  JobContainer - Running by standalone Mode.
2023-07-07 11:37:12.813 [taskGroup-0] INFO  TaskGroupContainer - taskGroupId=[0] start [1] channels for [1] tasks.
2023-07-07 11:37:12.815 [taskGroup-0] INFO  Channel - Channel set byte_speed_limit to -1, No bps activated.
2023-07-07 11:37:12.815 [taskGroup-0] INFO  Channel - Channel set record_speed_limit to -1, No tps activated.
2023-07-07 11:37:12.821 [taskGroup-0] INFO  TaskGroupContainer - taskGroup[0] taskId[0] attemptCount[1] is started
2023-07-07 11:37:12.824 [0-0-0-reader] INFO  CommonRdbmsReader$Task - Begin to read record by Sql: [select complete_date,org_code,busi_code,yzt_channel,exam_type,busi_num_total,busi_time_total,reject_num,error_num,replace_num,rev_replace_num from opp_org_busi_total 
] jdbcUrl:[jdbc:postgresql://10.201.65.21:30100/ygt].
2023-07-07 11:37:15.453 [0-0-0-reader] INFO  CommonRdbmsReader$Task - Finished read record by Sql: [select complete_date,org_code,busi_code,yzt_channel,exam_type,busi_num_total,busi_time_total,reject_num,error_num,replace_num,rev_replace_num from opp_org_busi_total 
] jdbcUrl:[jdbc:postgresql://10.201.65.21:30100/ygt].
2023-07-07 11:37:15.724 [taskGroup-0] INFO  TaskGroupContainer - taskGroup[0] taskId[0] is successed, used[2903]ms
2023-07-07 11:37:15.724 [taskGroup-0] INFO  TaskGroupContainer - taskGroup[0] completed it's tasks.
2023-07-07 11:37:22.823 [job-0] INFO  StandAloneJobContainerCommunicator - Total 54 records, 1376 bytes | Speed 137B/s, 5 records/s | Error 0 records, 0 bytes |  All Task WaitWriterTime 0.000s |  All Task WaitReaderTime 2.608s | Percentage 100.00%
2023-07-07 11:37:22.823 [job-0] INFO  AbstractScheduler - Scheduler accomplished all tasks.
2023-07-07 11:37:22.823 [job-0] INFO  JobContainer - DataX Writer.Job [sqlserverwriter] do post work.
2023-07-07 11:37:22.824 [job-0] INFO  JobContainer - DataX Reader.Job [postgresqlreader] do post work.
2023-07-07 11:37:22.824 [job-0] INFO  JobContainer - DataX jobId [0] completed successfully.
2023-07-07 11:37:22.825 [job-0] INFO  HookInvoker - No hook invoked, because base dir not exists or is a file: C:\Users\xT\PycharmProjects\Migration\datax\hook
2023-07-07 11:37:22.825 [job-0] INFO  JobContainer - 
	 [total cpu info] => 
		averageCpu                     | maxDeltaCpu                    | minDeltaCpu                    
		-1.00%                         | -1.00%                         | -1.00%
                        

	 [total gc info] => 
		 NAME                 | totalGCCount       | maxDeltaGCCount    | minDeltaGCCount    | totalGCTime        | maxDeltaGCTime     | minDeltaGCTime     
		 PS MarkSweep         | 0                  | 0                  | 0                  | 0.000s             | 0.000s             | 0.000s             
		 PS Scavenge          | 0                  | 0                  | 0                  | 0.000s             | 0.000s             | 0.000s             

2023-07-07 11:37:22.825 [job-0] INFO  JobContainer - PerfTrace not enable!
2023-07-07 11:37:22.826 [job-0] INFO  StandAloneJobContainerCommunicator - Total 54 records, 1376 bytes | Speed 137B/s, 5 records/s | Error 0 records, 0 bytes |  All Task WaitWriterTime 0.000s |  All Task WaitReaderTime 2.608s | Percentage 100.00%
2023-07-07 11:37:22.826 [job-0] INFO  JobContainer - 
任务启动时刻                    : 2023-07-07 11:37:00
任务结束时刻                    : 2023-07-07 11:37:22
任务总计耗时                    :                 21s
任务平均流量                    :              137B/s
记录写入速度                    :              5rec/s
读出记录总数                    :                  54
读写失败总数                    :                   0

