2023-07-07 12:36:00.216 [main] INFO  MessageSource - JVM TimeZone: GMT+08:00, Locale: zh_CN
2023-07-07 12:36:00.217 [main] INFO  MessageSource - use Locale: zh_CN timeZone: sun.util.calendar.ZoneInfo[id="GMT+08:00",offset=28800000,dstSavings=0,useDaylight=false,transitions=0,lastRule=null]
2023-07-07 12:36:00.225 [main] INFO  VMInfo - VMInfo# operatingSystem class => sun.management.OperatingSystemImpl
2023-07-07 12:36:00.229 [main] INFO  Engine - the machine info  => 

	osInfo:	Oracle Corporation 1.8 25.192-b12
	jvmInfo:	Windows 10 amd64 10.0
	cpu num:	16

	totalPhysicalMemory:	-0.00G
	freePhysicalMemory:	-0.00G
	maxFileDescriptorCount:	-1
	currentOpenFileDescriptorCount:	-1

	GC Names	[PS MarkSweep, PS Scavenge]

	MEMORY_NAME                    | allocation_size                | init_size                      
	PS Eden Space                  | 256.00MB                       | 256.00MB                       
	Code Cache                     | 240.00MB                       | 2.44MB                         
	Compressed Class Space         | 1,024.00MB                     | 0.00MB                         
	PS Survivor Space              | 42.50MB                        | 42.50MB                        
	PS Old Gen                     | 683.00MB                       | 683.00MB                       
	Metaspace                      | -0.00MB                        | 0.00MB                         


2023-07-07 12:36:00.242 [main] INFO  Engine - 
{
	"content":[
		{
			"reader":{
				"name":"postgresqlreader",
				"parameter":{
					"column":[
						"procdef_id",
						"rev",
						"procdef_category",
						"procdef_name",
						"procdef_key",
						"procdef_version",
						"deployment_id",
						"resource_name",
						"dgrm_resource_name",
						"description",
						"has_start_form_key",
						"suspension_state",
						"create_time"
					],
					"connection":[
						{
							"jdbcUrl":[
								"jdbc:postgresql://10.201.65.21:30100/ygt"
							],
							"table":[
								"uwk_re_procdef_bak"
							]
						}
					],
					"password":"************",
					"splitPk":"",
					"username":"ygt"
				}
			},
			"writer":{
				"name":"sqlserverwriter",
				"parameter":{
					"column":[
						"PROCDEF_ID",
						"REV",
						"PROCDEF_CATEGORY",
						"PROCDEF_NAME",
						"PROCDEF_KEY",
						"PROCDEF_VERSION",
						"DEPLOYMENT_ID",
						"RESOURCE_NAME",
						"DGRM_RESOURCE_NAME",
						"DESCRIPTION",
						"HAS_START_FORM_KEY",
						"SUSPENSION_STATE",
						"CREATE_TIME"
					],
					"connection":[
						{
							"jdbcUrl":"jdbc:sqlserver://192.168.203.129:1433;DatabaseName=YGT;",
							"table":[
								"UWK_RE_PROCDEF_BAK"
							]
						}
					],
					"password":"***********",
					"preSql":[
						"TRUNCATE TABLE UWK_RE_PROCDEF_BAK"
					],
					"username":"sa"
				}
			}
		}
	],
	"setting":{
		"errorLimit":{
			"record":0
		},
		"speed":{
			"channel":20
		}
	}
}

2023-07-07 12:36:00.256 [main] WARN  Engine - prioriy set to 0, because NumberFormatException, the value is: null
2023-07-07 12:36:00.258 [main] INFO  PerfTrace - PerfTrace traceId=job_-1, isEnable=false, priority=0
2023-07-07 12:36:00.258 [main] INFO  JobContainer - DataX jobContainer starts job.
2023-07-07 12:36:00.260 [main] INFO  JobContainer - Set jobId = 0
2023-07-07 12:36:06.112 [job-0] INFO  OriginalConfPretreatmentUtil - Available jdbcUrl:jdbc:postgresql://10.201.65.21:30100/ygt.
2023-07-07 12:36:06.411 [job-0] INFO  OriginalConfPretreatmentUtil - table:[uwk_re_procdef_bak] has columns:[procdef_id,rev,procdef_category,procdef_name,procdef_key,procdef_version,deployment_id,resource_name,dgrm_resource_name,description,has_start_form_key,suspension_state,create_time].
2023-07-07 12:36:06.584 [job-0] INFO  OriginalConfPretreatmentUtil - table:[UWK_RE_PROCDEF_BAK] all columns:[
PROCDEF_ID,REV,PROCDEF_CATEGORY,PROCDEF_NAME,PROCDEF_KEY,PROCDEF_VERSION,DEPLOYMENT_ID,RESOURCE_NAME,DGRM_RESOURCE_NAME,DESCRIPTION,HAS_START_FORM_KEY,SUSPENSION_STATE,CREATE_TIME
].
2023-07-07 12:36:06.628 [job-0] INFO  OriginalConfPretreatmentUtil - Write data [
INSERT INTO %s (PROCDEF_ID,REV,PROCDEF_CATEGORY,PROCDEF_NAME,PROCDEF_KEY,PROCDEF_VERSION,DEPLOYMENT_ID,RESOURCE_NAME,DGRM_RESOURCE_NAME,DESCRIPTION,HAS_START_FORM_KEY,SUSPENSION_STATE,CREATE_TIME) VALUES(?,?,?,?,?,?,?,?,?,?,?,?,?)
], which jdbcUrl like:[jdbc:sqlserver://192.168.203.129:1433;DatabaseName=YGT;]
2023-07-07 12:36:06.628 [job-0] INFO  JobContainer - jobContainer starts to do prepare ...
2023-07-07 12:36:06.628 [job-0] INFO  JobContainer - DataX Reader.Job [postgresqlreader] do prepare work .
2023-07-07 12:36:06.629 [job-0] INFO  JobContainer - DataX Writer.Job [sqlserverwriter] do prepare work .
2023-07-07 12:36:06.643 [job-0] INFO  CommonRdbmsWriter$Job - Begin to execute preSqls:[TRUNCATE TABLE UWK_RE_PROCDEF_BAK]. context info:jdbc:sqlserver://192.168.203.129:1433;DatabaseName=YGT;.
2023-07-07 12:36:06.644 [job-0] INFO  JobContainer - jobContainer starts to do split ...
2023-07-07 12:36:06.644 [job-0] INFO  JobContainer - Job set Channel-Number to 20 channels.
2023-07-07 12:36:06.646 [job-0] INFO  JobContainer - DataX Reader.Job [postgresqlreader] splits to [1] tasks.
2023-07-07 12:36:06.646 [job-0] INFO  JobContainer - DataX Writer.Job [sqlserverwriter] splits to [1] tasks.
2023-07-07 12:36:06.661 [job-0] INFO  JobContainer - jobContainer starts to do schedule ...
2023-07-07 12:36:06.664 [job-0] INFO  JobContainer - Scheduler starts [1] taskGroups.
2023-07-07 12:36:06.665 [job-0] INFO  JobContainer - Running by standalone Mode.
2023-07-07 12:36:06.674 [taskGroup-0] INFO  TaskGroupContainer - taskGroupId=[0] start [1] channels for [1] tasks.
2023-07-07 12:36:06.676 [taskGroup-0] INFO  Channel - Channel set byte_speed_limit to -1, No bps activated.
2023-07-07 12:36:06.676 [taskGroup-0] INFO  Channel - Channel set record_speed_limit to -1, No tps activated.
2023-07-07 12:36:06.683 [taskGroup-0] INFO  TaskGroupContainer - taskGroup[0] taskId[0] attemptCount[1] is started
2023-07-07 12:36:06.686 [0-0-0-reader] INFO  CommonRdbmsReader$Task - Begin to read record by Sql: [select procdef_id,rev,procdef_category,procdef_name,procdef_key,procdef_version,deployment_id,resource_name,dgrm_resource_name,description,has_start_form_key,suspension_state,create_time from uwk_re_procdef_bak 
] jdbcUrl:[jdbc:postgresql://10.201.65.21:30100/ygt].
2023-07-07 12:36:06.926 [0-0-0-reader] INFO  CommonRdbmsReader$Task - Finished read record by Sql: [select procdef_id,rev,procdef_category,procdef_name,procdef_key,procdef_version,deployment_id,resource_name,dgrm_resource_name,description,has_start_form_key,suspension_state,create_time from uwk_re_procdef_bak 
] jdbcUrl:[jdbc:postgresql://10.201.65.21:30100/ygt].
2023-07-07 12:36:07.239 [taskGroup-0] INFO  TaskGroupContainer - taskGroup[0] taskId[0] is successed, used[557]ms
2023-07-07 12:36:07.239 [taskGroup-0] INFO  TaskGroupContainer - taskGroup[0] completed it's tasks.
2023-07-07 12:36:16.686 [job-0] INFO  StandAloneJobContainerCommunicator - Total 0 records, 0 bytes | Speed 0B/s, 0 records/s | Error 0 records, 0 bytes |  All Task WaitWriterTime 0.000s |  All Task WaitReaderTime 0.000s | Percentage 100.00%
2023-07-07 12:36:16.686 [job-0] INFO  AbstractScheduler - Scheduler accomplished all tasks.
2023-07-07 12:36:16.686 [job-0] INFO  JobContainer - DataX Writer.Job [sqlserverwriter] do post work.
2023-07-07 12:36:16.687 [job-0] INFO  JobContainer - DataX Reader.Job [postgresqlreader] do post work.
2023-07-07 12:36:16.687 [job-0] INFO  JobContainer - DataX jobId [0] completed successfully.
2023-07-07 12:36:16.687 [job-0] INFO  HookInvoker - No hook invoked, because base dir not exists or is a file: C:\Users\xT\PycharmProjects\Migration\datax\hook
2023-07-07 12:36:16.688 [job-0] INFO  JobContainer - 
	 [total cpu info] => 
		averageCpu                     | maxDeltaCpu                    | minDeltaCpu                    
		-1.00%                         | -1.00%                         | -1.00%
                        

	 [total gc info] => 
		 NAME                 | totalGCCount       | maxDeltaGCCount    | minDeltaGCCount    | totalGCTime        | maxDeltaGCTime     | minDeltaGCTime     
		 PS MarkSweep         | 0                  | 0                  | 0                  | 0.000s             | 0.000s             | 0.000s             
		 PS Scavenge          | 0                  | 0                  | 0                  | 0.000s             | 0.000s             | 0.000s             

2023-07-07 12:36:16.688 [job-0] INFO  JobContainer - PerfTrace not enable!
2023-07-07 12:36:16.689 [job-0] INFO  StandAloneJobContainerCommunicator - Total 0 records, 0 bytes | Speed 0B/s, 0 records/s | Error 0 records, 0 bytes |  All Task WaitWriterTime 0.000s |  All Task WaitReaderTime 0.000s | Percentage 100.00%
2023-07-07 12:36:16.689 [job-0] INFO  JobContainer - 
任务启动时刻                    : 2023-07-07 12:36:00
任务结束时刻                    : 2023-07-07 12:36:16
任务总计耗时                    :                 16s
任务平均流量                    :                0B/s
记录写入速度                    :              0rec/s
读出记录总数                    :                   0
读写失败总数                    :                   0

