2023-07-07 11:33:49.499 [main] INFO  MessageSource - JVM TimeZone: GMT+08:00, Locale: zh_CN
2023-07-07 11:33:49.501 [main] INFO  MessageSource - use Locale: zh_CN timeZone: sun.util.calendar.ZoneInfo[id="GMT+08:00",offset=28800000,dstSavings=0,useDaylight=false,transitions=0,lastRule=null]
2023-07-07 11:33:49.508 [main] INFO  VMInfo - VMInfo# operatingSystem class => sun.management.OperatingSystemImpl
2023-07-07 11:33:49.512 [main] INFO  Engine - the machine info  => 

	osInfo:	Oracle Corporation 1.8 25.192-b12
	jvmInfo:	Windows 10 amd64 10.0
	cpu num:	16

	totalPhysicalMemory:	-0.00G
	freePhysicalMemory:	-0.00G
	maxFileDescriptorCount:	-1
	currentOpenFileDescriptorCount:	-1

	GC Names	[PS MarkSweep, PS Scavenge]

	MEMORY_NAME                    | allocation_size                | init_size                      
	PS Eden Space                  | 256.00MB                       | 256.00MB                       
	Code Cache                     | 240.00MB                       | 2.44MB                         
	Compressed Class Space         | 1,024.00MB                     | 0.00MB                         
	PS Survivor Space              | 42.50MB                        | 42.50MB                        
	PS Old Gen                     | 683.00MB                       | 683.00MB                       
	Metaspace                      | -0.00MB                        | 0.00MB                         


2023-07-07 11:33:49.526 [main] INFO  Engine - 
{
	"content":[
		{
			"reader":{
				"name":"postgresqlreader",
				"parameter":{
					"column":[
						"user_code",
						"busi_code",
						"back_info"
					],
					"connection":[
						{
							"jdbcUrl":[
								"jdbc:postgresql://10.201.65.21:30100/ygt"
							],
							"table":[
								"opp_busi_user_back_info"
							]
						}
					],
					"password":"************",
					"splitPk":"",
					"username":"ygt"
				}
			},
			"writer":{
				"name":"sqlserverwriter",
				"parameter":{
					"column":[
						"USER_CODE",
						"BUSI_CODE",
						"BACK_INFO"
					],
					"connection":[
						{
							"jdbcUrl":"jdbc:sqlserver://192.168.203.129:1433;DatabaseName=YGT;",
							"table":[
								"OPP_BUSI_USER_BACK_INFO"
							]
						}
					],
					"password":"***********",
					"preSql":[
						"TRUNCATE TABLE OPP_BUSI_USER_BACK_INFO"
					],
					"username":"sa"
				}
			}
		}
	],
	"setting":{
		"errorLimit":{
			"record":0
		},
		"speed":{
			"channel":20
		}
	}
}

2023-07-07 11:33:49.545 [main] WARN  Engine - prioriy set to 0, because NumberFormatException, the value is: null
2023-07-07 11:33:49.547 [main] INFO  PerfTrace - PerfTrace traceId=job_-1, isEnable=false, priority=0
2023-07-07 11:33:49.547 [main] INFO  JobContainer - DataX jobContainer starts job.
2023-07-07 11:33:49.548 [main] INFO  JobContainer - Set jobId = 0
2023-07-07 11:33:55.546 [job-0] INFO  OriginalConfPretreatmentUtil - Available jdbcUrl:jdbc:postgresql://10.201.65.21:30100/ygt.
2023-07-07 11:33:55.999 [job-0] INFO  OriginalConfPretreatmentUtil - table:[opp_busi_user_back_info] has columns:[user_code,busi_code,back_info].
2023-07-07 11:33:56.108 [job-0] INFO  OriginalConfPretreatmentUtil - table:[OPP_BUSI_USER_BACK_INFO] all columns:[
USER_CODE,BUSI_CODE,BACK_INFO
].
2023-07-07 11:33:56.124 [job-0] INFO  OriginalConfPretreatmentUtil - Write data [
INSERT INTO %s (USER_CODE,BUSI_CODE,BACK_INFO) VALUES(?,?,?)
], which jdbcUrl like:[jdbc:sqlserver://192.168.203.129:1433;DatabaseName=YGT;]
2023-07-07 11:33:56.125 [job-0] INFO  JobContainer - jobContainer starts to do prepare ...
2023-07-07 11:33:56.125 [job-0] INFO  JobContainer - DataX Reader.Job [postgresqlreader] do prepare work .
2023-07-07 11:33:56.125 [job-0] INFO  JobContainer - DataX Writer.Job [sqlserverwriter] do prepare work .
2023-07-07 11:33:56.157 [job-0] INFO  CommonRdbmsWriter$Job - Begin to execute preSqls:[TRUNCATE TABLE OPP_BUSI_USER_BACK_INFO]. context info:jdbc:sqlserver://192.168.203.129:1433;DatabaseName=YGT;.
2023-07-07 11:33:56.159 [job-0] INFO  JobContainer - jobContainer starts to do split ...
2023-07-07 11:33:56.159 [job-0] INFO  JobContainer - Job set Channel-Number to 20 channels.
2023-07-07 11:33:56.160 [job-0] INFO  JobContainer - DataX Reader.Job [postgresqlreader] splits to [1] tasks.
2023-07-07 11:33:56.161 [job-0] INFO  JobContainer - DataX Writer.Job [sqlserverwriter] splits to [1] tasks.
2023-07-07 11:33:56.170 [job-0] INFO  JobContainer - jobContainer starts to do schedule ...
2023-07-07 11:33:56.172 [job-0] INFO  JobContainer - Scheduler starts [1] taskGroups.
2023-07-07 11:33:56.173 [job-0] INFO  JobContainer - Running by standalone Mode.
2023-07-07 11:33:56.177 [taskGroup-0] INFO  TaskGroupContainer - taskGroupId=[0] start [1] channels for [1] tasks.
2023-07-07 11:33:56.179 [taskGroup-0] INFO  Channel - Channel set byte_speed_limit to -1, No bps activated.
2023-07-07 11:33:56.179 [taskGroup-0] INFO  Channel - Channel set record_speed_limit to -1, No tps activated.
2023-07-07 11:33:56.185 [taskGroup-0] INFO  TaskGroupContainer - taskGroup[0] taskId[0] attemptCount[1] is started
2023-07-07 11:33:56.188 [0-0-0-reader] INFO  CommonRdbmsReader$Task - Begin to read record by Sql: [select user_code,busi_code,back_info from opp_busi_user_back_info 
] jdbcUrl:[jdbc:postgresql://10.201.65.21:30100/ygt].
2023-07-07 11:33:56.419 [0-0-0-reader] INFO  CommonRdbmsReader$Task - Finished read record by Sql: [select user_code,busi_code,back_info from opp_busi_user_back_info 
] jdbcUrl:[jdbc:postgresql://10.201.65.21:30100/ygt].
2023-07-07 11:33:56.745 [taskGroup-0] INFO  TaskGroupContainer - taskGroup[0] taskId[0] is successed, used[561]ms
2023-07-07 11:33:56.745 [taskGroup-0] INFO  TaskGroupContainer - taskGroup[0] completed it's tasks.
2023-07-07 11:34:06.194 [job-0] INFO  StandAloneJobContainerCommunicator - Total 2 records, 37 bytes | Speed 3B/s, 0 records/s | Error 0 records, 0 bytes |  All Task WaitWriterTime 0.000s |  All Task WaitReaderTime 0.218s | Percentage 100.00%
2023-07-07 11:34:06.194 [job-0] INFO  AbstractScheduler - Scheduler accomplished all tasks.
2023-07-07 11:34:06.194 [job-0] INFO  JobContainer - DataX Writer.Job [sqlserverwriter] do post work.
2023-07-07 11:34:06.194 [job-0] INFO  JobContainer - DataX Reader.Job [postgresqlreader] do post work.
2023-07-07 11:34:06.195 [job-0] INFO  JobContainer - DataX jobId [0] completed successfully.
2023-07-07 11:34:06.195 [job-0] INFO  HookInvoker - No hook invoked, because base dir not exists or is a file: C:\Users\xT\PycharmProjects\Migration\datax\hook
2023-07-07 11:34:06.196 [job-0] INFO  JobContainer - 
	 [total cpu info] => 
		averageCpu                     | maxDeltaCpu                    | minDeltaCpu                    
		-1.00%                         | -1.00%                         | -1.00%
                        

	 [total gc info] => 
		 NAME                 | totalGCCount       | maxDeltaGCCount    | minDeltaGCCount    | totalGCTime        | maxDeltaGCTime     | minDeltaGCTime     
		 PS MarkSweep         | 0                  | 0                  | 0                  | 0.000s             | 0.000s             | 0.000s             
		 PS Scavenge          | 0                  | 0                  | 0                  | 0.000s             | 0.000s             | 0.000s             

2023-07-07 11:34:06.196 [job-0] INFO  JobContainer - PerfTrace not enable!
2023-07-07 11:34:06.196 [job-0] INFO  StandAloneJobContainerCommunicator - Total 2 records, 37 bytes | Speed 3B/s, 0 records/s | Error 0 records, 0 bytes |  All Task WaitWriterTime 0.000s |  All Task WaitReaderTime 0.218s | Percentage 100.00%
2023-07-07 11:34:06.197 [job-0] INFO  JobContainer - 
任务启动时刻                    : 2023-07-07 11:33:49
任务结束时刻                    : 2023-07-07 11:34:06
任务总计耗时                    :                 16s
任务平均流量                    :                3B/s
记录写入速度                    :              0rec/s
读出记录总数                    :                   2
读写失败总数                    :                   0

