2023-07-07 11:30:50.942 [main] INFO  MessageSource - JVM TimeZone: GMT+08:00, Locale: zh_CN
2023-07-07 11:30:50.944 [main] INFO  MessageSource - use Locale: zh_CN timeZone: sun.util.calendar.ZoneInfo[id="GMT+08:00",offset=28800000,dstSavings=0,useDaylight=false,transitions=0,lastRule=null]
2023-07-07 11:30:50.952 [main] INFO  VMInfo - VMInfo# operatingSystem class => sun.management.OperatingSystemImpl
2023-07-07 11:30:50.955 [main] INFO  Engine - the machine info  => 

	osInfo:	Oracle Corporation 1.8 25.192-b12
	jvmInfo:	Windows 10 amd64 10.0
	cpu num:	16

	totalPhysicalMemory:	-0.00G
	freePhysicalMemory:	-0.00G
	maxFileDescriptorCount:	-1
	currentOpenFileDescriptorCount:	-1

	GC Names	[PS MarkSweep, PS Scavenge]

	MEMORY_NAME                    | allocation_size                | init_size                      
	PS Eden Space                  | 256.00MB                       | 256.00MB                       
	Code Cache                     | 240.00MB                       | 2.44MB                         
	Compressed Class Space         | 1,024.00MB                     | 0.00MB                         
	PS Survivor Space              | 42.50MB                        | 42.50MB                        
	PS Old Gen                     | 683.00MB                       | 683.00MB                       
	Metaspace                      | -0.00MB                        | 0.00MB                         


2023-07-07 11:30:50.970 [main] INFO  Engine - 
{
	"content":[
		{
			"reader":{
				"name":"postgresqlreader",
				"parameter":{
					"column":[
						"sms_id",
						"sms_name",
						"sms_content",
						"channel",
						"remark"
					],
					"connection":[
						{
							"jdbcUrl":[
								"jdbc:postgresql://10.201.65.21:30100/ygt"
							],
							"table":[
								"opp_vtm_sms_template"
							]
						}
					],
					"password":"************",
					"splitPk":"",
					"username":"ygt"
				}
			},
			"writer":{
				"name":"sqlserverwriter",
				"parameter":{
					"column":[
						"SMS_ID",
						"SMS_NAME",
						"SMS_CONTENT",
						"CHANNEL",
						"REMARK"
					],
					"connection":[
						{
							"jdbcUrl":"jdbc:sqlserver://192.168.203.129:1433;DatabaseName=YGT;",
							"table":[
								"OPP_VTM_SMS_TEMPLATE"
							]
						}
					],
					"password":"***********",
					"preSql":[
						"TRUNCATE TABLE OPP_VTM_SMS_TEMPLATE"
					],
					"username":"sa"
				}
			}
		}
	],
	"setting":{
		"errorLimit":{
			"record":0
		},
		"speed":{
			"channel":20
		}
	}
}

2023-07-07 11:30:50.983 [main] WARN  Engine - prioriy set to 0, because NumberFormatException, the value is: null
2023-07-07 11:30:50.984 [main] INFO  PerfTrace - PerfTrace traceId=job_-1, isEnable=false, priority=0
2023-07-07 11:30:50.984 [main] INFO  JobContainer - DataX jobContainer starts job.
2023-07-07 11:30:50.986 [main] INFO  JobContainer - Set jobId = 0
2023-07-07 11:30:58.210 [job-0] INFO  OriginalConfPretreatmentUtil - Available jdbcUrl:jdbc:postgresql://10.201.65.21:30100/ygt.
2023-07-07 11:30:59.611 [job-0] INFO  OriginalConfPretreatmentUtil - table:[opp_vtm_sms_template] has columns:[sms_id,sms_name,sms_content,channel,remark].
2023-07-07 11:30:59.855 [job-0] INFO  OriginalConfPretreatmentUtil - table:[OPP_VTM_SMS_TEMPLATE] all columns:[
SMS_ID,SMS_NAME,SMS_CONTENT,CHANNEL,REMARK
].
2023-07-07 11:30:59.898 [job-0] INFO  OriginalConfPretreatmentUtil - Write data [
INSERT INTO %s (SMS_ID,SMS_NAME,SMS_CONTENT,CHANNEL,REMARK) VALUES(?,?,?,?,?)
], which jdbcUrl like:[jdbc:sqlserver://192.168.203.129:1433;DatabaseName=YGT;]
2023-07-07 11:30:59.899 [job-0] INFO  JobContainer - jobContainer starts to do prepare ...
2023-07-07 11:30:59.899 [job-0] INFO  JobContainer - DataX Reader.Job [postgresqlreader] do prepare work .
2023-07-07 11:30:59.899 [job-0] INFO  JobContainer - DataX Writer.Job [sqlserverwriter] do prepare work .
2023-07-07 11:30:59.914 [job-0] INFO  CommonRdbmsWriter$Job - Begin to execute preSqls:[TRUNCATE TABLE OPP_VTM_SMS_TEMPLATE]. context info:jdbc:sqlserver://192.168.203.129:1433;DatabaseName=YGT;.
2023-07-07 11:30:59.915 [job-0] INFO  JobContainer - jobContainer starts to do split ...
2023-07-07 11:30:59.916 [job-0] INFO  JobContainer - Job set Channel-Number to 20 channels.
2023-07-07 11:30:59.918 [job-0] INFO  JobContainer - DataX Reader.Job [postgresqlreader] splits to [1] tasks.
2023-07-07 11:30:59.918 [job-0] INFO  JobContainer - DataX Writer.Job [sqlserverwriter] splits to [1] tasks.
2023-07-07 11:30:59.932 [job-0] INFO  JobContainer - jobContainer starts to do schedule ...
2023-07-07 11:30:59.936 [job-0] INFO  JobContainer - Scheduler starts [1] taskGroups.
2023-07-07 11:30:59.940 [job-0] INFO  JobContainer - Running by standalone Mode.
2023-07-07 11:30:59.946 [taskGroup-0] INFO  TaskGroupContainer - taskGroupId=[0] start [1] channels for [1] tasks.
2023-07-07 11:30:59.949 [taskGroup-0] INFO  Channel - Channel set byte_speed_limit to -1, No bps activated.
2023-07-07 11:30:59.949 [taskGroup-0] INFO  Channel - Channel set record_speed_limit to -1, No tps activated.
2023-07-07 11:30:59.959 [taskGroup-0] INFO  TaskGroupContainer - taskGroup[0] taskId[0] attemptCount[1] is started
2023-07-07 11:30:59.965 [0-0-0-reader] INFO  CommonRdbmsReader$Task - Begin to read record by Sql: [select sms_id,sms_name,sms_content,channel,remark from opp_vtm_sms_template 
] jdbcUrl:[jdbc:postgresql://10.201.65.21:30100/ygt].
2023-07-07 11:31:01.144 [0-0-0-reader] INFO  CommonRdbmsReader$Task - Finished read record by Sql: [select sms_id,sms_name,sms_content,channel,remark from opp_vtm_sms_template 
] jdbcUrl:[jdbc:postgresql://10.201.65.21:30100/ygt].
2023-07-07 11:31:01.398 [taskGroup-0] INFO  TaskGroupContainer - taskGroup[0] taskId[0] is successed, used[1440]ms
2023-07-07 11:31:01.398 [taskGroup-0] INFO  TaskGroupContainer - taskGroup[0] completed it's tasks.
2023-07-07 11:31:09.963 [job-0] INFO  StandAloneJobContainerCommunicator - Total 0 records, 0 bytes | Speed 0B/s, 0 records/s | Error 0 records, 0 bytes |  All Task WaitWriterTime 0.000s |  All Task WaitReaderTime 0.000s | Percentage 100.00%
2023-07-07 11:31:09.963 [job-0] INFO  AbstractScheduler - Scheduler accomplished all tasks.
2023-07-07 11:31:09.963 [job-0] INFO  JobContainer - DataX Writer.Job [sqlserverwriter] do post work.
2023-07-07 11:31:09.963 [job-0] INFO  JobContainer - DataX Reader.Job [postgresqlreader] do post work.
2023-07-07 11:31:09.963 [job-0] INFO  JobContainer - DataX jobId [0] completed successfully.
2023-07-07 11:31:09.964 [job-0] INFO  HookInvoker - No hook invoked, because base dir not exists or is a file: C:\Users\xT\PycharmProjects\Migration\datax\hook
2023-07-07 11:31:09.965 [job-0] INFO  JobContainer - 
	 [total cpu info] => 
		averageCpu                     | maxDeltaCpu                    | minDeltaCpu                    
		-1.00%                         | -1.00%                         | -1.00%
                        

	 [total gc info] => 
		 NAME                 | totalGCCount       | maxDeltaGCCount    | minDeltaGCCount    | totalGCTime        | maxDeltaGCTime     | minDeltaGCTime     
		 PS MarkSweep         | 0                  | 0                  | 0                  | 0.000s             | 0.000s             | 0.000s             
		 PS Scavenge          | 0                  | 0                  | 0                  | 0.000s             | 0.000s             | 0.000s             

2023-07-07 11:31:09.965 [job-0] INFO  JobContainer - PerfTrace not enable!
2023-07-07 11:31:09.965 [job-0] INFO  StandAloneJobContainerCommunicator - Total 0 records, 0 bytes | Speed 0B/s, 0 records/s | Error 0 records, 0 bytes |  All Task WaitWriterTime 0.000s |  All Task WaitReaderTime 0.000s | Percentage 100.00%
2023-07-07 11:31:09.966 [job-0] INFO  JobContainer - 
任务启动时刻                    : 2023-07-07 11:30:50
任务结束时刻                    : 2023-07-07 11:31:09
任务总计耗时                    :                 18s
任务平均流量                    :                0B/s
记录写入速度                    :              0rec/s
读出记录总数                    :                   0
读写失败总数                    :                   0

