2023-07-07 11:36:13.263 [main] INFO  MessageSource - JVM TimeZone: GMT+08:00, Locale: zh_CN
2023-07-07 11:36:13.265 [main] INFO  MessageSource - use Locale: zh_CN timeZone: sun.util.calendar.ZoneInfo[id="GMT+08:00",offset=28800000,dstSavings=0,useDaylight=false,transitions=0,lastRule=null]
2023-07-07 11:36:13.273 [main] INFO  VMInfo - VMInfo# operatingSystem class => sun.management.OperatingSystemImpl
2023-07-07 11:36:13.277 [main] INFO  Engine - the machine info  => 

	osInfo:	Oracle Corporation 1.8 25.192-b12
	jvmInfo:	Windows 10 amd64 10.0
	cpu num:	16

	totalPhysicalMemory:	-0.00G
	freePhysicalMemory:	-0.00G
	maxFileDescriptorCount:	-1
	currentOpenFileDescriptorCount:	-1

	GC Names	[PS MarkSweep, PS Scavenge]

	MEMORY_NAME                    | allocation_size                | init_size                      
	PS Eden Space                  | 256.00MB                       | 256.00MB                       
	Code Cache                     | 240.00MB                       | 2.44MB                         
	Compressed Class Space         | 1,024.00MB                     | 0.00MB                         
	PS Survivor Space              | 42.50MB                        | 42.50MB                        
	PS Old Gen                     | 683.00MB                       | 683.00MB                       
	Metaspace                      | -0.00MB                        | 0.00MB                         


2023-07-07 11:36:13.289 [main] INFO  Engine - 
{
	"content":[
		{
			"reader":{
				"name":"postgresqlreader",
				"parameter":{
					"column":[
						"penalty_top_type",
						"org_name_type",
						"penalty_type",
						"penalty_org"
					],
					"connection":[
						{
							"jdbcUrl":[
								"jdbc:postgresql://10.201.65.21:30100/ygt"
							],
							"table":[
								"opp_penalty_top_type_cfg"
							]
						}
					],
					"password":"************",
					"splitPk":"",
					"username":"ygt"
				}
			},
			"writer":{
				"name":"sqlserverwriter",
				"parameter":{
					"column":[
						"PENALTY_TOP_TYPE",
						"ORG_NAME_TYPE",
						"PENALTY_TYPE",
						"PENALTY_ORG"
					],
					"connection":[
						{
							"jdbcUrl":"jdbc:sqlserver://192.168.203.129:1433;DatabaseName=YGT;",
							"table":[
								"OPP_PENALTY_TOP_TYPE_CFG"
							]
						}
					],
					"password":"***********",
					"preSql":[
						"TRUNCATE TABLE OPP_PENALTY_TOP_TYPE_CFG"
					],
					"username":"sa"
				}
			}
		}
	],
	"setting":{
		"errorLimit":{
			"record":0
		},
		"speed":{
			"channel":20
		}
	}
}

2023-07-07 11:36:13.301 [main] WARN  Engine - prioriy set to 0, because NumberFormatException, the value is: null
2023-07-07 11:36:13.302 [main] INFO  PerfTrace - PerfTrace traceId=job_-1, isEnable=false, priority=0
2023-07-07 11:36:13.302 [main] INFO  JobContainer - DataX jobContainer starts job.
2023-07-07 11:36:13.304 [main] INFO  JobContainer - Set jobId = 0
2023-07-07 11:36:19.519 [job-0] INFO  OriginalConfPretreatmentUtil - Available jdbcUrl:jdbc:postgresql://10.201.65.21:30100/ygt.
2023-07-07 11:36:19.879 [job-0] INFO  OriginalConfPretreatmentUtil - table:[opp_penalty_top_type_cfg] has columns:[penalty_top_type,org_name_type,penalty_type,penalty_org].
2023-07-07 11:36:20.036 [job-0] INFO  OriginalConfPretreatmentUtil - table:[OPP_PENALTY_TOP_TYPE_CFG] all columns:[
PENALTY_TOP_TYPE,ORG_NAME_TYPE,PENALTY_TYPE,PENALTY_ORG
].
2023-07-07 11:36:20.049 [job-0] INFO  OriginalConfPretreatmentUtil - Write data [
INSERT INTO %s (PENALTY_TOP_TYPE,ORG_NAME_TYPE,PENALTY_TYPE,PENALTY_ORG) VALUES(?,?,?,?)
], which jdbcUrl like:[jdbc:sqlserver://192.168.203.129:1433;DatabaseName=YGT;]
2023-07-07 11:36:20.049 [job-0] INFO  JobContainer - jobContainer starts to do prepare ...
2023-07-07 11:36:20.050 [job-0] INFO  JobContainer - DataX Reader.Job [postgresqlreader] do prepare work .
2023-07-07 11:36:20.050 [job-0] INFO  JobContainer - DataX Writer.Job [sqlserverwriter] do prepare work .
2023-07-07 11:36:20.062 [job-0] INFO  CommonRdbmsWriter$Job - Begin to execute preSqls:[TRUNCATE TABLE OPP_PENALTY_TOP_TYPE_CFG]. context info:jdbc:sqlserver://192.168.203.129:1433;DatabaseName=YGT;.
2023-07-07 11:36:20.063 [job-0] INFO  JobContainer - jobContainer starts to do split ...
2023-07-07 11:36:20.064 [job-0] INFO  JobContainer - Job set Channel-Number to 20 channels.
2023-07-07 11:36:20.065 [job-0] INFO  JobContainer - DataX Reader.Job [postgresqlreader] splits to [1] tasks.
2023-07-07 11:36:20.066 [job-0] INFO  JobContainer - DataX Writer.Job [sqlserverwriter] splits to [1] tasks.
2023-07-07 11:36:20.081 [job-0] INFO  JobContainer - jobContainer starts to do schedule ...
2023-07-07 11:36:20.084 [job-0] INFO  JobContainer - Scheduler starts [1] taskGroups.
2023-07-07 11:36:20.086 [job-0] INFO  JobContainer - Running by standalone Mode.
2023-07-07 11:36:20.091 [taskGroup-0] INFO  TaskGroupContainer - taskGroupId=[0] start [1] channels for [1] tasks.
2023-07-07 11:36:20.094 [taskGroup-0] INFO  Channel - Channel set byte_speed_limit to -1, No bps activated.
2023-07-07 11:36:20.095 [taskGroup-0] INFO  Channel - Channel set record_speed_limit to -1, No tps activated.
2023-07-07 11:36:20.103 [taskGroup-0] INFO  TaskGroupContainer - taskGroup[0] taskId[0] attemptCount[1] is started
2023-07-07 11:36:20.107 [0-0-0-reader] INFO  CommonRdbmsReader$Task - Begin to read record by Sql: [select penalty_top_type,org_name_type,penalty_type,penalty_org from opp_penalty_top_type_cfg 
] jdbcUrl:[jdbc:postgresql://10.201.65.21:30100/ygt].
2023-07-07 11:36:20.343 [0-0-0-reader] INFO  CommonRdbmsReader$Task - Finished read record by Sql: [select penalty_top_type,org_name_type,penalty_type,penalty_org from opp_penalty_top_type_cfg 
] jdbcUrl:[jdbc:postgresql://10.201.65.21:30100/ygt].
2023-07-07 11:36:20.656 [taskGroup-0] INFO  TaskGroupContainer - taskGroup[0] taskId[0] is successed, used[554]ms
2023-07-07 11:36:20.656 [taskGroup-0] INFO  TaskGroupContainer - taskGroup[0] completed it's tasks.
2023-07-07 11:36:30.102 [job-0] INFO  StandAloneJobContainerCommunicator - Total 16 records, 65 bytes | Speed 6B/s, 1 records/s | Error 0 records, 0 bytes |  All Task WaitWriterTime 0.000s |  All Task WaitReaderTime 0.212s | Percentage 100.00%
2023-07-07 11:36:30.102 [job-0] INFO  AbstractScheduler - Scheduler accomplished all tasks.
2023-07-07 11:36:30.102 [job-0] INFO  JobContainer - DataX Writer.Job [sqlserverwriter] do post work.
2023-07-07 11:36:30.102 [job-0] INFO  JobContainer - DataX Reader.Job [postgresqlreader] do post work.
2023-07-07 11:36:30.102 [job-0] INFO  JobContainer - DataX jobId [0] completed successfully.
2023-07-07 11:36:30.103 [job-0] INFO  HookInvoker - No hook invoked, because base dir not exists or is a file: C:\Users\xT\PycharmProjects\Migration\datax\hook
2023-07-07 11:36:30.104 [job-0] INFO  JobContainer - 
	 [total cpu info] => 
		averageCpu                     | maxDeltaCpu                    | minDeltaCpu                    
		-1.00%                         | -1.00%                         | -1.00%
                        

	 [total gc info] => 
		 NAME                 | totalGCCount       | maxDeltaGCCount    | minDeltaGCCount    | totalGCTime        | maxDeltaGCTime     | minDeltaGCTime     
		 PS MarkSweep         | 0                  | 0                  | 0                  | 0.000s             | 0.000s             | 0.000s             
		 PS Scavenge          | 0                  | 0                  | 0                  | 0.000s             | 0.000s             | 0.000s             

2023-07-07 11:36:30.104 [job-0] INFO  JobContainer - PerfTrace not enable!
2023-07-07 11:36:30.104 [job-0] INFO  StandAloneJobContainerCommunicator - Total 16 records, 65 bytes | Speed 6B/s, 1 records/s | Error 0 records, 0 bytes |  All Task WaitWriterTime 0.000s |  All Task WaitReaderTime 0.212s | Percentage 100.00%
2023-07-07 11:36:30.104 [job-0] INFO  JobContainer - 
任务启动时刻                    : 2023-07-07 11:36:13
任务结束时刻                    : 2023-07-07 11:36:30
任务总计耗时                    :                 16s
任务平均流量                    :                6B/s
记录写入速度                    :              1rec/s
读出记录总数                    :                  16
读写失败总数                    :                   0

