2023-07-07 12:25:09.363 [main] INFO  MessageSource - JVM TimeZone: GMT+08:00, Locale: zh_CN
2023-07-07 12:25:09.365 [main] INFO  MessageSource - use Locale: zh_CN timeZone: sun.util.calendar.ZoneInfo[id="GMT+08:00",offset=28800000,dstSavings=0,useDaylight=false,transitions=0,lastRule=null]
2023-07-07 12:25:09.372 [main] INFO  VMInfo - VMInfo# operatingSystem class => sun.management.OperatingSystemImpl
2023-07-07 12:25:09.375 [main] INFO  Engine - the machine info  => 

	osInfo:	Oracle Corporation 1.8 25.192-b12
	jvmInfo:	Windows 10 amd64 10.0
	cpu num:	16

	totalPhysicalMemory:	-0.00G
	freePhysicalMemory:	-0.00G
	maxFileDescriptorCount:	-1
	currentOpenFileDescriptorCount:	-1

	GC Names	[PS MarkSweep, PS Scavenge]

	MEMORY_NAME                    | allocation_size                | init_size                      
	PS Eden Space                  | 256.00MB                       | 256.00MB                       
	Code Cache                     | 240.00MB                       | 2.44MB                         
	Compressed Class Space         | 1,024.00MB                     | 0.00MB                         
	PS Survivor Space              | 42.50MB                        | 42.50MB                        
	PS Old Gen                     | 683.00MB                       | 683.00MB                       
	Metaspace                      | -0.00MB                        | 0.00MB                         


2023-07-07 12:25:09.387 [main] INFO  Engine - 
{
	"content":[
		{
			"reader":{
				"name":"postgresqlreader",
				"parameter":{
					"column":[
						"sched_name",
						"lock_name"
					],
					"connection":[
						{
							"jdbcUrl":[
								"jdbc:postgresql://10.201.65.21:30100/ygt"
							],
							"table":[
								"upm_qrtz_locks"
							]
						}
					],
					"password":"************",
					"splitPk":"",
					"username":"ygt"
				}
			},
			"writer":{
				"name":"sqlserverwriter",
				"parameter":{
					"column":[
						"SCHED_NAME",
						"LOCK_NAME"
					],
					"connection":[
						{
							"jdbcUrl":"jdbc:sqlserver://192.168.203.129:1433;DatabaseName=YGT;",
							"table":[
								"UPM_QRTZ_LOCKS"
							]
						}
					],
					"password":"***********",
					"preSql":[
						"TRUNCATE TABLE UPM_QRTZ_LOCKS"
					],
					"username":"sa"
				}
			}
		}
	],
	"setting":{
		"errorLimit":{
			"record":0
		},
		"speed":{
			"channel":20
		}
	}
}

2023-07-07 12:25:09.397 [main] WARN  Engine - prioriy set to 0, because NumberFormatException, the value is: null
2023-07-07 12:25:09.398 [main] INFO  PerfTrace - PerfTrace traceId=job_-1, isEnable=false, priority=0
2023-07-07 12:25:09.399 [main] INFO  JobContainer - DataX jobContainer starts job.
2023-07-07 12:25:09.400 [main] INFO  JobContainer - Set jobId = 0
2023-07-07 12:25:15.331 [job-0] INFO  OriginalConfPretreatmentUtil - Available jdbcUrl:jdbc:postgresql://10.201.65.21:30100/ygt.
2023-07-07 12:25:15.586 [job-0] INFO  OriginalConfPretreatmentUtil - table:[upm_qrtz_locks] has columns:[sched_name,lock_name].
2023-07-07 12:25:15.737 [job-0] INFO  OriginalConfPretreatmentUtil - table:[UPM_QRTZ_LOCKS] all columns:[
SCHED_NAME,LOCK_NAME
].
2023-07-07 12:25:15.749 [job-0] INFO  OriginalConfPretreatmentUtil - Write data [
INSERT INTO %s (SCHED_NAME,LOCK_NAME) VALUES(?,?)
], which jdbcUrl like:[jdbc:sqlserver://192.168.203.129:1433;DatabaseName=YGT;]
2023-07-07 12:25:15.750 [job-0] INFO  JobContainer - jobContainer starts to do prepare ...
2023-07-07 12:25:15.750 [job-0] INFO  JobContainer - DataX Reader.Job [postgresqlreader] do prepare work .
2023-07-07 12:25:15.750 [job-0] INFO  JobContainer - DataX Writer.Job [sqlserverwriter] do prepare work .
2023-07-07 12:25:15.764 [job-0] INFO  CommonRdbmsWriter$Job - Begin to execute preSqls:[TRUNCATE TABLE UPM_QRTZ_LOCKS]. context info:jdbc:sqlserver://192.168.203.129:1433;DatabaseName=YGT;.
2023-07-07 12:25:15.766 [job-0] INFO  JobContainer - jobContainer starts to do split ...
2023-07-07 12:25:15.766 [job-0] INFO  JobContainer - Job set Channel-Number to 20 channels.
2023-07-07 12:25:15.768 [job-0] INFO  JobContainer - DataX Reader.Job [postgresqlreader] splits to [1] tasks.
2023-07-07 12:25:15.768 [job-0] INFO  JobContainer - DataX Writer.Job [sqlserverwriter] splits to [1] tasks.
2023-07-07 12:25:15.781 [job-0] INFO  JobContainer - jobContainer starts to do schedule ...
2023-07-07 12:25:15.783 [job-0] INFO  JobContainer - Scheduler starts [1] taskGroups.
2023-07-07 12:25:15.785 [job-0] INFO  JobContainer - Running by standalone Mode.
2023-07-07 12:25:15.789 [taskGroup-0] INFO  TaskGroupContainer - taskGroupId=[0] start [1] channels for [1] tasks.
2023-07-07 12:25:15.792 [taskGroup-0] INFO  Channel - Channel set byte_speed_limit to -1, No bps activated.
2023-07-07 12:25:15.793 [taskGroup-0] INFO  Channel - Channel set record_speed_limit to -1, No tps activated.
2023-07-07 12:25:15.800 [taskGroup-0] INFO  TaskGroupContainer - taskGroup[0] taskId[0] attemptCount[1] is started
2023-07-07 12:25:15.804 [0-0-0-reader] INFO  CommonRdbmsReader$Task - Begin to read record by Sql: [select sched_name,lock_name from upm_qrtz_locks 
] jdbcUrl:[jdbc:postgresql://10.201.65.21:30100/ygt].
2023-07-07 12:25:16.071 [0-0-0-reader] INFO  CommonRdbmsReader$Task - Finished read record by Sql: [select sched_name,lock_name from upm_qrtz_locks 
] jdbcUrl:[jdbc:postgresql://10.201.65.21:30100/ygt].
2023-07-07 12:25:16.360 [taskGroup-0] INFO  TaskGroupContainer - taskGroup[0] taskId[0] is successed, used[561]ms
2023-07-07 12:25:16.361 [taskGroup-0] INFO  TaskGroupContainer - taskGroup[0] completed it's tasks.
2023-07-07 12:25:25.800 [job-0] INFO  StandAloneJobContainerCommunicator - Total 2 records, 52 bytes | Speed 5B/s, 0 records/s | Error 0 records, 0 bytes |  All Task WaitWriterTime 0.000s |  All Task WaitReaderTime 0.246s | Percentage 100.00%
2023-07-07 12:25:25.800 [job-0] INFO  AbstractScheduler - Scheduler accomplished all tasks.
2023-07-07 12:25:25.800 [job-0] INFO  JobContainer - DataX Writer.Job [sqlserverwriter] do post work.
2023-07-07 12:25:25.800 [job-0] INFO  JobContainer - DataX Reader.Job [postgresqlreader] do post work.
2023-07-07 12:25:25.800 [job-0] INFO  JobContainer - DataX jobId [0] completed successfully.
2023-07-07 12:25:25.801 [job-0] INFO  HookInvoker - No hook invoked, because base dir not exists or is a file: C:\Users\xT\PycharmProjects\Migration\datax\hook
2023-07-07 12:25:25.802 [job-0] INFO  JobContainer - 
	 [total cpu info] => 
		averageCpu                     | maxDeltaCpu                    | minDeltaCpu                    
		-1.00%                         | -1.00%                         | -1.00%
                        

	 [total gc info] => 
		 NAME                 | totalGCCount       | maxDeltaGCCount    | minDeltaGCCount    | totalGCTime        | maxDeltaGCTime     | minDeltaGCTime     
		 PS MarkSweep         | 0                  | 0                  | 0                  | 0.000s             | 0.000s             | 0.000s             
		 PS Scavenge          | 0                  | 0                  | 0                  | 0.000s             | 0.000s             | 0.000s             

2023-07-07 12:25:25.802 [job-0] INFO  JobContainer - PerfTrace not enable!
2023-07-07 12:25:25.802 [job-0] INFO  StandAloneJobContainerCommunicator - Total 2 records, 52 bytes | Speed 5B/s, 0 records/s | Error 0 records, 0 bytes |  All Task WaitWriterTime 0.000s |  All Task WaitReaderTime 0.246s | Percentage 100.00%
2023-07-07 12:25:25.803 [job-0] INFO  JobContainer - 
任务启动时刻                    : 2023-07-07 12:25:09
任务结束时刻                    : 2023-07-07 12:25:25
任务总计耗时                    :                 16s
任务平均流量                    :                5B/s
记录写入速度                    :              0rec/s
读出记录总数                    :                   2
读写失败总数                    :                   0

