2023-07-07 11:35:33.293 [main] INFO  MessageSource - JVM TimeZone: GMT+08:00, Locale: zh_CN
2023-07-07 11:35:33.295 [main] INFO  MessageSource - use Locale: zh_CN timeZone: sun.util.calendar.ZoneInfo[id="GMT+08:00",offset=28800000,dstSavings=0,useDaylight=false,transitions=0,lastRule=null]
2023-07-07 11:35:33.306 [main] INFO  VMInfo - VMInfo# operatingSystem class => sun.management.OperatingSystemImpl
2023-07-07 11:35:33.310 [main] INFO  Engine - the machine info  => 

	osInfo:	Oracle Corporation 1.8 25.192-b12
	jvmInfo:	Windows 10 amd64 10.0
	cpu num:	16

	totalPhysicalMemory:	-0.00G
	freePhysicalMemory:	-0.00G
	maxFileDescriptorCount:	-1
	currentOpenFileDescriptorCount:	-1

	GC Names	[PS MarkSweep, PS Scavenge]

	MEMORY_NAME                    | allocation_size                | init_size                      
	PS Eden Space                  | 256.00MB                       | 256.00MB                       
	Code Cache                     | 240.00MB                       | 2.44MB                         
	Compressed Class Space         | 1,024.00MB                     | 0.00MB                         
	PS Survivor Space              | 42.50MB                        | 42.50MB                        
	PS Old Gen                     | 683.00MB                       | 683.00MB                       
	Metaspace                      | -0.00MB                        | 0.00MB                         


2023-07-07 11:35:33.329 [main] INFO  Engine - 
{
	"content":[
		{
			"reader":{
				"name":"postgresqlreader",
				"parameter":{
					"column":[
						"legal_id",
						"user_role",
						"use_scope",
						"auth_type",
						"valid_char",
						"valid_days",
						"min_len",
						"max_len",
						"max_fail_num",
						"lock_second",
						"check_weak",
						"check_hist",
						"store_hist_num",
						"chk_chr_kind"
					],
					"connection":[
						{
							"jdbcUrl":[
								"jdbc:postgresql://10.201.65.21:30100/ygt"
							],
							"table":[
								"upm_auth_policy"
							]
						}
					],
					"password":"************",
					"splitPk":"",
					"username":"ygt"
				}
			},
			"writer":{
				"name":"sqlserverwriter",
				"parameter":{
					"column":[
						"LEGAL_ID",
						"USER_ROLE",
						"USE_SCOPE",
						"AUTH_TYPE",
						"VALID_CHAR",
						"VALID_DAYS",
						"MIN_LEN",
						"MAX_LEN",
						"MAX_FAIL_NUM",
						"LOCK_SECOND",
						"CHECK_WEAK",
						"CHECK_HIST",
						"STORE_HIST_NUM",
						"CHK_CHR_KIND"
					],
					"connection":[
						{
							"jdbcUrl":"jdbc:sqlserver://192.168.203.129:1433;DatabaseName=YGT;",
							"table":[
								"UPM_AUTH_POLICY"
							]
						}
					],
					"password":"***********",
					"preSql":[
						"TRUNCATE TABLE UPM_AUTH_POLICY"
					],
					"username":"sa"
				}
			}
		}
	],
	"setting":{
		"errorLimit":{
			"record":0
		},
		"speed":{
			"channel":20
		}
	}
}

2023-07-07 11:35:33.345 [main] WARN  Engine - prioriy set to 0, because NumberFormatException, the value is: null
2023-07-07 11:35:33.349 [main] INFO  PerfTrace - PerfTrace traceId=job_-1, isEnable=false, priority=0
2023-07-07 11:35:33.349 [main] INFO  JobContainer - DataX jobContainer starts job.
2023-07-07 11:35:33.351 [main] INFO  JobContainer - Set jobId = 0
2023-07-07 11:35:39.140 [job-0] INFO  OriginalConfPretreatmentUtil - Available jdbcUrl:jdbc:postgresql://10.201.65.21:30100/ygt.
2023-07-07 11:35:39.609 [job-0] INFO  OriginalConfPretreatmentUtil - table:[upm_auth_policy] has columns:[legal_id,user_role,use_scope,auth_type,valid_char,valid_days,min_len,max_len,max_fail_num,lock_second,check_weak,check_hist,store_hist_num,chk_chr_kind].
2023-07-07 11:35:39.735 [job-0] INFO  OriginalConfPretreatmentUtil - table:[UPM_AUTH_POLICY] all columns:[
LEGAL_ID,USER_ROLE,USE_SCOPE,AUTH_TYPE,VALID_CHAR,VALID_DAYS,MIN_LEN,MAX_LEN,MAX_FAIL_NUM,LOCK_SECOND,CHECK_WEAK,CHECK_HIST,STORE_HIST_NUM,CHK_CHR_KIND
].
2023-07-07 11:35:39.745 [job-0] INFO  OriginalConfPretreatmentUtil - Write data [
INSERT INTO %s (LEGAL_ID,USER_ROLE,USE_SCOPE,AUTH_TYPE,VALID_CHAR,VALID_DAYS,MIN_LEN,MAX_LEN,MAX_FAIL_NUM,LOCK_SECOND,CHECK_WEAK,CHECK_HIST,STORE_HIST_NUM,CHK_CHR_KIND) VALUES(?,?,?,?,?,?,?,?,?,?,?,?,?,?)
], which jdbcUrl like:[jdbc:sqlserver://192.168.203.129:1433;DatabaseName=YGT;]
2023-07-07 11:35:39.746 [job-0] INFO  JobContainer - jobContainer starts to do prepare ...
2023-07-07 11:35:39.746 [job-0] INFO  JobContainer - DataX Reader.Job [postgresqlreader] do prepare work .
2023-07-07 11:35:39.746 [job-0] INFO  JobContainer - DataX Writer.Job [sqlserverwriter] do prepare work .
2023-07-07 11:35:39.755 [job-0] INFO  CommonRdbmsWriter$Job - Begin to execute preSqls:[TRUNCATE TABLE UPM_AUTH_POLICY]. context info:jdbc:sqlserver://192.168.203.129:1433;DatabaseName=YGT;.
2023-07-07 11:35:39.757 [job-0] INFO  JobContainer - jobContainer starts to do split ...
2023-07-07 11:35:39.757 [job-0] INFO  JobContainer - Job set Channel-Number to 20 channels.
2023-07-07 11:35:39.758 [job-0] INFO  JobContainer - DataX Reader.Job [postgresqlreader] splits to [1] tasks.
2023-07-07 11:35:39.759 [job-0] INFO  JobContainer - DataX Writer.Job [sqlserverwriter] splits to [1] tasks.
2023-07-07 11:35:39.771 [job-0] INFO  JobContainer - jobContainer starts to do schedule ...
2023-07-07 11:35:39.773 [job-0] INFO  JobContainer - Scheduler starts [1] taskGroups.
2023-07-07 11:35:39.775 [job-0] INFO  JobContainer - Running by standalone Mode.
2023-07-07 11:35:39.779 [taskGroup-0] INFO  TaskGroupContainer - taskGroupId=[0] start [1] channels for [1] tasks.
2023-07-07 11:35:39.782 [taskGroup-0] INFO  Channel - Channel set byte_speed_limit to -1, No bps activated.
2023-07-07 11:35:39.782 [taskGroup-0] INFO  Channel - Channel set record_speed_limit to -1, No tps activated.
2023-07-07 11:35:39.789 [taskGroup-0] INFO  TaskGroupContainer - taskGroup[0] taskId[0] attemptCount[1] is started
2023-07-07 11:35:39.792 [0-0-0-reader] INFO  CommonRdbmsReader$Task - Begin to read record by Sql: [select legal_id,user_role,use_scope,auth_type,valid_char,valid_days,min_len,max_len,max_fail_num,lock_second,check_weak,check_hist,store_hist_num,chk_chr_kind from upm_auth_policy 
] jdbcUrl:[jdbc:postgresql://10.201.65.21:30100/ygt].
2023-07-07 11:35:40.044 [0-0-0-reader] INFO  CommonRdbmsReader$Task - Finished read record by Sql: [select legal_id,user_role,use_scope,auth_type,valid_char,valid_days,min_len,max_len,max_fail_num,lock_second,check_weak,check_hist,store_hist_num,chk_chr_kind from upm_auth_policy 
] jdbcUrl:[jdbc:postgresql://10.201.65.21:30100/ygt].
2023-07-07 11:35:40.336 [taskGroup-0] INFO  TaskGroupContainer - taskGroup[0] taskId[0] is successed, used[548]ms
2023-07-07 11:35:40.336 [taskGroup-0] INFO  TaskGroupContainer - taskGroup[0] completed it's tasks.
2023-07-07 11:35:49.796 [job-0] INFO  StandAloneJobContainerCommunicator - Total 1 records, 78 bytes | Speed 7B/s, 0 records/s | Error 0 records, 0 bytes |  All Task WaitWriterTime 0.000s |  All Task WaitReaderTime 0.234s | Percentage 100.00%
2023-07-07 11:35:49.796 [job-0] INFO  AbstractScheduler - Scheduler accomplished all tasks.
2023-07-07 11:35:49.797 [job-0] INFO  JobContainer - DataX Writer.Job [sqlserverwriter] do post work.
2023-07-07 11:35:49.797 [job-0] INFO  JobContainer - DataX Reader.Job [postgresqlreader] do post work.
2023-07-07 11:35:49.797 [job-0] INFO  JobContainer - DataX jobId [0] completed successfully.
2023-07-07 11:35:49.798 [job-0] INFO  HookInvoker - No hook invoked, because base dir not exists or is a file: C:\Users\xT\PycharmProjects\Migration\datax\hook
2023-07-07 11:35:49.798 [job-0] INFO  JobContainer - 
	 [total cpu info] => 
		averageCpu                     | maxDeltaCpu                    | minDeltaCpu                    
		-1.00%                         | -1.00%                         | -1.00%
                        

	 [total gc info] => 
		 NAME                 | totalGCCount       | maxDeltaGCCount    | minDeltaGCCount    | totalGCTime        | maxDeltaGCTime     | minDeltaGCTime     
		 PS MarkSweep         | 0                  | 0                  | 0                  | 0.000s             | 0.000s             | 0.000s             
		 PS Scavenge          | 0                  | 0                  | 0                  | 0.000s             | 0.000s             | 0.000s             

2023-07-07 11:35:49.799 [job-0] INFO  JobContainer - PerfTrace not enable!
2023-07-07 11:35:49.799 [job-0] INFO  StandAloneJobContainerCommunicator - Total 1 records, 78 bytes | Speed 7B/s, 0 records/s | Error 0 records, 0 bytes |  All Task WaitWriterTime 0.000s |  All Task WaitReaderTime 0.234s | Percentage 100.00%
2023-07-07 11:35:49.800 [job-0] INFO  JobContainer - 
任务启动时刻                    : 2023-07-07 11:35:33
任务结束时刻                    : 2023-07-07 11:35:49
任务总计耗时                    :                 16s
任务平均流量                    :                7B/s
记录写入速度                    :              0rec/s
读出记录总数                    :                   1
读写失败总数                    :                   0

