2023-07-07 11:41:45.372 [main] INFO  MessageSource - JVM TimeZone: GMT+08:00, Locale: zh_CN
2023-07-07 11:41:45.374 [main] INFO  MessageSource - use Locale: zh_CN timeZone: sun.util.calendar.ZoneInfo[id="GMT+08:00",offset=28800000,dstSavings=0,useDaylight=false,transitions=0,lastRule=null]
2023-07-07 11:41:45.380 [main] INFO  VMInfo - VMInfo# operatingSystem class => sun.management.OperatingSystemImpl
2023-07-07 11:41:45.383 [main] INFO  Engine - the machine info  => 

	osInfo:	Oracle Corporation 1.8 25.192-b12
	jvmInfo:	Windows 10 amd64 10.0
	cpu num:	16

	totalPhysicalMemory:	-0.00G
	freePhysicalMemory:	-0.00G
	maxFileDescriptorCount:	-1
	currentOpenFileDescriptorCount:	-1

	GC Names	[PS MarkSweep, PS Scavenge]

	MEMORY_NAME                    | allocation_size                | init_size                      
	PS Eden Space                  | 256.00MB                       | 256.00MB                       
	Code Cache                     | 240.00MB                       | 2.44MB                         
	Compressed Class Space         | 1,024.00MB                     | 0.00MB                         
	PS Survivor Space              | 42.50MB                        | 42.50MB                        
	PS Old Gen                     | 683.00MB                       | 683.00MB                       
	Metaspace                      | -0.00MB                        | 0.00MB                         


2023-07-07 11:41:45.395 [main] INFO  Engine - 
{
	"content":[
		{
			"reader":{
				"name":"postgresqlreader",
				"parameter":{
					"column":[
						"product_name",
						"oem_code",
						"auth_code",
						"exp_date"
					],
					"connection":[
						{
							"jdbcUrl":[
								"jdbc:postgresql://10.201.65.21:30100/ygt"
							],
							"table":[
								"upm_oem_product"
							]
						}
					],
					"password":"************",
					"splitPk":"",
					"username":"ygt"
				}
			},
			"writer":{
				"name":"sqlserverwriter",
				"parameter":{
					"column":[
						"PRODUCT_NAME",
						"OEM_CODE",
						"AUTH_CODE",
						"EXP_DATE"
					],
					"connection":[
						{
							"jdbcUrl":"jdbc:sqlserver://192.168.203.129:1433;DatabaseName=YGT;",
							"table":[
								"UPM_OEM_PRODUCT"
							]
						}
					],
					"password":"***********",
					"preSql":[
						"TRUNCATE TABLE UPM_OEM_PRODUCT"
					],
					"username":"sa"
				}
			}
		}
	],
	"setting":{
		"errorLimit":{
			"record":0
		},
		"speed":{
			"channel":20
		}
	}
}

2023-07-07 11:41:45.405 [main] WARN  Engine - prioriy set to 0, because NumberFormatException, the value is: null
2023-07-07 11:41:45.406 [main] INFO  PerfTrace - PerfTrace traceId=job_-1, isEnable=false, priority=0
2023-07-07 11:41:45.406 [main] INFO  JobContainer - DataX jobContainer starts job.
2023-07-07 11:41:45.407 [main] INFO  JobContainer - Set jobId = 0
2023-07-07 11:41:51.121 [job-0] INFO  OriginalConfPretreatmentUtil - Available jdbcUrl:jdbc:postgresql://10.201.65.21:30100/ygt.
2023-07-07 11:41:51.342 [job-0] INFO  OriginalConfPretreatmentUtil - table:[upm_oem_product] has columns:[product_name,oem_code,auth_code,exp_date].
2023-07-07 11:41:51.449 [job-0] INFO  OriginalConfPretreatmentUtil - table:[UPM_OEM_PRODUCT] all columns:[
PRODUCT_NAME,OEM_CODE,AUTH_CODE,EXP_DATE
].
2023-07-07 11:41:51.458 [job-0] INFO  OriginalConfPretreatmentUtil - Write data [
INSERT INTO %s (PRODUCT_NAME,OEM_CODE,AUTH_CODE,EXP_DATE) VALUES(?,?,?,?)
], which jdbcUrl like:[jdbc:sqlserver://192.168.203.129:1433;DatabaseName=YGT;]
2023-07-07 11:41:51.458 [job-0] INFO  JobContainer - jobContainer starts to do prepare ...
2023-07-07 11:41:51.458 [job-0] INFO  JobContainer - DataX Reader.Job [postgresqlreader] do prepare work .
2023-07-07 11:41:51.458 [job-0] INFO  JobContainer - DataX Writer.Job [sqlserverwriter] do prepare work .
2023-07-07 11:41:51.466 [job-0] INFO  CommonRdbmsWriter$Job - Begin to execute preSqls:[TRUNCATE TABLE UPM_OEM_PRODUCT]. context info:jdbc:sqlserver://192.168.203.129:1433;DatabaseName=YGT;.
2023-07-07 11:41:51.468 [job-0] INFO  JobContainer - jobContainer starts to do split ...
2023-07-07 11:41:51.468 [job-0] INFO  JobContainer - Job set Channel-Number to 20 channels.
2023-07-07 11:41:51.470 [job-0] INFO  JobContainer - DataX Reader.Job [postgresqlreader] splits to [1] tasks.
2023-07-07 11:41:51.470 [job-0] INFO  JobContainer - DataX Writer.Job [sqlserverwriter] splits to [1] tasks.
2023-07-07 11:41:51.480 [job-0] INFO  JobContainer - jobContainer starts to do schedule ...
2023-07-07 11:41:51.482 [job-0] INFO  JobContainer - Scheduler starts [1] taskGroups.
2023-07-07 11:41:51.483 [job-0] INFO  JobContainer - Running by standalone Mode.
2023-07-07 11:41:51.486 [taskGroup-0] INFO  TaskGroupContainer - taskGroupId=[0] start [1] channels for [1] tasks.
2023-07-07 11:41:51.488 [taskGroup-0] INFO  Channel - Channel set byte_speed_limit to -1, No bps activated.
2023-07-07 11:41:51.489 [taskGroup-0] INFO  Channel - Channel set record_speed_limit to -1, No tps activated.
2023-07-07 11:41:51.494 [taskGroup-0] INFO  TaskGroupContainer - taskGroup[0] taskId[0] attemptCount[1] is started
2023-07-07 11:41:51.497 [0-0-0-reader] INFO  CommonRdbmsReader$Task - Begin to read record by Sql: [select product_name,oem_code,auth_code,exp_date from upm_oem_product 
] jdbcUrl:[jdbc:postgresql://10.201.65.21:30100/ygt].
2023-07-07 11:41:51.896 [0-0-0-reader] INFO  CommonRdbmsReader$Task - Finished read record by Sql: [select product_name,oem_code,auth_code,exp_date from upm_oem_product 
] jdbcUrl:[jdbc:postgresql://10.201.65.21:30100/ygt].
2023-07-07 11:41:52.157 [taskGroup-0] INFO  TaskGroupContainer - taskGroup[0] taskId[0] is successed, used[664]ms
2023-07-07 11:41:52.157 [taskGroup-0] INFO  TaskGroupContainer - taskGroup[0] completed it's tasks.
2023-07-07 11:42:01.501 [job-0] INFO  StandAloneJobContainerCommunicator - Total 199 records, 11337 bytes | Speed 1.11KB/s, 19 records/s | Error 0 records, 0 bytes |  All Task WaitWriterTime 0.000s |  All Task WaitReaderTime 0.384s | Percentage 100.00%
2023-07-07 11:42:01.501 [job-0] INFO  AbstractScheduler - Scheduler accomplished all tasks.
2023-07-07 11:42:01.501 [job-0] INFO  JobContainer - DataX Writer.Job [sqlserverwriter] do post work.
2023-07-07 11:42:01.502 [job-0] INFO  JobContainer - DataX Reader.Job [postgresqlreader] do post work.
2023-07-07 11:42:01.502 [job-0] INFO  JobContainer - DataX jobId [0] completed successfully.
2023-07-07 11:42:01.502 [job-0] INFO  HookInvoker - No hook invoked, because base dir not exists or is a file: C:\Users\xT\PycharmProjects\Migration\datax\hook
2023-07-07 11:42:01.503 [job-0] INFO  JobContainer - 
	 [total cpu info] => 
		averageCpu                     | maxDeltaCpu                    | minDeltaCpu                    
		-1.00%                         | -1.00%                         | -1.00%
                        

	 [total gc info] => 
		 NAME                 | totalGCCount       | maxDeltaGCCount    | minDeltaGCCount    | totalGCTime        | maxDeltaGCTime     | minDeltaGCTime     
		 PS MarkSweep         | 0                  | 0                  | 0                  | 0.000s             | 0.000s             | 0.000s             
		 PS Scavenge          | 0                  | 0                  | 0                  | 0.000s             | 0.000s             | 0.000s             

2023-07-07 11:42:01.503 [job-0] INFO  JobContainer - PerfTrace not enable!
2023-07-07 11:42:01.503 [job-0] INFO  StandAloneJobContainerCommunicator - Total 199 records, 11337 bytes | Speed 1.11KB/s, 19 records/s | Error 0 records, 0 bytes |  All Task WaitWriterTime 0.000s |  All Task WaitReaderTime 0.384s | Percentage 100.00%
2023-07-07 11:42:01.504 [job-0] INFO  JobContainer - 
任务启动时刻                    : 2023-07-07 11:41:45
任务结束时刻                    : 2023-07-07 11:42:01
任务总计耗时                    :                 16s
任务平均流量                    :            1.11KB/s
记录写入速度                    :             19rec/s
读出记录总数                    :                 199
读写失败总数                    :                   0

