2023-07-07 11:39:41.738 [main] INFO  MessageSource - JVM TimeZone: GMT+08:00, Locale: zh_CN
2023-07-07 11:39:41.740 [main] INFO  MessageSource - use Locale: zh_CN timeZone: sun.util.calendar.ZoneInfo[id="GMT+08:00",offset=28800000,dstSavings=0,useDaylight=false,transitions=0,lastRule=null]
2023-07-07 11:39:41.748 [main] INFO  VMInfo - VMInfo# operatingSystem class => sun.management.OperatingSystemImpl
2023-07-07 11:39:41.752 [main] INFO  Engine - the machine info  => 

	osInfo:	Oracle Corporation 1.8 25.192-b12
	jvmInfo:	Windows 10 amd64 10.0
	cpu num:	16

	totalPhysicalMemory:	-0.00G
	freePhysicalMemory:	-0.00G
	maxFileDescriptorCount:	-1
	currentOpenFileDescriptorCount:	-1

	GC Names	[PS MarkSweep, PS Scavenge]

	MEMORY_NAME                    | allocation_size                | init_size                      
	PS Eden Space                  | 256.00MB                       | 256.00MB                       
	Code Cache                     | 240.00MB                       | 2.44MB                         
	Compressed Class Space         | 1,024.00MB                     | 0.00MB                         
	PS Survivor Space              | 42.50MB                        | 42.50MB                        
	PS Old Gen                     | 683.00MB                       | 683.00MB                       
	Metaspace                      | -0.00MB                        | 0.00MB                         


2023-07-07 11:39:41.769 [main] INFO  Engine - 
{
	"content":[
		{
			"reader":{
				"name":"postgresqlreader",
				"parameter":{
					"column":[
						"dict_code",
						"dict_name",
						"dict_type",
						"maintain_flag",
						"mana_type",
						"bus_type",
						"dict_lvl",
						"sys_code"
					],
					"connection":[
						{
							"jdbcUrl":[
								"jdbc:postgresql://10.201.65.21:30100/ygt"
							],
							"table":[
								"upm_dictionary"
							]
						}
					],
					"password":"************",
					"splitPk":"",
					"username":"ygt"
				}
			},
			"writer":{
				"name":"sqlserverwriter",
				"parameter":{
					"column":[
						"DICT_CODE",
						"DICT_NAME",
						"DICT_TYPE",
						"MAINTAIN_FLAG",
						"MANA_TYPE",
						"BUS_TYPE",
						"DICT_LVL",
						"SYS_CODE"
					],
					"connection":[
						{
							"jdbcUrl":"jdbc:sqlserver://192.168.203.129:1433;DatabaseName=YGT;",
							"table":[
								"UPM_DICTIONARY"
							]
						}
					],
					"password":"***********",
					"preSql":[
						"TRUNCATE TABLE UPM_DICTIONARY"
					],
					"username":"sa"
				}
			}
		}
	],
	"setting":{
		"errorLimit":{
			"record":0
		},
		"speed":{
			"channel":20
		}
	}
}

2023-07-07 11:39:41.782 [main] WARN  Engine - prioriy set to 0, because NumberFormatException, the value is: null
2023-07-07 11:39:41.783 [main] INFO  PerfTrace - PerfTrace traceId=job_-1, isEnable=false, priority=0
2023-07-07 11:39:41.783 [main] INFO  JobContainer - DataX jobContainer starts job.
2023-07-07 11:39:41.785 [main] INFO  JobContainer - Set jobId = 0
2023-07-07 11:39:47.635 [job-0] INFO  OriginalConfPretreatmentUtil - Available jdbcUrl:jdbc:postgresql://10.201.65.21:30100/ygt.
2023-07-07 11:39:48.110 [job-0] INFO  OriginalConfPretreatmentUtil - table:[upm_dictionary] has columns:[dict_code,dict_name,dict_type,maintain_flag,mana_type,bus_type,dict_lvl,sys_code].
2023-07-07 11:39:48.297 [job-0] INFO  OriginalConfPretreatmentUtil - table:[UPM_DICTIONARY] all columns:[
DICT_CODE,DICT_NAME,DICT_TYPE,MAINTAIN_FLAG,MANA_TYPE,BUS_TYPE,DICT_LVL,SYS_CODE
].
2023-07-07 11:39:48.311 [job-0] INFO  OriginalConfPretreatmentUtil - Write data [
INSERT INTO %s (DICT_CODE,DICT_NAME,DICT_TYPE,MAINTAIN_FLAG,MANA_TYPE,BUS_TYPE,DICT_LVL,SYS_CODE) VALUES(?,?,?,?,?,?,?,?)
], which jdbcUrl like:[jdbc:sqlserver://192.168.203.129:1433;DatabaseName=YGT;]
2023-07-07 11:39:48.311 [job-0] INFO  JobContainer - jobContainer starts to do prepare ...
2023-07-07 11:39:48.311 [job-0] INFO  JobContainer - DataX Reader.Job [postgresqlreader] do prepare work .
2023-07-07 11:39:48.311 [job-0] INFO  JobContainer - DataX Writer.Job [sqlserverwriter] do prepare work .
2023-07-07 11:39:48.324 [job-0] INFO  CommonRdbmsWriter$Job - Begin to execute preSqls:[TRUNCATE TABLE UPM_DICTIONARY]. context info:jdbc:sqlserver://192.168.203.129:1433;DatabaseName=YGT;.
2023-07-07 11:39:48.326 [job-0] INFO  JobContainer - jobContainer starts to do split ...
2023-07-07 11:39:48.326 [job-0] INFO  JobContainer - Job set Channel-Number to 20 channels.
2023-07-07 11:39:48.328 [job-0] INFO  JobContainer - DataX Reader.Job [postgresqlreader] splits to [1] tasks.
2023-07-07 11:39:48.328 [job-0] INFO  JobContainer - DataX Writer.Job [sqlserverwriter] splits to [1] tasks.
2023-07-07 11:39:48.341 [job-0] INFO  JobContainer - jobContainer starts to do schedule ...
2023-07-07 11:39:48.344 [job-0] INFO  JobContainer - Scheduler starts [1] taskGroups.
2023-07-07 11:39:48.346 [job-0] INFO  JobContainer - Running by standalone Mode.
2023-07-07 11:39:48.351 [taskGroup-0] INFO  TaskGroupContainer - taskGroupId=[0] start [1] channels for [1] tasks.
2023-07-07 11:39:48.354 [taskGroup-0] INFO  Channel - Channel set byte_speed_limit to -1, No bps activated.
2023-07-07 11:39:48.354 [taskGroup-0] INFO  Channel - Channel set record_speed_limit to -1, No tps activated.
2023-07-07 11:39:48.362 [taskGroup-0] INFO  TaskGroupContainer - taskGroup[0] taskId[0] attemptCount[1] is started
2023-07-07 11:39:48.366 [0-0-0-reader] INFO  CommonRdbmsReader$Task - Begin to read record by Sql: [select dict_code,dict_name,dict_type,maintain_flag,mana_type,bus_type,dict_lvl,sys_code from upm_dictionary 
] jdbcUrl:[jdbc:postgresql://10.201.65.21:30100/ygt].
2023-07-07 11:39:49.000 [0-0-0-reader] INFO  CommonRdbmsReader$Task - Finished read record by Sql: [select dict_code,dict_name,dict_type,maintain_flag,mana_type,bus_type,dict_lvl,sys_code from upm_dictionary 
] jdbcUrl:[jdbc:postgresql://10.201.65.21:30100/ygt].
2023-07-07 11:39:49.248 [taskGroup-0] INFO  TaskGroupContainer - taskGroup[0] taskId[0] is successed, used[886]ms
2023-07-07 11:39:49.248 [taskGroup-0] INFO  TaskGroupContainer - taskGroup[0] completed it's tasks.
2023-07-07 11:39:58.370 [job-0] INFO  StandAloneJobContainerCommunicator - Total 3159 records, 80910 bytes | Speed 7.90KB/s, 315 records/s | Error 0 records, 0 bytes |  All Task WaitWriterTime 0.100s |  All Task WaitReaderTime 0.509s | Percentage 100.00%
2023-07-07 11:39:58.370 [job-0] INFO  AbstractScheduler - Scheduler accomplished all tasks.
2023-07-07 11:39:58.370 [job-0] INFO  JobContainer - DataX Writer.Job [sqlserverwriter] do post work.
2023-07-07 11:39:58.371 [job-0] INFO  JobContainer - DataX Reader.Job [postgresqlreader] do post work.
2023-07-07 11:39:58.371 [job-0] INFO  JobContainer - DataX jobId [0] completed successfully.
2023-07-07 11:39:58.371 [job-0] INFO  HookInvoker - No hook invoked, because base dir not exists or is a file: C:\Users\xT\PycharmProjects\Migration\datax\hook
2023-07-07 11:39:58.372 [job-0] INFO  JobContainer - 
	 [total cpu info] => 
		averageCpu                     | maxDeltaCpu                    | minDeltaCpu                    
		-1.00%                         | -1.00%                         | -1.00%
                        

	 [total gc info] => 
		 NAME                 | totalGCCount       | maxDeltaGCCount    | minDeltaGCCount    | totalGCTime        | maxDeltaGCTime     | minDeltaGCTime     
		 PS MarkSweep         | 0                  | 0                  | 0                  | 0.000s             | 0.000s             | 0.000s             
		 PS Scavenge          | 0                  | 0                  | 0                  | 0.000s             | 0.000s             | 0.000s             

2023-07-07 11:39:58.372 [job-0] INFO  JobContainer - PerfTrace not enable!
2023-07-07 11:39:58.372 [job-0] INFO  StandAloneJobContainerCommunicator - Total 3159 records, 80910 bytes | Speed 7.90KB/s, 315 records/s | Error 0 records, 0 bytes |  All Task WaitWriterTime 0.100s |  All Task WaitReaderTime 0.509s | Percentage 100.00%
2023-07-07 11:39:58.373 [job-0] INFO  JobContainer - 
任务启动时刻                    : 2023-07-07 11:39:41
任务结束时刻                    : 2023-07-07 11:39:58
任务总计耗时                    :                 16s
任务平均流量                    :            7.90KB/s
记录写入速度                    :            315rec/s
读出记录总数                    :                3159
读写失败总数                    :                   0

