2023-07-07 11:36:01.239 [main] INFO  MessageSource - JVM TimeZone: GMT+08:00, Locale: zh_CN
2023-07-07 11:36:01.241 [main] INFO  MessageSource - use Locale: zh_CN timeZone: sun.util.calendar.ZoneInfo[id="GMT+08:00",offset=28800000,dstSavings=0,useDaylight=false,transitions=0,lastRule=null]
2023-07-07 11:36:01.250 [main] INFO  VMInfo - VMInfo# operatingSystem class => sun.management.OperatingSystemImpl
2023-07-07 11:36:01.255 [main] INFO  Engine - the machine info  => 

	osInfo:	Oracle Corporation 1.8 25.192-b12
	jvmInfo:	Windows 10 amd64 10.0
	cpu num:	16

	totalPhysicalMemory:	-0.00G
	freePhysicalMemory:	-0.00G
	maxFileDescriptorCount:	-1
	currentOpenFileDescriptorCount:	-1

	GC Names	[PS MarkSweep, PS Scavenge]

	MEMORY_NAME                    | allocation_size                | init_size                      
	PS Eden Space                  | 256.00MB                       | 256.00MB                       
	Code Cache                     | 240.00MB                       | 2.44MB                         
	Compressed Class Space         | 1,024.00MB                     | 0.00MB                         
	PS Survivor Space              | 42.50MB                        | 42.50MB                        
	PS Old Gen                     | 683.00MB                       | 683.00MB                       
	Metaspace                      | -0.00MB                        | 0.00MB                         


2023-07-07 11:36:01.270 [main] INFO  Engine - 
{
	"content":[
		{
			"reader":{
				"name":"postgresqlreader",
				"parameter":{
					"column":[
						"complete_date",
						"org_code",
						"busi_code",
						"yzt_channel",
						"busi_num_total",
						"complete_num",
						"invalid_num",
						"accept_time_total",
						"accept_num_total",
						"review_time_total",
						"review_num_total"
					],
					"connection":[
						{
							"jdbcUrl":[
								"jdbc:postgresql://10.201.65.21:30100/ygt"
							],
							"table":[
								"opp_org_busi_total_count"
							]
						}
					],
					"password":"************",
					"splitPk":"",
					"username":"ygt"
				}
			},
			"writer":{
				"name":"sqlserverwriter",
				"parameter":{
					"column":[
						"COMPLETE_DATE",
						"ORG_CODE",
						"BUSI_CODE",
						"YZT_CHANNEL",
						"BUSI_NUM_TOTAL",
						"COMPLETE_NUM",
						"INVALID_NUM",
						"ACCEPT_TIME_TOTAL",
						"ACCEPT_NUM_TOTAL",
						"REVIEW_TIME_TOTAL",
						"REVIEW_NUM_TOTAL"
					],
					"connection":[
						{
							"jdbcUrl":"jdbc:sqlserver://192.168.203.129:1433;DatabaseName=YGT;",
							"table":[
								"OPP_ORG_BUSI_TOTAL_COUNT"
							]
						}
					],
					"password":"***********",
					"preSql":[
						"TRUNCATE TABLE OPP_ORG_BUSI_TOTAL_COUNT"
					],
					"username":"sa"
				}
			}
		}
	],
	"setting":{
		"errorLimit":{
			"record":0
		},
		"speed":{
			"channel":20
		}
	}
}

2023-07-07 11:36:01.284 [main] WARN  Engine - prioriy set to 0, because NumberFormatException, the value is: null
2023-07-07 11:36:01.285 [main] INFO  PerfTrace - PerfTrace traceId=job_-1, isEnable=false, priority=0
2023-07-07 11:36:01.285 [main] INFO  JobContainer - DataX jobContainer starts job.
2023-07-07 11:36:01.287 [main] INFO  JobContainer - Set jobId = 0
2023-07-07 11:36:07.267 [job-0] INFO  OriginalConfPretreatmentUtil - Available jdbcUrl:jdbc:postgresql://10.201.65.21:30100/ygt.
2023-07-07 11:36:07.597 [job-0] INFO  OriginalConfPretreatmentUtil - table:[opp_org_busi_total_count] has columns:[complete_date,org_code,busi_code,yzt_channel,busi_num_total,complete_num,invalid_num,accept_time_total,accept_num_total,review_time_total,review_num_total].
2023-07-07 11:36:07.757 [job-0] INFO  OriginalConfPretreatmentUtil - table:[OPP_ORG_BUSI_TOTAL_COUNT] all columns:[
COMPLETE_DATE,ORG_CODE,BUSI_CODE,YZT_CHANNEL,BUSI_NUM_TOTAL,COMPLETE_NUM,INVALID_NUM,ACCEPT_TIME_TOTAL,ACCEPT_NUM_TOTAL,REVIEW_TIME_TOTAL,REVIEW_NUM_TOTAL
].
2023-07-07 11:36:07.771 [job-0] INFO  OriginalConfPretreatmentUtil - Write data [
INSERT INTO %s (COMPLETE_DATE,ORG_CODE,BUSI_CODE,YZT_CHANNEL,BUSI_NUM_TOTAL,COMPLETE_NUM,INVALID_NUM,ACCEPT_TIME_TOTAL,ACCEPT_NUM_TOTAL,REVIEW_TIME_TOTAL,REVIEW_NUM_TOTAL) VALUES(?,?,?,?,?,?,?,?,?,?,?)
], which jdbcUrl like:[jdbc:sqlserver://192.168.203.129:1433;DatabaseName=YGT;]
2023-07-07 11:36:07.771 [job-0] INFO  JobContainer - jobContainer starts to do prepare ...
2023-07-07 11:36:07.772 [job-0] INFO  JobContainer - DataX Reader.Job [postgresqlreader] do prepare work .
2023-07-07 11:36:07.772 [job-0] INFO  JobContainer - DataX Writer.Job [sqlserverwriter] do prepare work .
2023-07-07 11:36:07.783 [job-0] INFO  CommonRdbmsWriter$Job - Begin to execute preSqls:[TRUNCATE TABLE OPP_ORG_BUSI_TOTAL_COUNT]. context info:jdbc:sqlserver://192.168.203.129:1433;DatabaseName=YGT;.
2023-07-07 11:36:07.785 [job-0] INFO  JobContainer - jobContainer starts to do split ...
2023-07-07 11:36:07.785 [job-0] INFO  JobContainer - Job set Channel-Number to 20 channels.
2023-07-07 11:36:07.787 [job-0] INFO  JobContainer - DataX Reader.Job [postgresqlreader] splits to [1] tasks.
2023-07-07 11:36:07.788 [job-0] INFO  JobContainer - DataX Writer.Job [sqlserverwriter] splits to [1] tasks.
2023-07-07 11:36:07.801 [job-0] INFO  JobContainer - jobContainer starts to do schedule ...
2023-07-07 11:36:07.804 [job-0] INFO  JobContainer - Scheduler starts [1] taskGroups.
2023-07-07 11:36:07.806 [job-0] INFO  JobContainer - Running by standalone Mode.
2023-07-07 11:36:07.810 [taskGroup-0] INFO  TaskGroupContainer - taskGroupId=[0] start [1] channels for [1] tasks.
2023-07-07 11:36:07.813 [taskGroup-0] INFO  Channel - Channel set byte_speed_limit to -1, No bps activated.
2023-07-07 11:36:07.814 [taskGroup-0] INFO  Channel - Channel set record_speed_limit to -1, No tps activated.
2023-07-07 11:36:07.821 [taskGroup-0] INFO  TaskGroupContainer - taskGroup[0] taskId[0] attemptCount[1] is started
2023-07-07 11:36:07.825 [0-0-0-reader] INFO  CommonRdbmsReader$Task - Begin to read record by Sql: [select complete_date,org_code,busi_code,yzt_channel,busi_num_total,complete_num,invalid_num,accept_time_total,accept_num_total,review_time_total,review_num_total from opp_org_busi_total_count 
] jdbcUrl:[jdbc:postgresql://10.201.65.21:30100/ygt].
2023-07-07 11:36:08.070 [0-0-0-reader] INFO  CommonRdbmsReader$Task - Finished read record by Sql: [select complete_date,org_code,busi_code,yzt_channel,busi_num_total,complete_num,invalid_num,accept_time_total,accept_num_total,review_time_total,review_num_total from opp_org_busi_total_count 
] jdbcUrl:[jdbc:postgresql://10.201.65.21:30100/ygt].
2023-07-07 11:36:08.375 [taskGroup-0] INFO  TaskGroupContainer - taskGroup[0] taskId[0] is successed, used[555]ms
2023-07-07 11:36:08.375 [taskGroup-0] INFO  TaskGroupContainer - taskGroup[0] completed it's tasks.
2023-07-07 11:36:17.826 [job-0] INFO  StandAloneJobContainerCommunicator - Total 53 records, 1395 bytes | Speed 139B/s, 5 records/s | Error 0 records, 0 bytes |  All Task WaitWriterTime 0.000s |  All Task WaitReaderTime 0.224s | Percentage 100.00%
2023-07-07 11:36:17.826 [job-0] INFO  AbstractScheduler - Scheduler accomplished all tasks.
2023-07-07 11:36:17.826 [job-0] INFO  JobContainer - DataX Writer.Job [sqlserverwriter] do post work.
2023-07-07 11:36:17.826 [job-0] INFO  JobContainer - DataX Reader.Job [postgresqlreader] do post work.
2023-07-07 11:36:17.826 [job-0] INFO  JobContainer - DataX jobId [0] completed successfully.
2023-07-07 11:36:17.827 [job-0] INFO  HookInvoker - No hook invoked, because base dir not exists or is a file: C:\Users\xT\PycharmProjects\Migration\datax\hook
2023-07-07 11:36:17.828 [job-0] INFO  JobContainer - 
	 [total cpu info] => 
		averageCpu                     | maxDeltaCpu                    | minDeltaCpu                    
		-1.00%                         | -1.00%                         | -1.00%
                        

	 [total gc info] => 
		 NAME                 | totalGCCount       | maxDeltaGCCount    | minDeltaGCCount    | totalGCTime        | maxDeltaGCTime     | minDeltaGCTime     
		 PS MarkSweep         | 0                  | 0                  | 0                  | 0.000s             | 0.000s             | 0.000s             
		 PS Scavenge          | 0                  | 0                  | 0                  | 0.000s             | 0.000s             | 0.000s             

2023-07-07 11:36:17.828 [job-0] INFO  JobContainer - PerfTrace not enable!
2023-07-07 11:36:17.828 [job-0] INFO  StandAloneJobContainerCommunicator - Total 53 records, 1395 bytes | Speed 139B/s, 5 records/s | Error 0 records, 0 bytes |  All Task WaitWriterTime 0.000s |  All Task WaitReaderTime 0.224s | Percentage 100.00%
2023-07-07 11:36:17.830 [job-0] INFO  JobContainer - 
任务启动时刻                    : 2023-07-07 11:36:01
任务结束时刻                    : 2023-07-07 11:36:17
任务总计耗时                    :                 16s
任务平均流量                    :              139B/s
记录写入速度                    :              5rec/s
读出记录总数                    :                  53
读写失败总数                    :                   0

