2023-07-07 12:35:54.029 [main] INFO  MessageSource - JVM TimeZone: GMT+08:00, Locale: zh_CN
2023-07-07 12:35:54.031 [main] INFO  MessageSource - use Locale: zh_CN timeZone: sun.util.calendar.ZoneInfo[id="GMT+08:00",offset=28800000,dstSavings=0,useDaylight=false,transitions=0,lastRule=null]
2023-07-07 12:35:54.038 [main] INFO  VMInfo - VMInfo# operatingSystem class => sun.management.OperatingSystemImpl
2023-07-07 12:35:54.041 [main] INFO  Engine - the machine info  => 

	osInfo:	Oracle Corporation 1.8 25.192-b12
	jvmInfo:	Windows 10 amd64 10.0
	cpu num:	16

	totalPhysicalMemory:	-0.00G
	freePhysicalMemory:	-0.00G
	maxFileDescriptorCount:	-1
	currentOpenFileDescriptorCount:	-1

	GC Names	[PS MarkSweep, PS Scavenge]

	MEMORY_NAME                    | allocation_size                | init_size                      
	PS Eden Space                  | 256.00MB                       | 256.00MB                       
	Code Cache                     | 240.00MB                       | 2.44MB                         
	Compressed Class Space         | 1,024.00MB                     | 0.00MB                         
	PS Survivor Space              | 42.50MB                        | 42.50MB                        
	PS Old Gen                     | 683.00MB                       | 683.00MB                       
	Metaspace                      | -0.00MB                        | 0.00MB                         


2023-07-07 12:35:54.054 [main] INFO  Engine - 
{
	"content":[
		{
			"reader":{
				"name":"postgresqlreader",
				"parameter":{
					"column":[
						"hi_taskinst_id",
						"proc_def_id",
						"task_def_key",
						"proc_inst_id",
						"execution_id",
						"parent_task_id",
						"htname",
						"description",
						"owner",
						"assignee",
						"start_time",
						"claim_time",
						"end_time",
						"duration",
						"delete_reason",
						"priority",
						"due_date",
						"form_key",
						"create_time",
						"pre_user_task"
					],
					"connection":[
						{
							"jdbcUrl":[
								"jdbc:postgresql://10.201.65.21:30100/ygt"
							],
							"table":[
								"uwk_hi_taskinst"
							]
						}
					],
					"password":"************",
					"splitPk":"",
					"username":"ygt"
				}
			},
			"writer":{
				"name":"sqlserverwriter",
				"parameter":{
					"column":[
						"HI_TASKINST_ID",
						"PROC_DEF_ID",
						"TASK_DEF_KEY",
						"PROC_INST_ID",
						"EXECUTION_ID",
						"PARENT_TASK_ID",
						"HTNAME",
						"DESCRIPTION",
						"OWNER",
						"ASSIGNEE",
						"START_TIME",
						"CLAIM_TIME",
						"END_TIME",
						"DURATION",
						"DELETE_REASON",
						"PRIORITY",
						"DUE_DATE",
						"FORM_KEY",
						"CREATE_TIME",
						"PRE_USER_TASK"
					],
					"connection":[
						{
							"jdbcUrl":"jdbc:sqlserver://192.168.203.129:1433;DatabaseName=YGT;",
							"table":[
								"UWK_HI_TASKINST"
							]
						}
					],
					"password":"***********",
					"preSql":[
						"TRUNCATE TABLE UWK_HI_TASKINST"
					],
					"username":"sa"
				}
			}
		}
	],
	"setting":{
		"errorLimit":{
			"record":0
		},
		"speed":{
			"channel":20
		}
	}
}

2023-07-07 12:35:54.064 [main] WARN  Engine - prioriy set to 0, because NumberFormatException, the value is: null
2023-07-07 12:35:54.065 [main] INFO  PerfTrace - PerfTrace traceId=job_-1, isEnable=false, priority=0
2023-07-07 12:35:54.065 [main] INFO  JobContainer - DataX jobContainer starts job.
2023-07-07 12:35:54.066 [main] INFO  JobContainer - Set jobId = 0
2023-07-07 12:35:59.959 [job-0] INFO  OriginalConfPretreatmentUtil - Available jdbcUrl:jdbc:postgresql://10.201.65.21:30100/ygt.
2023-07-07 12:36:00.373 [job-0] INFO  OriginalConfPretreatmentUtil - table:[uwk_hi_taskinst] has columns:[hi_taskinst_id,proc_def_id,task_def_key,proc_inst_id,execution_id,parent_task_id,htname,description,owner,assignee,start_time,claim_time,end_time,duration,delete_reason,priority,due_date,form_key,create_time,pre_user_task].
2023-07-07 12:36:00.590 [job-0] INFO  OriginalConfPretreatmentUtil - table:[UWK_HI_TASKINST] all columns:[
HI_TASKINST_ID,PROC_DEF_ID,TASK_DEF_KEY,PROC_INST_ID,EXECUTION_ID,PARENT_TASK_ID,HTNAME,DESCRIPTION,OWNER,ASSIGNEE,START_TIME,CLAIM_TIME,END_TIME,DURATION,DELETE_REASON,PRIORITY,DUE_DATE,FORM_KEY,CREATE_TIME,PRE_USER_TASK
].
2023-07-07 12:36:00.604 [job-0] INFO  OriginalConfPretreatmentUtil - Write data [
INSERT INTO %s (HI_TASKINST_ID,PROC_DEF_ID,TASK_DEF_KEY,PROC_INST_ID,EXECUTION_ID,PARENT_TASK_ID,HTNAME,DESCRIPTION,OWNER,ASSIGNEE,START_TIME,CLAIM_TIME,END_TIME,DURATION,DELETE_REASON,PRIORITY,DUE_DATE,FORM_KEY,CREATE_TIME,PRE_USER_TASK) VALUES(?,?,?,?,?,?,?,?,?,?,?,?,?,?,?,?,?,?,?,?)
], which jdbcUrl like:[jdbc:sqlserver://192.168.203.129:1433;DatabaseName=YGT;]
2023-07-07 12:36:00.604 [job-0] INFO  JobContainer - jobContainer starts to do prepare ...
2023-07-07 12:36:00.605 [job-0] INFO  JobContainer - DataX Reader.Job [postgresqlreader] do prepare work .
2023-07-07 12:36:00.605 [job-0] INFO  JobContainer - DataX Writer.Job [sqlserverwriter] do prepare work .
2023-07-07 12:36:00.617 [job-0] INFO  CommonRdbmsWriter$Job - Begin to execute preSqls:[TRUNCATE TABLE UWK_HI_TASKINST]. context info:jdbc:sqlserver://192.168.203.129:1433;DatabaseName=YGT;.
2023-07-07 12:36:00.619 [job-0] INFO  JobContainer - jobContainer starts to do split ...
2023-07-07 12:36:00.619 [job-0] INFO  JobContainer - Job set Channel-Number to 20 channels.
2023-07-07 12:36:00.621 [job-0] INFO  JobContainer - DataX Reader.Job [postgresqlreader] splits to [1] tasks.
2023-07-07 12:36:00.622 [job-0] INFO  JobContainer - DataX Writer.Job [sqlserverwriter] splits to [1] tasks.
2023-07-07 12:36:00.637 [job-0] INFO  JobContainer - jobContainer starts to do schedule ...
2023-07-07 12:36:00.640 [job-0] INFO  JobContainer - Scheduler starts [1] taskGroups.
2023-07-07 12:36:00.642 [job-0] INFO  JobContainer - Running by standalone Mode.
2023-07-07 12:36:00.648 [taskGroup-0] INFO  TaskGroupContainer - taskGroupId=[0] start [1] channels for [1] tasks.
2023-07-07 12:36:00.651 [taskGroup-0] INFO  Channel - Channel set byte_speed_limit to -1, No bps activated.
2023-07-07 12:36:00.651 [taskGroup-0] INFO  Channel - Channel set record_speed_limit to -1, No tps activated.
2023-07-07 12:36:00.660 [taskGroup-0] INFO  TaskGroupContainer - taskGroup[0] taskId[0] attemptCount[1] is started
2023-07-07 12:36:00.665 [0-0-0-reader] INFO  CommonRdbmsReader$Task - Begin to read record by Sql: [select hi_taskinst_id,proc_def_id,task_def_key,proc_inst_id,execution_id,parent_task_id,htname,description,owner,assignee,start_time,claim_time,end_time,duration,delete_reason,priority,due_date,form_key,create_time,pre_user_task from uwk_hi_taskinst 
] jdbcUrl:[jdbc:postgresql://10.201.65.21:30100/ygt].
2023-07-07 12:36:01.566 [0-0-0-reader] INFO  CommonRdbmsReader$Task - Finished read record by Sql: [select hi_taskinst_id,proc_def_id,task_def_key,proc_inst_id,execution_id,parent_task_id,htname,description,owner,assignee,start_time,claim_time,end_time,duration,delete_reason,priority,due_date,form_key,create_time,pre_user_task from uwk_hi_taskinst 
] jdbcUrl:[jdbc:postgresql://10.201.65.21:30100/ygt].
2023-07-07 12:36:01.772 [taskGroup-0] INFO  TaskGroupContainer - taskGroup[0] taskId[0] is successed, used[1113]ms
2023-07-07 12:36:01.772 [taskGroup-0] INFO  TaskGroupContainer - taskGroup[0] completed it's tasks.
2023-07-07 12:36:10.671 [job-0] INFO  StandAloneJobContainerCommunicator - Total 707 records, 169498 bytes | Speed 16.55KB/s, 70 records/s | Error 0 records, 0 bytes |  All Task WaitWriterTime 0.001s |  All Task WaitReaderTime 0.877s | Percentage 100.00%
2023-07-07 12:36:10.671 [job-0] INFO  AbstractScheduler - Scheduler accomplished all tasks.
2023-07-07 12:36:10.671 [job-0] INFO  JobContainer - DataX Writer.Job [sqlserverwriter] do post work.
2023-07-07 12:36:10.671 [job-0] INFO  JobContainer - DataX Reader.Job [postgresqlreader] do post work.
2023-07-07 12:36:10.671 [job-0] INFO  JobContainer - DataX jobId [0] completed successfully.
2023-07-07 12:36:10.672 [job-0] INFO  HookInvoker - No hook invoked, because base dir not exists or is a file: C:\Users\xT\PycharmProjects\Migration\datax\hook
2023-07-07 12:36:10.673 [job-0] INFO  JobContainer - 
	 [total cpu info] => 
		averageCpu                     | maxDeltaCpu                    | minDeltaCpu                    
		-1.00%                         | -1.00%                         | -1.00%
                        

	 [total gc info] => 
		 NAME                 | totalGCCount       | maxDeltaGCCount    | minDeltaGCCount    | totalGCTime        | maxDeltaGCTime     | minDeltaGCTime     
		 PS MarkSweep         | 0                  | 0                  | 0                  | 0.000s             | 0.000s             | 0.000s             
		 PS Scavenge          | 0                  | 0                  | 0                  | 0.000s             | 0.000s             | 0.000s             

2023-07-07 12:36:10.673 [job-0] INFO  JobContainer - PerfTrace not enable!
2023-07-07 12:36:10.673 [job-0] INFO  StandAloneJobContainerCommunicator - Total 707 records, 169498 bytes | Speed 16.55KB/s, 70 records/s | Error 0 records, 0 bytes |  All Task WaitWriterTime 0.001s |  All Task WaitReaderTime 0.877s | Percentage 100.00%
2023-07-07 12:36:10.674 [job-0] INFO  JobContainer - 
任务启动时刻                    : 2023-07-07 12:35:54
任务结束时刻                    : 2023-07-07 12:36:10
任务总计耗时                    :                 16s
任务平均流量                    :           16.55KB/s
记录写入速度                    :             70rec/s
读出记录总数                    :                 707
读写失败总数                    :                   0

