2023-07-07 11:30:31.608 [main] INFO  MessageSource - JVM TimeZone: GMT+08:00, Locale: zh_CN
2023-07-07 11:30:31.611 [main] INFO  MessageSource - use Locale: zh_CN timeZone: sun.util.calendar.ZoneInfo[id="GMT+08:00",offset=28800000,dstSavings=0,useDaylight=false,transitions=0,lastRule=null]
2023-07-07 11:30:31.621 [main] INFO  VMInfo - VMInfo# operatingSystem class => sun.management.OperatingSystemImpl
2023-07-07 11:30:31.626 [main] INFO  Engine - the machine info  => 

	osInfo:	Oracle Corporation 1.8 25.192-b12
	jvmInfo:	Windows 10 amd64 10.0
	cpu num:	16

	totalPhysicalMemory:	-0.00G
	freePhysicalMemory:	-0.00G
	maxFileDescriptorCount:	-1
	currentOpenFileDescriptorCount:	-1

	GC Names	[PS MarkSweep, PS Scavenge]

	MEMORY_NAME                    | allocation_size                | init_size                      
	PS Eden Space                  | 256.00MB                       | 256.00MB                       
	Code Cache                     | 240.00MB                       | 2.44MB                         
	Compressed Class Space         | 1,024.00MB                     | 0.00MB                         
	PS Survivor Space              | 42.50MB                        | 42.50MB                        
	PS Old Gen                     | 683.00MB                       | 683.00MB                       
	Metaspace                      | -0.00MB                        | 0.00MB                         


2023-07-07 11:30:31.646 [main] INFO  Engine - 
{
	"content":[
		{
			"reader":{
				"name":"postgresqlreader",
				"parameter":{
					"column":[
						"con_id",
						"org_code",
						"device_id",
						"user_name",
						"crmid",
						"mobile_tel",
						"busi_code",
						"sms_id",
						"sms_target",
						"send_node",
						"cont_id",
						"remark"
					],
					"connection":[
						{
							"jdbcUrl":[
								"jdbc:postgresql://10.201.65.21:30100/ygt"
							],
							"table":[
								"opp_vtm_op_sms_conf"
							]
						}
					],
					"password":"************",
					"splitPk":"",
					"username":"ygt"
				}
			},
			"writer":{
				"name":"sqlserverwriter",
				"parameter":{
					"column":[
						"CON_ID",
						"ORG_CODE",
						"DEVICE_ID",
						"USER_NAME",
						"CRMID",
						"MOBILE_TEL",
						"BUSI_CODE",
						"SMS_ID",
						"SMS_TARGET",
						"SEND_NODE",
						"CONT_ID",
						"REMARK"
					],
					"connection":[
						{
							"jdbcUrl":"jdbc:sqlserver://192.168.203.129:1433;DatabaseName=YGT;",
							"table":[
								"OPP_VTM_OP_SMS_CONF"
							]
						}
					],
					"password":"***********",
					"preSql":[
						"TRUNCATE TABLE OPP_VTM_OP_SMS_CONF"
					],
					"username":"sa"
				}
			}
		}
	],
	"setting":{
		"errorLimit":{
			"record":0
		},
		"speed":{
			"channel":20
		}
	}
}

2023-07-07 11:30:31.661 [main] WARN  Engine - prioriy set to 0, because NumberFormatException, the value is: null
2023-07-07 11:30:31.662 [main] INFO  PerfTrace - PerfTrace traceId=job_-1, isEnable=false, priority=0
2023-07-07 11:30:31.663 [main] INFO  JobContainer - DataX jobContainer starts job.
2023-07-07 11:30:31.665 [main] INFO  JobContainer - Set jobId = 0
2023-07-07 11:30:38.695 [job-0] INFO  OriginalConfPretreatmentUtil - Available jdbcUrl:jdbc:postgresql://10.201.65.21:30100/ygt.
2023-07-07 11:30:40.242 [job-0] INFO  OriginalConfPretreatmentUtil - table:[opp_vtm_op_sms_conf] has columns:[con_id,org_code,device_id,user_name,crmid,mobile_tel,busi_code,sms_id,sms_target,send_node,cont_id,remark].
2023-07-07 11:30:40.379 [job-0] INFO  OriginalConfPretreatmentUtil - table:[OPP_VTM_OP_SMS_CONF] all columns:[
CON_ID,ORG_CODE,DEVICE_ID,USER_NAME,CRMID,MOBILE_TEL,BUSI_CODE,SMS_ID,SMS_TARGET,SEND_NODE,CONT_ID,REMARK
].
2023-07-07 11:30:40.393 [job-0] INFO  OriginalConfPretreatmentUtil - Write data [
INSERT INTO %s (CON_ID,ORG_CODE,DEVICE_ID,USER_NAME,CRMID,MOBILE_TEL,BUSI_CODE,SMS_ID,SMS_TARGET,SEND_NODE,CONT_ID,REMARK) VALUES(?,?,?,?,?,?,?,?,?,?,?,?)
], which jdbcUrl like:[jdbc:sqlserver://192.168.203.129:1433;DatabaseName=YGT;]
2023-07-07 11:30:40.393 [job-0] INFO  JobContainer - jobContainer starts to do prepare ...
2023-07-07 11:30:40.394 [job-0] INFO  JobContainer - DataX Reader.Job [postgresqlreader] do prepare work .
2023-07-07 11:30:40.394 [job-0] INFO  JobContainer - DataX Writer.Job [sqlserverwriter] do prepare work .
2023-07-07 11:30:40.406 [job-0] INFO  CommonRdbmsWriter$Job - Begin to execute preSqls:[TRUNCATE TABLE OPP_VTM_OP_SMS_CONF]. context info:jdbc:sqlserver://192.168.203.129:1433;DatabaseName=YGT;.
2023-07-07 11:30:40.408 [job-0] INFO  JobContainer - jobContainer starts to do split ...
2023-07-07 11:30:40.408 [job-0] INFO  JobContainer - Job set Channel-Number to 20 channels.
2023-07-07 11:30:40.410 [job-0] INFO  JobContainer - DataX Reader.Job [postgresqlreader] splits to [1] tasks.
2023-07-07 11:30:40.411 [job-0] INFO  JobContainer - DataX Writer.Job [sqlserverwriter] splits to [1] tasks.
2023-07-07 11:30:40.428 [job-0] INFO  JobContainer - jobContainer starts to do schedule ...
2023-07-07 11:30:40.433 [job-0] INFO  JobContainer - Scheduler starts [1] taskGroups.
2023-07-07 11:30:40.435 [job-0] INFO  JobContainer - Running by standalone Mode.
2023-07-07 11:30:40.441 [taskGroup-0] INFO  TaskGroupContainer - taskGroupId=[0] start [1] channels for [1] tasks.
2023-07-07 11:30:40.444 [taskGroup-0] INFO  Channel - Channel set byte_speed_limit to -1, No bps activated.
2023-07-07 11:30:40.444 [taskGroup-0] INFO  Channel - Channel set record_speed_limit to -1, No tps activated.
2023-07-07 11:30:40.457 [taskGroup-0] INFO  TaskGroupContainer - taskGroup[0] taskId[0] attemptCount[1] is started
2023-07-07 11:30:40.463 [0-0-0-reader] INFO  CommonRdbmsReader$Task - Begin to read record by Sql: [select con_id,org_code,device_id,user_name,crmid,mobile_tel,busi_code,sms_id,sms_target,send_node,cont_id,remark from opp_vtm_op_sms_conf 
] jdbcUrl:[jdbc:postgresql://10.201.65.21:30100/ygt].
2023-07-07 11:30:45.052 [0-0-0-reader] INFO  CommonRdbmsReader$Task - Finished read record by Sql: [select con_id,org_code,device_id,user_name,crmid,mobile_tel,busi_code,sms_id,sms_target,send_node,cont_id,remark from opp_vtm_op_sms_conf 
] jdbcUrl:[jdbc:postgresql://10.201.65.21:30100/ygt].
2023-07-07 11:30:45.311 [taskGroup-0] INFO  TaskGroupContainer - taskGroup[0] taskId[0] is successed, used[4854]ms
2023-07-07 11:30:45.311 [taskGroup-0] INFO  TaskGroupContainer - taskGroup[0] completed it's tasks.
2023-07-07 11:30:50.472 [job-0] INFO  StandAloneJobContainerCommunicator - Total 0 records, 0 bytes | Speed 0B/s, 0 records/s | Error 0 records, 0 bytes |  All Task WaitWriterTime 0.000s |  All Task WaitReaderTime 0.000s | Percentage 100.00%
2023-07-07 11:30:50.472 [job-0] INFO  AbstractScheduler - Scheduler accomplished all tasks.
2023-07-07 11:30:50.472 [job-0] INFO  JobContainer - DataX Writer.Job [sqlserverwriter] do post work.
2023-07-07 11:30:50.473 [job-0] INFO  JobContainer - DataX Reader.Job [postgresqlreader] do post work.
2023-07-07 11:30:50.473 [job-0] INFO  JobContainer - DataX jobId [0] completed successfully.
2023-07-07 11:30:50.473 [job-0] INFO  HookInvoker - No hook invoked, because base dir not exists or is a file: C:\Users\xT\PycharmProjects\Migration\datax\hook
2023-07-07 11:30:50.474 [job-0] INFO  JobContainer - 
	 [total cpu info] => 
		averageCpu                     | maxDeltaCpu                    | minDeltaCpu                    
		-1.00%                         | -1.00%                         | -1.00%
                        

	 [total gc info] => 
		 NAME                 | totalGCCount       | maxDeltaGCCount    | minDeltaGCCount    | totalGCTime        | maxDeltaGCTime     | minDeltaGCTime     
		 PS MarkSweep         | 0                  | 0                  | 0                  | 0.000s             | 0.000s             | 0.000s             
		 PS Scavenge          | 0                  | 0                  | 0                  | 0.000s             | 0.000s             | 0.000s             

2023-07-07 11:30:50.474 [job-0] INFO  JobContainer - PerfTrace not enable!
2023-07-07 11:30:50.474 [job-0] INFO  StandAloneJobContainerCommunicator - Total 0 records, 0 bytes | Speed 0B/s, 0 records/s | Error 0 records, 0 bytes |  All Task WaitWriterTime 0.000s |  All Task WaitReaderTime 0.000s | Percentage 100.00%
2023-07-07 11:30:50.475 [job-0] INFO  JobContainer - 
任务启动时刻                    : 2023-07-07 11:30:31
任务结束时刻                    : 2023-07-07 11:30:50
任务总计耗时                    :                 18s
任务平均流量                    :                0B/s
记录写入速度                    :              0rec/s
读出记录总数                    :                   0
读写失败总数                    :                   0

