2023-07-07 12:26:41.986 [main] INFO  MessageSource - JVM TimeZone: GMT+08:00, Locale: zh_CN
2023-07-07 12:26:41.987 [main] INFO  MessageSource - use Locale: zh_CN timeZone: sun.util.calendar.ZoneInfo[id="GMT+08:00",offset=28800000,dstSavings=0,useDaylight=false,transitions=0,lastRule=null]
2023-07-07 12:26:41.995 [main] INFO  VMInfo - VMInfo# operatingSystem class => sun.management.OperatingSystemImpl
2023-07-07 12:26:41.999 [main] INFO  Engine - the machine info  => 

	osInfo:	Oracle Corporation 1.8 25.192-b12
	jvmInfo:	Windows 10 amd64 10.0
	cpu num:	16

	totalPhysicalMemory:	-0.00G
	freePhysicalMemory:	-0.00G
	maxFileDescriptorCount:	-1
	currentOpenFileDescriptorCount:	-1

	GC Names	[PS MarkSweep, PS Scavenge]

	MEMORY_NAME                    | allocation_size                | init_size                      
	PS Eden Space                  | 256.00MB                       | 256.00MB                       
	Code Cache                     | 240.00MB                       | 2.44MB                         
	Compressed Class Space         | 1,024.00MB                     | 0.00MB                         
	PS Survivor Space              | 42.50MB                        | 42.50MB                        
	PS Old Gen                     | 683.00MB                       | 683.00MB                       
	Metaspace                      | -0.00MB                        | 0.00MB                         


2023-07-07 12:26:42.012 [main] INFO  Engine - 
{
	"content":[
		{
			"reader":{
				"name":"postgresqlreader",
				"parameter":{
					"column":[
						"sched_name",
						"trigger_name",
						"trigger_group",
						"cron_expression",
						"time_zone_id"
					],
					"connection":[
						{
							"jdbcUrl":[
								"jdbc:postgresql://10.201.65.21:30100/ygt"
							],
							"table":[
								"upm_qrtz_cron_triggers"
							]
						}
					],
					"password":"************",
					"splitPk":"",
					"username":"ygt"
				}
			},
			"writer":{
				"name":"sqlserverwriter",
				"parameter":{
					"column":[
						"SCHED_NAME",
						"TRIGGER_NAME",
						"TRIGGER_GROUP",
						"CRON_EXPRESSION",
						"TIME_ZONE_ID"
					],
					"connection":[
						{
							"jdbcUrl":"jdbc:sqlserver://192.168.203.129:1433;DatabaseName=YGT;",
							"table":[
								"UPM_QRTZ_CRON_TRIGGERS"
							]
						}
					],
					"password":"***********",
					"preSql":[
						"TRUNCATE TABLE UPM_QRTZ_CRON_TRIGGERS"
					],
					"username":"sa"
				}
			}
		}
	],
	"setting":{
		"errorLimit":{
			"record":0
		},
		"speed":{
			"channel":20
		}
	}
}

2023-07-07 12:26:42.024 [main] WARN  Engine - prioriy set to 0, because NumberFormatException, the value is: null
2023-07-07 12:26:42.025 [main] INFO  PerfTrace - PerfTrace traceId=job_-1, isEnable=false, priority=0
2023-07-07 12:26:42.025 [main] INFO  JobContainer - DataX jobContainer starts job.
2023-07-07 12:26:42.026 [main] INFO  JobContainer - Set jobId = 0
2023-07-07 12:26:47.875 [job-0] INFO  OriginalConfPretreatmentUtil - Available jdbcUrl:jdbc:postgresql://10.201.65.21:30100/ygt.
2023-07-07 12:26:48.096 [job-0] INFO  OriginalConfPretreatmentUtil - table:[upm_qrtz_cron_triggers] has columns:[sched_name,trigger_name,trigger_group,cron_expression,time_zone_id].
2023-07-07 12:26:48.218 [job-0] INFO  OriginalConfPretreatmentUtil - table:[UPM_QRTZ_CRON_TRIGGERS] all columns:[
SCHED_NAME,TRIGGER_NAME,TRIGGER_GROUP,CRON_EXPRESSION,TIME_ZONE_ID
].
2023-07-07 12:26:48.227 [job-0] INFO  OriginalConfPretreatmentUtil - Write data [
INSERT INTO %s (SCHED_NAME,TRIGGER_NAME,TRIGGER_GROUP,CRON_EXPRESSION,TIME_ZONE_ID) VALUES(?,?,?,?,?)
], which jdbcUrl like:[jdbc:sqlserver://192.168.203.129:1433;DatabaseName=YGT;]
2023-07-07 12:26:48.228 [job-0] INFO  JobContainer - jobContainer starts to do prepare ...
2023-07-07 12:26:48.228 [job-0] INFO  JobContainer - DataX Reader.Job [postgresqlreader] do prepare work .
2023-07-07 12:26:48.228 [job-0] INFO  JobContainer - DataX Writer.Job [sqlserverwriter] do prepare work .
2023-07-07 12:26:48.237 [job-0] INFO  CommonRdbmsWriter$Job - Begin to execute preSqls:[TRUNCATE TABLE UPM_QRTZ_CRON_TRIGGERS]. context info:jdbc:sqlserver://192.168.203.129:1433;DatabaseName=YGT;.
2023-07-07 12:26:48.239 [job-0] INFO  JobContainer - jobContainer starts to do split ...
2023-07-07 12:26:48.239 [job-0] INFO  JobContainer - Job set Channel-Number to 20 channels.
2023-07-07 12:26:48.241 [job-0] INFO  JobContainer - DataX Reader.Job [postgresqlreader] splits to [1] tasks.
2023-07-07 12:26:48.241 [job-0] INFO  JobContainer - DataX Writer.Job [sqlserverwriter] splits to [1] tasks.
2023-07-07 12:26:48.251 [job-0] INFO  JobContainer - jobContainer starts to do schedule ...
2023-07-07 12:26:48.253 [job-0] INFO  JobContainer - Scheduler starts [1] taskGroups.
2023-07-07 12:26:48.254 [job-0] INFO  JobContainer - Running by standalone Mode.
2023-07-07 12:26:48.258 [taskGroup-0] INFO  TaskGroupContainer - taskGroupId=[0] start [1] channels for [1] tasks.
2023-07-07 12:26:48.260 [taskGroup-0] INFO  Channel - Channel set byte_speed_limit to -1, No bps activated.
2023-07-07 12:26:48.260 [taskGroup-0] INFO  Channel - Channel set record_speed_limit to -1, No tps activated.
2023-07-07 12:26:48.268 [taskGroup-0] INFO  TaskGroupContainer - taskGroup[0] taskId[0] attemptCount[1] is started
2023-07-07 12:26:48.271 [0-0-0-reader] INFO  CommonRdbmsReader$Task - Begin to read record by Sql: [select sched_name,trigger_name,trigger_group,cron_expression,time_zone_id from upm_qrtz_cron_triggers 
] jdbcUrl:[jdbc:postgresql://10.201.65.21:30100/ygt].
2023-07-07 12:26:48.489 [0-0-0-reader] INFO  CommonRdbmsReader$Task - Finished read record by Sql: [select sched_name,trigger_name,trigger_group,cron_expression,time_zone_id from upm_qrtz_cron_triggers 
] jdbcUrl:[jdbc:postgresql://10.201.65.21:30100/ygt].
2023-07-07 12:26:48.707 [0-0-0-writer] WARN  CommonRdbmsWriter$Task - 回滚此次写入, 采用每次写入一行方式提交. 因为:INSERT 语句与 FOREIGN KEY 约束"FK_QRTZ_CRON_TRIGGERS_QRTZ_TRIGGERS"冲突。该冲突发生于数据库"YGT"，表"dbo.UPM_QRTZ_TRIGGERS"。
2023-07-07 12:26:48.711 [0-0-0-writer] ERROR StdoutPluginCollector - 
com.microsoft.sqlserver.jdbc.SQLServerException: INSERT 语句与 FOREIGN KEY 约束"FK_QRTZ_CRON_TRIGGERS_QRTZ_TRIGGERS"冲突。该冲突发生于数据库"YGT"，表"dbo.UPM_QRTZ_TRIGGERS"。
	at com.microsoft.sqlserver.jdbc.SQLServerException.makeFromDatabaseError(SQLServerException.java:216) ~[sqljdbc4-4.0.jar:na]
	at com.microsoft.sqlserver.jdbc.SQLServerStatement.getNextResult(SQLServerStatement.java:1515) ~[sqljdbc4-4.0.jar:na]
	at com.microsoft.sqlserver.jdbc.SQLServerPreparedStatement.doExecutePreparedStatement(SQLServerPreparedStatement.java:404) ~[sqljdbc4-4.0.jar:na]
	at com.microsoft.sqlserver.jdbc.SQLServerPreparedStatement$PrepStmtExecCmd.doExecute(SQLServerPreparedStatement.java:350) ~[sqljdbc4-4.0.jar:na]
	at com.microsoft.sqlserver.jdbc.TDSCommand.execute(IOBuffer.java:5696) ~[sqljdbc4-4.0.jar:na]
	at com.microsoft.sqlserver.jdbc.SQLServerConnection.executeCommand(SQLServerConnection.java:1715) ~[sqljdbc4-4.0.jar:na]
	at com.microsoft.sqlserver.jdbc.SQLServerStatement.executeCommand(SQLServerStatement.java:180) ~[sqljdbc4-4.0.jar:na]
	at com.microsoft.sqlserver.jdbc.SQLServerStatement.executeStatement(SQLServerStatement.java:155) ~[sqljdbc4-4.0.jar:na]
	at com.microsoft.sqlserver.jdbc.SQLServerPreparedStatement.execute(SQLServerPreparedStatement.java:332) ~[sqljdbc4-4.0.jar:na]
	at com.alibaba.datax.plugin.rdbms.writer.CommonRdbmsWriter$Task.doOneInsert(CommonRdbmsWriter.java:382) [plugin-rdbms-util-0.0.1-SNAPSHOT.jar:na]
	at com.alibaba.datax.plugin.rdbms.writer.CommonRdbmsWriter$Task.doBatchInsert(CommonRdbmsWriter.java:362) [plugin-rdbms-util-0.0.1-SNAPSHOT.jar:na]
	at com.alibaba.datax.plugin.rdbms.writer.CommonRdbmsWriter$Task.startWriteWithConnection(CommonRdbmsWriter.java:297) [plugin-rdbms-util-0.0.1-SNAPSHOT.jar:na]
	at com.alibaba.datax.plugin.rdbms.writer.CommonRdbmsWriter$Task.startWrite(CommonRdbmsWriter.java:319) [plugin-rdbms-util-0.0.1-SNAPSHOT.jar:na]
	at com.alibaba.datax.plugin.writer.sqlserverwriter.SqlServerWriter$Task.startWrite(SqlServerWriter.java:81) [sqlserverwriter-0.0.1-SNAPSHOT.jar:na]
	at com.alibaba.datax.core.taskgroup.runner.WriterRunner.run(WriterRunner.java:56) [datax-core-0.0.1-SNAPSHOT.jar:na]
	at java.lang.Thread.run(Thread.java:748) [na:1.8.0_192]
2023-07-07 12:26:48.713 [0-0-0-writer] ERROR StdoutPluginCollector - 脏数据: 
{"exception":"INSERT 语句与 FOREIGN KEY 约束\"FK_QRTZ_CRON_TRIGGERS_QRTZ_TRIGGERS\"冲突。该冲突发生于数据库\"YGT\"，表\"dbo.UPM_QRTZ_TRIGGERS\"。","record":[{"byteSize":13,"index":0,"rawData":"KdopScheduler","type":"STRING"},{"byteSize":20,"index":1,"rawData":"CustomerLimitSyncJob","type":"STRING"},{"byteSize":19,"index":2,"rawData":"KdopOverSettleGroup","type":"STRING"},{"byteSize":13,"index":3,"rawData":"0 0 2 ? * * *","type":"STRING"},{"byteSize":13,"index":4,"rawData":"Asia/Shanghai","type":"STRING"}],"type":"writer"}
2023-07-07 12:26:48.820 [taskGroup-0] INFO  TaskGroupContainer - taskGroup[0] taskId[0] is successed, used[553]ms
2023-07-07 12:26:48.820 [taskGroup-0] INFO  TaskGroupContainer - taskGroup[0] completed it's tasks.
