2023-06-28 14:23:23.141 [main] INFO  MessageSource - JVM TimeZone: GMT+08:00, Locale: zh_CN
2023-06-28 14:23:23.145 [main] INFO  MessageSource - use Locale: zh_CN timeZone: sun.util.calendar.ZoneInfo[id="GMT+08:00",offset=28800000,dstSavings=0,useDaylight=false,transitions=0,lastRule=null]
2023-06-28 14:23:23.174 [main] INFO  VMInfo - VMInfo# operatingSystem class => sun.management.OperatingSystemImpl
2023-06-28 14:23:23.182 [main] INFO  Engine - the machine info  => 

	osInfo:	Oracle Corporation 1.8 25.192-b12
	jvmInfo:	Windows 10 amd64 10.0
	cpu num:	16

	totalPhysicalMemory:	-0.00G
	freePhysicalMemory:	-0.00G
	maxFileDescriptorCount:	-1
	currentOpenFileDescriptorCount:	-1

	GC Names	[PS MarkSweep, PS Scavenge]

	MEMORY_NAME                    | allocation_size                | init_size                      
	PS Eden Space                  | 256.00MB                       | 256.00MB                       
	Code Cache                     | 240.00MB                       | 2.44MB                         
	Compressed Class Space         | 1,024.00MB                     | 0.00MB                         
	PS Survivor Space              | 42.50MB                        | 42.50MB                        
	PS Old Gen                     | 683.00MB                       | 683.00MB                       
	Metaspace                      | -0.00MB                        | 0.00MB                         


2023-06-28 14:23:23.210 [main] INFO  Engine - 
{
	"content":[
		{
			"reader":{
				"name":"sqlserverreader",
				"parameter":{
					"column":[
						"ID_TYPE",
						"ID_CODE",
						"USER_TYPE",
						"CUST_CODE",
						"OP_CODE",
						"CUST_INFO",
						"OPER_TIME",
						"SURVEY_FIELD_INFO",
						"CUST_FNAME"
					],
					"connection":[
						{
							"jdbcUrl":[
								"jdbc:sqlserver://192.168.203.130:1433;DatabaseName=YGT;"
							],
							"table":[
								"KSCS_BUSI_CUST_INFO"
							]
						}
					],
					"password":"***********",
					"splitPk":"",
					"username":"sa"
				}
			},
			"writer":{
				"name":"sqlserverwriter",
				"parameter":{
					"column":[
						"ID_TYPE",
						"ID_CODE",
						"USER_TYPE",
						"CUST_CODE",
						"OP_CODE",
						"CUST_INFO",
						"OPER_TIME",
						"SURVEY_FIELD_INFO",
						"CUST_FNAME"
					],
					"connection":[
						{
							"jdbcUrl":"jdbc:sqlserver://192.168.203.129:1433;DatabaseName=YGT;",
							"table":[
								"KSCS_BUSI_CUST_INFO"
							]
						}
					],
					"password":"***********",
					"preSql":[
						"TRUNCATE TABLE KSCS_BUSI_CUST_INFO"
					],
					"username":"sa"
				}
			}
		}
	],
	"setting":{
		"errorLimit":{
			"record":0
		},
		"speed":{
			"channel":20
		}
	}
}

2023-06-28 14:23:23.231 [main] WARN  Engine - prioriy set to 0, because NumberFormatException, the value is: null
2023-06-28 14:23:23.232 [main] INFO  PerfTrace - PerfTrace traceId=job_-1, isEnable=false, priority=0
2023-06-28 14:23:23.232 [main] INFO  JobContainer - DataX jobContainer starts job.
2023-06-28 14:23:23.233 [main] INFO  JobContainer - Set jobId = 0
2023-06-28 14:23:30.178 [job-0] INFO  OriginalConfPretreatmentUtil - Available jdbcUrl:jdbc:sqlserver://192.168.203.130:1433;DatabaseName=YGT;.
2023-06-28 14:23:30.231 [job-0] INFO  OriginalConfPretreatmentUtil - table:[KSCS_BUSI_CUST_INFO] has columns:[ID_TYPE,ID_CODE,USER_TYPE,CUST_CODE,OP_CODE,CUST_INFO,OPER_TIME,SURVEY_FIELD_INFO,CUST_FNAME].
2023-06-28 14:23:45.543 [job-0] ERROR RetryUtil - Exception when calling callable, 异常Msg:Code:[DBUtilErrorCode-10], Description:[连接数据库失败. 请检查您的 账号、密码、数据库名称、IP、Port或者向 DBA 寻求帮助(注意网络环境).].  -  具体错误信息为：com.microsoft.sqlserver.jdbc.SQLServerException: 通过端口 1433 连接到主机 192.168.203.129 的 TCP/IP 连接失败。错误:“驱动程序收到意外的登录前响应。请验证连接属性，并检查 SQL Server 的实例正在主机上运行，且在此端口接受 TCP/IP 连接。该驱动程序只能与 SQL Server 2000 或更高版本一起使用。”。 ClientConnectionId:70a4261d-3c2c-4b8e-ad9d-ef587c602506
com.alibaba.datax.common.exception.DataXException: Code:[DBUtilErrorCode-10], Description:[连接数据库失败. 请检查您的 账号、密码、数据库名称、IP、Port或者向 DBA 寻求帮助(注意网络环境).].  -  具体错误信息为：com.microsoft.sqlserver.jdbc.SQLServerException: 通过端口 1433 连接到主机 192.168.203.129 的 TCP/IP 连接失败。错误:“驱动程序收到意外的登录前响应。请验证连接属性，并检查 SQL Server 的实例正在主机上运行，且在此端口接受 TCP/IP 连接。该驱动程序只能与 SQL Server 2000 或更高版本一起使用。”。 ClientConnectionId:70a4261d-3c2c-4b8e-ad9d-ef587c602506
	at com.alibaba.datax.common.exception.DataXException.asDataXException(DataXException.java:30) ~[datax-common-0.0.1-SNAPSHOT.jar:na]
	at com.alibaba.datax.plugin.rdbms.util.RdbmsException.asConnException(RdbmsException.java:36) ~[plugin-rdbms-util-0.0.1-SNAPSHOT.jar:na]
	at com.alibaba.datax.plugin.rdbms.util.DBUtil.connect(DBUtil.java:397) [plugin-rdbms-util-0.0.1-SNAPSHOT.jar:na]
	at com.alibaba.datax.plugin.rdbms.util.DBUtil.connect(DBUtil.java:387) [plugin-rdbms-util-0.0.1-SNAPSHOT.jar:na]
	at com.alibaba.datax.plugin.rdbms.util.DBUtil.access$000(DBUtil.java:22) [plugin-rdbms-util-0.0.1-SNAPSHOT.jar:na]
	at com.alibaba.datax.plugin.rdbms.util.DBUtil$3.call(DBUtil.java:322) ~[plugin-rdbms-util-0.0.1-SNAPSHOT.jar:na]
	at com.alibaba.datax.plugin.rdbms.util.DBUtil$3.call(DBUtil.java:319) ~[plugin-rdbms-util-0.0.1-SNAPSHOT.jar:na]
	at com.alibaba.datax.common.util.RetryUtil$Retry.call(RetryUtil.java:164) ~[datax-common-0.0.1-SNAPSHOT.jar:na]
	at com.alibaba.datax.common.util.RetryUtil$Retry.doRetry(RetryUtil.java:111) ~[datax-common-0.0.1-SNAPSHOT.jar:na]
	at com.alibaba.datax.common.util.RetryUtil.executeWithRetry(RetryUtil.java:30) [datax-common-0.0.1-SNAPSHOT.jar:na]
	at com.alibaba.datax.plugin.rdbms.util.DBUtil.getConnection(DBUtil.java:319) [plugin-rdbms-util-0.0.1-SNAPSHOT.jar:na]
	at com.alibaba.datax.plugin.rdbms.util.DBUtil.getConnection(DBUtil.java:303) [plugin-rdbms-util-0.0.1-SNAPSHOT.jar:na]
	at com.alibaba.datax.plugin.rdbms.util.JdbcConnectionFactory.getConnecttion(JdbcConnectionFactory.java:27) [plugin-rdbms-util-0.0.1-SNAPSHOT.jar:na]
	at com.alibaba.datax.plugin.rdbms.writer.util.OriginalConfPretreatmentUtil.dealColumnConf(OriginalConfPretreatmentUtil.java:105) [plugin-rdbms-util-0.0.1-SNAPSHOT.jar:na]
	at com.alibaba.datax.plugin.rdbms.writer.util.OriginalConfPretreatmentUtil.dealColumnConf(OriginalConfPretreatmentUtil.java:140) [plugin-rdbms-util-0.0.1-SNAPSHOT.jar:na]
	at com.alibaba.datax.plugin.rdbms.writer.util.OriginalConfPretreatmentUtil.doPretreatment(OriginalConfPretreatmentUtil.java:35) [plugin-rdbms-util-0.0.1-SNAPSHOT.jar:na]
	at com.alibaba.datax.plugin.rdbms.writer.CommonRdbmsWriter$Job.init(CommonRdbmsWriter.java:41) [plugin-rdbms-util-0.0.1-SNAPSHOT.jar:na]
	at com.alibaba.datax.plugin.writer.sqlserverwriter.SqlServerWriter$Job.init(SqlServerWriter.java:37) [sqlserverwriter-0.0.1-SNAPSHOT.jar:na]
	at com.alibaba.datax.core.job.JobContainer.initJobWriter(JobContainer.java:704) [datax-core-0.0.1-SNAPSHOT.jar:na]
	at com.alibaba.datax.core.job.JobContainer.init(JobContainer.java:304) [datax-core-0.0.1-SNAPSHOT.jar:na]
	at com.alibaba.datax.core.job.JobContainer.start(JobContainer.java:113) [datax-core-0.0.1-SNAPSHOT.jar:na]
	at com.alibaba.datax.core.Engine.start(Engine.java:93) [datax-core-0.0.1-SNAPSHOT.jar:na]
	at com.alibaba.datax.core.Engine.entry(Engine.java:175) [datax-core-0.0.1-SNAPSHOT.jar:na]
	at com.alibaba.datax.core.Engine.main(Engine.java:208) [datax-core-0.0.1-SNAPSHOT.jar:na]
2023-06-28 14:23:46.550 [job-0] ERROR RetryUtil - Exception when calling callable, 即将尝试执行第1次重试.本次重试计划等待[1000]ms,实际等待[1007]ms, 异常Msg:[Code:[DBUtilErrorCode-10], Description:[连接数据库失败. 请检查您的 账号、密码、数据库名称、IP、Port或者向 DBA 寻求帮助(注意网络环境).].  -  具体错误信息为：com.microsoft.sqlserver.jdbc.SQLServerException: 通过端口 1433 连接到主机 192.168.203.129 的 TCP/IP 连接失败。错误:“驱动程序收到意外的登录前响应。请验证连接属性，并检查 SQL Server 的实例正在主机上运行，且在此端口接受 TCP/IP 连接。该驱动程序只能与 SQL Server 2000 或更高版本一起使用。”。 ClientConnectionId:70a4261d-3c2c-4b8e-ad9d-ef587c602506]
