2023-06-28 14:40:46.765 [main] INFO  MessageSource - JVM TimeZone: GMT+08:00, Locale: zh_CN
2023-06-28 14:40:46.767 [main] INFO  MessageSource - use Locale: zh_CN timeZone: sun.util.calendar.ZoneInfo[id="GMT+08:00",offset=28800000,dstSavings=0,useDaylight=false,transitions=0,lastRule=null]
2023-06-28 14:40:46.780 [main] INFO  VMInfo - VMInfo# operatingSystem class => sun.management.OperatingSystemImpl
2023-06-28 14:40:46.787 [main] INFO  Engine - the machine info  => 

	osInfo:	Oracle Corporation 1.8 25.192-b12
	jvmInfo:	Windows 10 amd64 10.0
	cpu num:	16

	totalPhysicalMemory:	-0.00G
	freePhysicalMemory:	-0.00G
	maxFileDescriptorCount:	-1
	currentOpenFileDescriptorCount:	-1

	GC Names	[PS MarkSweep, PS Scavenge]

	MEMORY_NAME                    | allocation_size                | init_size                      
	PS Eden Space                  | 256.00MB                       | 256.00MB                       
	Code Cache                     | 240.00MB                       | 2.44MB                         
	Compressed Class Space         | 1,024.00MB                     | 0.00MB                         
	PS Survivor Space              | 42.50MB                        | 42.50MB                        
	PS Old Gen                     | 683.00MB                       | 683.00MB                       
	Metaspace                      | -0.00MB                        | 0.00MB                         


2023-06-28 14:40:46.802 [main] INFO  Engine - 
{
	"content":[
		{
			"reader":{
				"name":"sqlserverreader",
				"parameter":{
					"column":[
						"BUSI_CODE",
						"REF_BUSI_CODE",
						"COMP_BUSI_MODULE",
						"CUST_TYPE"
					],
					"connection":[
						{
							"jdbcUrl":[
								"jdbc:sqlserver://192.168.203.130:1433;DatabaseName=YGT;"
							],
							"table":[
								"KSCS_COMP_BUSI_CONF"
							]
						}
					],
					"password":"***********",
					"splitPk":"",
					"username":"sa"
				}
			},
			"writer":{
				"name":"sqlserverwriter",
				"parameter":{
					"column":[
						"BUSI_CODE",
						"REF_BUSI_CODE",
						"COMP_BUSI_MODULE",
						"CUST_TYPE"
					],
					"connection":[
						{
							"jdbcUrl":"jdbc:sqlserver://192.168.203.129:1433;DatabaseName=YGT;",
							"table":[
								"KSCS_COMP_BUSI_CONF"
							]
						}
					],
					"password":"***********",
					"preSql":[
						"TRUNCATE TABLE KSCS_COMP_BUSI_CONF"
					],
					"username":"sa"
				}
			}
		}
	],
	"setting":{
		"errorLimit":{
			"record":0
		},
		"speed":{
			"channel":20
		}
	}
}

2023-06-28 14:40:46.819 [main] WARN  Engine - prioriy set to 0, because NumberFormatException, the value is: null
2023-06-28 14:40:46.820 [main] INFO  PerfTrace - PerfTrace traceId=job_-1, isEnable=false, priority=0
2023-06-28 14:40:46.820 [main] INFO  JobContainer - DataX jobContainer starts job.
2023-06-28 14:40:46.822 [main] INFO  JobContainer - Set jobId = 0
2023-06-28 14:40:52.800 [job-0] INFO  OriginalConfPretreatmentUtil - Available jdbcUrl:jdbc:sqlserver://192.168.203.130:1433;DatabaseName=YGT;.
2023-06-28 14:40:52.854 [job-0] INFO  OriginalConfPretreatmentUtil - table:[KSCS_COMP_BUSI_CONF] has columns:[BUSI_CODE,REF_BUSI_CODE,COMP_BUSI_MODULE,CUST_TYPE].
2023-06-28 14:40:52.993 [job-0] INFO  OriginalConfPretreatmentUtil - table:[KSCS_COMP_BUSI_CONF] all columns:[
BUSI_CODE,REF_BUSI_CODE,COMP_BUSI_MODULE,CUST_TYPE
].
2023-06-28 14:40:53.033 [job-0] INFO  OriginalConfPretreatmentUtil - Write data [
INSERT INTO %s (BUSI_CODE,REF_BUSI_CODE,COMP_BUSI_MODULE,CUST_TYPE) VALUES(?,?,?,?)
], which jdbcUrl like:[jdbc:sqlserver://192.168.203.129:1433;DatabaseName=YGT;]
2023-06-28 14:40:53.033 [job-0] INFO  JobContainer - jobContainer starts to do prepare ...
2023-06-28 14:40:53.033 [job-0] INFO  JobContainer - DataX Reader.Job [sqlserverreader] do prepare work .
2023-06-28 14:40:53.033 [job-0] INFO  JobContainer - DataX Writer.Job [sqlserverwriter] do prepare work .
2023-06-28 14:40:53.110 [job-0] INFO  CommonRdbmsWriter$Job - Begin to execute preSqls:[TRUNCATE TABLE KSCS_COMP_BUSI_CONF]. context info:jdbc:sqlserver://192.168.203.129:1433;DatabaseName=YGT;.
2023-06-28 14:40:53.133 [job-0] INFO  JobContainer - jobContainer starts to do split ...
2023-06-28 14:40:53.134 [job-0] INFO  JobContainer - Job set Channel-Number to 20 channels.
2023-06-28 14:40:53.136 [job-0] INFO  JobContainer - DataX Reader.Job [sqlserverreader] splits to [1] tasks.
2023-06-28 14:40:53.136 [job-0] INFO  JobContainer - DataX Writer.Job [sqlserverwriter] splits to [1] tasks.
2023-06-28 14:40:53.149 [job-0] INFO  JobContainer - jobContainer starts to do schedule ...
2023-06-28 14:40:53.151 [job-0] INFO  JobContainer - Scheduler starts [1] taskGroups.
2023-06-28 14:40:53.153 [job-0] INFO  JobContainer - Running by standalone Mode.
2023-06-28 14:40:53.156 [taskGroup-0] INFO  TaskGroupContainer - taskGroupId=[0] start [1] channels for [1] tasks.
2023-06-28 14:40:53.159 [taskGroup-0] INFO  Channel - Channel set byte_speed_limit to -1, No bps activated.
2023-06-28 14:40:53.159 [taskGroup-0] INFO  Channel - Channel set record_speed_limit to -1, No tps activated.
2023-06-28 14:40:53.166 [taskGroup-0] INFO  TaskGroupContainer - taskGroup[0] taskId[0] attemptCount[1] is started
2023-06-28 14:40:53.169 [0-0-0-reader] INFO  CommonRdbmsReader$Task - Begin to read record by Sql: [select BUSI_CODE,REF_BUSI_CODE,COMP_BUSI_MODULE,CUST_TYPE from KSCS_COMP_BUSI_CONF 
] jdbcUrl:[jdbc:sqlserver://192.168.203.130:1433;DatabaseName=YGT;].
2023-06-28 14:40:53.186 [0-0-0-reader] INFO  CommonRdbmsReader$Task - Finished read record by Sql: [select BUSI_CODE,REF_BUSI_CODE,COMP_BUSI_MODULE,CUST_TYPE from KSCS_COMP_BUSI_CONF 
] jdbcUrl:[jdbc:sqlserver://192.168.203.130:1433;DatabaseName=YGT;].
2023-06-28 14:40:53.494 [taskGroup-0] INFO  TaskGroupContainer - taskGroup[0] taskId[0] is successed, used[329]ms
2023-06-28 14:40:53.494 [taskGroup-0] INFO  TaskGroupContainer - taskGroup[0] completed it's tasks.
2023-06-28 14:41:03.174 [job-0] INFO  StandAloneJobContainerCommunicator - Total 2 records, 45 bytes | Speed 4B/s, 0 records/s | Error 0 records, 0 bytes |  All Task WaitWriterTime 0.000s |  All Task WaitReaderTime 0.000s | Percentage 100.00%
2023-06-28 14:41:03.174 [job-0] INFO  AbstractScheduler - Scheduler accomplished all tasks.
2023-06-28 14:41:03.174 [job-0] INFO  JobContainer - DataX Writer.Job [sqlserverwriter] do post work.
2023-06-28 14:41:03.174 [job-0] INFO  JobContainer - DataX Reader.Job [sqlserverreader] do post work.
2023-06-28 14:41:03.174 [job-0] INFO  JobContainer - DataX jobId [0] completed successfully.
2023-06-28 14:41:03.175 [job-0] INFO  HookInvoker - No hook invoked, because base dir not exists or is a file: C:\Users\xT\PycharmProjects\Migration\datax\hook
2023-06-28 14:41:03.176 [job-0] INFO  JobContainer - 
	 [total cpu info] => 
		averageCpu                     | maxDeltaCpu                    | minDeltaCpu                    
		-1.00%                         | -1.00%                         | -1.00%
                        

	 [total gc info] => 
		 NAME                 | totalGCCount       | maxDeltaGCCount    | minDeltaGCCount    | totalGCTime        | maxDeltaGCTime     | minDeltaGCTime     
		 PS MarkSweep         | 0                  | 0                  | 0                  | 0.000s             | 0.000s             | 0.000s             
		 PS Scavenge          | 0                  | 0                  | 0                  | 0.000s             | 0.000s             | 0.000s             

2023-06-28 14:41:03.176 [job-0] INFO  JobContainer - PerfTrace not enable!
2023-06-28 14:41:03.176 [job-0] INFO  StandAloneJobContainerCommunicator - Total 2 records, 45 bytes | Speed 4B/s, 0 records/s | Error 0 records, 0 bytes |  All Task WaitWriterTime 0.000s |  All Task WaitReaderTime 0.000s | Percentage 100.00%
2023-06-28 14:41:03.177 [job-0] INFO  JobContainer - 
任务启动时刻                    : 2023-06-28 14:40:46
任务结束时刻                    : 2023-06-28 14:41:03
任务总计耗时                    :                 16s
任务平均流量                    :                4B/s
记录写入速度                    :              0rec/s
读出记录总数                    :                   2
读写失败总数                    :                   0

