2023-06-28 14:09:19.417 [main] INFO  MessageSource - JVM TimeZone: GMT+08:00, Locale: zh_CN
2023-06-28 14:09:19.420 [main] INFO  MessageSource - use Locale: zh_CN timeZone: sun.util.calendar.ZoneInfo[id="GMT+08:00",offset=28800000,dstSavings=0,useDaylight=false,transitions=0,lastRule=null]
2023-06-28 14:09:19.434 [main] INFO  VMInfo - VMInfo# operatingSystem class => sun.management.OperatingSystemImpl
2023-06-28 14:09:19.452 [main] INFO  Engine - the machine info  => 

	osInfo:	Oracle Corporation 1.8 25.192-b12
	jvmInfo:	Windows 10 amd64 10.0
	cpu num:	16

	totalPhysicalMemory:	-0.00G
	freePhysicalMemory:	-0.00G
	maxFileDescriptorCount:	-1
	currentOpenFileDescriptorCount:	-1

	GC Names	[PS MarkSweep, PS Scavenge]

	MEMORY_NAME                    | allocation_size                | init_size                      
	PS Eden Space                  | 256.00MB                       | 256.00MB                       
	Code Cache                     | 240.00MB                       | 2.44MB                         
	Compressed Class Space         | 1,024.00MB                     | 0.00MB                         
	PS Survivor Space              | 42.50MB                        | 42.50MB                        
	PS Old Gen                     | 683.00MB                       | 683.00MB                       
	Metaspace                      | -0.00MB                        | 0.00MB                         


2023-06-28 14:09:19.499 [main] INFO  Engine - 
{
	"content":[
		{
			"reader":{
				"name":"sqlserverreader",
				"parameter":{
					"column":[
						"B_SNO",
						"CUST_CODE",
						"CUACCT_CODE",
						"CUST_FNAME",
						"ID_TYPE",
						"ID_CODE",
						"USER_TYPE",
						"OPER_TIME",
						"VISIT_NAME",
						"VISIT_TYPE",
						"VISIT_MOBILE",
						"VISIT_STATUS",
						"REMARK"
					],
					"connection":[
						{
							"jdbcUrl":[
								"jdbc:sqlserver://192.168.203.130:1433;DatabaseName=YGT;"
							],
							"table":[
								"KSCS_BUSI_VISIT_DATA"
							]
						}
					],
					"password":"***********",
					"splitPk":"",
					"username":"sa"
				}
			},
			"writer":{
				"name":"sqlserverwriter",
				"parameter":{
					"column":[
						"B_SNO",
						"CUST_CODE",
						"CUACCT_CODE",
						"CUST_FNAME",
						"ID_TYPE",
						"ID_CODE",
						"USER_TYPE",
						"OPER_TIME",
						"VISIT_NAME",
						"VISIT_TYPE",
						"VISIT_MOBILE",
						"VISIT_STATUS",
						"REMARK"
					],
					"connection":[
						{
							"jdbcUrl":"jdbc:sqlserver://192.168.203.129:1433;DatabaseName=YGT;",
							"table":[
								"KSCS_BUSI_VISIT_DATA"
							]
						}
					],
					"password":"***********",
					"preSql":[
						"TRUNCATE TABLE KSCS_BUSI_VISIT_DATA"
					],
					"username":"sa"
				}
			}
		}
	],
	"setting":{
		"errorLimit":{
			"record":0
		},
		"speed":{
			"channel":20
		}
	}
}

2023-06-28 14:09:19.524 [main] WARN  Engine - prioriy set to 0, because NumberFormatException, the value is: null
2023-06-28 14:09:19.526 [main] INFO  PerfTrace - PerfTrace traceId=job_-1, isEnable=false, priority=0
2023-06-28 14:09:19.527 [main] INFO  JobContainer - DataX jobContainer starts job.
2023-06-28 14:09:19.531 [main] INFO  JobContainer - Set jobId = 0
2023-06-28 14:09:25.996 [job-0] INFO  OriginalConfPretreatmentUtil - Available jdbcUrl:jdbc:sqlserver://192.168.203.130:1433;DatabaseName=YGT;.
2023-06-28 14:09:26.101 [job-0] INFO  OriginalConfPretreatmentUtil - table:[KSCS_BUSI_VISIT_DATA] has columns:[B_SNO,CUST_CODE,CUACCT_CODE,CUST_FNAME,ID_TYPE,ID_CODE,USER_TYPE,OPER_TIME,VISIT_NAME,VISIT_TYPE,VISIT_MOBILE,VISIT_STATUS,REMARK].
2023-06-28 14:09:26.324 [job-0] INFO  OriginalConfPretreatmentUtil - table:[KSCS_BUSI_VISIT_DATA] all columns:[
B_SNO,CUST_CODE,CUACCT_CODE,CUST_FNAME,ID_TYPE,ID_CODE,USER_TYPE,OPER_TIME,VISIT_NAME,VISIT_TYPE,VISIT_MOBILE,VISIT_STATUS,REMARK
].
2023-06-28 14:09:26.368 [job-0] INFO  OriginalConfPretreatmentUtil - Write data [
INSERT INTO %s (B_SNO,CUST_CODE,CUACCT_CODE,CUST_FNAME,ID_TYPE,ID_CODE,USER_TYPE,OPER_TIME,VISIT_NAME,VISIT_TYPE,VISIT_MOBILE,VISIT_STATUS,REMARK) VALUES(?,?,?,?,?,?,?,?,?,?,?,?,?)
], which jdbcUrl like:[jdbc:sqlserver://192.168.203.129:1433;DatabaseName=YGT;]
2023-06-28 14:09:26.369 [job-0] INFO  JobContainer - jobContainer starts to do prepare ...
2023-06-28 14:09:26.369 [job-0] INFO  JobContainer - DataX Reader.Job [sqlserverreader] do prepare work .
2023-06-28 14:09:26.369 [job-0] INFO  JobContainer - DataX Writer.Job [sqlserverwriter] do prepare work .
2023-06-28 14:09:26.396 [job-0] INFO  CommonRdbmsWriter$Job - Begin to execute preSqls:[TRUNCATE TABLE KSCS_BUSI_VISIT_DATA]. context info:jdbc:sqlserver://192.168.203.129:1433;DatabaseName=YGT;.
2023-06-28 14:09:26.428 [job-0] INFO  JobContainer - jobContainer starts to do split ...
2023-06-28 14:09:26.428 [job-0] INFO  JobContainer - Job set Channel-Number to 20 channels.
2023-06-28 14:09:26.431 [job-0] INFO  JobContainer - DataX Reader.Job [sqlserverreader] splits to [1] tasks.
2023-06-28 14:09:26.432 [job-0] INFO  JobContainer - DataX Writer.Job [sqlserverwriter] splits to [1] tasks.
2023-06-28 14:09:26.460 [job-0] INFO  JobContainer - jobContainer starts to do schedule ...
2023-06-28 14:09:26.463 [job-0] INFO  JobContainer - Scheduler starts [1] taskGroups.
2023-06-28 14:09:26.465 [job-0] INFO  JobContainer - Running by standalone Mode.
2023-06-28 14:09:26.474 [taskGroup-0] INFO  TaskGroupContainer - taskGroupId=[0] start [1] channels for [1] tasks.
2023-06-28 14:09:26.480 [taskGroup-0] INFO  Channel - Channel set byte_speed_limit to -1, No bps activated.
2023-06-28 14:09:26.480 [taskGroup-0] INFO  Channel - Channel set record_speed_limit to -1, No tps activated.
2023-06-28 14:09:26.499 [taskGroup-0] INFO  TaskGroupContainer - taskGroup[0] taskId[0] attemptCount[1] is started
2023-06-28 14:09:26.505 [0-0-0-reader] INFO  CommonRdbmsReader$Task - Begin to read record by Sql: [select B_SNO,CUST_CODE,CUACCT_CODE,CUST_FNAME,ID_TYPE,ID_CODE,USER_TYPE,OPER_TIME,VISIT_NAME,VISIT_TYPE,VISIT_MOBILE,VISIT_STATUS,REMARK from KSCS_BUSI_VISIT_DATA 
] jdbcUrl:[jdbc:sqlserver://192.168.203.130:1433;DatabaseName=YGT;].
2023-06-28 14:09:26.550 [0-0-0-reader] INFO  CommonRdbmsReader$Task - Finished read record by Sql: [select B_SNO,CUST_CODE,CUACCT_CODE,CUST_FNAME,ID_TYPE,ID_CODE,USER_TYPE,OPER_TIME,VISIT_NAME,VISIT_TYPE,VISIT_MOBILE,VISIT_STATUS,REMARK from KSCS_BUSI_VISIT_DATA 
] jdbcUrl:[jdbc:sqlserver://192.168.203.130:1433;DatabaseName=YGT;].
2023-06-28 14:09:36.515 [job-0] INFO  StandAloneJobContainerCommunicator - Total 0 records, 0 bytes | Speed 0B/s, 0 records/s | Error 0 records, 0 bytes |  All Task WaitWriterTime 0.000s |  All Task WaitReaderTime 0.000s | Percentage 0.00%
