2023-06-28 11:27:08.226 [main] INFO  MessageSource - JVM TimeZone: GMT+08:00, Locale: zh_CN
2023-06-28 11:27:08.232 [main] INFO  MessageSource - use Locale: zh_CN timeZone: sun.util.calendar.ZoneInfo[id="GMT+08:00",offset=28800000,dstSavings=0,useDaylight=false,transitions=0,lastRule=null]
2023-06-28 11:27:08.247 [main] INFO  VMInfo - VMInfo# operatingSystem class => sun.management.OperatingSystemImpl
2023-06-28 11:27:08.253 [main] INFO  Engine - the machine info  => 

	osInfo:	Oracle Corporation 1.8 25.192-b12
	jvmInfo:	Windows 10 amd64 10.0
	cpu num:	16

	totalPhysicalMemory:	-0.00G
	freePhysicalMemory:	-0.00G
	maxFileDescriptorCount:	-1
	currentOpenFileDescriptorCount:	-1

	GC Names	[PS MarkSweep, PS Scavenge]

	MEMORY_NAME                    | allocation_size                | init_size                      
	PS Eden Space                  | 256.00MB                       | 256.00MB                       
	Code Cache                     | 240.00MB                       | 2.44MB                         
	Compressed Class Space         | 1,024.00MB                     | 0.00MB                         
	PS Survivor Space              | 42.50MB                        | 42.50MB                        
	PS Old Gen                     | 683.00MB                       | 683.00MB                       
	Metaspace                      | -0.00MB                        | 0.00MB                         


2023-06-28 11:27:08.268 [main] INFO  Engine - 
{
	"content":[
		{
			"reader":{
				"name":"sqlserverreader",
				"parameter":{
					"column":[
						"B_SNO",
						"CUST_CODE",
						"CUACCT_CODE",
						"CUST_FNAME",
						"ID_TYPE",
						"ID_CODE",
						"USER_TYPE",
						"OPER_TIME",
						"VISIT_NAME",
						"VISIT_TYPE",
						"VISIT_MOBILE",
						"VISIT_STATUS",
						"REMARK"
					],
					"connection":[
						{
							"jdbcUrl":[
								"jdbc:sqlserver://192.168.203.130:1433;DatabaseName=YGT;"
							],
							"table":[
								"KSCS_BUSI_VISIT_DATA"
							]
						}
					],
					"password":"***********",
					"splitPk":"",
					"username":"sa"
				}
			},
			"writer":{
				"name":"sqlserverwriter",
				"parameter":{
					"column":[
						"B_SNO",
						"CUST_CODE",
						"CUACCT_CODE",
						"CUST_FNAME",
						"ID_TYPE",
						"ID_CODE",
						"USER_TYPE",
						"OPER_TIME",
						"VISIT_NAME",
						"VISIT_TYPE",
						"VISIT_MOBILE",
						"VISIT_STATUS",
						"REMARK"
					],
					"connection":[
						{
							"jdbcUrl":"jdbc:sqlserver://192.168.203.129:1433;DatabaseName=YGT;",
							"table":[
								"KSCS_BUSI_VISIT_DATA"
							]
						}
					],
					"password":"***********",
					"preSql":[
						"TRUNCATE TABLE KSCS_BUSI_VISIT_DATA"
					],
					"username":"sa"
				}
			}
		}
	],
	"setting":{
		"errorLimit":{
			"record":0
		},
		"speed":{
			"channel":20
		}
	}
}

2023-06-28 11:27:08.282 [main] WARN  Engine - prioriy set to 0, because NumberFormatException, the value is: null
2023-06-28 11:27:08.283 [main] INFO  PerfTrace - PerfTrace traceId=job_-1, isEnable=false, priority=0
2023-06-28 11:27:08.283 [main] INFO  JobContainer - DataX jobContainer starts job.
2023-06-28 11:27:08.285 [main] INFO  JobContainer - Set jobId = 0
2023-06-28 11:27:14.261 [job-0] INFO  OriginalConfPretreatmentUtil - Available jdbcUrl:jdbc:sqlserver://192.168.203.130:1433;DatabaseName=YGT;.
2023-06-28 11:27:14.306 [job-0] INFO  OriginalConfPretreatmentUtil - table:[KSCS_BUSI_VISIT_DATA] has columns:[B_SNO,CUST_CODE,CUACCT_CODE,CUST_FNAME,ID_TYPE,ID_CODE,USER_TYPE,OPER_TIME,VISIT_NAME,VISIT_TYPE,VISIT_MOBILE,VISIT_STATUS,REMARK].
2023-06-28 11:27:14.491 [job-0] INFO  OriginalConfPretreatmentUtil - table:[KSCS_BUSI_VISIT_DATA] all columns:[
B_SNO,CUST_CODE,CUACCT_CODE,CUST_FNAME,ID_TYPE,ID_CODE,USER_TYPE,OPER_TIME,VISIT_NAME,VISIT_TYPE,VISIT_MOBILE,VISIT_STATUS,REMARK
].
2023-06-28 11:27:14.577 [job-0] INFO  OriginalConfPretreatmentUtil - Write data [
INSERT INTO %s (B_SNO,CUST_CODE,CUACCT_CODE,CUST_FNAME,ID_TYPE,ID_CODE,USER_TYPE,OPER_TIME,VISIT_NAME,VISIT_TYPE,VISIT_MOBILE,VISIT_STATUS,REMARK) VALUES(?,?,?,?,?,?,?,?,?,?,?,?,?)
], which jdbcUrl like:[jdbc:sqlserver://192.168.203.129:1433;DatabaseName=YGT;]
2023-06-28 11:27:14.577 [job-0] INFO  JobContainer - jobContainer starts to do prepare ...
2023-06-28 11:27:14.577 [job-0] INFO  JobContainer - DataX Reader.Job [sqlserverreader] do prepare work .
2023-06-28 11:27:14.578 [job-0] INFO  JobContainer - DataX Writer.Job [sqlserverwriter] do prepare work .
2023-06-28 11:27:14.674 [job-0] INFO  CommonRdbmsWriter$Job - Begin to execute preSqls:[TRUNCATE TABLE KSCS_BUSI_VISIT_DATA]. context info:jdbc:sqlserver://192.168.203.129:1433;DatabaseName=YGT;.
2023-06-28 11:27:14.694 [job-0] INFO  JobContainer - jobContainer starts to do split ...
2023-06-28 11:27:14.694 [job-0] INFO  JobContainer - Job set Channel-Number to 20 channels.
2023-06-28 11:27:14.697 [job-0] INFO  JobContainer - DataX Reader.Job [sqlserverreader] splits to [1] tasks.
2023-06-28 11:27:14.697 [job-0] INFO  JobContainer - DataX Writer.Job [sqlserverwriter] splits to [1] tasks.
2023-06-28 11:27:14.713 [job-0] INFO  JobContainer - jobContainer starts to do schedule ...
2023-06-28 11:27:14.716 [job-0] INFO  JobContainer - Scheduler starts [1] taskGroups.
2023-06-28 11:27:14.718 [job-0] INFO  JobContainer - Running by standalone Mode.
2023-06-28 11:27:14.723 [taskGroup-0] INFO  TaskGroupContainer - taskGroupId=[0] start [1] channels for [1] tasks.
2023-06-28 11:27:14.726 [taskGroup-0] INFO  Channel - Channel set byte_speed_limit to -1, No bps activated.
2023-06-28 11:27:14.727 [taskGroup-0] INFO  Channel - Channel set record_speed_limit to -1, No tps activated.
2023-06-28 11:27:14.735 [taskGroup-0] INFO  TaskGroupContainer - taskGroup[0] taskId[0] attemptCount[1] is started
2023-06-28 11:27:14.739 [0-0-0-reader] INFO  CommonRdbmsReader$Task - Begin to read record by Sql: [select B_SNO,CUST_CODE,CUACCT_CODE,CUST_FNAME,ID_TYPE,ID_CODE,USER_TYPE,OPER_TIME,VISIT_NAME,VISIT_TYPE,VISIT_MOBILE,VISIT_STATUS,REMARK from KSCS_BUSI_VISIT_DATA 
] jdbcUrl:[jdbc:sqlserver://192.168.203.130:1433;DatabaseName=YGT;].
2023-06-28 11:27:14.759 [0-0-0-reader] INFO  CommonRdbmsReader$Task - Finished read record by Sql: [select B_SNO,CUST_CODE,CUACCT_CODE,CUST_FNAME,ID_TYPE,ID_CODE,USER_TYPE,OPER_TIME,VISIT_NAME,VISIT_TYPE,VISIT_MOBILE,VISIT_STATUS,REMARK from KSCS_BUSI_VISIT_DATA 
] jdbcUrl:[jdbc:sqlserver://192.168.203.130:1433;DatabaseName=YGT;].
2023-06-28 11:27:15.058 [taskGroup-0] INFO  TaskGroupContainer - taskGroup[0] taskId[0] is successed, used[323]ms
2023-06-28 11:27:15.059 [taskGroup-0] INFO  TaskGroupContainer - taskGroup[0] completed it's tasks.
2023-06-28 11:27:24.744 [job-0] INFO  StandAloneJobContainerCommunicator - Total 1 records, 80 bytes | Speed 8B/s, 0 records/s | Error 0 records, 0 bytes |  All Task WaitWriterTime 0.000s |  All Task WaitReaderTime 0.000s | Percentage 100.00%
2023-06-28 11:27:24.744 [job-0] INFO  AbstractScheduler - Scheduler accomplished all tasks.
2023-06-28 11:27:24.744 [job-0] INFO  JobContainer - DataX Writer.Job [sqlserverwriter] do post work.
2023-06-28 11:27:24.744 [job-0] INFO  JobContainer - DataX Reader.Job [sqlserverreader] do post work.
2023-06-28 11:27:24.744 [job-0] INFO  JobContainer - DataX jobId [0] completed successfully.
2023-06-28 11:27:24.745 [job-0] INFO  HookInvoker - No hook invoked, because base dir not exists or is a file: C:\Users\xT\PycharmProjects\Migration\datax\hook
2023-06-28 11:27:24.746 [job-0] INFO  JobContainer - 
	 [total cpu info] => 
		averageCpu                     | maxDeltaCpu                    | minDeltaCpu                    
		-1.00%                         | -1.00%                         | -1.00%
                        

	 [total gc info] => 
		 NAME                 | totalGCCount       | maxDeltaGCCount    | minDeltaGCCount    | totalGCTime        | maxDeltaGCTime     | minDeltaGCTime     
		 PS MarkSweep         | 0                  | 0                  | 0                  | 0.000s             | 0.000s             | 0.000s             
		 PS Scavenge          | 0                  | 0                  | 0                  | 0.000s             | 0.000s             | 0.000s             

2023-06-28 11:27:24.746 [job-0] INFO  JobContainer - PerfTrace not enable!
2023-06-28 11:27:24.747 [job-0] INFO  StandAloneJobContainerCommunicator - Total 1 records, 80 bytes | Speed 8B/s, 0 records/s | Error 0 records, 0 bytes |  All Task WaitWriterTime 0.000s |  All Task WaitReaderTime 0.000s | Percentage 100.00%
2023-06-28 11:27:24.747 [job-0] INFO  JobContainer - 
任务启动时刻                    : 2023-06-28 11:27:08
任务结束时刻                    : 2023-06-28 11:27:24
任务总计耗时                    :                 16s
任务平均流量                    :                8B/s
记录写入速度                    :              0rec/s
读出记录总数                    :                   1
读写失败总数                    :                   0

