2023-06-28 14:33:32.830 [main] INFO  MessageSource - JVM TimeZone: GMT+08:00, Locale: zh_CN
2023-06-28 14:33:32.832 [main] INFO  MessageSource - use Locale: zh_CN timeZone: sun.util.calendar.ZoneInfo[id="GMT+08:00",offset=28800000,dstSavings=0,useDaylight=false,transitions=0,lastRule=null]
2023-06-28 14:33:32.845 [main] INFO  VMInfo - VMInfo# operatingSystem class => sun.management.OperatingSystemImpl
2023-06-28 14:33:32.852 [main] INFO  Engine - the machine info  => 

	osInfo:	Oracle Corporation 1.8 25.192-b12
	jvmInfo:	Windows 10 amd64 10.0
	cpu num:	16

	totalPhysicalMemory:	-0.00G
	freePhysicalMemory:	-0.00G
	maxFileDescriptorCount:	-1
	currentOpenFileDescriptorCount:	-1

	GC Names	[PS MarkSweep, PS Scavenge]

	MEMORY_NAME                    | allocation_size                | init_size                      
	PS Eden Space                  | 256.00MB                       | 256.00MB                       
	Code Cache                     | 240.00MB                       | 2.44MB                         
	Compressed Class Space         | 1,024.00MB                     | 0.00MB                         
	PS Survivor Space              | 42.50MB                        | 42.50MB                        
	PS Old Gen                     | 683.00MB                       | 683.00MB                       
	Metaspace                      | -0.00MB                        | 0.00MB                         


2023-06-28 14:33:32.869 [main] INFO  Engine - 
{
	"content":[
		{
			"reader":{
				"name":"sqlserverreader",
				"parameter":{
					"column":[
						"BUSI_CODE",
						"USER_TYPE",
						"NODE_NAME",
						"NODE_ID",
						"NODE_FIELD",
						"MODULE_ROUTE",
						"MODULE_NAME",
						"MODULE_IDS",
						"COMP_BUSI_MODULE",
						"OPP_BUSI_GUIDE",
						"NODE_ORD"
					],
					"connection":[
						{
							"jdbcUrl":[
								"jdbc:sqlserver://192.168.203.130:1433;DatabaseName=YGT;"
							],
							"table":[
								"KSCS_BUSI_ROUTE_CONF"
							]
						}
					],
					"password":"***********",
					"splitPk":"",
					"username":"sa"
				}
			},
			"writer":{
				"name":"sqlserverwriter",
				"parameter":{
					"column":[
						"BUSI_CODE",
						"USER_TYPE",
						"NODE_NAME",
						"NODE_ID",
						"NODE_FIELD",
						"MODULE_ROUTE",
						"MODULE_NAME",
						"MODULE_IDS",
						"COMP_BUSI_MODULE",
						"OPP_BUSI_GUIDE",
						"NODE_ORD"
					],
					"connection":[
						{
							"jdbcUrl":"jdbc:sqlserver://192.168.203.129:1433;DatabaseName=YGT;",
							"table":[
								"KSCS_BUSI_ROUTE_CONF"
							]
						}
					],
					"password":"***********",
					"preSql":[
						"TRUNCATE TABLE KSCS_BUSI_ROUTE_CONF"
					],
					"username":"sa"
				}
			}
		}
	],
	"setting":{
		"errorLimit":{
			"record":0
		},
		"speed":{
			"channel":20
		}
	}
}

2023-06-28 14:33:32.883 [main] WARN  Engine - prioriy set to 0, because NumberFormatException, the value is: null
2023-06-28 14:33:32.885 [main] INFO  PerfTrace - PerfTrace traceId=job_-1, isEnable=false, priority=0
2023-06-28 14:33:32.885 [main] INFO  JobContainer - DataX jobContainer starts job.
2023-06-28 14:33:32.887 [main] INFO  JobContainer - Set jobId = 0
2023-06-28 14:33:38.848 [job-0] INFO  OriginalConfPretreatmentUtil - Available jdbcUrl:jdbc:sqlserver://192.168.203.130:1433;DatabaseName=YGT;.
2023-06-28 14:33:38.893 [job-0] INFO  OriginalConfPretreatmentUtil - table:[KSCS_BUSI_ROUTE_CONF] has columns:[BUSI_CODE,USER_TYPE,NODE_NAME,NODE_ID,NODE_FIELD,MODULE_ROUTE,MODULE_NAME,MODULE_IDS,COMP_BUSI_MODULE,OPP_BUSI_GUIDE,NODE_ORD].
2023-06-28 14:33:39.079 [job-0] INFO  OriginalConfPretreatmentUtil - table:[KSCS_BUSI_ROUTE_CONF] all columns:[
BUSI_CODE,USER_TYPE,NODE_NAME,NODE_ID,NODE_FIELD,MODULE_ROUTE,MODULE_NAME,MODULE_IDS,COMP_BUSI_MODULE,OPP_BUSI_GUIDE,NODE_ORD
].
2023-06-28 14:33:39.155 [job-0] INFO  OriginalConfPretreatmentUtil - Write data [
INSERT INTO %s (BUSI_CODE,USER_TYPE,NODE_NAME,NODE_ID,NODE_FIELD,MODULE_ROUTE,MODULE_NAME,MODULE_IDS,COMP_BUSI_MODULE,OPP_BUSI_GUIDE,NODE_ORD) VALUES(?,?,?,?,?,?,?,?,?,?,?)
], which jdbcUrl like:[jdbc:sqlserver://192.168.203.129:1433;DatabaseName=YGT;]
2023-06-28 14:33:39.156 [job-0] INFO  JobContainer - jobContainer starts to do prepare ...
2023-06-28 14:33:39.156 [job-0] INFO  JobContainer - DataX Reader.Job [sqlserverreader] do prepare work .
2023-06-28 14:33:39.156 [job-0] INFO  JobContainer - DataX Writer.Job [sqlserverwriter] do prepare work .
2023-06-28 14:33:39.226 [job-0] INFO  CommonRdbmsWriter$Job - Begin to execute preSqls:[TRUNCATE TABLE KSCS_BUSI_ROUTE_CONF]. context info:jdbc:sqlserver://192.168.203.129:1433;DatabaseName=YGT;.
2023-06-28 14:33:39.231 [job-0] INFO  JobContainer - jobContainer starts to do split ...
2023-06-28 14:33:39.231 [job-0] INFO  JobContainer - Job set Channel-Number to 20 channels.
2023-06-28 14:33:39.234 [job-0] INFO  JobContainer - DataX Reader.Job [sqlserverreader] splits to [1] tasks.
2023-06-28 14:33:39.235 [job-0] INFO  JobContainer - DataX Writer.Job [sqlserverwriter] splits to [1] tasks.
2023-06-28 14:33:39.251 [job-0] INFO  JobContainer - jobContainer starts to do schedule ...
2023-06-28 14:33:39.254 [job-0] INFO  JobContainer - Scheduler starts [1] taskGroups.
2023-06-28 14:33:39.255 [job-0] INFO  JobContainer - Running by standalone Mode.
2023-06-28 14:33:39.263 [taskGroup-0] INFO  TaskGroupContainer - taskGroupId=[0] start [1] channels for [1] tasks.
2023-06-28 14:33:39.267 [taskGroup-0] INFO  Channel - Channel set byte_speed_limit to -1, No bps activated.
2023-06-28 14:33:39.267 [taskGroup-0] INFO  Channel - Channel set record_speed_limit to -1, No tps activated.
2023-06-28 14:33:39.279 [taskGroup-0] INFO  TaskGroupContainer - taskGroup[0] taskId[0] attemptCount[1] is started
2023-06-28 14:33:39.284 [0-0-0-reader] INFO  CommonRdbmsReader$Task - Begin to read record by Sql: [select BUSI_CODE,USER_TYPE,NODE_NAME,NODE_ID,NODE_FIELD,MODULE_ROUTE,MODULE_NAME,MODULE_IDS,COMP_BUSI_MODULE,OPP_BUSI_GUIDE,NODE_ORD from KSCS_BUSI_ROUTE_CONF 
] jdbcUrl:[jdbc:sqlserver://192.168.203.130:1433;DatabaseName=YGT;].
2023-06-28 14:33:39.322 [0-0-0-reader] INFO  CommonRdbmsReader$Task - Finished read record by Sql: [select BUSI_CODE,USER_TYPE,NODE_NAME,NODE_ID,NODE_FIELD,MODULE_ROUTE,MODULE_NAME,MODULE_IDS,COMP_BUSI_MODULE,OPP_BUSI_GUIDE,NODE_ORD from KSCS_BUSI_ROUTE_CONF 
] jdbcUrl:[jdbc:sqlserver://192.168.203.130:1433;DatabaseName=YGT;].
2023-06-28 14:33:39.618 [taskGroup-0] INFO  TaskGroupContainer - taskGroup[0] taskId[0] is successed, used[340]ms
2023-06-28 14:33:39.618 [taskGroup-0] INFO  TaskGroupContainer - taskGroup[0] completed it's tasks.
2023-06-28 14:33:49.276 [job-0] INFO  StandAloneJobContainerCommunicator - Total 212 records, 23846 bytes | Speed 2.33KB/s, 21 records/s | Error 0 records, 0 bytes |  All Task WaitWriterTime 0.000s |  All Task WaitReaderTime 0.000s | Percentage 100.00%
2023-06-28 14:33:49.276 [job-0] INFO  AbstractScheduler - Scheduler accomplished all tasks.
2023-06-28 14:33:49.277 [job-0] INFO  JobContainer - DataX Writer.Job [sqlserverwriter] do post work.
2023-06-28 14:33:49.277 [job-0] INFO  JobContainer - DataX Reader.Job [sqlserverreader] do post work.
2023-06-28 14:33:49.277 [job-0] INFO  JobContainer - DataX jobId [0] completed successfully.
2023-06-28 14:33:49.277 [job-0] INFO  HookInvoker - No hook invoked, because base dir not exists or is a file: C:\Users\xT\PycharmProjects\Migration\datax\hook
2023-06-28 14:33:49.278 [job-0] INFO  JobContainer - 
	 [total cpu info] => 
		averageCpu                     | maxDeltaCpu                    | minDeltaCpu                    
		-1.00%                         | -1.00%                         | -1.00%
                        

	 [total gc info] => 
		 NAME                 | totalGCCount       | maxDeltaGCCount    | minDeltaGCCount    | totalGCTime        | maxDeltaGCTime     | minDeltaGCTime     
		 PS MarkSweep         | 0                  | 0                  | 0                  | 0.000s             | 0.000s             | 0.000s             
		 PS Scavenge          | 0                  | 0                  | 0                  | 0.000s             | 0.000s             | 0.000s             

2023-06-28 14:33:49.279 [job-0] INFO  JobContainer - PerfTrace not enable!
2023-06-28 14:33:49.279 [job-0] INFO  StandAloneJobContainerCommunicator - Total 212 records, 23846 bytes | Speed 2.33KB/s, 21 records/s | Error 0 records, 0 bytes |  All Task WaitWriterTime 0.000s |  All Task WaitReaderTime 0.000s | Percentage 100.00%
2023-06-28 14:33:49.280 [job-0] INFO  JobContainer - 
任务启动时刻                    : 2023-06-28 14:33:32
任务结束时刻                    : 2023-06-28 14:33:49
任务总计耗时                    :                 16s
任务平均流量                    :            2.33KB/s
记录写入速度                    :             21rec/s
读出记录总数                    :                 212
读写失败总数                    :                   0

