2023-06-28 14:09:19.500 [main] INFO  MessageSource - JVM TimeZone: GMT+08:00, Locale: zh_CN
2023-06-28 14:09:19.502 [main] INFO  MessageSource - use Locale: zh_CN timeZone: sun.util.calendar.ZoneInfo[id="GMT+08:00",offset=28800000,dstSavings=0,useDaylight=false,transitions=0,lastRule=null]
2023-06-28 14:09:19.512 [main] INFO  VMInfo - VMInfo# operatingSystem class => sun.management.OperatingSystemImpl
2023-06-28 14:09:19.527 [main] INFO  Engine - the machine info  => 

	osInfo:	Oracle Corporation 1.8 25.192-b12
	jvmInfo:	Windows 10 amd64 10.0
	cpu num:	16

	totalPhysicalMemory:	-0.00G
	freePhysicalMemory:	-0.00G
	maxFileDescriptorCount:	-1
	currentOpenFileDescriptorCount:	-1

	GC Names	[PS MarkSweep, PS Scavenge]

	MEMORY_NAME                    | allocation_size                | init_size                      
	PS Eden Space                  | 256.00MB                       | 256.00MB                       
	Code Cache                     | 240.00MB                       | 2.44MB                         
	Compressed Class Space         | 1,024.00MB                     | 0.00MB                         
	PS Survivor Space              | 42.50MB                        | 42.50MB                        
	PS Old Gen                     | 683.00MB                       | 683.00MB                       
	Metaspace                      | -0.00MB                        | 0.00MB                         


2023-06-28 14:09:19.551 [main] INFO  Engine - 
{
	"content":[
		{
			"reader":{
				"name":"sqlserverreader",
				"parameter":{
					"column":[
						"BUSI_CODE",
						"USER_TYPE",
						"NODE_NAME",
						"NODE_ID",
						"NODE_FIELD",
						"MODULE_ROUTE",
						"MODULE_NAME",
						"MODULE_IDS",
						"COMP_BUSI_MODULE",
						"OPP_BUSI_GUIDE",
						"NODE_ORD"
					],
					"connection":[
						{
							"jdbcUrl":[
								"jdbc:sqlserver://192.168.203.130:1433;DatabaseName=YGT;"
							],
							"table":[
								"KSCS_BUSI_ROUTE_CONF"
							]
						}
					],
					"password":"***********",
					"splitPk":"",
					"username":"sa"
				}
			},
			"writer":{
				"name":"sqlserverwriter",
				"parameter":{
					"column":[
						"BUSI_CODE",
						"USER_TYPE",
						"NODE_NAME",
						"NODE_ID",
						"NODE_FIELD",
						"MODULE_ROUTE",
						"MODULE_NAME",
						"MODULE_IDS",
						"COMP_BUSI_MODULE",
						"OPP_BUSI_GUIDE",
						"NODE_ORD"
					],
					"connection":[
						{
							"jdbcUrl":"jdbc:sqlserver://192.168.203.129:1433;DatabaseName=YGT;",
							"table":[
								"KSCS_BUSI_ROUTE_CONF"
							]
						}
					],
					"password":"***********",
					"preSql":[
						"TRUNCATE TABLE KSCS_BUSI_ROUTE_CONF"
					],
					"username":"sa"
				}
			}
		}
	],
	"setting":{
		"errorLimit":{
			"record":0
		},
		"speed":{
			"channel":20
		}
	}
}

2023-06-28 14:09:19.594 [main] WARN  Engine - prioriy set to 0, because NumberFormatException, the value is: null
2023-06-28 14:09:19.595 [main] INFO  PerfTrace - PerfTrace traceId=job_-1, isEnable=false, priority=0
2023-06-28 14:09:19.595 [main] INFO  JobContainer - DataX jobContainer starts job.
2023-06-28 14:09:19.597 [main] INFO  JobContainer - Set jobId = 0
2023-06-28 14:09:26.200 [job-0] INFO  OriginalConfPretreatmentUtil - Available jdbcUrl:jdbc:sqlserver://192.168.203.130:1433;DatabaseName=YGT;.
2023-06-28 14:09:26.273 [job-0] INFO  OriginalConfPretreatmentUtil - table:[KSCS_BUSI_ROUTE_CONF] has columns:[BUSI_CODE,USER_TYPE,NODE_NAME,NODE_ID,NODE_FIELD,MODULE_ROUTE,MODULE_NAME,MODULE_IDS,COMP_BUSI_MODULE,OPP_BUSI_GUIDE,NODE_ORD].
2023-06-28 14:09:26.563 [job-0] INFO  OriginalConfPretreatmentUtil - table:[KSCS_BUSI_ROUTE_CONF] all columns:[
BUSI_CODE,USER_TYPE,NODE_NAME,NODE_ID,NODE_FIELD,MODULE_ROUTE,MODULE_NAME,MODULE_IDS,COMP_BUSI_MODULE,OPP_BUSI_GUIDE,NODE_ORD
].
