2023-06-28 13:13:13.606 [main] INFO  MessageSource - JVM TimeZone: GMT+08:00, Locale: zh_CN
2023-06-28 13:13:13.608 [main] INFO  MessageSource - use Locale: zh_CN timeZone: sun.util.calendar.ZoneInfo[id="GMT+08:00",offset=28800000,dstSavings=0,useDaylight=false,transitions=0,lastRule=null]
2023-06-28 13:13:13.623 [main] INFO  VMInfo - VMInfo# operatingSystem class => sun.management.OperatingSystemImpl
2023-06-28 13:13:13.630 [main] INFO  Engine - the machine info  => 

	osInfo:	Oracle Corporation 1.8 25.192-b12
	jvmInfo:	Windows 10 amd64 10.0
	cpu num:	16

	totalPhysicalMemory:	-0.00G
	freePhysicalMemory:	-0.00G
	maxFileDescriptorCount:	-1
	currentOpenFileDescriptorCount:	-1

	GC Names	[PS MarkSweep, PS Scavenge]

	MEMORY_NAME                    | allocation_size                | init_size                      
	PS Eden Space                  | 256.00MB                       | 256.00MB                       
	Code Cache                     | 240.00MB                       | 2.44MB                         
	Compressed Class Space         | 1,024.00MB                     | 0.00MB                         
	PS Survivor Space              | 42.50MB                        | 42.50MB                        
	PS Old Gen                     | 683.00MB                       | 683.00MB                       
	Metaspace                      | -0.00MB                        | 0.00MB                         


2023-06-28 13:13:13.645 [main] INFO  Engine - 
{
	"content":[
		{
			"reader":{
				"name":"sqlserverreader",
				"parameter":{
					"column":[
						"CUST_CODE",
						"IDENT_TYPE",
						"IDENT_CODE"
					],
					"connection":[
						{
							"jdbcUrl":[
								"jdbc:sqlserver://192.168.203.130:1433;DatabaseName=YGT;"
							],
							"table":[
								"CIF_CUST_IDENT_INFO"
							]
						}
					],
					"password":"***********",
					"splitPk":"",
					"username":"sa"
				}
			},
			"writer":{
				"name":"sqlserverwriter",
				"parameter":{
					"column":[
						"CUST_CODE",
						"IDENT_TYPE",
						"IDENT_CODE"
					],
					"connection":[
						{
							"jdbcUrl":"jdbc:sqlserver://192.168.203.129:1433;DatabaseName=YGT;",
							"table":[
								"CIF_CUST_IDENT_INFO"
							]
						}
					],
					"password":"***********",
					"preSql":[
						"TRUNCATE TABLE CIF_CUST_IDENT_INFO"
					],
					"username":"sa"
				}
			}
		}
	],
	"setting":{
		"errorLimit":{
			"record":0
		},
		"speed":{
			"channel":20
		}
	}
}

2023-06-28 13:13:13.660 [main] WARN  Engine - prioriy set to 0, because NumberFormatException, the value is: null
2023-06-28 13:13:13.661 [main] INFO  PerfTrace - PerfTrace traceId=job_-1, isEnable=false, priority=0
2023-06-28 13:13:13.661 [main] INFO  JobContainer - DataX jobContainer starts job.
2023-06-28 13:13:13.663 [main] INFO  JobContainer - Set jobId = 0
2023-06-28 13:13:19.520 [job-0] INFO  OriginalConfPretreatmentUtil - Available jdbcUrl:jdbc:sqlserver://192.168.203.130:1433;DatabaseName=YGT;.
2023-06-28 13:13:19.564 [job-0] INFO  OriginalConfPretreatmentUtil - table:[CIF_CUST_IDENT_INFO] has columns:[CUST_CODE,IDENT_TYPE,IDENT_CODE].
2023-06-28 13:13:19.655 [job-0] INFO  OriginalConfPretreatmentUtil - table:[CIF_CUST_IDENT_INFO] all columns:[
CUST_CODE,IDENT_TYPE,IDENT_CODE
].
2023-06-28 13:13:19.664 [job-0] INFO  OriginalConfPretreatmentUtil - Write data [
INSERT INTO %s (CUST_CODE,IDENT_TYPE,IDENT_CODE) VALUES(?,?,?)
], which jdbcUrl like:[jdbc:sqlserver://192.168.203.129:1433;DatabaseName=YGT;]
2023-06-28 13:13:19.664 [job-0] INFO  JobContainer - jobContainer starts to do prepare ...
2023-06-28 13:13:19.665 [job-0] INFO  JobContainer - DataX Reader.Job [sqlserverreader] do prepare work .
2023-06-28 13:13:19.665 [job-0] INFO  JobContainer - DataX Writer.Job [sqlserverwriter] do prepare work .
2023-06-28 13:13:19.673 [job-0] INFO  CommonRdbmsWriter$Job - Begin to execute preSqls:[TRUNCATE TABLE CIF_CUST_IDENT_INFO]. context info:jdbc:sqlserver://192.168.203.129:1433;DatabaseName=YGT;.
2023-06-28 13:13:19.676 [job-0] INFO  JobContainer - jobContainer starts to do split ...
2023-06-28 13:13:19.677 [job-0] INFO  JobContainer - Job set Channel-Number to 20 channels.
2023-06-28 13:13:19.679 [job-0] INFO  JobContainer - DataX Reader.Job [sqlserverreader] splits to [1] tasks.
2023-06-28 13:13:19.679 [job-0] INFO  JobContainer - DataX Writer.Job [sqlserverwriter] splits to [1] tasks.
2023-06-28 13:13:19.693 [job-0] INFO  JobContainer - jobContainer starts to do schedule ...
2023-06-28 13:13:19.696 [job-0] INFO  JobContainer - Scheduler starts [1] taskGroups.
2023-06-28 13:13:19.698 [job-0] INFO  JobContainer - Running by standalone Mode.
2023-06-28 13:13:19.702 [taskGroup-0] INFO  TaskGroupContainer - taskGroupId=[0] start [1] channels for [1] tasks.
2023-06-28 13:13:19.704 [taskGroup-0] INFO  Channel - Channel set byte_speed_limit to -1, No bps activated.
2023-06-28 13:13:19.705 [taskGroup-0] INFO  Channel - Channel set record_speed_limit to -1, No tps activated.
2023-06-28 13:13:19.712 [taskGroup-0] INFO  TaskGroupContainer - taskGroup[0] taskId[0] attemptCount[1] is started
2023-06-28 13:13:19.715 [0-0-0-reader] INFO  CommonRdbmsReader$Task - Begin to read record by Sql: [select CUST_CODE,IDENT_TYPE,IDENT_CODE from CIF_CUST_IDENT_INFO 
] jdbcUrl:[jdbc:sqlserver://192.168.203.130:1433;DatabaseName=YGT;].
2023-06-28 13:13:29.714 [job-0] INFO  StandAloneJobContainerCommunicator - Total 0 records, 0 bytes | Speed 0B/s, 0 records/s | Error 0 records, 0 bytes |  All Task WaitWriterTime 0.000s |  All Task WaitReaderTime 0.000s | Percentage 0.00%
2023-06-28 13:13:39.729 [job-0] INFO  StandAloneJobContainerCommunicator - Total 648320 records, 12316569 bytes | Speed 1.17MB/s, 64832 records/s | Error 0 records, 0 bytes |  All Task WaitWriterTime 8.850s |  All Task WaitReaderTime 0.959s | Percentage 0.00%
2023-06-28 13:13:49.733 [job-0] INFO  StandAloneJobContainerCommunicator - Total 1108480 records, 21059486 bytes | Speed 853.80KB/s, 46016 records/s | Error 0 records, 0 bytes |  All Task WaitWriterTime 15.286s |  All Task WaitReaderTime 4.012s | Percentage 0.00%
2023-06-28 13:13:59.746 [job-0] INFO  StandAloneJobContainerCommunicator - Total 1761792 records, 33720123 bytes | Speed 1.21MB/s, 65331 records/s | Error 0 records, 0 bytes |  All Task WaitWriterTime 24.984s |  All Task WaitReaderTime 4.283s | Percentage 0.00%
2023-06-28 13:14:09.756 [job-0] INFO  StandAloneJobContainerCommunicator - Total 2208256 records, 43087104 bytes | Speed 914.74KB/s, 44646 records/s | Error 0 records, 0 bytes |  All Task WaitWriterTime 34.796s |  All Task WaitReaderTime 4.496s | Percentage 0.00%
2023-06-28 13:14:19.764 [job-0] INFO  StandAloneJobContainerCommunicator - Total 2867712 records, 55484114 bytes | Speed 1.18MB/s, 65945 records/s | Error 0 records, 0 bytes |  All Task WaitWriterTime 44.447s |  All Task WaitReaderTime 4.760s | Percentage 0.00%
2023-06-28 13:14:26.129 [0-0-0-reader] INFO  CommonRdbmsReader$Task - Finished read record by Sql: [select CUST_CODE,IDENT_TYPE,IDENT_CODE from CIF_CUST_IDENT_INFO 
] jdbcUrl:[jdbc:sqlserver://192.168.203.130:1433;DatabaseName=YGT;].
2023-06-28 13:14:26.213 [taskGroup-0] INFO  TaskGroupContainer - taskGroup[0] taskId[0] is successed, used[66502]ms
2023-06-28 13:14:26.213 [taskGroup-0] INFO  TaskGroupContainer - taskGroup[0] completed it's tasks.
2023-06-28 13:14:29.778 [job-0] INFO  StandAloneJobContainerCommunicator - Total 3668032 records, 66955105 bytes | Speed 1.09MB/s, 80032 records/s | Error 0 records, 0 bytes |  All Task WaitWriterTime 60.184s |  All Task WaitReaderTime 5.074s | Percentage 100.00%
2023-06-28 13:14:29.778 [job-0] INFO  AbstractScheduler - Scheduler accomplished all tasks.
2023-06-28 13:14:29.779 [job-0] INFO  JobContainer - DataX Writer.Job [sqlserverwriter] do post work.
2023-06-28 13:14:29.779 [job-0] INFO  JobContainer - DataX Reader.Job [sqlserverreader] do post work.
2023-06-28 13:14:29.779 [job-0] INFO  JobContainer - DataX jobId [0] completed successfully.
2023-06-28 13:14:29.780 [job-0] INFO  HookInvoker - No hook invoked, because base dir not exists or is a file: C:\Users\xT\PycharmProjects\Migration\datax\hook
2023-06-28 13:14:29.781 [job-0] INFO  JobContainer - 
	 [total cpu info] => 
		averageCpu                     | maxDeltaCpu                    | minDeltaCpu                    
		-1.00%                         | -1.00%                         | -1.00%
                        

	 [total gc info] => 
		 NAME                 | totalGCCount       | maxDeltaGCCount    | minDeltaGCCount    | totalGCTime        | maxDeltaGCTime     | minDeltaGCTime     
		 PS MarkSweep         | 0                  | 0                  | 0                  | 0.000s             | 0.000s             | 0.000s             
		 PS Scavenge          | 26                 | 26                 | 26                 | 0.049s             | 0.049s             | 0.049s             

2023-06-28 13:14:29.781 [job-0] INFO  JobContainer - PerfTrace not enable!
2023-06-28 13:14:29.781 [job-0] INFO  StandAloneJobContainerCommunicator - Total 3668032 records, 66955105 bytes | Speed 934.08KB/s, 52400 records/s | Error 0 records, 0 bytes |  All Task WaitWriterTime 60.184s |  All Task WaitReaderTime 5.074s | Percentage 100.00%
2023-06-28 13:14:29.782 [job-0] INFO  JobContainer - 
任务启动时刻                    : 2023-06-28 13:13:13
任务结束时刻                    : 2023-06-28 13:14:29
任务总计耗时                    :                 76s
任务平均流量                    :          934.08KB/s
记录写入速度                    :          52400rec/s
读出记录总数                    :             3668032
读写失败总数                    :                   0

