2023-06-28 14:33:15.354 [main] INFO  MessageSource - JVM TimeZone: GMT+08:00, Locale: zh_CN
2023-06-28 14:33:15.364 [main] INFO  MessageSource - use Locale: zh_CN timeZone: sun.util.calendar.ZoneInfo[id="GMT+08:00",offset=28800000,dstSavings=0,useDaylight=false,transitions=0,lastRule=null]
2023-06-28 14:33:15.378 [main] INFO  VMInfo - VMInfo# operatingSystem class => sun.management.OperatingSystemImpl
2023-06-28 14:33:15.385 [main] INFO  Engine - the machine info  => 

	osInfo:	Oracle Corporation 1.8 25.192-b12
	jvmInfo:	Windows 10 amd64 10.0
	cpu num:	16

	totalPhysicalMemory:	-0.00G
	freePhysicalMemory:	-0.00G
	maxFileDescriptorCount:	-1
	currentOpenFileDescriptorCount:	-1

	GC Names	[PS MarkSweep, PS Scavenge]

	MEMORY_NAME                    | allocation_size                | init_size                      
	PS Eden Space                  | 256.00MB                       | 256.00MB                       
	Code Cache                     | 240.00MB                       | 2.44MB                         
	Compressed Class Space         | 1,024.00MB                     | 0.00MB                         
	PS Survivor Space              | 42.50MB                        | 42.50MB                        
	PS Old Gen                     | 683.00MB                       | 683.00MB                       
	Metaspace                      | -0.00MB                        | 0.00MB                         


2023-06-28 14:33:15.411 [main] INFO  Engine - 
{
	"content":[
		{
			"reader":{
				"name":"sqlserverreader",
				"parameter":{
					"column":[
						"CUST_CODE",
						"IDENT_TYPE",
						"IDENT_CODE"
					],
					"connection":[
						{
							"jdbcUrl":[
								"jdbc:sqlserver://192.168.203.130:1433;DatabaseName=YGT;"
							],
							"table":[
								"CIF_CUST_IDENT_INFO"
							]
						}
					],
					"password":"***********",
					"splitPk":"",
					"username":"sa"
				}
			},
			"writer":{
				"name":"sqlserverwriter",
				"parameter":{
					"column":[
						"CUST_CODE",
						"IDENT_TYPE",
						"IDENT_CODE"
					],
					"connection":[
						{
							"jdbcUrl":"jdbc:sqlserver://192.168.203.129:1433;DatabaseName=YGT;",
							"table":[
								"CIF_CUST_IDENT_INFO"
							]
						}
					],
					"password":"***********",
					"preSql":[
						"TRUNCATE TABLE CIF_CUST_IDENT_INFO"
					],
					"username":"sa"
				}
			}
		}
	],
	"setting":{
		"errorLimit":{
			"record":0
		},
		"speed":{
			"channel":20
		}
	}
}

2023-06-28 14:33:15.434 [main] WARN  Engine - prioriy set to 0, because NumberFormatException, the value is: null
2023-06-28 14:33:15.437 [main] INFO  PerfTrace - PerfTrace traceId=job_-1, isEnable=false, priority=0
2023-06-28 14:33:15.437 [main] INFO  JobContainer - DataX jobContainer starts job.
2023-06-28 14:33:15.440 [main] INFO  JobContainer - Set jobId = 0
2023-06-28 14:33:21.740 [job-0] INFO  OriginalConfPretreatmentUtil - Available jdbcUrl:jdbc:sqlserver://192.168.203.130:1433;DatabaseName=YGT;.
2023-06-28 14:33:21.789 [job-0] INFO  OriginalConfPretreatmentUtil - table:[CIF_CUST_IDENT_INFO] has columns:[CUST_CODE,IDENT_TYPE,IDENT_CODE].
2023-06-28 14:33:21.917 [job-0] INFO  OriginalConfPretreatmentUtil - table:[CIF_CUST_IDENT_INFO] all columns:[
CUST_CODE,IDENT_TYPE,IDENT_CODE
].
2023-06-28 14:33:21.950 [job-0] INFO  OriginalConfPretreatmentUtil - Write data [
INSERT INTO %s (CUST_CODE,IDENT_TYPE,IDENT_CODE) VALUES(?,?,?)
], which jdbcUrl like:[jdbc:sqlserver://192.168.203.129:1433;DatabaseName=YGT;]
2023-06-28 14:33:21.951 [job-0] INFO  JobContainer - jobContainer starts to do prepare ...
2023-06-28 14:33:21.951 [job-0] INFO  JobContainer - DataX Reader.Job [sqlserverreader] do prepare work .
2023-06-28 14:33:21.952 [job-0] INFO  JobContainer - DataX Writer.Job [sqlserverwriter] do prepare work .
2023-06-28 14:33:21.964 [job-0] INFO  CommonRdbmsWriter$Job - Begin to execute preSqls:[TRUNCATE TABLE CIF_CUST_IDENT_INFO]. context info:jdbc:sqlserver://192.168.203.129:1433;DatabaseName=YGT;.
2023-06-28 14:33:21.966 [job-0] INFO  JobContainer - jobContainer starts to do split ...
2023-06-28 14:33:21.966 [job-0] INFO  JobContainer - Job set Channel-Number to 20 channels.
2023-06-28 14:33:21.968 [job-0] INFO  JobContainer - DataX Reader.Job [sqlserverreader] splits to [1] tasks.
2023-06-28 14:33:21.969 [job-0] INFO  JobContainer - DataX Writer.Job [sqlserverwriter] splits to [1] tasks.
2023-06-28 14:33:21.986 [job-0] INFO  JobContainer - jobContainer starts to do schedule ...
2023-06-28 14:33:21.990 [job-0] INFO  JobContainer - Scheduler starts [1] taskGroups.
2023-06-28 14:33:21.993 [job-0] INFO  JobContainer - Running by standalone Mode.
2023-06-28 14:33:21.999 [taskGroup-0] INFO  TaskGroupContainer - taskGroupId=[0] start [1] channels for [1] tasks.
2023-06-28 14:33:22.003 [taskGroup-0] INFO  Channel - Channel set byte_speed_limit to -1, No bps activated.
2023-06-28 14:33:22.003 [taskGroup-0] INFO  Channel - Channel set record_speed_limit to -1, No tps activated.
2023-06-28 14:33:22.017 [taskGroup-0] INFO  TaskGroupContainer - taskGroup[0] taskId[0] attemptCount[1] is started
2023-06-28 14:33:22.028 [0-0-0-reader] INFO  CommonRdbmsReader$Task - Begin to read record by Sql: [select CUST_CODE,IDENT_TYPE,IDENT_CODE from CIF_CUST_IDENT_INFO 
] jdbcUrl:[jdbc:sqlserver://192.168.203.130:1433;DatabaseName=YGT;].
2023-06-28 14:33:32.024 [job-0] INFO  StandAloneJobContainerCommunicator - Total 0 records, 0 bytes | Speed 0B/s, 0 records/s | Error 0 records, 0 bytes |  All Task WaitWriterTime 0.000s |  All Task WaitReaderTime 0.000s | Percentage 0.00%
2023-06-28 14:33:42.033 [job-0] INFO  StandAloneJobContainerCommunicator - Total 713216 records, 13549593 bytes | Speed 1.29MB/s, 71321 records/s | Error 0 records, 0 bytes |  All Task WaitWriterTime 9.425s |  All Task WaitReaderTime 0.373s | Percentage 0.00%
2023-06-28 14:33:52.046 [job-0] INFO  StandAloneJobContainerCommunicator - Total 1327616 records, 25219340 bytes | Speed 1.11MB/s, 61440 records/s | Error 0 records, 0 bytes |  All Task WaitWriterTime 18.913s |  All Task WaitReaderTime 0.848s | Percentage 0.00%
2023-06-28 14:34:02.051 [job-0] INFO  StandAloneJobContainerCommunicator - Total 1972736 records, 38149916 bytes | Speed 1.23MB/s, 64512 records/s | Error 0 records, 0 bytes |  All Task WaitWriterTime 28.121s |  All Task WaitReaderTime 1.549s | Percentage 0.00%
2023-06-28 14:34:12.061 [job-0] INFO  StandAloneJobContainerCommunicator - Total 2687488 records, 52370338 bytes | Speed 1.36MB/s, 71475 records/s | Error 0 records, 0 bytes |  All Task WaitWriterTime 37.849s |  All Task WaitReaderTime 1.820s | Percentage 0.00%
2023-06-28 14:34:18.571 [0-0-0-reader] INFO  CommonRdbmsReader$Task - Finished read record by Sql: [select CUST_CODE,IDENT_TYPE,IDENT_CODE from CIF_CUST_IDENT_INFO 
] jdbcUrl:[jdbc:sqlserver://192.168.203.130:1433;DatabaseName=YGT;].
2023-06-28 14:34:18.645 [taskGroup-0] INFO  TaskGroupContainer - taskGroup[0] taskId[0] is successed, used[56629]ms
2023-06-28 14:34:18.645 [taskGroup-0] INFO  TaskGroupContainer - taskGroup[0] completed it's tasks.
2023-06-28 14:34:22.063 [job-0] INFO  StandAloneJobContainerCommunicator - Total 3668032 records, 66955105 bytes | Speed 1.39MB/s, 98054 records/s | Error 0 records, 0 bytes |  All Task WaitWriterTime 53.616s |  All Task WaitReaderTime 2.198s | Percentage 100.00%
2023-06-28 14:34:22.064 [job-0] INFO  AbstractScheduler - Scheduler accomplished all tasks.
2023-06-28 14:34:22.064 [job-0] INFO  JobContainer - DataX Writer.Job [sqlserverwriter] do post work.
2023-06-28 14:34:22.064 [job-0] INFO  JobContainer - DataX Reader.Job [sqlserverreader] do post work.
2023-06-28 14:34:22.064 [job-0] INFO  JobContainer - DataX jobId [0] completed successfully.
2023-06-28 14:34:22.065 [job-0] INFO  HookInvoker - No hook invoked, because base dir not exists or is a file: C:\Users\xT\PycharmProjects\Migration\datax\hook
2023-06-28 14:34:22.065 [job-0] INFO  JobContainer - 
	 [total cpu info] => 
		averageCpu                     | maxDeltaCpu                    | minDeltaCpu                    
		-1.00%                         | -1.00%                         | -1.00%
                        

	 [total gc info] => 
		 NAME                 | totalGCCount       | maxDeltaGCCount    | minDeltaGCCount    | totalGCTime        | maxDeltaGCTime     | minDeltaGCTime     
		 PS MarkSweep         | 0                  | 0                  | 0                  | 0.000s             | 0.000s             | 0.000s             
		 PS Scavenge          | 26                 | 26                 | 26                 | 0.050s             | 0.050s             | 0.050s             

2023-06-28 14:34:22.065 [job-0] INFO  JobContainer - PerfTrace not enable!
2023-06-28 14:34:22.066 [job-0] INFO  StandAloneJobContainerCommunicator - Total 3668032 records, 66955105 bytes | Speed 1.06MB/s, 61133 records/s | Error 0 records, 0 bytes |  All Task WaitWriterTime 53.616s |  All Task WaitReaderTime 2.198s | Percentage 100.00%
2023-06-28 14:34:22.066 [job-0] INFO  JobContainer - 
任务启动时刻                    : 2023-06-28 14:33:15
任务结束时刻                    : 2023-06-28 14:34:22
任务总计耗时                    :                 66s
任务平均流量                    :            1.06MB/s
记录写入速度                    :          61133rec/s
读出记录总数                    :             3668032
读写失败总数                    :                   0

