2023-06-28 11:21:03.221 [main] INFO  MessageSource - JVM TimeZone: GMT+08:00, Locale: zh_CN
2023-06-28 11:21:03.224 [main] INFO  MessageSource - use Locale: zh_CN timeZone: sun.util.calendar.ZoneInfo[id="GMT+08:00",offset=28800000,dstSavings=0,useDaylight=false,transitions=0,lastRule=null]
2023-06-28 11:21:03.235 [main] INFO  VMInfo - VMInfo# operatingSystem class => sun.management.OperatingSystemImpl
2023-06-28 11:21:03.240 [main] INFO  Engine - the machine info  => 

	osInfo:	Oracle Corporation 1.8 25.192-b12
	jvmInfo:	Windows 10 amd64 10.0
	cpu num:	16

	totalPhysicalMemory:	-0.00G
	freePhysicalMemory:	-0.00G
	maxFileDescriptorCount:	-1
	currentOpenFileDescriptorCount:	-1

	GC Names	[PS MarkSweep, PS Scavenge]

	MEMORY_NAME                    | allocation_size                | init_size                      
	PS Eden Space                  | 256.00MB                       | 256.00MB                       
	Code Cache                     | 240.00MB                       | 2.44MB                         
	Compressed Class Space         | 1,024.00MB                     | 0.00MB                         
	PS Survivor Space              | 42.50MB                        | 42.50MB                        
	PS Old Gen                     | 683.00MB                       | 683.00MB                       
	Metaspace                      | -0.00MB                        | 0.00MB                         


2023-06-28 11:21:03.257 [main] INFO  Engine - 
{
	"content":[
		{
			"reader":{
				"name":"sqlserverreader",
				"parameter":{
					"column":[
						"CUST_CODE",
						"IDENT_TYPE",
						"IDENT_CODE"
					],
					"connection":[
						{
							"jdbcUrl":[
								"jdbc:sqlserver://192.168.203.130:1433;DatabaseName=YGT;"
							],
							"table":[
								"CIF_CUST_IDENT_INFO"
							]
						}
					],
					"password":"***********",
					"splitPk":"",
					"username":"sa"
				}
			},
			"writer":{
				"name":"sqlserverwriter",
				"parameter":{
					"column":[
						"CUST_CODE",
						"IDENT_TYPE",
						"IDENT_CODE"
					],
					"connection":[
						{
							"jdbcUrl":"jdbc:sqlserver://192.168.203.129:1433;DatabaseName=YGT;",
							"table":[
								"CIF_CUST_IDENT_INFO"
							]
						}
					],
					"password":"***********",
					"preSql":[
						"TRUNCATE TABLE CIF_CUST_IDENT_INFO"
					],
					"username":"sa"
				}
			}
		}
	],
	"setting":{
		"errorLimit":{
			"record":0
		},
		"speed":{
			"channel":20
		}
	}
}

2023-06-28 11:21:03.269 [main] WARN  Engine - prioriy set to 0, because NumberFormatException, the value is: null
2023-06-28 11:21:03.271 [main] INFO  PerfTrace - PerfTrace traceId=job_-1, isEnable=false, priority=0
2023-06-28 11:21:03.271 [main] INFO  JobContainer - DataX jobContainer starts job.
2023-06-28 11:21:03.272 [main] INFO  JobContainer - Set jobId = 0
2023-06-28 11:21:09.152 [job-0] INFO  OriginalConfPretreatmentUtil - Available jdbcUrl:jdbc:sqlserver://192.168.203.130:1433;DatabaseName=YGT;.
2023-06-28 11:21:09.199 [job-0] INFO  OriginalConfPretreatmentUtil - table:[CIF_CUST_IDENT_INFO] has columns:[CUST_CODE,IDENT_TYPE,IDENT_CODE].
2023-06-28 11:21:09.302 [job-0] INFO  OriginalConfPretreatmentUtil - table:[CIF_CUST_IDENT_INFO] all columns:[
CUST_CODE,IDENT_TYPE,IDENT_CODE
].
2023-06-28 11:21:09.319 [job-0] INFO  OriginalConfPretreatmentUtil - Write data [
INSERT INTO %s (CUST_CODE,IDENT_TYPE,IDENT_CODE) VALUES(?,?,?)
], which jdbcUrl like:[jdbc:sqlserver://192.168.203.129:1433;DatabaseName=YGT;]
2023-06-28 11:21:09.319 [job-0] INFO  JobContainer - jobContainer starts to do prepare ...
2023-06-28 11:21:09.319 [job-0] INFO  JobContainer - DataX Reader.Job [sqlserverreader] do prepare work .
2023-06-28 11:21:09.320 [job-0] INFO  JobContainer - DataX Writer.Job [sqlserverwriter] do prepare work .
2023-06-28 11:21:09.335 [job-0] INFO  CommonRdbmsWriter$Job - Begin to execute preSqls:[TRUNCATE TABLE CIF_CUST_IDENT_INFO]. context info:jdbc:sqlserver://192.168.203.129:1433;DatabaseName=YGT;.
2023-06-28 11:21:09.338 [job-0] INFO  JobContainer - jobContainer starts to do split ...
2023-06-28 11:21:09.339 [job-0] INFO  JobContainer - Job set Channel-Number to 20 channels.
2023-06-28 11:21:09.341 [job-0] INFO  JobContainer - DataX Reader.Job [sqlserverreader] splits to [1] tasks.
2023-06-28 11:21:09.343 [job-0] INFO  JobContainer - DataX Writer.Job [sqlserverwriter] splits to [1] tasks.
2023-06-28 11:21:09.363 [job-0] INFO  JobContainer - jobContainer starts to do schedule ...
2023-06-28 11:21:09.366 [job-0] INFO  JobContainer - Scheduler starts [1] taskGroups.
2023-06-28 11:21:09.370 [job-0] INFO  JobContainer - Running by standalone Mode.
2023-06-28 11:21:09.381 [taskGroup-0] INFO  TaskGroupContainer - taskGroupId=[0] start [1] channels for [1] tasks.
2023-06-28 11:21:09.385 [taskGroup-0] INFO  Channel - Channel set byte_speed_limit to -1, No bps activated.
2023-06-28 11:21:09.386 [taskGroup-0] INFO  Channel - Channel set record_speed_limit to -1, No tps activated.
2023-06-28 11:21:09.401 [taskGroup-0] INFO  TaskGroupContainer - taskGroup[0] taskId[0] attemptCount[1] is started
2023-06-28 11:21:09.406 [0-0-0-reader] INFO  CommonRdbmsReader$Task - Begin to read record by Sql: [select CUST_CODE,IDENT_TYPE,IDENT_CODE from CIF_CUST_IDENT_INFO 
] jdbcUrl:[jdbc:sqlserver://192.168.203.130:1433;DatabaseName=YGT;].
2023-06-28 11:21:19.387 [job-0] INFO  StandAloneJobContainerCommunicator - Total 0 records, 0 bytes | Speed 0B/s, 0 records/s | Error 0 records, 0 bytes |  All Task WaitWriterTime 0.000s |  All Task WaitReaderTime 0.000s | Percentage 0.00%
2023-06-28 11:21:29.402 [job-0] INFO  StandAloneJobContainerCommunicator - Total 696832 records, 13238297 bytes | Speed 1.26MB/s, 69683 records/s | Error 0 records, 0 bytes |  All Task WaitWriterTime 9.036s |  All Task WaitReaderTime 0.733s | Percentage 0.00%
2023-06-28 11:21:39.418 [job-0] INFO  StandAloneJobContainerCommunicator - Total 1232544 records, 23413676 bytes | Speed 993.69KB/s, 53571 records/s | Error 0 records, 0 bytes |  All Task WaitWriterTime 17.127s |  All Task WaitReaderTime 2.353s | Percentage 0.00%
2023-06-28 11:21:49.423 [job-0] INFO  StandAloneJobContainerCommunicator - Total 1860096 records, 35784500 bytes | Speed 1.18MB/s, 62755 records/s | Error 0 records, 0 bytes |  All Task WaitWriterTime 26.772s |  All Task WaitReaderTime 2.592s | Percentage 0.00%
2023-06-28 11:21:59.425 [job-0] INFO  StandAloneJobContainerCommunicator - Total 2437632 records, 47660934 bytes | Speed 1.13MB/s, 57753 records/s | Error 0 records, 0 bytes |  All Task WaitWriterTime 36.514s |  All Task WaitReaderTime 2.828s | Percentage 0.00%
2023-06-28 11:22:09.439 [job-0] INFO  StandAloneJobContainerCommunicator - Total 3072512 records, 58684733 bytes | Speed 1.05MB/s, 63488 records/s | Error 0 records, 0 bytes |  All Task WaitWriterTime 46.287s |  All Task WaitReaderTime 3.063s | Percentage 0.00%
2023-06-28 11:22:10.619 [0-0-0-reader] INFO  CommonRdbmsReader$Task - Finished read record by Sql: [select CUST_CODE,IDENT_TYPE,IDENT_CODE from CIF_CUST_IDENT_INFO 
] jdbcUrl:[jdbc:sqlserver://192.168.203.130:1433;DatabaseName=YGT;].
2023-06-28 11:22:10.707 [taskGroup-0] INFO  TaskGroupContainer - taskGroup[0] taskId[0] is successed, used[61307]ms
2023-06-28 11:22:10.707 [taskGroup-0] INFO  TaskGroupContainer - taskGroup[0] completed it's tasks.
2023-06-28 11:22:19.441 [job-0] INFO  StandAloneJobContainerCommunicator - Total 3668032 records, 66955105 bytes | Speed 807.65KB/s, 59552 records/s | Error 0 records, 0 bytes |  All Task WaitWriterTime 57.001s |  All Task WaitReaderTime 3.293s | Percentage 100.00%
2023-06-28 11:22:19.441 [job-0] INFO  AbstractScheduler - Scheduler accomplished all tasks.
2023-06-28 11:22:19.441 [job-0] INFO  JobContainer - DataX Writer.Job [sqlserverwriter] do post work.
2023-06-28 11:22:19.441 [job-0] INFO  JobContainer - DataX Reader.Job [sqlserverreader] do post work.
2023-06-28 11:22:19.441 [job-0] INFO  JobContainer - DataX jobId [0] completed successfully.
2023-06-28 11:22:19.442 [job-0] INFO  HookInvoker - No hook invoked, because base dir not exists or is a file: C:\Users\xT\PycharmProjects\Migration\datax\hook
2023-06-28 11:22:19.442 [job-0] INFO  JobContainer - 
	 [total cpu info] => 
		averageCpu                     | maxDeltaCpu                    | minDeltaCpu                    
		-1.00%                         | -1.00%                         | -1.00%
                        

	 [total gc info] => 
		 NAME                 | totalGCCount       | maxDeltaGCCount    | minDeltaGCCount    | totalGCTime        | maxDeltaGCTime     | minDeltaGCTime     
		 PS MarkSweep         | 0                  | 0                  | 0                  | 0.000s             | 0.000s             | 0.000s             
		 PS Scavenge          | 26                 | 26                 | 26                 | 0.051s             | 0.051s             | 0.051s             

2023-06-28 11:22:19.442 [job-0] INFO  JobContainer - PerfTrace not enable!
2023-06-28 11:22:19.443 [job-0] INFO  StandAloneJobContainerCommunicator - Total 3668032 records, 66955105 bytes | Speed 934.08KB/s, 52400 records/s | Error 0 records, 0 bytes |  All Task WaitWriterTime 57.001s |  All Task WaitReaderTime 3.293s | Percentage 100.00%
2023-06-28 11:22:19.443 [job-0] INFO  JobContainer - 
任务启动时刻                    : 2023-06-28 11:21:03
任务结束时刻                    : 2023-06-28 11:22:19
任务总计耗时                    :                 76s
任务平均流量                    :          934.08KB/s
记录写入速度                    :          52400rec/s
读出记录总数                    :             3668032
读写失败总数                    :                   0

