2023-06-28 11:27:59.518 [main] INFO  MessageSource - JVM TimeZone: GMT+08:00, Locale: zh_CN
2023-06-28 11:27:59.521 [main] INFO  MessageSource - use Locale: zh_CN timeZone: sun.util.calendar.ZoneInfo[id="GMT+08:00",offset=28800000,dstSavings=0,useDaylight=false,transitions=0,lastRule=null]
2023-06-28 11:27:59.532 [main] INFO  VMInfo - VMInfo# operatingSystem class => sun.management.OperatingSystemImpl
2023-06-28 11:27:59.539 [main] INFO  Engine - the machine info  => 

	osInfo:	Oracle Corporation 1.8 25.192-b12
	jvmInfo:	Windows 10 amd64 10.0
	cpu num:	16

	totalPhysicalMemory:	-0.00G
	freePhysicalMemory:	-0.00G
	maxFileDescriptorCount:	-1
	currentOpenFileDescriptorCount:	-1

	GC Names	[PS MarkSweep, PS Scavenge]

	MEMORY_NAME                    | allocation_size                | init_size                      
	PS Eden Space                  | 256.00MB                       | 256.00MB                       
	Code Cache                     | 240.00MB                       | 2.44MB                         
	Compressed Class Space         | 1,024.00MB                     | 0.00MB                         
	PS Survivor Space              | 42.50MB                        | 42.50MB                        
	PS Old Gen                     | 683.00MB                       | 683.00MB                       
	Metaspace                      | -0.00MB                        | 0.00MB                         


2023-06-28 11:27:59.556 [main] INFO  Engine - 
{
	"content":[
		{
			"reader":{
				"name":"sqlserverreader",
				"parameter":{
					"column":[
						"SNAPSHOT_ID",
						"GRAPH_ID",
						"GRAPH_NAME",
						"GRAPH_TYPE",
						"CREATE_TIME"
					],
					"connection":[
						{
							"jdbcUrl":[
								"jdbc:sqlserver://192.168.203.130:1433;DatabaseName=YGT;"
							],
							"table":[
								"GRAPH_SNAPSHOT"
							]
						}
					],
					"password":"***********",
					"splitPk":"",
					"username":"sa"
				}
			},
			"writer":{
				"name":"sqlserverwriter",
				"parameter":{
					"column":[
						"SNAPSHOT_ID",
						"GRAPH_ID",
						"GRAPH_NAME",
						"GRAPH_TYPE",
						"CREATE_TIME"
					],
					"connection":[
						{
							"jdbcUrl":"jdbc:sqlserver://192.168.203.129:1433;DatabaseName=YGT;",
							"table":[
								"GRAPH_SNAPSHOT"
							]
						}
					],
					"password":"***********",
					"preSql":[
						"TRUNCATE TABLE GRAPH_SNAPSHOT"
					],
					"username":"sa"
				}
			}
		}
	],
	"setting":{
		"errorLimit":{
			"record":0
		},
		"speed":{
			"channel":20
		}
	}
}

2023-06-28 11:27:59.571 [main] WARN  Engine - prioriy set to 0, because NumberFormatException, the value is: null
2023-06-28 11:27:59.572 [main] INFO  PerfTrace - PerfTrace traceId=job_-1, isEnable=false, priority=0
2023-06-28 11:27:59.572 [main] INFO  JobContainer - DataX jobContainer starts job.
2023-06-28 11:27:59.574 [main] INFO  JobContainer - Set jobId = 0
2023-06-28 11:28:05.504 [job-0] INFO  OriginalConfPretreatmentUtil - Available jdbcUrl:jdbc:sqlserver://192.168.203.130:1433;DatabaseName=YGT;.
2023-06-28 11:28:05.554 [job-0] INFO  OriginalConfPretreatmentUtil - table:[GRAPH_SNAPSHOT] has columns:[SNAPSHOT_ID,GRAPH_ID,GRAPH_NAME,GRAPH_TYPE,CREATE_TIME].
2023-06-28 11:28:05.664 [job-0] INFO  OriginalConfPretreatmentUtil - table:[GRAPH_SNAPSHOT] all columns:[
SNAPSHOT_ID,GRAPH_ID,GRAPH_NAME,GRAPH_TYPE,CREATE_TIME
].
2023-06-28 11:28:05.680 [job-0] INFO  OriginalConfPretreatmentUtil - Write data [
INSERT INTO %s (SNAPSHOT_ID,GRAPH_ID,GRAPH_NAME,GRAPH_TYPE,CREATE_TIME) VALUES(?,?,?,?,?)
], which jdbcUrl like:[jdbc:sqlserver://192.168.203.129:1433;DatabaseName=YGT;]
2023-06-28 11:28:05.681 [job-0] INFO  JobContainer - jobContainer starts to do prepare ...
2023-06-28 11:28:05.681 [job-0] INFO  JobContainer - DataX Reader.Job [sqlserverreader] do prepare work .
2023-06-28 11:28:05.682 [job-0] INFO  JobContainer - DataX Writer.Job [sqlserverwriter] do prepare work .
2023-06-28 11:28:05.699 [job-0] INFO  CommonRdbmsWriter$Job - Begin to execute preSqls:[TRUNCATE TABLE GRAPH_SNAPSHOT]. context info:jdbc:sqlserver://192.168.203.129:1433;DatabaseName=YGT;.
2023-06-28 11:28:05.703 [job-0] INFO  JobContainer - jobContainer starts to do split ...
2023-06-28 11:28:05.703 [job-0] INFO  JobContainer - Job set Channel-Number to 20 channels.
2023-06-28 11:28:05.706 [job-0] INFO  JobContainer - DataX Reader.Job [sqlserverreader] splits to [1] tasks.
2023-06-28 11:28:05.707 [job-0] INFO  JobContainer - DataX Writer.Job [sqlserverwriter] splits to [1] tasks.
2023-06-28 11:28:05.726 [job-0] INFO  JobContainer - jobContainer starts to do schedule ...
2023-06-28 11:28:05.729 [job-0] INFO  JobContainer - Scheduler starts [1] taskGroups.
2023-06-28 11:28:05.731 [job-0] INFO  JobContainer - Running by standalone Mode.
2023-06-28 11:28:05.737 [taskGroup-0] INFO  TaskGroupContainer - taskGroupId=[0] start [1] channels for [1] tasks.
2023-06-28 11:28:05.741 [taskGroup-0] INFO  Channel - Channel set byte_speed_limit to -1, No bps activated.
2023-06-28 11:28:05.741 [taskGroup-0] INFO  Channel - Channel set record_speed_limit to -1, No tps activated.
2023-06-28 11:28:05.763 [taskGroup-0] INFO  TaskGroupContainer - taskGroup[0] taskId[0] attemptCount[1] is started
2023-06-28 11:28:05.768 [0-0-0-reader] INFO  CommonRdbmsReader$Task - Begin to read record by Sql: [select SNAPSHOT_ID,GRAPH_ID,GRAPH_NAME,GRAPH_TYPE,CREATE_TIME from GRAPH_SNAPSHOT 
] jdbcUrl:[jdbc:sqlserver://192.168.203.130:1433;DatabaseName=YGT;].
2023-06-28 11:28:05.800 [0-0-0-reader] INFO  CommonRdbmsReader$Task - Finished read record by Sql: [select SNAPSHOT_ID,GRAPH_ID,GRAPH_NAME,GRAPH_TYPE,CREATE_TIME from GRAPH_SNAPSHOT 
] jdbcUrl:[jdbc:sqlserver://192.168.203.130:1433;DatabaseName=YGT;].
2023-06-28 11:28:06.088 [taskGroup-0] INFO  TaskGroupContainer - taskGroup[0] taskId[0] is successed, used[326]ms
2023-06-28 11:28:06.088 [taskGroup-0] INFO  TaskGroupContainer - taskGroup[0] completed it's tasks.
