2023-06-28 14:09:19.356 [main] INFO  MessageSource - JVM TimeZone: GMT+08:00, Locale: zh_CN
2023-06-28 14:09:19.358 [main] INFO  MessageSource - use Locale: zh_CN timeZone: sun.util.calendar.ZoneInfo[id="GMT+08:00",offset=28800000,dstSavings=0,useDaylight=false,transitions=0,lastRule=null]
2023-06-28 14:09:19.371 [main] INFO  VMInfo - VMInfo# operatingSystem class => sun.management.OperatingSystemImpl
2023-06-28 14:09:19.385 [main] INFO  Engine - the machine info  => 

	osInfo:	Oracle Corporation 1.8 25.192-b12
	jvmInfo:	Windows 10 amd64 10.0
	cpu num:	16

	totalPhysicalMemory:	-0.00G
	freePhysicalMemory:	-0.00G
	maxFileDescriptorCount:	-1
	currentOpenFileDescriptorCount:	-1

	GC Names	[PS MarkSweep, PS Scavenge]

	MEMORY_NAME                    | allocation_size                | init_size                      
	PS Eden Space                  | 256.00MB                       | 256.00MB                       
	Code Cache                     | 240.00MB                       | 2.44MB                         
	Compressed Class Space         | 1,024.00MB                     | 0.00MB                         
	PS Survivor Space              | 42.50MB                        | 42.50MB                        
	PS Old Gen                     | 683.00MB                       | 683.00MB                       
	Metaspace                      | -0.00MB                        | 0.00MB                         


2023-06-28 14:09:19.427 [main] INFO  Engine - 
{
	"content":[
		{
			"reader":{
				"name":"sqlserverreader",
				"parameter":{
					"column":[
						"SNAPSHOT_ID",
						"CELL_ID",
						"CELL_TAG",
						"CELL_TYPE",
						"PAR_ID",
						"SOURCE_ID",
						"TARGET_ID"
					],
					"connection":[
						{
							"jdbcUrl":[
								"jdbc:sqlserver://192.168.203.130:1433;DatabaseName=YGT;"
							],
							"table":[
								"GRAPH_CELL_SNAPSHOT"
							]
						}
					],
					"password":"***********",
					"splitPk":"",
					"username":"sa"
				}
			},
			"writer":{
				"name":"sqlserverwriter",
				"parameter":{
					"column":[
						"SNAPSHOT_ID",
						"CELL_ID",
						"CELL_TAG",
						"CELL_TYPE",
						"PAR_ID",
						"SOURCE_ID",
						"TARGET_ID"
					],
					"connection":[
						{
							"jdbcUrl":"jdbc:sqlserver://192.168.203.129:1433;DatabaseName=YGT;",
							"table":[
								"GRAPH_CELL_SNAPSHOT"
							]
						}
					],
					"password":"***********",
					"preSql":[
						"TRUNCATE TABLE GRAPH_CELL_SNAPSHOT"
					],
					"username":"sa"
				}
			}
		}
	],
	"setting":{
		"errorLimit":{
			"record":0
		},
		"speed":{
			"channel":20
		}
	}
}

2023-06-28 14:09:19.447 [main] WARN  Engine - prioriy set to 0, because NumberFormatException, the value is: null
2023-06-28 14:09:19.450 [main] INFO  PerfTrace - PerfTrace traceId=job_-1, isEnable=false, priority=0
2023-06-28 14:09:19.450 [main] INFO  JobContainer - DataX jobContainer starts job.
2023-06-28 14:09:19.452 [main] INFO  JobContainer - Set jobId = 0
2023-06-28 14:09:25.992 [job-0] INFO  OriginalConfPretreatmentUtil - Available jdbcUrl:jdbc:sqlserver://192.168.203.130:1433;DatabaseName=YGT;.
2023-06-28 14:09:26.113 [job-0] INFO  OriginalConfPretreatmentUtil - table:[GRAPH_CELL_SNAPSHOT] has columns:[SNAPSHOT_ID,CELL_ID,CELL_TAG,CELL_TYPE,PAR_ID,SOURCE_ID,TARGET_ID].
2023-06-28 14:09:26.323 [job-0] INFO  OriginalConfPretreatmentUtil - table:[GRAPH_CELL_SNAPSHOT] all columns:[
SNAPSHOT_ID,CELL_ID,CELL_TAG,CELL_TYPE,PAR_ID,SOURCE_ID,TARGET_ID
].
2023-06-28 14:09:26.379 [job-0] INFO  OriginalConfPretreatmentUtil - Write data [
INSERT INTO %s (SNAPSHOT_ID,CELL_ID,CELL_TAG,CELL_TYPE,PAR_ID,SOURCE_ID,TARGET_ID) VALUES(?,?,?,?,?,?,?)
], which jdbcUrl like:[jdbc:sqlserver://192.168.203.129:1433;DatabaseName=YGT;]
2023-06-28 14:09:26.379 [job-0] INFO  JobContainer - jobContainer starts to do prepare ...
2023-06-28 14:09:26.380 [job-0] INFO  JobContainer - DataX Reader.Job [sqlserverreader] do prepare work .
2023-06-28 14:09:26.380 [job-0] INFO  JobContainer - DataX Writer.Job [sqlserverwriter] do prepare work .
2023-06-28 14:09:26.407 [job-0] INFO  CommonRdbmsWriter$Job - Begin to execute preSqls:[TRUNCATE TABLE GRAPH_CELL_SNAPSHOT]. context info:jdbc:sqlserver://192.168.203.129:1433;DatabaseName=YGT;.
2023-06-28 14:09:26.426 [job-0] INFO  JobContainer - jobContainer starts to do split ...
2023-06-28 14:09:26.426 [job-0] INFO  JobContainer - Job set Channel-Number to 20 channels.
2023-06-28 14:09:26.429 [job-0] INFO  JobContainer - DataX Reader.Job [sqlserverreader] splits to [1] tasks.
2023-06-28 14:09:26.429 [job-0] INFO  JobContainer - DataX Writer.Job [sqlserverwriter] splits to [1] tasks.
2023-06-28 14:09:26.449 [job-0] INFO  JobContainer - jobContainer starts to do schedule ...
2023-06-28 14:09:26.461 [job-0] INFO  JobContainer - Scheduler starts [1] taskGroups.
2023-06-28 14:09:26.469 [job-0] INFO  JobContainer - Running by standalone Mode.
2023-06-28 14:09:26.507 [taskGroup-0] INFO  TaskGroupContainer - taskGroupId=[0] start [1] channels for [1] tasks.
2023-06-28 14:09:26.513 [taskGroup-0] INFO  Channel - Channel set byte_speed_limit to -1, No bps activated.
2023-06-28 14:09:26.513 [taskGroup-0] INFO  Channel - Channel set record_speed_limit to -1, No tps activated.
2023-06-28 14:09:26.527 [taskGroup-0] INFO  TaskGroupContainer - taskGroup[0] taskId[0] attemptCount[1] is started
2023-06-28 14:09:26.541 [0-0-0-reader] INFO  CommonRdbmsReader$Task - Begin to read record by Sql: [select SNAPSHOT_ID,CELL_ID,CELL_TAG,CELL_TYPE,PAR_ID,SOURCE_ID,TARGET_ID from GRAPH_CELL_SNAPSHOT 
] jdbcUrl:[jdbc:sqlserver://192.168.203.130:1433;DatabaseName=YGT;].
2023-06-28 14:09:26.669 [0-0-0-reader] INFO  CommonRdbmsReader$Task - Finished read record by Sql: [select SNAPSHOT_ID,CELL_ID,CELL_TAG,CELL_TYPE,PAR_ID,SOURCE_ID,TARGET_ID from GRAPH_CELL_SNAPSHOT 
] jdbcUrl:[jdbc:sqlserver://192.168.203.130:1433;DatabaseName=YGT;].
2023-06-28 14:09:36.515 [job-0] INFO  StandAloneJobContainerCommunicator - Total 0 records, 0 bytes | Speed 0B/s, 0 records/s | Error 0 records, 0 bytes |  All Task WaitWriterTime 0.000s |  All Task WaitReaderTime 0.000s | Percentage 0.00%
