2023-07-07 12:23:43.517 [main] INFO  MessageSource - JVM TimeZone: GMT+08:00, Locale: zh_CN
2023-07-07 12:23:43.519 [main] INFO  MessageSource - use Locale: zh_CN timeZone: sun.util.calendar.ZoneInfo[id="GMT+08:00",offset=28800000,dstSavings=0,useDaylight=false,transitions=0,lastRule=null]
2023-07-07 12:23:43.528 [main] INFO  VMInfo - VMInfo# operatingSystem class => sun.management.OperatingSystemImpl
2023-07-07 12:23:43.533 [main] INFO  Engine - the machine info  => 

	osInfo:	Oracle Corporation 1.8 25.192-b12
	jvmInfo:	Windows 10 amd64 10.0
	cpu num:	16

	totalPhysicalMemory:	-0.00G
	freePhysicalMemory:	-0.00G
	maxFileDescriptorCount:	-1
	currentOpenFileDescriptorCount:	-1

	GC Names	[PS MarkSweep, PS Scavenge]

	MEMORY_NAME                    | allocation_size                | init_size                      
	PS Eden Space                  | 256.00MB                       | 256.00MB                       
	Code Cache                     | 240.00MB                       | 2.44MB                         
	Compressed Class Space         | 1,024.00MB                     | 0.00MB                         
	PS Survivor Space              | 42.50MB                        | 42.50MB                        
	PS Old Gen                     | 683.00MB                       | 683.00MB                       
	Metaspace                      | -0.00MB                        | 0.00MB                         


2023-07-07 12:23:43.554 [main] INFO  Engine - 
{
	"content":[
		{
			"reader":{
				"name":"postgresqlreader",
				"parameter":{
					"column":[
						"busi_code",
						"busi_name",
						"procdef_key",
						"prio_lvl",
						"busi_scope",
						"hist_url",
						"land_pattern",
						"batch_yn",
						"enable_allday",
						"img_node",
						"dependency",
						"depend_type",
						"busi_cls",
						"img_node_channels",
						"busi_qulf",
						"refresh_csdc_cache",
						"corr_allow_reject",
						"support_node_review",
						"intelligent_type",
						"is_comp_busi",
						"is_allow_mult",
						"review_allow_reject",
						"accept_remark_flag",
						"img_must_review_channels",
						"submit_to_same_handler"
					],
					"connection":[
						{
							"jdbcUrl":[
								"jdbc:postgresql://10.201.65.21:30100/ygt"
							],
							"table":[
								"opp_busi_def"
							]
						}
					],
					"password":"************",
					"splitPk":"",
					"username":"ygt"
				}
			},
			"writer":{
				"name":"sqlserverwriter",
				"parameter":{
					"column":[
						"BUSI_CODE",
						"BUSI_NAME",
						"PROCDEF_KEY",
						"PRIO_LVL",
						"BUSI_SCOPE",
						"HIST_URL",
						"LAND_PATTERN",
						"BATCH_YN",
						"ENABLE_ALLDAY",
						"IMG_NODE",
						"DEPENDENCY",
						"BUSI_CLS",
						"DEPEND_TYPE",
						"IMG_NODE_CHANNELS",
						"BUSI_QULF",
						"REFRESH_CSDC_CACHE",
						"CORR_ALLOW_REJECT",
						"SUPPORT_NODE_REVIEW",
						"INTELLIGENT_TYPE",
						"IS_COMP_BUSI",
						"IS_ALLOW_MULT",
						"REVIEW_ALLOW_REJECT",
						"ACCEPT_REMARK_FLAG",
						"IMG_MUST_REVIEW_CHANNELS",
						"SUBMIT_TO_SAME_HANDLER"
					],
					"connection":[
						{
							"jdbcUrl":"jdbc:sqlserver://192.168.203.129:1433;DatabaseName=YGT;",
							"table":[
								"OPP_BUSI_DEF"
							]
						}
					],
					"password":"***********",
					"preSql":[
						"TRUNCATE TABLE OPP_BUSI_DEF"
					],
					"username":"sa"
				}
			}
		}
	],
	"setting":{
		"errorLimit":{
			"record":0
		},
		"speed":{
			"channel":20
		}
	}
}

2023-07-07 12:23:43.569 [main] WARN  Engine - prioriy set to 0, because NumberFormatException, the value is: null
2023-07-07 12:23:43.570 [main] INFO  PerfTrace - PerfTrace traceId=job_-1, isEnable=false, priority=0
2023-07-07 12:23:43.570 [main] INFO  JobContainer - DataX jobContainer starts job.
2023-07-07 12:23:43.572 [main] INFO  JobContainer - Set jobId = 0
2023-07-07 12:23:49.845 [job-0] INFO  OriginalConfPretreatmentUtil - Available jdbcUrl:jdbc:postgresql://10.201.65.21:30100/ygt.
2023-07-07 12:23:50.202 [job-0] INFO  OriginalConfPretreatmentUtil - table:[opp_busi_def] has columns:[busi_code,busi_name,procdef_key,prio_lvl,busi_scope,hist_url,land_pattern,batch_yn,enable_allday,img_node,dependency,depend_type,busi_cls,img_node_channels,busi_qulf,refresh_csdc_cache,corr_allow_reject,support_node_review,intelligent_type,is_comp_busi,is_allow_mult,review_allow_reject,accept_remark_flag,img_must_review_channels,submit_to_same_handler].
2023-07-07 12:23:50.370 [job-0] INFO  OriginalConfPretreatmentUtil - table:[OPP_BUSI_DEF] all columns:[
BUSI_CODE,BUSI_NAME,PROCDEF_KEY,PRIO_LVL,BUSI_SCOPE,HIST_URL,LAND_PATTERN,BATCH_YN,ENABLE_ALLDAY,IMG_NODE,DEPENDENCY,BUSI_CLS,DEPEND_TYPE,IMG_NODE_CHANNELS,BUSI_QULF,REFRESH_CSDC_CACHE,CORR_ALLOW_REJECT,SUPPORT_NODE_REVIEW,INTELLIGENT_TYPE,IS_COMP_BUSI,IS_ALLOW_MULT,REVIEW_ALLOW_REJECT,ACCEPT_REMARK_FLAG,IMG_MUST_REVIEW_CHANNELS,SUBMIT_TO_SAME_HANDLER
].
2023-07-07 12:23:50.423 [job-0] INFO  OriginalConfPretreatmentUtil - Write data [
INSERT INTO %s (BUSI_CODE,BUSI_NAME,PROCDEF_KEY,PRIO_LVL,BUSI_SCOPE,HIST_URL,LAND_PATTERN,BATCH_YN,ENABLE_ALLDAY,IMG_NODE,DEPENDENCY,BUSI_CLS,DEPEND_TYPE,IMG_NODE_CHANNELS,BUSI_QULF,REFRESH_CSDC_CACHE,CORR_ALLOW_REJECT,SUPPORT_NODE_REVIEW,INTELLIGENT_TYPE,IS_COMP_BUSI,IS_ALLOW_MULT,REVIEW_ALLOW_REJECT,ACCEPT_REMARK_FLAG,IMG_MUST_REVIEW_CHANNELS,SUBMIT_TO_SAME_HANDLER) VALUES(?,?,?,?,?,?,?,?,?,?,?,?,?,?,?,?,?,?,?,?,?,?,?,?,?)
], which jdbcUrl like:[jdbc:sqlserver://192.168.203.129:1433;DatabaseName=YGT;]
2023-07-07 12:23:50.423 [job-0] INFO  JobContainer - jobContainer starts to do prepare ...
2023-07-07 12:23:50.424 [job-0] INFO  JobContainer - DataX Reader.Job [postgresqlreader] do prepare work .
2023-07-07 12:23:50.424 [job-0] INFO  JobContainer - DataX Writer.Job [sqlserverwriter] do prepare work .
2023-07-07 12:23:50.436 [job-0] INFO  CommonRdbmsWriter$Job - Begin to execute preSqls:[TRUNCATE TABLE OPP_BUSI_DEF]. context info:jdbc:sqlserver://192.168.203.129:1433;DatabaseName=YGT;.
2023-07-07 12:23:50.437 [job-0] INFO  JobContainer - jobContainer starts to do split ...
2023-07-07 12:23:50.437 [job-0] INFO  JobContainer - Job set Channel-Number to 20 channels.
2023-07-07 12:23:50.439 [job-0] INFO  JobContainer - DataX Reader.Job [postgresqlreader] splits to [1] tasks.
2023-07-07 12:23:50.440 [job-0] INFO  JobContainer - DataX Writer.Job [sqlserverwriter] splits to [1] tasks.
2023-07-07 12:23:50.455 [job-0] INFO  JobContainer - jobContainer starts to do schedule ...
2023-07-07 12:23:50.459 [job-0] INFO  JobContainer - Scheduler starts [1] taskGroups.
2023-07-07 12:23:50.461 [job-0] INFO  JobContainer - Running by standalone Mode.
2023-07-07 12:23:50.468 [taskGroup-0] INFO  TaskGroupContainer - taskGroupId=[0] start [1] channels for [1] tasks.
2023-07-07 12:23:50.473 [taskGroup-0] INFO  Channel - Channel set byte_speed_limit to -1, No bps activated.
2023-07-07 12:23:50.473 [taskGroup-0] INFO  Channel - Channel set record_speed_limit to -1, No tps activated.
2023-07-07 12:23:50.482 [taskGroup-0] INFO  TaskGroupContainer - taskGroup[0] taskId[0] attemptCount[1] is started
2023-07-07 12:23:50.486 [0-0-0-reader] INFO  CommonRdbmsReader$Task - Begin to read record by Sql: [select busi_code,busi_name,procdef_key,prio_lvl,busi_scope,hist_url,land_pattern,batch_yn,enable_allday,img_node,dependency,depend_type,busi_cls,img_node_channels,busi_qulf,refresh_csdc_cache,corr_allow_reject,support_node_review,intelligent_type,is_comp_busi,is_allow_mult,review_allow_reject,accept_remark_flag,img_must_review_channels,submit_to_same_handler from opp_busi_def 
] jdbcUrl:[jdbc:postgresql://10.201.65.21:30100/ygt].
2023-07-07 12:23:50.903 [0-0-0-reader] INFO  CommonRdbmsReader$Task - Finished read record by Sql: [select busi_code,busi_name,procdef_key,prio_lvl,busi_scope,hist_url,land_pattern,batch_yn,enable_allday,img_node,dependency,depend_type,busi_cls,img_node_channels,busi_qulf,refresh_csdc_cache,corr_allow_reject,support_node_review,intelligent_type,is_comp_busi,is_allow_mult,review_allow_reject,accept_remark_flag,img_must_review_channels,submit_to_same_handler from opp_busi_def 
] jdbcUrl:[jdbc:postgresql://10.201.65.21:30100/ygt].
2023-07-07 12:23:51.185 [0-0-0-writer] WARN  CommonRdbmsWriter$Task - 回滚此次写入, 采用每次写入一行方式提交. 因为:将截断字符串或二进制数据。
2023-07-07 12:23:51.190 [0-0-0-writer] ERROR StdoutPluginCollector - 
com.microsoft.sqlserver.jdbc.SQLServerException: 将截断字符串或二进制数据。
	at com.microsoft.sqlserver.jdbc.SQLServerException.makeFromDatabaseError(SQLServerException.java:216) ~[sqljdbc4-4.0.jar:na]
	at com.microsoft.sqlserver.jdbc.SQLServerStatement.getNextResult(SQLServerStatement.java:1515) ~[sqljdbc4-4.0.jar:na]
	at com.microsoft.sqlserver.jdbc.SQLServerPreparedStatement.doExecutePreparedStatement(SQLServerPreparedStatement.java:404) ~[sqljdbc4-4.0.jar:na]
	at com.microsoft.sqlserver.jdbc.SQLServerPreparedStatement$PrepStmtExecCmd.doExecute(SQLServerPreparedStatement.java:350) ~[sqljdbc4-4.0.jar:na]
	at com.microsoft.sqlserver.jdbc.TDSCommand.execute(IOBuffer.java:5696) ~[sqljdbc4-4.0.jar:na]
	at com.microsoft.sqlserver.jdbc.SQLServerConnection.executeCommand(SQLServerConnection.java:1715) ~[sqljdbc4-4.0.jar:na]
	at com.microsoft.sqlserver.jdbc.SQLServerStatement.executeCommand(SQLServerStatement.java:180) ~[sqljdbc4-4.0.jar:na]
	at com.microsoft.sqlserver.jdbc.SQLServerStatement.executeStatement(SQLServerStatement.java:155) ~[sqljdbc4-4.0.jar:na]
	at com.microsoft.sqlserver.jdbc.SQLServerPreparedStatement.execute(SQLServerPreparedStatement.java:332) ~[sqljdbc4-4.0.jar:na]
	at com.alibaba.datax.plugin.rdbms.writer.CommonRdbmsWriter$Task.doOneInsert(CommonRdbmsWriter.java:382) [plugin-rdbms-util-0.0.1-SNAPSHOT.jar:na]
	at com.alibaba.datax.plugin.rdbms.writer.CommonRdbmsWriter$Task.doBatchInsert(CommonRdbmsWriter.java:362) [plugin-rdbms-util-0.0.1-SNAPSHOT.jar:na]
	at com.alibaba.datax.plugin.rdbms.writer.CommonRdbmsWriter$Task.startWriteWithConnection(CommonRdbmsWriter.java:297) [plugin-rdbms-util-0.0.1-SNAPSHOT.jar:na]
	at com.alibaba.datax.plugin.rdbms.writer.CommonRdbmsWriter$Task.startWrite(CommonRdbmsWriter.java:319) [plugin-rdbms-util-0.0.1-SNAPSHOT.jar:na]
	at com.alibaba.datax.plugin.writer.sqlserverwriter.SqlServerWriter$Task.startWrite(SqlServerWriter.java:81) [sqlserverwriter-0.0.1-SNAPSHOT.jar:na]
	at com.alibaba.datax.core.taskgroup.runner.WriterRunner.run(WriterRunner.java:56) [datax-core-0.0.1-SNAPSHOT.jar:na]
	at java.lang.Thread.run(Thread.java:748) [na:1.8.0_192]
2023-07-07 12:23:51.194 [0-0-0-writer] ERROR StdoutPluginCollector - 脏数据: 
{"exception":"将截断字符串或二进制数据。","record":[{"byteSize":5,"index":0,"rawData":"00000","type":"STRING"},{"byteSize":4,"index":1,"rawData":"全部业务","type":"STRING"},{"byteSize":6,"index":2,"rawData":"STD010","type":"STRING"},{"byteSize":1,"index":3,"rawData":" ","type":"STRING"},{"byteSize":1,"index":4,"rawData":"1","type":"STRING"},{"byteSize":0,"index":5,"rawData":"","type":"STRING"},{"byteSize":1,"index":6,"rawData":"2","type":"STRING"},{"byteSize":1,"index":7,"rawData":"0","type":"STRING"},{"byteSize":1,"index":8,"rawData":"0","type":"STRING"},{"byteSize":1,"index":9,"rawData":"1","type":"STRING"},{"byteSize":0,"index":10,"type":"STRING"},{"byteSize":0,"index":11,"type":"STRING"},{"byteSize":2,"index":12,"rawData":"00","type":"STRING"},{"byteSize":3,"index":13,"rawData":"1,2","type":"STRING"},{"byteSize":2,"index":14,"rawData":"00","type":"STRING"},{"byteSize":0,"index":15,"type":"STRING"},{"byteSize":1,"index":16,"rawData":"0","type":"STRING"},{"byteSize":1,"index":17,"rawData":"1","type":"STRING"},{"byteSize":1,"index":18,"rawData":"0","type":"STRING"},{"byteSize":0,"index":19,"type":"STRING"},{"byteSize":0,"index":20,"type":"STRING"},{"byteSize":1,"index":21,"rawData":"1","type":"STRING"},{"byteSize":1,"index":22,"rawData":"0","type":"STRING"},{"byteSize":0,"index":23,"type":"STRING"},{"byteSize":0,"index":24,"type":"STRING"}],"type":"writer"}
2023-07-07 12:23:51.195 [0-0-0-writer] ERROR StdoutPluginCollector - 脏数据: 
{"exception":"将截断字符串或二进制数据。","record":[{"byteSize":5,"index":0,"rawData":"00360","type":"STRING"},{"byteSize":5,"index":1,"rawData":"客户360","type":"STRING"},{"byteSize":6,"index":2,"rawData":"STD020","type":"STRING"},{"byteSize":1,"index":3,"rawData":"3","type":"STRING"},{"byteSize":13,"index":4,"rawData":"1,3,4,6,7,8,9","type":"STRING"},{"byteSize":0,"index":5,"rawData":"","type":"STRING"},{"byteSize":1,"index":6,"rawData":" ","type":"STRING"},{"byteSize":1,"index":7,"rawData":" ","type":"STRING"},{"byteSize":1,"index":8,"rawData":" ","type":"STRING"},{"byteSize":1,"index":9,"rawData":"0","type":"STRING"},{"byteSize":0,"index":10,"rawData":"","type":"STRING"},{"byteSize":1,"index":11,"rawData":" ","type":"STRING"},{"byteSize":2,"index":12,"rawData":"97","type":"STRING"},{"byteSize":0,"index":13,"rawData":"","type":"STRING"},{"byteSize":2,"index":14,"rawData":"98","type":"STRING"},{"byteSize":0,"index":15,"rawData":"","type":"STRING"},{"byteSize":1,"index":16,"rawData":"0","type":"STRING"},{"byteSize":1,"index":17,"rawData":" ","type":"STRING"},{"byteSize":1,"index":18,"rawData":"0","type":"STRING"},{"byteSize":1,"index":19,"rawData":"0","type":"STRING"},{"byteSize":1,"index":20,"rawData":" ","type":"STRING"},{"byteSize":1,"index":21,"rawData":"0","type":"STRING"},{"byteSize":1,"index":22,"rawData":" ","type":"STRING"},{"byteSize":0,"index":23,"type":"STRING"},{"byteSize":0,"index":24,"type":"STRING"}],"type":"writer"}
2023-07-07 12:23:51.196 [0-0-0-writer] ERROR StdoutPluginCollector - 脏数据: 
{"exception":"将截断字符串或二进制数据。","record":[{"byteSize":5,"index":0,"rawData":"C0001","type":"STRING"},{"byteSize":4,"index":1,"rawData":"参数管理","type":"STRING"},{"byteSize":6,"index":2,"rawData":"STD021","type":"STRING"},{"byteSize":1,"index":3,"rawData":"1","type":"STRING"},{"byteSize":5,"index":4,"rawData":"1,2,3","type":"STRING"},{"byteSize":0,"index":5,"rawData":"","type":"STRING"},{"byteSize":1,"index":6,"rawData":" ","type":"STRING"},{"byteSize":1,"index":7,"rawData":" ","type":"STRING"},{"byteSize":1,"index":8,"rawData":" ","type":"STRING"},{"byteSize":1,"index":9,"rawData":"0","type":"STRING"},{"byteSize":0,"index":10,"rawData":"","type":"STRING"},{"byteSize":1,"index":11,"rawData":" ","type":"STRING"},{"byteSize":2,"index":12,"rawData":"99","type":"STRING"},{"byteSize":0,"index":13,"rawData":"","type":"STRING"},{"byteSize":2,"index":14,"rawData":"99","type":"STRING"},{"byteSize":0,"index":15,"rawData":"","type":"STRING"},{"byteSize":1,"index":16,"rawData":"0","type":"STRING"},{"byteSize":1,"index":17,"rawData":"0","type":"STRING"},{"byteSize":1,"index":18,"rawData":"0","type":"STRING"},{"byteSize":1,"index":19,"rawData":" ","type":"STRING"},{"byteSize":1,"index":20,"rawData":" ","type":"STRING"},{"byteSize":1,"index":21,"rawData":"0","type":"STRING"},{"byteSize":1,"index":22,"rawData":"0","type":"STRING"},{"byteSize":0,"index":23,"rawData":"","type":"STRING"},{"byteSize":1,"index":24,"rawData":" ","type":"STRING"}],"type":"writer"}
2023-07-07 12:23:51.198 [0-0-0-writer] ERROR StdoutPluginCollector - 脏数据: 
{"exception":"将截断字符串或二进制数据。","record":[{"byteSize":5,"index":0,"rawData":"C0002","type":"STRING"},{"byteSize":4,"index":1,"rawData":"权限管理","type":"STRING"},{"byteSize":6,"index":2,"rawData":"STD021","type":"STRING"},{"byteSize":1,"index":3,"rawData":"1","type":"STRING"},{"byteSize":5,"index":4,"rawData":"1,2,3","type":"STRING"},{"byteSize":0,"index":5,"rawData":"","type":"STRING"},{"byteSize":1,"index":6,"rawData":" ","type":"STRING"},{"byteSize":1,"index":7,"rawData":" ","type":"STRING"},{"byteSize":1,"index":8,"rawData":" ","type":"STRING"},{"byteSize":1,"index":9,"rawData":"0","type":"STRING"},{"byteSize":0,"index":10,"rawData":"","type":"STRING"},{"byteSize":1,"index":11,"rawData":" ","type":"STRING"},{"byteSize":2,"index":12,"rawData":"98","type":"STRING"},{"byteSize":0,"index":13,"rawData":"","type":"STRING"},{"byteSize":2,"index":14,"rawData":"98","type":"STRING"},{"byteSize":0,"index":15,"rawData":"","type":"STRING"},{"byteSize":1,"index":16,"rawData":"0","type":"STRING"},{"byteSize":1,"index":17,"rawData":"0","type":"STRING"},{"byteSize":1,"index":18,"rawData":"0","type":"STRING"},{"byteSize":0,"index":19,"type":"STRING"},{"byteSize":0,"index":20,"type":"STRING"},{"byteSize":1,"index":21,"rawData":"0","type":"STRING"},{"byteSize":1,"index":22,"rawData":"0","type":"STRING"},{"byteSize":0,"index":23,"type":"STRING"},{"byteSize":0,"index":24,"type":"STRING"}],"type":"writer"}
2023-07-07 12:23:51.202 [0-0-0-writer] ERROR StdoutPluginCollector - 脏数据: 
{"exception":"将截断字符串或二进制数据。","record":[{"byteSize":5,"index":0,"rawData":"C0003","type":"STRING"},{"byteSize":4,"index":1,"rawData":"通用业务","type":"STRING"},{"byteSize":6,"index":2,"rawData":"STD021","type":"STRING"},{"byteSize":1,"index":3,"rawData":"1","type":"STRING"},{"byteSize":5,"index":4,"rawData":"1,2,3","type":"STRING"},{"byteSize":0,"index":5,"rawData":"","type":"STRING"},{"byteSize":1,"index":6,"rawData":" ","type":"STRING"},{"byteSize":1,"index":7,"rawData":" ","type":"STRING"},{"byteSize":1,"index":8,"rawData":" ","type":"STRING"},{"byteSize":1,"index":9,"rawData":"0","type":"STRING"},{"byteSize":0,"index":10,"rawData":"","type":"STRING"},{"byteSize":1,"index":11,"rawData":" ","type":"STRING"},{"byteSize":2,"index":12,"rawData":"97","type":"STRING"},{"byteSize":0,"index":13,"rawData":"","type":"STRING"},{"byteSize":2,"index":14,"rawData":"97","type":"STRING"},{"byteSize":0,"index":15,"rawData":"","type":"STRING"},{"byteSize":1,"index":16,"rawData":"0","type":"STRING"},{"byteSize":1,"index":17,"rawData":" ","type":"STRING"},{"byteSize":1,"index":18,"rawData":"0","type":"STRING"},{"byteSize":1,"index":19,"rawData":" ","type":"STRING"},{"byteSize":1,"index":20,"rawData":" ","type":"STRING"},{"byteSize":1,"index":21,"rawData":"0","type":"STRING"},{"byteSize":1,"index":22,"rawData":"0","type":"STRING"},{"byteSize":0,"index":23,"rawData":"","type":"STRING"},{"byteSize":1,"index":24,"rawData":" ","type":"STRING"}],"type":"writer"}
2023-07-07 12:23:51.213 [0-0-0-writer] ERROR StdoutPluginCollector - 脏数据: 
{"exception":"将截断字符串或二进制数据。","record":[{"byteSize":5,"index":0,"rawData":"C9700","type":"STRING"},{"byteSize":6,"index":1,"rawData":"业务同机复核","type":"STRING"},{"byteSize":6,"index":2,"rawData":"STD020","type":"STRING"},{"byteSize":1,"index":3,"rawData":"1","type":"STRING"},{"byteSize":1,"index":4,"rawData":"1","type":"STRING"},{"byteSize":0,"index":5,"rawData":"","type":"STRING"},{"byteSize":1,"index":6,"rawData":" ","type":"STRING"},{"byteSize":1,"index":7,"rawData":" ","type":"STRING"},{"byteSize":1,"index":8,"rawData":" ","type":"STRING"},{"byteSize":1,"index":9,"rawData":"0","type":"STRING"},{"byteSize":0,"index":10,"rawData":"","type":"STRING"},{"byteSize":1,"index":11,"rawData":" ","type":"STRING"},{"byteSize":2,"index":12,"rawData":"97","type":"STRING"},{"byteSize":0,"index":13,"rawData":"","type":"STRING"},{"byteSize":2,"index":14,"rawData":"97","type":"STRING"},{"byteSize":0,"index":15,"rawData":"","type":"STRING"},{"byteSize":1,"index":16,"rawData":"0","type":"STRING"},{"byteSize":1,"index":17,"rawData":"0","type":"STRING"},{"byteSize":1,"index":18,"rawData":"0","type":"STRING"},{"byteSize":0,"index":19,"type":"STRING"},{"byteSize":0,"index":20,"type":"STRING"},{"byteSize":1,"index":21,"rawData":"0","type":"STRING"},{"byteSize":1,"index":22,"rawData":"0","type":"STRING"},{"byteSize":0,"index":23,"type":"STRING"},{"byteSize":0,"index":24,"type":"STRING"}],"type":"writer"}
2023-07-07 12:23:51.221 [0-0-0-writer] ERROR StdoutPluginCollector - 脏数据: 
{"exception":"将截断字符串或二进制数据。","record":[{"byteSize":5,"index":0,"rawData":"C9800","type":"STRING"},{"byteSize":6,"index":1,"rawData":"权限同机复核","type":"STRING"},{"byteSize":6,"index":2,"rawData":"STD020","type":"STRING"},{"byteSize":1,"index":3,"rawData":"1","type":"STRING"},{"byteSize":1,"index":4,"rawData":"1","type":"STRING"},{"byteSize":0,"index":5,"rawData":"","type":"STRING"},{"byteSize":1,"index":6,"rawData":" ","type":"STRING"},{"byteSize":1,"index":7,"rawData":" ","type":"STRING"},{"byteSize":1,"index":8,"rawData":" ","type":"STRING"},{"byteSize":1,"index":9,"rawData":"0","type":"STRING"},{"byteSize":0,"index":10,"rawData":"","type":"STRING"},{"byteSize":1,"index":11,"rawData":" ","type":"STRING"},{"byteSize":2,"index":12,"rawData":"98","type":"STRING"},{"byteSize":0,"index":13,"rawData":"","type":"STRING"},{"byteSize":2,"index":14,"rawData":"98","type":"STRING"},{"byteSize":0,"index":15,"rawData":"","type":"STRING"},{"byteSize":1,"index":16,"rawData":"0","type":"STRING"},{"byteSize":1,"index":17,"rawData":"0","type":"STRING"},{"byteSize":1,"index":18,"rawData":"0","type":"STRING"},{"byteSize":0,"index":19,"type":"STRING"},{"byteSize":0,"index":20,"type":"STRING"},{"byteSize":1,"index":21,"rawData":"0","type":"STRING"},{"byteSize":1,"index":22,"rawData":"0","type":"STRING"},{"byteSize":0,"index":23,"type":"STRING"},{"byteSize":0,"index":24,"type":"STRING"}],"type":"writer"}
2023-07-07 12:23:51.232 [0-0-0-writer] ERROR StdoutPluginCollector - 脏数据: 
{"exception":"将截断字符串或二进制数据。","record":[{"byteSize":5,"index":0,"rawData":"C9900","type":"STRING"},{"byteSize":6,"index":1,"rawData":"参数同机复核","type":"STRING"},{"byteSize":6,"index":2,"rawData":"STD020","type":"STRING"},{"byteSize":1,"index":3,"rawData":"1","type":"STRING"},{"byteSize":1,"index":4,"rawData":"1","type":"STRING"},{"byteSize":0,"index":5,"rawData":"","type":"STRING"},{"byteSize":1,"index":6,"rawData":" ","type":"STRING"},{"byteSize":1,"index":7,"rawData":" ","type":"STRING"},{"byteSize":1,"index":8,"rawData":" ","type":"STRING"},{"byteSize":1,"index":9,"rawData":"0","type":"STRING"},{"byteSize":0,"index":10,"rawData":"","type":"STRING"},{"byteSize":1,"index":11,"rawData":" ","type":"STRING"},{"byteSize":2,"index":12,"rawData":"99","type":"STRING"},{"byteSize":0,"index":13,"rawData":"","type":"STRING"},{"byteSize":2,"index":14,"rawData":"99","type":"STRING"},{"byteSize":0,"index":15,"rawData":"","type":"STRING"},{"byteSize":1,"index":16,"rawData":"0","type":"STRING"},{"byteSize":1,"index":17,"rawData":"0","type":"STRING"},{"byteSize":1,"index":18,"rawData":"0","type":"STRING"},{"byteSize":0,"index":19,"type":"STRING"},{"byteSize":0,"index":20,"type":"STRING"},{"byteSize":1,"index":21,"rawData":"0","type":"STRING"},{"byteSize":1,"index":22,"rawData":"0","type":"STRING"},{"byteSize":0,"index":23,"type":"STRING"},{"byteSize":0,"index":24,"type":"STRING"}],"type":"writer"}
2023-07-07 12:23:51.233 [0-0-0-writer] ERROR StdoutPluginCollector - 脏数据: 
{"exception":"将截断字符串或二进制数据。","record":[{"byteSize":5,"index":0,"rawData":"D0001","type":"STRING"},{"byteSize":6,"index":1,"rawData":"证券账户开立","type":"STRING"},{"byteSize":6,"index":2,"rawData":"STD021","type":"STRING"},{"byteSize":1,"index":3,"rawData":"3","type":"STRING"},{"byteSize":5,"index":4,"rawData":"1,2,3","type":"STRING"},{"byteSize":0,"index":5,"rawData":"","type":"STRING"},{"byteSize":1,"index":6,"rawData":" ","type":"STRING"},{"byteSize":1,"index":7,"rawData":" ","type":"STRING"},{"byteSize":1,"index":8,"rawData":"0","type":"STRING"},{"byteSize":1,"index":9,"rawData":"0","type":"STRING"},{"byteSize":0,"index":10,"rawData":"","type":"STRING"},{"byteSize":1,"index":11,"rawData":"0","type":"STRING"},{"byteSize":2,"index":12,"rawData":"04","type":"STRING"},{"byteSize":0,"index":13,"type":"STRING"},{"byteSize":2,"index":14,"rawData":"00","type":"STRING"},{"byteSize":2,"index":15,"rawData":"07","type":"STRING"},{"byteSize":1,"index":16,"rawData":"0","type":"STRING"},{"byteSize":1,"index":17,"rawData":"0","type":"STRING"},{"byteSize":1,"index":18,"rawData":"0","type":"STRING"},{"byteSize":0,"index":19,"type":"STRING"},{"byteSize":0,"index":20,"type":"STRING"},{"byteSize":1,"index":21,"rawData":"1","type":"STRING"},{"byteSize":1,"index":22,"rawData":"0","type":"STRING"},{"byteSize":0,"index":23,"type":"STRING"},{"byteSize":0,"index":24,"type":"STRING"}],"type":"writer"}
2023-07-07 12:23:51.591 [taskGroup-0] INFO  TaskGroupContainer - taskGroup[0] taskId[0] is successed, used[1110]ms
2023-07-07 12:23:51.592 [taskGroup-0] INFO  TaskGroupContainer - taskGroup[0] completed it's tasks.
2023-07-07 12:24:00.480 [job-0] INFO  StandAloneJobContainerCommunicator - Total 456 records, 19720 bytes | Speed 1.93KB/s, 45 records/s | Error 456 records, 19720 bytes |  All Task WaitWriterTime 0.001s |  All Task WaitReaderTime 0.348s | Percentage 100.00%
2023-07-07 12:24:00.481 [job-0] ERROR JobContainer - 运行scheduler 模式[standalone]出错.
2023-07-07 12:24:00.481 [job-0] ERROR JobContainer - Exception when job run
com.alibaba.datax.common.exception.DataXException: Code:[Framework-14], Description:[DataX传输脏数据超过用户预期，该错误通常是由于源端数据存在较多业务脏数据导致，请仔细检查DataX汇报的脏数据日志信息, 或者您可以适当调大脏数据阈值 .].  - 脏数据条数检查不通过，限制是[0]条，但实际上捕获了[456]条.
	at com.alibaba.datax.common.exception.DataXException.asDataXException(DataXException.java:30) ~[datax-common-0.0.1-SNAPSHOT.jar:na]
	at com.alibaba.datax.core.util.ErrorRecordChecker.checkRecordLimit(ErrorRecordChecker.java:58) ~[datax-core-0.0.1-SNAPSHOT.jar:na]
	at com.alibaba.datax.core.job.scheduler.AbstractScheduler.schedule(AbstractScheduler.java:89) ~[datax-core-0.0.1-SNAPSHOT.jar:na]
	at com.alibaba.datax.core.job.JobContainer.schedule(JobContainer.java:535) ~[datax-core-0.0.1-SNAPSHOT.jar:na]
	at com.alibaba.datax.core.job.JobContainer.start(JobContainer.java:119) ~[datax-core-0.0.1-SNAPSHOT.jar:na]
	at com.alibaba.datax.core.Engine.start(Engine.java:93) [datax-core-0.0.1-SNAPSHOT.jar:na]
	at com.alibaba.datax.core.Engine.entry(Engine.java:175) [datax-core-0.0.1-SNAPSHOT.jar:na]
	at com.alibaba.datax.core.Engine.main(Engine.java:208) [datax-core-0.0.1-SNAPSHOT.jar:na]
2023-07-07 12:24:00.482 [job-0] INFO  StandAloneJobContainerCommunicator - Total 456 records, 19720 bytes | Speed 19.26KB/s, 456 records/s | Error 456 records, 19720 bytes |  All Task WaitWriterTime 0.001s |  All Task WaitReaderTime 0.348s | Percentage 100.00%
2023-07-07 12:24:00.483 [job-0] ERROR Engine - 

经DataX智能分析,该任务最可能的错误原因是:
com.alibaba.datax.common.exception.DataXException: Code:[Framework-14], Description:[DataX传输脏数据超过用户预期，该错误通常是由于源端数据存在较多业务脏数据导致，请仔细检查DataX汇报的脏数据日志信息, 或者您可以适当调大脏数据阈值 .].  - 脏数据条数检查不通过，限制是[0]条，但实际上捕获了[456]条.
	at com.alibaba.datax.common.exception.DataXException.asDataXException(DataXException.java:30)
	at com.alibaba.datax.core.util.ErrorRecordChecker.checkRecordLimit(ErrorRecordChecker.java:58)
	at com.alibaba.datax.core.job.scheduler.AbstractScheduler.schedule(AbstractScheduler.java:89)
	at com.alibaba.datax.core.job.JobContainer.schedule(JobContainer.java:535)
	at com.alibaba.datax.core.job.JobContainer.start(JobContainer.java:119)
	at com.alibaba.datax.core.Engine.start(Engine.java:93)
	at com.alibaba.datax.core.Engine.entry(Engine.java:175)
	at com.alibaba.datax.core.Engine.main(Engine.java:208)

