2023-07-07 12:34:15.275 [main] INFO  MessageSource - JVM TimeZone: GMT+08:00, Locale: zh_CN
2023-07-07 12:34:15.277 [main] INFO  MessageSource - use Locale: zh_CN timeZone: sun.util.calendar.ZoneInfo[id="GMT+08:00",offset=28800000,dstSavings=0,useDaylight=false,transitions=0,lastRule=null]
2023-07-07 12:34:15.284 [main] INFO  VMInfo - VMInfo# operatingSystem class => sun.management.OperatingSystemImpl
2023-07-07 12:34:15.287 [main] INFO  Engine - the machine info  => 

	osInfo:	Oracle Corporation 1.8 25.192-b12
	jvmInfo:	Windows 10 amd64 10.0
	cpu num:	16

	totalPhysicalMemory:	-0.00G
	freePhysicalMemory:	-0.00G
	maxFileDescriptorCount:	-1
	currentOpenFileDescriptorCount:	-1

	GC Names	[PS MarkSweep, PS Scavenge]

	MEMORY_NAME                    | allocation_size                | init_size                      
	PS Eden Space                  | 256.00MB                       | 256.00MB                       
	Code Cache                     | 240.00MB                       | 2.44MB                         
	Compressed Class Space         | 1,024.00MB                     | 0.00MB                         
	PS Survivor Space              | 42.50MB                        | 42.50MB                        
	PS Old Gen                     | 683.00MB                       | 683.00MB                       
	Metaspace                      | -0.00MB                        | 0.00MB                         


2023-07-07 12:34:15.300 [main] INFO  Engine - 
{
	"content":[
		{
			"reader":{
				"name":"postgresqlreader",
				"parameter":{
					"column":[
						"msg_sno",
						"msg_title",
						"msg_content",
						"msg_file",
						"editor",
						"target_post",
						"scope_type",
						"scope_val",
						"publish_time",
						"msg_status",
						"reviewer",
						"review_time",
						"remark",
						"update_time",
						"msg_type",
						"msg_data"
					],
					"connection":[
						{
							"jdbcUrl":[
								"jdbc:postgresql://10.201.65.21:30100/ygt"
							],
							"table":[
								"opp_msg_info"
							]
						}
					],
					"password":"************",
					"splitPk":"",
					"username":"ygt"
				}
			},
			"writer":{
				"name":"sqlserverwriter",
				"parameter":{
					"column":[
						"MSG_SNO",
						"MSG_TITLE",
						"MSG_CONTENT",
						"MSG_FILE",
						"EDITOR",
						"TARGET_POST",
						"SCOPE_TYPE",
						"SCOPE_VAL",
						"PUBLISH_TIME",
						"MSG_STATUS",
						"REVIEWER",
						"REVIEW_TIME",
						"REMARK",
						"UPDATE_TIME",
						"MSG_TYPE",
						"MSG_DATA"
					],
					"connection":[
						{
							"jdbcUrl":"jdbc:sqlserver://192.168.203.129:1433;DatabaseName=YGT;",
							"table":[
								"OPP_MSG_INFO"
							]
						}
					],
					"password":"***********",
					"preSql":[
						"TRUNCATE TABLE OPP_MSG_INFO"
					],
					"username":"sa"
				}
			}
		}
	],
	"setting":{
		"errorLimit":{
			"record":0
		},
		"speed":{
			"channel":20
		}
	}
}

2023-07-07 12:34:15.312 [main] WARN  Engine - prioriy set to 0, because NumberFormatException, the value is: null
2023-07-07 12:34:15.313 [main] INFO  PerfTrace - PerfTrace traceId=job_-1, isEnable=false, priority=0
2023-07-07 12:34:15.313 [main] INFO  JobContainer - DataX jobContainer starts job.
2023-07-07 12:34:15.314 [main] INFO  JobContainer - Set jobId = 0
2023-07-07 12:34:23.030 [job-0] INFO  OriginalConfPretreatmentUtil - Available jdbcUrl:jdbc:postgresql://10.201.65.21:30100/ygt.
2023-07-07 12:34:23.667 [job-0] INFO  OriginalConfPretreatmentUtil - table:[opp_msg_info] has columns:[msg_sno,msg_title,msg_content,msg_file,editor,target_post,scope_type,scope_val,publish_time,msg_status,reviewer,review_time,remark,update_time,msg_type,msg_data].
2023-07-07 12:34:23.786 [job-0] INFO  OriginalConfPretreatmentUtil - table:[OPP_MSG_INFO] all columns:[
MSG_SNO,MSG_TITLE,MSG_CONTENT,MSG_FILE,EDITOR,TARGET_POST,SCOPE_TYPE,SCOPE_VAL,PUBLISH_TIME,MSG_STATUS,REVIEWER,REVIEW_TIME,REMARK,UPDATE_TIME,MSG_TYPE,MSG_DATA
].
2023-07-07 12:34:23.796 [job-0] INFO  OriginalConfPretreatmentUtil - Write data [
INSERT INTO %s (MSG_SNO,MSG_TITLE,MSG_CONTENT,MSG_FILE,EDITOR,TARGET_POST,SCOPE_TYPE,SCOPE_VAL,PUBLISH_TIME,MSG_STATUS,REVIEWER,REVIEW_TIME,REMARK,UPDATE_TIME,MSG_TYPE,MSG_DATA) VALUES(?,?,?,?,?,?,?,?,?,?,?,?,?,?,?,?)
], which jdbcUrl like:[jdbc:sqlserver://192.168.203.129:1433;DatabaseName=YGT;]
2023-07-07 12:34:23.796 [job-0] INFO  JobContainer - jobContainer starts to do prepare ...
2023-07-07 12:34:23.796 [job-0] INFO  JobContainer - DataX Reader.Job [postgresqlreader] do prepare work .
2023-07-07 12:34:23.796 [job-0] INFO  JobContainer - DataX Writer.Job [sqlserverwriter] do prepare work .
2023-07-07 12:34:23.804 [job-0] INFO  CommonRdbmsWriter$Job - Begin to execute preSqls:[TRUNCATE TABLE OPP_MSG_INFO]. context info:jdbc:sqlserver://192.168.203.129:1433;DatabaseName=YGT;.
2023-07-07 12:34:23.805 [job-0] INFO  JobContainer - jobContainer starts to do split ...
2023-07-07 12:34:23.805 [job-0] INFO  JobContainer - Job set Channel-Number to 20 channels.
2023-07-07 12:34:23.807 [job-0] INFO  JobContainer - DataX Reader.Job [postgresqlreader] splits to [1] tasks.
2023-07-07 12:34:23.807 [job-0] INFO  JobContainer - DataX Writer.Job [sqlserverwriter] splits to [1] tasks.
2023-07-07 12:34:23.817 [job-0] INFO  JobContainer - jobContainer starts to do schedule ...
2023-07-07 12:34:23.819 [job-0] INFO  JobContainer - Scheduler starts [1] taskGroups.
2023-07-07 12:34:23.821 [job-0] INFO  JobContainer - Running by standalone Mode.
2023-07-07 12:34:23.824 [taskGroup-0] INFO  TaskGroupContainer - taskGroupId=[0] start [1] channels for [1] tasks.
2023-07-07 12:34:23.826 [taskGroup-0] INFO  Channel - Channel set byte_speed_limit to -1, No bps activated.
2023-07-07 12:34:23.827 [taskGroup-0] INFO  Channel - Channel set record_speed_limit to -1, No tps activated.
2023-07-07 12:34:23.832 [taskGroup-0] INFO  TaskGroupContainer - taskGroup[0] taskId[0] attemptCount[1] is started
2023-07-07 12:34:23.835 [0-0-0-reader] INFO  CommonRdbmsReader$Task - Begin to read record by Sql: [select msg_sno,msg_title,msg_content,msg_file,editor,target_post,scope_type,scope_val,publish_time,msg_status,reviewer,review_time,remark,update_time,msg_type,msg_data from opp_msg_info 
] jdbcUrl:[jdbc:postgresql://10.201.65.21:30100/ygt].
2023-07-07 12:34:24.823 [0-0-0-reader] INFO  CommonRdbmsReader$Task - Finished read record by Sql: [select msg_sno,msg_title,msg_content,msg_file,editor,target_post,scope_type,scope_val,publish_time,msg_status,reviewer,review_time,remark,update_time,msg_type,msg_data from opp_msg_info 
] jdbcUrl:[jdbc:postgresql://10.201.65.21:30100/ygt].
2023-07-07 12:34:25.053 [0-0-0-writer] WARN  CommonRdbmsWriter$Task - 回滚此次写入, 采用每次写入一行方式提交. 因为:当 IDENTITY_INSERT 设置为 OFF 时，不能为表 'OPP_MSG_INFO' 中的标识列插入显式值。
2023-07-07 12:34:25.057 [0-0-0-writer] ERROR StdoutPluginCollector - 
com.microsoft.sqlserver.jdbc.SQLServerException: 当 IDENTITY_INSERT 设置为 OFF 时，不能为表 'OPP_MSG_INFO' 中的标识列插入显式值。
	at com.microsoft.sqlserver.jdbc.SQLServerException.makeFromDatabaseError(SQLServerException.java:216) ~[sqljdbc4-4.0.jar:na]
	at com.microsoft.sqlserver.jdbc.SQLServerStatement.getNextResult(SQLServerStatement.java:1515) ~[sqljdbc4-4.0.jar:na]
	at com.microsoft.sqlserver.jdbc.SQLServerPreparedStatement.doExecutePreparedStatement(SQLServerPreparedStatement.java:404) ~[sqljdbc4-4.0.jar:na]
	at com.microsoft.sqlserver.jdbc.SQLServerPreparedStatement$PrepStmtExecCmd.doExecute(SQLServerPreparedStatement.java:350) ~[sqljdbc4-4.0.jar:na]
	at com.microsoft.sqlserver.jdbc.TDSCommand.execute(IOBuffer.java:5696) ~[sqljdbc4-4.0.jar:na]
	at com.microsoft.sqlserver.jdbc.SQLServerConnection.executeCommand(SQLServerConnection.java:1715) ~[sqljdbc4-4.0.jar:na]
	at com.microsoft.sqlserver.jdbc.SQLServerStatement.executeCommand(SQLServerStatement.java:180) ~[sqljdbc4-4.0.jar:na]
	at com.microsoft.sqlserver.jdbc.SQLServerStatement.executeStatement(SQLServerStatement.java:155) ~[sqljdbc4-4.0.jar:na]
	at com.microsoft.sqlserver.jdbc.SQLServerPreparedStatement.execute(SQLServerPreparedStatement.java:332) ~[sqljdbc4-4.0.jar:na]
	at com.alibaba.datax.plugin.rdbms.writer.CommonRdbmsWriter$Task.doOneInsert(CommonRdbmsWriter.java:382) [plugin-rdbms-util-0.0.1-SNAPSHOT.jar:na]
	at com.alibaba.datax.plugin.rdbms.writer.CommonRdbmsWriter$Task.doBatchInsert(CommonRdbmsWriter.java:362) [plugin-rdbms-util-0.0.1-SNAPSHOT.jar:na]
	at com.alibaba.datax.plugin.rdbms.writer.CommonRdbmsWriter$Task.startWriteWithConnection(CommonRdbmsWriter.java:297) [plugin-rdbms-util-0.0.1-SNAPSHOT.jar:na]
	at com.alibaba.datax.plugin.rdbms.writer.CommonRdbmsWriter$Task.startWrite(CommonRdbmsWriter.java:319) [plugin-rdbms-util-0.0.1-SNAPSHOT.jar:na]
	at com.alibaba.datax.plugin.writer.sqlserverwriter.SqlServerWriter$Task.startWrite(SqlServerWriter.java:81) [sqlserverwriter-0.0.1-SNAPSHOT.jar:na]
	at com.alibaba.datax.core.taskgroup.runner.WriterRunner.run(WriterRunner.java:56) [datax-core-0.0.1-SNAPSHOT.jar:na]
	at java.lang.Thread.run(Thread.java:748) [na:1.8.0_192]
2023-07-07 12:34:25.059 [0-0-0-writer] ERROR StdoutPluginCollector - 脏数据: 
{"exception":"当 IDENTITY_INSERT 设置为 OFF 时，不能为表 'OPP_MSG_INFO' 中的标识列插入显式值。","record":[{"byteSize":1,"index":0,"rawData":"1","type":"DOUBLE"},{"byteSize":8,"index":1,"rawData":"视频见证人员考试","type":"STRING"},{"byteSize":8,"index":2,"rawData":"视频见证人员考试","type":"STRING"},{"byteSize":0,"index":3,"rawData":"","type":"STRING"},{"byteSize":4,"index":4,"rawData":"8888","type":"STRING"},{"byteSize":4,"index":5,"rawData":"8082","type":"STRING"},{"byteSize":1,"index":6,"rawData":"0","type":"STRING"},{"byteSize":284,"index":7,"rawData":"0000,1001,1005,1006,1007,1008,1009,1010,1011,1012,1015,1016,1017,1018,1019,1020,1021,1022,1023,1026,1027,1028,1029,1030,1031,1032,1033,1035,1051,1052,1053,1055,1056,1057,1058,1059,1060,1061,9098,9099,1062,1063,1065,1066,1067,1068,1069,1070,1071,1072,1073,1075,1076,8885,8886,8887,8888","type":"STRING"},{"byteSize":8,"index":8,"rawData":1679289589477,"type":"DATE"},{"byteSize":1,"index":9,"rawData":"5","type":"STRING"},{"byteSize":4,"index":10,"rawData":"8888","type":"STRING"},{"byteSize":8,"index":11,"rawData":1679289834243,"type":"DATE"},{"byteSize":0,"index":12,"type":"STRING"},{"byteSize":8,"index":13,"rawData":1679289834287,"type":"DATE"},{"byteSize":1,"index":14,"rawData":"3","type":"STRING"},{"byteSize":70,"index":15,"rawData":"SURVEY_SN:59;SURVEY_END_DATE:20410327;SURVEY_MINUTE:60;SURVEY_STATUS:0","type":"STRING"}],"type":"writer"}
2023-07-07 12:34:25.162 [taskGroup-0] INFO  TaskGroupContainer - taskGroup[0] taskId[0] is successed, used[1331]ms
2023-07-07 12:34:25.162 [taskGroup-0] INFO  TaskGroupContainer - taskGroup[0] completed it's tasks.
2023-07-07 12:34:33.838 [job-0] INFO  StandAloneJobContainerCommunicator - Total 1 records, 410 bytes | Speed 41B/s, 0 records/s | Error 1 records, 410 bytes |  All Task WaitWriterTime 0.000s |  All Task WaitReaderTime 0.972s | Percentage 100.00%
2023-07-07 12:34:33.839 [job-0] ERROR JobContainer - 运行scheduler 模式[standalone]出错.
2023-07-07 12:34:33.839 [job-0] ERROR JobContainer - Exception when job run
com.alibaba.datax.common.exception.DataXException: Code:[Framework-14], Description:[DataX传输脏数据超过用户预期，该错误通常是由于源端数据存在较多业务脏数据导致，请仔细检查DataX汇报的脏数据日志信息, 或者您可以适当调大脏数据阈值 .].  - 脏数据条数检查不通过，限制是[0]条，但实际上捕获了[1]条.
	at com.alibaba.datax.common.exception.DataXException.asDataXException(DataXException.java:30) ~[datax-common-0.0.1-SNAPSHOT.jar:na]
	at com.alibaba.datax.core.util.ErrorRecordChecker.checkRecordLimit(ErrorRecordChecker.java:58) ~[datax-core-0.0.1-SNAPSHOT.jar:na]
	at com.alibaba.datax.core.job.scheduler.AbstractScheduler.schedule(AbstractScheduler.java:89) ~[datax-core-0.0.1-SNAPSHOT.jar:na]
	at com.alibaba.datax.core.job.JobContainer.schedule(JobContainer.java:535) ~[datax-core-0.0.1-SNAPSHOT.jar:na]
	at com.alibaba.datax.core.job.JobContainer.start(JobContainer.java:119) ~[datax-core-0.0.1-SNAPSHOT.jar:na]
	at com.alibaba.datax.core.Engine.start(Engine.java:93) [datax-core-0.0.1-SNAPSHOT.jar:na]
	at com.alibaba.datax.core.Engine.entry(Engine.java:175) [datax-core-0.0.1-SNAPSHOT.jar:na]
	at com.alibaba.datax.core.Engine.main(Engine.java:208) [datax-core-0.0.1-SNAPSHOT.jar:na]
2023-07-07 12:34:33.839 [job-0] INFO  StandAloneJobContainerCommunicator - Total 1 records, 410 bytes | Speed 410B/s, 1 records/s | Error 1 records, 410 bytes |  All Task WaitWriterTime 0.000s |  All Task WaitReaderTime 0.972s | Percentage 100.00%
2023-07-07 12:34:33.840 [job-0] ERROR Engine - 

经DataX智能分析,该任务最可能的错误原因是:
com.alibaba.datax.common.exception.DataXException: Code:[Framework-14], Description:[DataX传输脏数据超过用户预期，该错误通常是由于源端数据存在较多业务脏数据导致，请仔细检查DataX汇报的脏数据日志信息, 或者您可以适当调大脏数据阈值 .].  - 脏数据条数检查不通过，限制是[0]条，但实际上捕获了[1]条.
	at com.alibaba.datax.common.exception.DataXException.asDataXException(DataXException.java:30)
	at com.alibaba.datax.core.util.ErrorRecordChecker.checkRecordLimit(ErrorRecordChecker.java:58)
	at com.alibaba.datax.core.job.scheduler.AbstractScheduler.schedule(AbstractScheduler.java:89)
	at com.alibaba.datax.core.job.JobContainer.schedule(JobContainer.java:535)
	at com.alibaba.datax.core.job.JobContainer.start(JobContainer.java:119)
	at com.alibaba.datax.core.Engine.start(Engine.java:93)
	at com.alibaba.datax.core.Engine.entry(Engine.java:175)
	at com.alibaba.datax.core.Engine.main(Engine.java:208)

