2023-07-07 12:33:17.855 [main] INFO  MessageSource - JVM TimeZone: GMT+08:00, Locale: zh_CN
2023-07-07 12:33:17.856 [main] INFO  MessageSource - use Locale: zh_CN timeZone: sun.util.calendar.ZoneInfo[id="GMT+08:00",offset=28800000,dstSavings=0,useDaylight=false,transitions=0,lastRule=null]
2023-07-07 12:33:17.868 [main] INFO  VMInfo - VMInfo# operatingSystem class => sun.management.OperatingSystemImpl
2023-07-07 12:33:17.872 [main] INFO  Engine - the machine info  => 

	osInfo:	Oracle Corporation 1.8 25.192-b12
	jvmInfo:	Windows 10 amd64 10.0
	cpu num:	16

	totalPhysicalMemory:	-0.00G
	freePhysicalMemory:	-0.00G
	maxFileDescriptorCount:	-1
	currentOpenFileDescriptorCount:	-1

	GC Names	[PS MarkSweep, PS Scavenge]

	MEMORY_NAME                    | allocation_size                | init_size                      
	PS Eden Space                  | 256.00MB                       | 256.00MB                       
	Code Cache                     | 240.00MB                       | 2.44MB                         
	Compressed Class Space         | 1,024.00MB                     | 0.00MB                         
	PS Survivor Space              | 42.50MB                        | 42.50MB                        
	PS Old Gen                     | 683.00MB                       | 683.00MB                       
	Metaspace                      | -0.00MB                        | 0.00MB                         


2023-07-07 12:33:17.887 [main] INFO  Engine - 
{
	"content":[
		{
			"reader":{
				"name":"postgresqlreader",
				"parameter":{
					"column":[
						"img_sn",
						"img_name",
						"img_path",
						"img_page_cnt",
						"cust_code",
						"cust_name",
						"id_type",
						"id_code",
						"img_cls",
						"img_fmt",
						"img_size",
						"img_width",
						"img_height",
						"img_status",
						"bitmap_type",
						"bitmap_bits",
						"bitmap_xdpi",
						"bitmap_ydpi",
						"op_user_code",
						"op_user_name",
						"op_date",
						"op_time",
						"img_upload",
						"acc_img_id",
						"page_num",
						"is_defined_cls",
						"img_remark",
						"img_see"
					],
					"connection":[
						{
							"jdbcUrl":[
								"jdbc:postgresql://10.201.65.21:30100/ygt"
							],
							"table":[
								"opp_img_info"
							]
						}
					],
					"password":"************",
					"splitPk":"",
					"username":"ygt"
				}
			},
			"writer":{
				"name":"sqlserverwriter",
				"parameter":{
					"column":[
						"IMG_SN",
						"IMG_NAME",
						"IMG_PATH",
						"IMG_PAGE_CNT",
						"CUST_CODE",
						"CUST_NAME",
						"ID_TYPE",
						"ID_CODE",
						"IMG_CLS",
						"IMG_FMT",
						"IMG_SIZE",
						"IMG_WIDTH",
						"IMG_HEIGHT",
						"IMG_STATUS",
						"BITMAP_TYPE",
						"BITMAP_BITS",
						"BITMAP_XDPI",
						"BITMAP_YDPI",
						"OP_USER_CODE",
						"OP_USER_NAME",
						"OP_DATE",
						"OP_TIME",
						"IMG_UPLOAD",
						"ACC_IMG_ID",
						"PAGE_NUM",
						"IS_DEFINED_CLS",
						"IMG_REMARK",
						"IMG_SEE"
					],
					"connection":[
						{
							"jdbcUrl":"jdbc:sqlserver://192.168.203.129:1433;DatabaseName=YGT;",
							"table":[
								"OPP_IMG_INFO"
							]
						}
					],
					"password":"***********",
					"preSql":[
						"TRUNCATE TABLE OPP_IMG_INFO"
					],
					"username":"sa"
				}
			}
		}
	],
	"setting":{
		"errorLimit":{
			"record":0
		},
		"speed":{
			"channel":20
		}
	}
}

2023-07-07 12:33:17.899 [main] WARN  Engine - prioriy set to 0, because NumberFormatException, the value is: null
2023-07-07 12:33:17.900 [main] INFO  PerfTrace - PerfTrace traceId=job_-1, isEnable=false, priority=0
2023-07-07 12:33:17.901 [main] INFO  JobContainer - DataX jobContainer starts job.
2023-07-07 12:33:17.902 [main] INFO  JobContainer - Set jobId = 0
2023-07-07 12:33:23.955 [job-0] INFO  OriginalConfPretreatmentUtil - Available jdbcUrl:jdbc:postgresql://10.201.65.21:30100/ygt.
2023-07-07 12:33:24.470 [job-0] INFO  OriginalConfPretreatmentUtil - table:[opp_img_info] has columns:[img_sn,img_name,img_path,img_page_cnt,cust_code,cust_name,id_type,id_code,img_cls,img_fmt,img_size,img_width,img_height,img_status,bitmap_type,bitmap_bits,bitmap_xdpi,bitmap_ydpi,op_user_code,op_user_name,op_date,op_time,img_upload,acc_img_id,page_num,is_defined_cls,img_remark,img_see].
2023-07-07 12:33:24.628 [job-0] INFO  OriginalConfPretreatmentUtil - table:[OPP_IMG_INFO] all columns:[
IMG_SN,IMG_NAME,IMG_PATH,IMG_PAGE_CNT,CUST_CODE,CUST_NAME,ID_TYPE,ID_CODE,IMG_CLS,IMG_FMT,IMG_SIZE,IMG_WIDTH,IMG_HEIGHT,IMG_STATUS,BITMAP_TYPE,BITMAP_BITS,BITMAP_XDPI,BITMAP_YDPI,OP_USER_CODE,OP_USER_NAME,OP_DATE,OP_TIME,IMG_UPLOAD,ACC_IMG_ID,PAGE_NUM,IS_DEFINED_CLS,IMG_REMARK,IMG_SEE
].
2023-07-07 12:33:24.639 [job-0] INFO  OriginalConfPretreatmentUtil - Write data [
INSERT INTO %s (IMG_SN,IMG_NAME,IMG_PATH,IMG_PAGE_CNT,CUST_CODE,CUST_NAME,ID_TYPE,ID_CODE,IMG_CLS,IMG_FMT,IMG_SIZE,IMG_WIDTH,IMG_HEIGHT,IMG_STATUS,BITMAP_TYPE,BITMAP_BITS,BITMAP_XDPI,BITMAP_YDPI,OP_USER_CODE,OP_USER_NAME,OP_DATE,OP_TIME,IMG_UPLOAD,ACC_IMG_ID,PAGE_NUM,IS_DEFINED_CLS,IMG_REMARK,IMG_SEE) VALUES(?,?,?,?,?,?,?,?,?,?,?,?,?,?,?,?,?,?,?,?,?,?,?,?,?,?,?,?)
], which jdbcUrl like:[jdbc:sqlserver://192.168.203.129:1433;DatabaseName=YGT;]
2023-07-07 12:33:24.639 [job-0] INFO  JobContainer - jobContainer starts to do prepare ...
2023-07-07 12:33:24.639 [job-0] INFO  JobContainer - DataX Reader.Job [postgresqlreader] do prepare work .
2023-07-07 12:33:24.639 [job-0] INFO  JobContainer - DataX Writer.Job [sqlserverwriter] do prepare work .
2023-07-07 12:33:24.672 [job-0] INFO  CommonRdbmsWriter$Job - Begin to execute preSqls:[TRUNCATE TABLE OPP_IMG_INFO]. context info:jdbc:sqlserver://192.168.203.129:1433;DatabaseName=YGT;.
2023-07-07 12:33:24.672 [job-0] INFO  JobContainer - jobContainer starts to do split ...
2023-07-07 12:33:24.673 [job-0] INFO  JobContainer - Job set Channel-Number to 20 channels.
2023-07-07 12:33:24.674 [job-0] INFO  JobContainer - DataX Reader.Job [postgresqlreader] splits to [1] tasks.
2023-07-07 12:33:24.675 [job-0] INFO  JobContainer - DataX Writer.Job [sqlserverwriter] splits to [1] tasks.
2023-07-07 12:33:24.687 [job-0] INFO  JobContainer - jobContainer starts to do schedule ...
2023-07-07 12:33:24.690 [job-0] INFO  JobContainer - Scheduler starts [1] taskGroups.
2023-07-07 12:33:24.692 [job-0] INFO  JobContainer - Running by standalone Mode.
2023-07-07 12:33:24.696 [taskGroup-0] INFO  TaskGroupContainer - taskGroupId=[0] start [1] channels for [1] tasks.
2023-07-07 12:33:24.698 [taskGroup-0] INFO  Channel - Channel set byte_speed_limit to -1, No bps activated.
2023-07-07 12:33:24.698 [taskGroup-0] INFO  Channel - Channel set record_speed_limit to -1, No tps activated.
2023-07-07 12:33:24.705 [taskGroup-0] INFO  TaskGroupContainer - taskGroup[0] taskId[0] attemptCount[1] is started
2023-07-07 12:33:24.708 [0-0-0-reader] INFO  CommonRdbmsReader$Task - Begin to read record by Sql: [select img_sn,img_name,img_path,img_page_cnt,cust_code,cust_name,id_type,id_code,img_cls,img_fmt,img_size,img_width,img_height,img_status,bitmap_type,bitmap_bits,bitmap_xdpi,bitmap_ydpi,op_user_code,op_user_name,op_date,op_time,img_upload,acc_img_id,page_num,is_defined_cls,img_remark,img_see from opp_img_info 
] jdbcUrl:[jdbc:postgresql://10.201.65.21:30100/ygt].
2023-07-07 12:33:25.282 [0-0-0-reader] INFO  CommonRdbmsReader$Task - Finished read record by Sql: [select img_sn,img_name,img_path,img_page_cnt,cust_code,cust_name,id_type,id_code,img_cls,img_fmt,img_size,img_width,img_height,img_status,bitmap_type,bitmap_bits,bitmap_xdpi,bitmap_ydpi,op_user_code,op_user_name,op_date,op_time,img_upload,acc_img_id,page_num,is_defined_cls,img_remark,img_see from opp_img_info 
] jdbcUrl:[jdbc:postgresql://10.201.65.21:30100/ygt].
2023-07-07 12:33:25.596 [taskGroup-0] INFO  TaskGroupContainer - taskGroup[0] taskId[0] is successed, used[892]ms
2023-07-07 12:33:25.596 [taskGroup-0] INFO  TaskGroupContainer - taskGroup[0] completed it's tasks.
2023-07-07 12:33:34.705 [job-0] INFO  StandAloneJobContainerCommunicator - Total 0 records, 0 bytes | Speed 0B/s, 0 records/s | Error 0 records, 0 bytes |  All Task WaitWriterTime 0.000s |  All Task WaitReaderTime 0.000s | Percentage 100.00%
2023-07-07 12:33:34.705 [job-0] INFO  AbstractScheduler - Scheduler accomplished all tasks.
2023-07-07 12:33:34.706 [job-0] INFO  JobContainer - DataX Writer.Job [sqlserverwriter] do post work.
2023-07-07 12:33:34.706 [job-0] INFO  JobContainer - DataX Reader.Job [postgresqlreader] do post work.
2023-07-07 12:33:34.706 [job-0] INFO  JobContainer - DataX jobId [0] completed successfully.
2023-07-07 12:33:34.706 [job-0] INFO  HookInvoker - No hook invoked, because base dir not exists or is a file: C:\Users\xT\PycharmProjects\Migration\datax\hook
2023-07-07 12:33:34.707 [job-0] INFO  JobContainer - 
	 [total cpu info] => 
		averageCpu                     | maxDeltaCpu                    | minDeltaCpu                    
		-1.00%                         | -1.00%                         | -1.00%
                        

	 [total gc info] => 
		 NAME                 | totalGCCount       | maxDeltaGCCount    | minDeltaGCCount    | totalGCTime        | maxDeltaGCTime     | minDeltaGCTime     
		 PS MarkSweep         | 0                  | 0                  | 0                  | 0.000s             | 0.000s             | 0.000s             
		 PS Scavenge          | 0                  | 0                  | 0                  | 0.000s             | 0.000s             | 0.000s             

2023-07-07 12:33:34.707 [job-0] INFO  JobContainer - PerfTrace not enable!
2023-07-07 12:33:34.707 [job-0] INFO  StandAloneJobContainerCommunicator - Total 0 records, 0 bytes | Speed 0B/s, 0 records/s | Error 0 records, 0 bytes |  All Task WaitWriterTime 0.000s |  All Task WaitReaderTime 0.000s | Percentage 100.00%
2023-07-07 12:33:34.708 [job-0] INFO  JobContainer - 
任务启动时刻                    : 2023-07-07 12:33:17
任务结束时刻                    : 2023-07-07 12:33:34
任务总计耗时                    :                 16s
任务平均流量                    :                0B/s
记录写入速度                    :              0rec/s
读出记录总数                    :                   0
读写失败总数                    :                   0

