2023-07-07 12:26:04.590 [main] INFO  MessageSource - JVM TimeZone: GMT+08:00, Locale: zh_CN
2023-07-07 12:26:04.592 [main] INFO  MessageSource - use Locale: zh_CN timeZone: sun.util.calendar.ZoneInfo[id="GMT+08:00",offset=28800000,dstSavings=0,useDaylight=false,transitions=0,lastRule=null]
2023-07-07 12:26:04.600 [main] INFO  VMInfo - VMInfo# operatingSystem class => sun.management.OperatingSystemImpl
2023-07-07 12:26:04.604 [main] INFO  Engine - the machine info  => 

	osInfo:	Oracle Corporation 1.8 25.192-b12
	jvmInfo:	Windows 10 amd64 10.0
	cpu num:	16

	totalPhysicalMemory:	-0.00G
	freePhysicalMemory:	-0.00G
	maxFileDescriptorCount:	-1
	currentOpenFileDescriptorCount:	-1

	GC Names	[PS MarkSweep, PS Scavenge]

	MEMORY_NAME                    | allocation_size                | init_size                      
	PS Eden Space                  | 256.00MB                       | 256.00MB                       
	Code Cache                     | 240.00MB                       | 2.44MB                         
	Compressed Class Space         | 1,024.00MB                     | 0.00MB                         
	PS Survivor Space              | 42.50MB                        | 42.50MB                        
	PS Old Gen                     | 683.00MB                       | 683.00MB                       
	Metaspace                      | -0.00MB                        | 0.00MB                         


2023-07-07 12:26:04.620 [main] INFO  Engine - 
{
	"content":[
		{
			"reader":{
				"name":"postgresqlreader",
				"parameter":{
					"column":[
						"team_code",
						"team_name",
						"team_info"
					],
					"connection":[
						{
							"jdbcUrl":[
								"jdbc:postgresql://10.201.65.21:30100/ygt"
							],
							"table":[
								"uem_team_def"
							]
						}
					],
					"password":"************",
					"splitPk":"",
					"username":"ygt"
				}
			},
			"writer":{
				"name":"sqlserverwriter",
				"parameter":{
					"column":[
						"TEAM_CODE",
						"TEAM_NAME",
						"TEAM_INFO"
					],
					"connection":[
						{
							"jdbcUrl":"jdbc:sqlserver://192.168.203.129:1433;DatabaseName=YGT;",
							"table":[
								"UEM_TEAM_DEF"
							]
						}
					],
					"password":"***********",
					"preSql":[
						"TRUNCATE TABLE UEM_TEAM_DEF"
					],
					"username":"sa"
				}
			}
		}
	],
	"setting":{
		"errorLimit":{
			"record":0
		},
		"speed":{
			"channel":20
		}
	}
}

2023-07-07 12:26:04.635 [main] WARN  Engine - prioriy set to 0, because NumberFormatException, the value is: null
2023-07-07 12:26:04.636 [main] INFO  PerfTrace - PerfTrace traceId=job_-1, isEnable=false, priority=0
2023-07-07 12:26:04.636 [main] INFO  JobContainer - DataX jobContainer starts job.
2023-07-07 12:26:04.638 [main] INFO  JobContainer - Set jobId = 0
2023-07-07 12:26:10.690 [job-0] INFO  OriginalConfPretreatmentUtil - Available jdbcUrl:jdbc:postgresql://10.201.65.21:30100/ygt.
2023-07-07 12:26:10.933 [job-0] INFO  OriginalConfPretreatmentUtil - table:[uem_team_def] has columns:[team_code,team_name,team_info].
2023-07-07 12:26:11.080 [job-0] INFO  OriginalConfPretreatmentUtil - table:[UEM_TEAM_DEF] all columns:[
TEAM_CODE,TEAM_NAME,TEAM_INFO
].
2023-07-07 12:26:11.095 [job-0] INFO  OriginalConfPretreatmentUtil - Write data [
INSERT INTO %s (TEAM_CODE,TEAM_NAME,TEAM_INFO) VALUES(?,?,?)
], which jdbcUrl like:[jdbc:sqlserver://192.168.203.129:1433;DatabaseName=YGT;]
2023-07-07 12:26:11.096 [job-0] INFO  JobContainer - jobContainer starts to do prepare ...
2023-07-07 12:26:11.096 [job-0] INFO  JobContainer - DataX Reader.Job [postgresqlreader] do prepare work .
2023-07-07 12:26:11.097 [job-0] INFO  JobContainer - DataX Writer.Job [sqlserverwriter] do prepare work .
2023-07-07 12:26:11.112 [job-0] INFO  CommonRdbmsWriter$Job - Begin to execute preSqls:[TRUNCATE TABLE UEM_TEAM_DEF]. context info:jdbc:sqlserver://192.168.203.129:1433;DatabaseName=YGT;.
2023-07-07 12:26:11.115 [job-0] INFO  JobContainer - jobContainer starts to do split ...
2023-07-07 12:26:11.116 [job-0] INFO  JobContainer - Job set Channel-Number to 20 channels.
2023-07-07 12:26:11.118 [job-0] INFO  JobContainer - DataX Reader.Job [postgresqlreader] splits to [1] tasks.
2023-07-07 12:26:11.119 [job-0] INFO  JobContainer - DataX Writer.Job [sqlserverwriter] splits to [1] tasks.
2023-07-07 12:26:11.135 [job-0] INFO  JobContainer - jobContainer starts to do schedule ...
2023-07-07 12:26:11.138 [job-0] INFO  JobContainer - Scheduler starts [1] taskGroups.
2023-07-07 12:26:11.140 [job-0] INFO  JobContainer - Running by standalone Mode.
2023-07-07 12:26:11.145 [taskGroup-0] INFO  TaskGroupContainer - taskGroupId=[0] start [1] channels for [1] tasks.
2023-07-07 12:26:11.148 [taskGroup-0] INFO  Channel - Channel set byte_speed_limit to -1, No bps activated.
2023-07-07 12:26:11.148 [taskGroup-0] INFO  Channel - Channel set record_speed_limit to -1, No tps activated.
2023-07-07 12:26:11.157 [taskGroup-0] INFO  TaskGroupContainer - taskGroup[0] taskId[0] attemptCount[1] is started
2023-07-07 12:26:11.162 [0-0-0-reader] INFO  CommonRdbmsReader$Task - Begin to read record by Sql: [select team_code,team_name,team_info from uem_team_def 
] jdbcUrl:[jdbc:postgresql://10.201.65.21:30100/ygt].
2023-07-07 12:26:11.394 [0-0-0-reader] INFO  CommonRdbmsReader$Task - Finished read record by Sql: [select team_code,team_name,team_info from uem_team_def 
] jdbcUrl:[jdbc:postgresql://10.201.65.21:30100/ygt].
2023-07-07 12:26:11.709 [taskGroup-0] INFO  TaskGroupContainer - taskGroup[0] taskId[0] is successed, used[553]ms
2023-07-07 12:26:11.709 [taskGroup-0] INFO  TaskGroupContainer - taskGroup[0] completed it's tasks.
2023-07-07 12:26:21.169 [job-0] INFO  StandAloneJobContainerCommunicator - Total 2 records, 29 bytes | Speed 2B/s, 0 records/s | Error 0 records, 0 bytes |  All Task WaitWriterTime 0.000s |  All Task WaitReaderTime 0.209s | Percentage 100.00%
2023-07-07 12:26:21.169 [job-0] INFO  AbstractScheduler - Scheduler accomplished all tasks.
2023-07-07 12:26:21.169 [job-0] INFO  JobContainer - DataX Writer.Job [sqlserverwriter] do post work.
2023-07-07 12:26:21.169 [job-0] INFO  JobContainer - DataX Reader.Job [postgresqlreader] do post work.
2023-07-07 12:26:21.169 [job-0] INFO  JobContainer - DataX jobId [0] completed successfully.
2023-07-07 12:26:21.170 [job-0] INFO  HookInvoker - No hook invoked, because base dir not exists or is a file: C:\Users\xT\PycharmProjects\Migration\datax\hook
2023-07-07 12:26:21.171 [job-0] INFO  JobContainer - 
	 [total cpu info] => 
		averageCpu                     | maxDeltaCpu                    | minDeltaCpu                    
		-1.00%                         | -1.00%                         | -1.00%
                        

	 [total gc info] => 
		 NAME                 | totalGCCount       | maxDeltaGCCount    | minDeltaGCCount    | totalGCTime        | maxDeltaGCTime     | minDeltaGCTime     
		 PS MarkSweep         | 0                  | 0                  | 0                  | 0.000s             | 0.000s             | 0.000s             
		 PS Scavenge          | 0                  | 0                  | 0                  | 0.000s             | 0.000s             | 0.000s             

2023-07-07 12:26:21.171 [job-0] INFO  JobContainer - PerfTrace not enable!
2023-07-07 12:26:21.171 [job-0] INFO  StandAloneJobContainerCommunicator - Total 2 records, 29 bytes | Speed 2B/s, 0 records/s | Error 0 records, 0 bytes |  All Task WaitWriterTime 0.000s |  All Task WaitReaderTime 0.209s | Percentage 100.00%
2023-07-07 12:26:21.172 [job-0] INFO  JobContainer - 
任务启动时刻                    : 2023-07-07 12:26:04
任务结束时刻                    : 2023-07-07 12:26:21
任务总计耗时                    :                 16s
任务平均流量                    :                2B/s
记录写入速度                    :              0rec/s
读出记录总数                    :                   2
读写失败总数                    :                   0

