2023-07-07 11:36:18.689 [main] INFO  MessageSource - JVM TimeZone: GMT+08:00, Locale: zh_CN
2023-07-07 11:36:18.691 [main] INFO  MessageSource - use Locale: zh_CN timeZone: sun.util.calendar.ZoneInfo[id="GMT+08:00",offset=28800000,dstSavings=0,useDaylight=false,transitions=0,lastRule=null]
2023-07-07 11:36:18.701 [main] INFO  VMInfo - VMInfo# operatingSystem class => sun.management.OperatingSystemImpl
2023-07-07 11:36:18.707 [main] INFO  Engine - the machine info  => 

	osInfo:	Oracle Corporation 1.8 25.192-b12
	jvmInfo:	Windows 10 amd64 10.0
	cpu num:	16

	totalPhysicalMemory:	-0.00G
	freePhysicalMemory:	-0.00G
	maxFileDescriptorCount:	-1
	currentOpenFileDescriptorCount:	-1

	GC Names	[PS MarkSweep, PS Scavenge]

	MEMORY_NAME                    | allocation_size                | init_size                      
	PS Eden Space                  | 256.00MB                       | 256.00MB                       
	Code Cache                     | 240.00MB                       | 2.44MB                         
	Compressed Class Space         | 1,024.00MB                     | 0.00MB                         
	PS Survivor Space              | 42.50MB                        | 42.50MB                        
	PS Old Gen                     | 683.00MB                       | 683.00MB                       
	Metaspace                      | -0.00MB                        | 0.00MB                         


2023-07-07 11:36:18.723 [main] INFO  Engine - 
{
	"content":[
		{
			"reader":{
				"name":"postgresqlreader",
				"parameter":{
					"column":[
						"org_code",
						"org_type",
						"org_cls",
						"org_name",
						"org_full_name",
						"org_status",
						"par_org",
						"org_lvl",
						"acct_len",
						"acct_prefix",
						"area_no",
						"zip_code",
						"area_addr",
						"org_tel",
						"night_market",
						"legal_id",
						"remark",
						"is_common",
						"email",
						"fax",
						"linkman",
						"foreign_cptl_flag",
						"biz_area",
						"district",
						"cfm_flag",
						"is_separate"
					],
					"connection":[
						{
							"jdbcUrl":[
								"jdbc:postgresql://10.201.65.21:30100/ygt"
							],
							"table":[
								"uem_org_info"
							]
						}
					],
					"password":"************",
					"splitPk":"",
					"username":"ygt"
				}
			},
			"writer":{
				"name":"sqlserverwriter",
				"parameter":{
					"column":[
						"ORG_CODE",
						"ORG_TYPE",
						"ORG_CLS",
						"ORG_NAME",
						"ORG_FULL_NAME",
						"ORG_STATUS",
						"PAR_ORG",
						"ORG_LVL",
						"ACCT_LEN",
						"ACCT_PREFIX",
						"AREA_NO",
						"ZIP_CODE",
						"AREA_ADDR",
						"ORG_TEL",
						"NIGHT_MARKET",
						"LEGAL_ID",
						"REMARK",
						"IS_COMMON",
						"EMAIL",
						"FAX",
						"LINKMAN",
						"FOREIGN_CPTL_FLAG",
						"BIZ_AREA",
						"DISTRICT",
						"CFM_FLAG",
						"IS_SEPARATE"
					],
					"connection":[
						{
							"jdbcUrl":"jdbc:sqlserver://192.168.203.129:1433;DatabaseName=YGT;",
							"table":[
								"UEM_ORG_INFO"
							]
						}
					],
					"password":"***********",
					"preSql":[
						"TRUNCATE TABLE UEM_ORG_INFO"
					],
					"username":"sa"
				}
			}
		}
	],
	"setting":{
		"errorLimit":{
			"record":0
		},
		"speed":{
			"channel":20
		}
	}
}

2023-07-07 11:36:18.736 [main] WARN  Engine - prioriy set to 0, because NumberFormatException, the value is: null
2023-07-07 11:36:18.737 [main] INFO  PerfTrace - PerfTrace traceId=job_-1, isEnable=false, priority=0
2023-07-07 11:36:18.737 [main] INFO  JobContainer - DataX jobContainer starts job.
2023-07-07 11:36:18.739 [main] INFO  JobContainer - Set jobId = 0
2023-07-07 11:36:24.708 [job-0] INFO  OriginalConfPretreatmentUtil - Available jdbcUrl:jdbc:postgresql://10.201.65.21:30100/ygt.
2023-07-07 11:36:25.163 [job-0] INFO  OriginalConfPretreatmentUtil - table:[uem_org_info] has columns:[org_code,org_type,org_cls,org_name,org_full_name,org_status,par_org,org_lvl,acct_len,acct_prefix,area_no,zip_code,area_addr,org_tel,night_market,legal_id,remark,is_common,email,fax,linkman,foreign_cptl_flag,biz_area,district,cfm_flag,is_separate].
2023-07-07 11:36:25.324 [job-0] INFO  OriginalConfPretreatmentUtil - table:[UEM_ORG_INFO] all columns:[
ORG_CODE,ORG_TYPE,ORG_CLS,ORG_NAME,ORG_FULL_NAME,ORG_STATUS,PAR_ORG,ORG_LVL,ACCT_LEN,ACCT_PREFIX,AREA_NO,ZIP_CODE,AREA_ADDR,ORG_TEL,NIGHT_MARKET,LEGAL_ID,REMARK,IS_COMMON,EMAIL,FAX,LINKMAN,FOREIGN_CPTL_FLAG,BIZ_AREA,DISTRICT,CFM_FLAG,IS_SEPARATE
].
2023-07-07 11:36:25.341 [job-0] INFO  OriginalConfPretreatmentUtil - Write data [
INSERT INTO %s (ORG_CODE,ORG_TYPE,ORG_CLS,ORG_NAME,ORG_FULL_NAME,ORG_STATUS,PAR_ORG,ORG_LVL,ACCT_LEN,ACCT_PREFIX,AREA_NO,ZIP_CODE,AREA_ADDR,ORG_TEL,NIGHT_MARKET,LEGAL_ID,REMARK,IS_COMMON,EMAIL,FAX,LINKMAN,FOREIGN_CPTL_FLAG,BIZ_AREA,DISTRICT,CFM_FLAG,IS_SEPARATE) VALUES(?,?,?,?,?,?,?,?,?,?,?,?,?,?,?,?,?,?,?,?,?,?,?,?,?,?)
], which jdbcUrl like:[jdbc:sqlserver://192.168.203.129:1433;DatabaseName=YGT;]
2023-07-07 11:36:25.341 [job-0] INFO  JobContainer - jobContainer starts to do prepare ...
2023-07-07 11:36:25.342 [job-0] INFO  JobContainer - DataX Reader.Job [postgresqlreader] do prepare work .
2023-07-07 11:36:25.342 [job-0] INFO  JobContainer - DataX Writer.Job [sqlserverwriter] do prepare work .
2023-07-07 11:36:25.354 [job-0] INFO  CommonRdbmsWriter$Job - Begin to execute preSqls:[TRUNCATE TABLE UEM_ORG_INFO]. context info:jdbc:sqlserver://192.168.203.129:1433;DatabaseName=YGT;.
2023-07-07 11:36:25.362 [job-0] INFO  JobContainer - jobContainer starts to do split ...
2023-07-07 11:36:25.362 [job-0] INFO  JobContainer - Job set Channel-Number to 20 channels.
2023-07-07 11:36:25.365 [job-0] INFO  JobContainer - DataX Reader.Job [postgresqlreader] splits to [1] tasks.
2023-07-07 11:36:25.365 [job-0] INFO  JobContainer - DataX Writer.Job [sqlserverwriter] splits to [1] tasks.
2023-07-07 11:36:25.379 [job-0] INFO  JobContainer - jobContainer starts to do schedule ...
2023-07-07 11:36:25.382 [job-0] INFO  JobContainer - Scheduler starts [1] taskGroups.
2023-07-07 11:36:25.383 [job-0] INFO  JobContainer - Running by standalone Mode.
2023-07-07 11:36:25.389 [taskGroup-0] INFO  TaskGroupContainer - taskGroupId=[0] start [1] channels for [1] tasks.
2023-07-07 11:36:25.392 [taskGroup-0] INFO  Channel - Channel set byte_speed_limit to -1, No bps activated.
2023-07-07 11:36:25.392 [taskGroup-0] INFO  Channel - Channel set record_speed_limit to -1, No tps activated.
2023-07-07 11:36:25.399 [taskGroup-0] INFO  TaskGroupContainer - taskGroup[0] taskId[0] attemptCount[1] is started
2023-07-07 11:36:25.403 [0-0-0-reader] INFO  CommonRdbmsReader$Task - Begin to read record by Sql: [select org_code,org_type,org_cls,org_name,org_full_name,org_status,par_org,org_lvl,acct_len,acct_prefix,area_no,zip_code,area_addr,org_tel,night_market,legal_id,remark,is_common,email,fax,linkman,foreign_cptl_flag,biz_area,district,cfm_flag,is_separate from uem_org_info 
] jdbcUrl:[jdbc:postgresql://10.201.65.21:30100/ygt].
2023-07-07 11:36:25.676 [0-0-0-reader] INFO  CommonRdbmsReader$Task - Finished read record by Sql: [select org_code,org_type,org_cls,org_name,org_full_name,org_status,par_org,org_lvl,acct_len,acct_prefix,area_no,zip_code,area_addr,org_tel,night_market,legal_id,remark,is_common,email,fax,linkman,foreign_cptl_flag,biz_area,district,cfm_flag,is_separate from uem_org_info 
] jdbcUrl:[jdbc:postgresql://10.201.65.21:30100/ygt].
2023-07-07 11:36:25.958 [taskGroup-0] INFO  TaskGroupContainer - taskGroup[0] taskId[0] is successed, used[559]ms
2023-07-07 11:36:25.958 [taskGroup-0] INFO  TaskGroupContainer - taskGroup[0] completed it's tasks.
2023-07-07 11:36:35.400 [job-0] INFO  StandAloneJobContainerCommunicator - Total 156 records, 8518 bytes | Speed 851B/s, 15 records/s | Error 0 records, 0 bytes |  All Task WaitWriterTime 0.000s |  All Task WaitReaderTime 0.247s | Percentage 100.00%
2023-07-07 11:36:35.400 [job-0] INFO  AbstractScheduler - Scheduler accomplished all tasks.
2023-07-07 11:36:35.401 [job-0] INFO  JobContainer - DataX Writer.Job [sqlserverwriter] do post work.
2023-07-07 11:36:35.401 [job-0] INFO  JobContainer - DataX Reader.Job [postgresqlreader] do post work.
2023-07-07 11:36:35.401 [job-0] INFO  JobContainer - DataX jobId [0] completed successfully.
2023-07-07 11:36:35.402 [job-0] INFO  HookInvoker - No hook invoked, because base dir not exists or is a file: C:\Users\xT\PycharmProjects\Migration\datax\hook
2023-07-07 11:36:35.402 [job-0] INFO  JobContainer - 
	 [total cpu info] => 
		averageCpu                     | maxDeltaCpu                    | minDeltaCpu                    
		-1.00%                         | -1.00%                         | -1.00%
                        

	 [total gc info] => 
		 NAME                 | totalGCCount       | maxDeltaGCCount    | minDeltaGCCount    | totalGCTime        | maxDeltaGCTime     | minDeltaGCTime     
		 PS MarkSweep         | 0                  | 0                  | 0                  | 0.000s             | 0.000s             | 0.000s             
		 PS Scavenge          | 0                  | 0                  | 0                  | 0.000s             | 0.000s             | 0.000s             

2023-07-07 11:36:35.402 [job-0] INFO  JobContainer - PerfTrace not enable!
2023-07-07 11:36:35.403 [job-0] INFO  StandAloneJobContainerCommunicator - Total 156 records, 8518 bytes | Speed 851B/s, 15 records/s | Error 0 records, 0 bytes |  All Task WaitWriterTime 0.000s |  All Task WaitReaderTime 0.247s | Percentage 100.00%
2023-07-07 11:36:35.403 [job-0] INFO  JobContainer - 
任务启动时刻                    : 2023-07-07 11:36:18
任务结束时刻                    : 2023-07-07 11:36:35
任务总计耗时                    :                 16s
任务平均流量                    :              851B/s
记录写入速度                    :             15rec/s
读出记录总数                    :                 156
读写失败总数                    :                   0

