2023-07-07 12:36:45.137 [main] INFO  MessageSource - JVM TimeZone: GMT+08:00, Locale: zh_CN
2023-07-07 12:36:45.138 [main] INFO  MessageSource - use Locale: zh_CN timeZone: sun.util.calendar.ZoneInfo[id="GMT+08:00",offset=28800000,dstSavings=0,useDaylight=false,transitions=0,lastRule=null]
2023-07-07 12:36:45.145 [main] INFO  VMInfo - VMInfo# operatingSystem class => sun.management.OperatingSystemImpl
2023-07-07 12:36:45.148 [main] INFO  Engine - the machine info  => 

	osInfo:	Oracle Corporation 1.8 25.192-b12
	jvmInfo:	Windows 10 amd64 10.0
	cpu num:	16

	totalPhysicalMemory:	-0.00G
	freePhysicalMemory:	-0.00G
	maxFileDescriptorCount:	-1
	currentOpenFileDescriptorCount:	-1

	GC Names	[PS MarkSweep, PS Scavenge]

	MEMORY_NAME                    | allocation_size                | init_size                      
	PS Eden Space                  | 256.00MB                       | 256.00MB                       
	Code Cache                     | 240.00MB                       | 2.44MB                         
	Compressed Class Space         | 1,024.00MB                     | 0.00MB                         
	PS Survivor Space              | 42.50MB                        | 42.50MB                        
	PS Old Gen                     | 683.00MB                       | 683.00MB                       
	Metaspace                      | -0.00MB                        | 0.00MB                         


2023-07-07 12:36:45.160 [main] INFO  Engine - 
{
	"content":[
		{
			"reader":{
				"name":"postgresqlreader",
				"parameter":{
					"column":[
						"par_code",
						"par_name",
						"par_val",
						"mana_type",
						"bus_type",
						"par_lvl",
						"maintain_flag",
						"data_type",
						"valid_len",
						"valid_dec",
						"max_val",
						"min_val",
						"dft_val",
						"valid_char",
						"ctrl_id",
						"ctrl_data",
						"remark",
						"sys_code",
						"node_id",
						"legal_id"
					],
					"connection":[
						{
							"jdbcUrl":[
								"jdbc:postgresql://10.201.65.21:30100/ygt"
							],
							"table":[
								"upm_sysparam"
							]
						}
					],
					"password":"************",
					"splitPk":"",
					"username":"ygt"
				}
			},
			"writer":{
				"name":"sqlserverwriter",
				"parameter":{
					"column":[
						"PAR_CODE",
						"PAR_NAME",
						"PAR_VAL",
						"MANA_TYPE",
						"BUS_TYPE",
						"PAR_LVL",
						"MAINTAIN_FLAG",
						"DATA_TYPE",
						"VALID_LEN",
						"VALID_DEC",
						"MAX_VAL",
						"MIN_VAL",
						"DFT_VAL",
						"VALID_CHAR",
						"CTRL_ID",
						"CTRL_DATA",
						"REMARK",
						"SYS_CODE",
						"NODE_ID",
						"LEGAL_ID"
					],
					"connection":[
						{
							"jdbcUrl":"jdbc:sqlserver://192.168.203.129:1433;DatabaseName=YGT;",
							"table":[
								"UPM_SYSPARAM"
							]
						}
					],
					"password":"***********",
					"preSql":[
						"TRUNCATE TABLE UPM_SYSPARAM"
					],
					"username":"sa"
				}
			}
		}
	],
	"setting":{
		"errorLimit":{
			"record":0
		},
		"speed":{
			"channel":20
		}
	}
}

2023-07-07 12:36:45.170 [main] WARN  Engine - prioriy set to 0, because NumberFormatException, the value is: null
2023-07-07 12:36:45.171 [main] INFO  PerfTrace - PerfTrace traceId=job_-1, isEnable=false, priority=0
2023-07-07 12:36:45.171 [main] INFO  JobContainer - DataX jobContainer starts job.
2023-07-07 12:36:45.172 [main] INFO  JobContainer - Set jobId = 0
2023-07-07 12:36:51.150 [job-0] INFO  OriginalConfPretreatmentUtil - Available jdbcUrl:jdbc:postgresql://10.201.65.21:30100/ygt.
2023-07-07 12:36:51.461 [job-0] INFO  OriginalConfPretreatmentUtil - table:[upm_sysparam] has columns:[par_code,par_name,par_val,mana_type,bus_type,par_lvl,maintain_flag,data_type,valid_len,valid_dec,max_val,min_val,dft_val,valid_char,ctrl_id,ctrl_data,remark,sys_code,node_id,legal_id].
2023-07-07 12:36:51.574 [job-0] INFO  OriginalConfPretreatmentUtil - table:[UPM_SYSPARAM] all columns:[
PAR_CODE,PAR_NAME,PAR_VAL,MANA_TYPE,BUS_TYPE,PAR_LVL,MAINTAIN_FLAG,DATA_TYPE,VALID_LEN,VALID_DEC,MAX_VAL,MIN_VAL,DFT_VAL,VALID_CHAR,CTRL_ID,CTRL_DATA,REMARK,SYS_CODE,NODE_ID,LEGAL_ID
].
2023-07-07 12:36:51.584 [job-0] INFO  OriginalConfPretreatmentUtil - Write data [
INSERT INTO %s (PAR_CODE,PAR_NAME,PAR_VAL,MANA_TYPE,BUS_TYPE,PAR_LVL,MAINTAIN_FLAG,DATA_TYPE,VALID_LEN,VALID_DEC,MAX_VAL,MIN_VAL,DFT_VAL,VALID_CHAR,CTRL_ID,CTRL_DATA,REMARK,SYS_CODE,NODE_ID,LEGAL_ID) VALUES(?,?,?,?,?,?,?,?,?,?,?,?,?,?,?,?,?,?,?,?)
], which jdbcUrl like:[jdbc:sqlserver://192.168.203.129:1433;DatabaseName=YGT;]
2023-07-07 12:36:51.584 [job-0] INFO  JobContainer - jobContainer starts to do prepare ...
2023-07-07 12:36:51.584 [job-0] INFO  JobContainer - DataX Reader.Job [postgresqlreader] do prepare work .
2023-07-07 12:36:51.584 [job-0] INFO  JobContainer - DataX Writer.Job [sqlserverwriter] do prepare work .
2023-07-07 12:36:51.593 [job-0] INFO  CommonRdbmsWriter$Job - Begin to execute preSqls:[TRUNCATE TABLE UPM_SYSPARAM]. context info:jdbc:sqlserver://192.168.203.129:1433;DatabaseName=YGT;.
2023-07-07 12:36:51.594 [job-0] INFO  JobContainer - jobContainer starts to do split ...
2023-07-07 12:36:51.595 [job-0] INFO  JobContainer - Job set Channel-Number to 20 channels.
2023-07-07 12:36:51.596 [job-0] INFO  JobContainer - DataX Reader.Job [postgresqlreader] splits to [1] tasks.
2023-07-07 12:36:51.596 [job-0] INFO  JobContainer - DataX Writer.Job [sqlserverwriter] splits to [1] tasks.
2023-07-07 12:36:51.607 [job-0] INFO  JobContainer - jobContainer starts to do schedule ...
2023-07-07 12:36:51.609 [job-0] INFO  JobContainer - Scheduler starts [1] taskGroups.
2023-07-07 12:36:51.610 [job-0] INFO  JobContainer - Running by standalone Mode.
2023-07-07 12:36:51.614 [taskGroup-0] INFO  TaskGroupContainer - taskGroupId=[0] start [1] channels for [1] tasks.
2023-07-07 12:36:51.616 [taskGroup-0] INFO  Channel - Channel set byte_speed_limit to -1, No bps activated.
2023-07-07 12:36:51.616 [taskGroup-0] INFO  Channel - Channel set record_speed_limit to -1, No tps activated.
2023-07-07 12:36:51.622 [taskGroup-0] INFO  TaskGroupContainer - taskGroup[0] taskId[0] attemptCount[1] is started
2023-07-07 12:36:51.625 [0-0-0-reader] INFO  CommonRdbmsReader$Task - Begin to read record by Sql: [select par_code,par_name,par_val,mana_type,bus_type,par_lvl,maintain_flag,data_type,valid_len,valid_dec,max_val,min_val,dft_val,valid_char,ctrl_id,ctrl_data,remark,sys_code,node_id,legal_id from upm_sysparam 
] jdbcUrl:[jdbc:postgresql://10.201.65.21:30100/ygt].
2023-07-07 12:36:52.093 [0-0-0-reader] INFO  CommonRdbmsReader$Task - Finished read record by Sql: [select par_code,par_name,par_val,mana_type,bus_type,par_lvl,maintain_flag,data_type,valid_len,valid_dec,max_val,min_val,dft_val,valid_char,ctrl_id,ctrl_data,remark,sys_code,node_id,legal_id from upm_sysparam 
] jdbcUrl:[jdbc:postgresql://10.201.65.21:30100/ygt].
2023-07-07 12:36:52.515 [taskGroup-0] INFO  TaskGroupContainer - taskGroup[0] taskId[0] is successed, used[894]ms
2023-07-07 12:36:52.515 [taskGroup-0] INFO  TaskGroupContainer - taskGroup[0] completed it's tasks.
2023-07-07 12:37:01.622 [job-0] INFO  StandAloneJobContainerCommunicator - Total 1928 records, 136289 bytes | Speed 13.31KB/s, 192 records/s | Error 0 records, 0 bytes |  All Task WaitWriterTime 0.001s |  All Task WaitReaderTime 0.451s | Percentage 100.00%
2023-07-07 12:37:01.622 [job-0] INFO  AbstractScheduler - Scheduler accomplished all tasks.
2023-07-07 12:37:01.623 [job-0] INFO  JobContainer - DataX Writer.Job [sqlserverwriter] do post work.
2023-07-07 12:37:01.623 [job-0] INFO  JobContainer - DataX Reader.Job [postgresqlreader] do post work.
2023-07-07 12:37:01.623 [job-0] INFO  JobContainer - DataX jobId [0] completed successfully.
2023-07-07 12:37:01.623 [job-0] INFO  HookInvoker - No hook invoked, because base dir not exists or is a file: C:\Users\xT\PycharmProjects\Migration\datax\hook
2023-07-07 12:37:01.624 [job-0] INFO  JobContainer - 
	 [total cpu info] => 
		averageCpu                     | maxDeltaCpu                    | minDeltaCpu                    
		-1.00%                         | -1.00%                         | -1.00%
                        

	 [total gc info] => 
		 NAME                 | totalGCCount       | maxDeltaGCCount    | minDeltaGCCount    | totalGCTime        | maxDeltaGCTime     | minDeltaGCTime     
		 PS MarkSweep         | 0                  | 0                  | 0                  | 0.000s             | 0.000s             | 0.000s             
		 PS Scavenge          | 0                  | 0                  | 0                  | 0.000s             | 0.000s             | 0.000s             

2023-07-07 12:37:01.624 [job-0] INFO  JobContainer - PerfTrace not enable!
2023-07-07 12:37:01.624 [job-0] INFO  StandAloneJobContainerCommunicator - Total 1928 records, 136289 bytes | Speed 13.31KB/s, 192 records/s | Error 0 records, 0 bytes |  All Task WaitWriterTime 0.001s |  All Task WaitReaderTime 0.451s | Percentage 100.00%
2023-07-07 12:37:01.625 [job-0] INFO  JobContainer - 
任务启动时刻                    : 2023-07-07 12:36:45
任务结束时刻                    : 2023-07-07 12:37:01
任务总计耗时                    :                 16s
任务平均流量                    :           13.31KB/s
记录写入速度                    :            192rec/s
读出记录总数                    :                1928
读写失败总数                    :                   0

