2023-07-07 11:37:38.926 [main] INFO  MessageSource - JVM TimeZone: GMT+08:00, Locale: zh_CN
2023-07-07 11:37:38.928 [main] INFO  MessageSource - use Locale: zh_CN timeZone: sun.util.calendar.ZoneInfo[id="GMT+08:00",offset=28800000,dstSavings=0,useDaylight=false,transitions=0,lastRule=null]
2023-07-07 11:37:38.937 [main] INFO  VMInfo - VMInfo# operatingSystem class => sun.management.OperatingSystemImpl
2023-07-07 11:37:38.941 [main] INFO  Engine - the machine info  => 

	osInfo:	Oracle Corporation 1.8 25.192-b12
	jvmInfo:	Windows 10 amd64 10.0
	cpu num:	16

	totalPhysicalMemory:	-0.00G
	freePhysicalMemory:	-0.00G
	maxFileDescriptorCount:	-1
	currentOpenFileDescriptorCount:	-1

	GC Names	[PS MarkSweep, PS Scavenge]

	MEMORY_NAME                    | allocation_size                | init_size                      
	PS Eden Space                  | 256.00MB                       | 256.00MB                       
	Code Cache                     | 240.00MB                       | 2.44MB                         
	Compressed Class Space         | 1,024.00MB                     | 0.00MB                         
	PS Survivor Space              | 42.50MB                        | 42.50MB                        
	PS Old Gen                     | 683.00MB                       | 683.00MB                       
	Metaspace                      | -0.00MB                        | 0.00MB                         


2023-07-07 11:37:38.957 [main] INFO  Engine - 
{
	"content":[
		{
			"reader":{
				"name":"postgresqlreader",
				"parameter":{
					"column":[
						"op_code",
						"op_pass",
						"op_cls",
						"op_status",
						"user_code",
						"org_code",
						"channels",
						"open_date",
						"close_date",
						"log_ip",
						"log_date",
						"remark",
						"oper_ext_attr",
						"pwd_reset_flag",
						"lock_time"
					],
					"connection":[
						{
							"jdbcUrl":[
								"jdbc:postgresql://10.201.65.21:30100/ygt"
							],
							"table":[
								"uum_operator"
							]
						}
					],
					"password":"************",
					"splitPk":"",
					"username":"ygt"
				}
			},
			"writer":{
				"name":"sqlserverwriter",
				"parameter":{
					"column":[
						"OP_CODE",
						"OP_PASS",
						"OP_CLS",
						"OP_STATUS",
						"USER_CODE",
						"ORG_CODE",
						"CHANNELS",
						"OPEN_DATE",
						"CLOSE_DATE",
						"LOG_IP",
						"LOG_DATE",
						"REMARK",
						"OPER_EXT_ATTR",
						"PWD_RESET_FLAG",
						"LOCK_TIME"
					],
					"connection":[
						{
							"jdbcUrl":"jdbc:sqlserver://192.168.203.129:1433;DatabaseName=YGT;",
							"table":[
								"UUM_OPERATOR"
							]
						}
					],
					"password":"***********",
					"preSql":[
						"TRUNCATE TABLE UUM_OPERATOR"
					],
					"username":"sa"
				}
			}
		}
	],
	"setting":{
		"errorLimit":{
			"record":0
		},
		"speed":{
			"channel":20
		}
	}
}

2023-07-07 11:37:38.969 [main] WARN  Engine - prioriy set to 0, because NumberFormatException, the value is: null
2023-07-07 11:37:38.970 [main] INFO  PerfTrace - PerfTrace traceId=job_-1, isEnable=false, priority=0
2023-07-07 11:37:38.970 [main] INFO  JobContainer - DataX jobContainer starts job.
2023-07-07 11:37:38.972 [main] INFO  JobContainer - Set jobId = 0
2023-07-07 11:37:48.020 [job-0] INFO  OriginalConfPretreatmentUtil - Available jdbcUrl:jdbc:postgresql://10.201.65.21:30100/ygt.
2023-07-07 11:37:52.524 [job-0] INFO  OriginalConfPretreatmentUtil - table:[uum_operator] has columns:[op_code,op_pass,op_cls,op_status,user_code,org_code,channels,open_date,close_date,log_ip,log_date,remark,oper_ext_attr,pwd_reset_flag,lock_time].
2023-07-07 11:37:52.730 [job-0] INFO  OriginalConfPretreatmentUtil - table:[UUM_OPERATOR] all columns:[
OP_CODE,OP_PASS,OP_CLS,OP_STATUS,USER_CODE,ORG_CODE,CHANNELS,OPEN_DATE,CLOSE_DATE,LOG_IP,LOG_DATE,REMARK,OPER_EXT_ATTR,PWD_RESET_FLAG,LOCK_TIME
].
2023-07-07 11:37:52.743 [job-0] INFO  OriginalConfPretreatmentUtil - Write data [
INSERT INTO %s (OP_CODE,OP_PASS,OP_CLS,OP_STATUS,USER_CODE,ORG_CODE,CHANNELS,OPEN_DATE,CLOSE_DATE,LOG_IP,LOG_DATE,REMARK,OPER_EXT_ATTR,PWD_RESET_FLAG,LOCK_TIME) VALUES(?,?,?,?,?,?,?,?,?,?,?,?,?,?,?)
], which jdbcUrl like:[jdbc:sqlserver://192.168.203.129:1433;DatabaseName=YGT;]
2023-07-07 11:37:52.744 [job-0] INFO  JobContainer - jobContainer starts to do prepare ...
2023-07-07 11:37:52.744 [job-0] INFO  JobContainer - DataX Reader.Job [postgresqlreader] do prepare work .
2023-07-07 11:37:52.744 [job-0] INFO  JobContainer - DataX Writer.Job [sqlserverwriter] do prepare work .
2023-07-07 11:37:52.755 [job-0] INFO  CommonRdbmsWriter$Job - Begin to execute preSqls:[TRUNCATE TABLE UUM_OPERATOR]. context info:jdbc:sqlserver://192.168.203.129:1433;DatabaseName=YGT;.
2023-07-07 11:37:52.757 [job-0] INFO  JobContainer - jobContainer starts to do split ...
2023-07-07 11:37:52.757 [job-0] INFO  JobContainer - Job set Channel-Number to 20 channels.
2023-07-07 11:37:52.759 [job-0] INFO  JobContainer - DataX Reader.Job [postgresqlreader] splits to [1] tasks.
2023-07-07 11:37:52.759 [job-0] INFO  JobContainer - DataX Writer.Job [sqlserverwriter] splits to [1] tasks.
2023-07-07 11:37:52.774 [job-0] INFO  JobContainer - jobContainer starts to do schedule ...
2023-07-07 11:37:52.777 [job-0] INFO  JobContainer - Scheduler starts [1] taskGroups.
2023-07-07 11:37:52.779 [job-0] INFO  JobContainer - Running by standalone Mode.
2023-07-07 11:37:52.784 [taskGroup-0] INFO  TaskGroupContainer - taskGroupId=[0] start [1] channels for [1] tasks.
2023-07-07 11:37:52.787 [taskGroup-0] INFO  Channel - Channel set byte_speed_limit to -1, No bps activated.
2023-07-07 11:37:52.787 [taskGroup-0] INFO  Channel - Channel set record_speed_limit to -1, No tps activated.
2023-07-07 11:37:52.796 [taskGroup-0] INFO  TaskGroupContainer - taskGroup[0] taskId[0] attemptCount[1] is started
2023-07-07 11:37:52.800 [0-0-0-reader] INFO  CommonRdbmsReader$Task - Begin to read record by Sql: [select op_code,op_pass,op_cls,op_status,user_code,org_code,channels,open_date,close_date,log_ip,log_date,remark,oper_ext_attr,pwd_reset_flag,lock_time from uum_operator 
] jdbcUrl:[jdbc:postgresql://10.201.65.21:30100/ygt].
2023-07-07 11:37:56.911 [0-0-0-reader] INFO  CommonRdbmsReader$Task - Finished read record by Sql: [select op_code,op_pass,op_cls,op_status,user_code,org_code,channels,open_date,close_date,log_ip,log_date,remark,oper_ext_attr,pwd_reset_flag,lock_time from uum_operator 
] jdbcUrl:[jdbc:postgresql://10.201.65.21:30100/ygt].
2023-07-07 11:37:57.251 [taskGroup-0] INFO  TaskGroupContainer - taskGroup[0] taskId[0] is successed, used[4456]ms
2023-07-07 11:37:57.251 [taskGroup-0] INFO  TaskGroupContainer - taskGroup[0] completed it's tasks.
2023-07-07 11:38:02.800 [job-0] INFO  StandAloneJobContainerCommunicator - Total 1163 records, 79112 bytes | Speed 7.73KB/s, 116 records/s | Error 0 records, 0 bytes |  All Task WaitWriterTime 0.002s |  All Task WaitReaderTime 4.081s | Percentage 100.00%
2023-07-07 11:38:02.800 [job-0] INFO  AbstractScheduler - Scheduler accomplished all tasks.
2023-07-07 11:38:02.801 [job-0] INFO  JobContainer - DataX Writer.Job [sqlserverwriter] do post work.
2023-07-07 11:38:02.801 [job-0] INFO  JobContainer - DataX Reader.Job [postgresqlreader] do post work.
2023-07-07 11:38:02.801 [job-0] INFO  JobContainer - DataX jobId [0] completed successfully.
2023-07-07 11:38:02.802 [job-0] INFO  HookInvoker - No hook invoked, because base dir not exists or is a file: C:\Users\xT\PycharmProjects\Migration\datax\hook
2023-07-07 11:38:02.802 [job-0] INFO  JobContainer - 
	 [total cpu info] => 
		averageCpu                     | maxDeltaCpu                    | minDeltaCpu                    
		-1.00%                         | -1.00%                         | -1.00%
                        

	 [total gc info] => 
		 NAME                 | totalGCCount       | maxDeltaGCCount    | minDeltaGCCount    | totalGCTime        | maxDeltaGCTime     | minDeltaGCTime     
		 PS MarkSweep         | 0                  | 0                  | 0                  | 0.000s             | 0.000s             | 0.000s             
		 PS Scavenge          | 0                  | 0                  | 0                  | 0.000s             | 0.000s             | 0.000s             

2023-07-07 11:38:02.803 [job-0] INFO  JobContainer - PerfTrace not enable!
2023-07-07 11:38:02.803 [job-0] INFO  StandAloneJobContainerCommunicator - Total 1163 records, 79112 bytes | Speed 7.73KB/s, 116 records/s | Error 0 records, 0 bytes |  All Task WaitWriterTime 0.002s |  All Task WaitReaderTime 4.081s | Percentage 100.00%
2023-07-07 11:38:02.804 [job-0] INFO  JobContainer - 
任务启动时刻                    : 2023-07-07 11:37:38
任务结束时刻                    : 2023-07-07 11:38:02
任务总计耗时                    :                 23s
任务平均流量                    :            7.73KB/s
记录写入速度                    :            116rec/s
读出记录总数                    :                1163
读写失败总数                    :                   0

