2023-07-07 12:34:53.243 [main] INFO  MessageSource - JVM TimeZone: GMT+08:00, Locale: zh_CN
2023-07-07 12:34:53.245 [main] INFO  MessageSource - use Locale: zh_CN timeZone: sun.util.calendar.ZoneInfo[id="GMT+08:00",offset=28800000,dstSavings=0,useDaylight=false,transitions=0,lastRule=null]
2023-07-07 12:34:53.252 [main] INFO  VMInfo - VMInfo# operatingSystem class => sun.management.OperatingSystemImpl
2023-07-07 12:34:53.256 [main] INFO  Engine - the machine info  => 

	osInfo:	Oracle Corporation 1.8 25.192-b12
	jvmInfo:	Windows 10 amd64 10.0
	cpu num:	16

	totalPhysicalMemory:	-0.00G
	freePhysicalMemory:	-0.00G
	maxFileDescriptorCount:	-1
	currentOpenFileDescriptorCount:	-1

	GC Names	[PS MarkSweep, PS Scavenge]

	MEMORY_NAME                    | allocation_size                | init_size                      
	PS Eden Space                  | 256.00MB                       | 256.00MB                       
	Code Cache                     | 240.00MB                       | 2.44MB                         
	Compressed Class Space         | 1,024.00MB                     | 0.00MB                         
	PS Survivor Space              | 42.50MB                        | 42.50MB                        
	PS Old Gen                     | 683.00MB                       | 683.00MB                       
	Metaspace                      | -0.00MB                        | 0.00MB                         


2023-07-07 12:34:53.270 [main] INFO  Engine - 
{
	"content":[
		{
			"reader":{
				"name":"postgresqlreader",
				"parameter":{
					"column":[
						"auth_id",
						"opp_obj_type",
						"opp_obj_code",
						"menu_id",
						"opp_auth_type",
						"grantor",
						"auth_time",
						"yzt_channel"
					],
					"connection":[
						{
							"jdbcUrl":[
								"jdbc:postgresql://10.201.65.21:30100/ygt"
							],
							"table":[
								"uum_obj_perm"
							]
						}
					],
					"password":"************",
					"splitPk":"",
					"username":"ygt"
				}
			},
			"writer":{
				"name":"sqlserverwriter",
				"parameter":{
					"column":[
						"AUTH_ID",
						"OPP_OBJ_TYPE",
						"OPP_OBJ_CODE",
						"MENU_ID",
						"OPP_AUTH_TYPE",
						"GRANTOR",
						"AUTH_TIME",
						"YZT_CHANNEL"
					],
					"connection":[
						{
							"jdbcUrl":"jdbc:sqlserver://192.168.203.129:1433;DatabaseName=YGT;",
							"table":[
								"UUM_OBJ_PERM"
							]
						}
					],
					"password":"***********",
					"preSql":[
						"TRUNCATE TABLE UUM_OBJ_PERM"
					],
					"username":"sa"
				}
			}
		}
	],
	"setting":{
		"errorLimit":{
			"record":0
		},
		"speed":{
			"channel":20
		}
	}
}

2023-07-07 12:34:53.282 [main] WARN  Engine - prioriy set to 0, because NumberFormatException, the value is: null
2023-07-07 12:34:53.283 [main] INFO  PerfTrace - PerfTrace traceId=job_-1, isEnable=false, priority=0
2023-07-07 12:34:53.283 [main] INFO  JobContainer - DataX jobContainer starts job.
2023-07-07 12:34:53.285 [main] INFO  JobContainer - Set jobId = 0
2023-07-07 12:35:02.610 [job-0] INFO  OriginalConfPretreatmentUtil - Available jdbcUrl:jdbc:postgresql://10.201.65.21:30100/ygt.
2023-07-07 12:35:05.512 [job-0] INFO  OriginalConfPretreatmentUtil - table:[uum_obj_perm] has columns:[auth_id,opp_obj_type,opp_obj_code,menu_id,opp_auth_type,grantor,auth_time,yzt_channel].
2023-07-07 12:35:05.624 [job-0] INFO  OriginalConfPretreatmentUtil - table:[UUM_OBJ_PERM] all columns:[
AUTH_ID,OPP_OBJ_TYPE,OPP_OBJ_CODE,MENU_ID,OPP_AUTH_TYPE,GRANTOR,AUTH_TIME,YZT_CHANNEL
].
2023-07-07 12:35:05.637 [job-0] INFO  OriginalConfPretreatmentUtil - Write data [
INSERT INTO %s (AUTH_ID,OPP_OBJ_TYPE,OPP_OBJ_CODE,MENU_ID,OPP_AUTH_TYPE,GRANTOR,AUTH_TIME,YZT_CHANNEL) VALUES(?,?,?,?,?,?,?,?)
], which jdbcUrl like:[jdbc:sqlserver://192.168.203.129:1433;DatabaseName=YGT;]
2023-07-07 12:35:05.638 [job-0] INFO  JobContainer - jobContainer starts to do prepare ...
2023-07-07 12:35:05.638 [job-0] INFO  JobContainer - DataX Reader.Job [postgresqlreader] do prepare work .
2023-07-07 12:35:05.638 [job-0] INFO  JobContainer - DataX Writer.Job [sqlserverwriter] do prepare work .
2023-07-07 12:35:05.670 [job-0] INFO  CommonRdbmsWriter$Job - Begin to execute preSqls:[TRUNCATE TABLE UUM_OBJ_PERM]. context info:jdbc:sqlserver://192.168.203.129:1433;DatabaseName=YGT;.
2023-07-07 12:35:05.674 [job-0] INFO  JobContainer - jobContainer starts to do split ...
2023-07-07 12:35:05.675 [job-0] INFO  JobContainer - Job set Channel-Number to 20 channels.
2023-07-07 12:35:05.677 [job-0] INFO  JobContainer - DataX Reader.Job [postgresqlreader] splits to [1] tasks.
2023-07-07 12:35:05.678 [job-0] INFO  JobContainer - DataX Writer.Job [sqlserverwriter] splits to [1] tasks.
2023-07-07 12:35:05.691 [job-0] INFO  JobContainer - jobContainer starts to do schedule ...
2023-07-07 12:35:05.694 [job-0] INFO  JobContainer - Scheduler starts [1] taskGroups.
2023-07-07 12:35:05.695 [job-0] INFO  JobContainer - Running by standalone Mode.
2023-07-07 12:35:05.699 [taskGroup-0] INFO  TaskGroupContainer - taskGroupId=[0] start [1] channels for [1] tasks.
2023-07-07 12:35:05.701 [taskGroup-0] INFO  Channel - Channel set byte_speed_limit to -1, No bps activated.
2023-07-07 12:35:05.701 [taskGroup-0] INFO  Channel - Channel set record_speed_limit to -1, No tps activated.
2023-07-07 12:35:05.708 [taskGroup-0] INFO  TaskGroupContainer - taskGroup[0] taskId[0] attemptCount[1] is started
2023-07-07 12:35:05.711 [0-0-0-reader] INFO  CommonRdbmsReader$Task - Begin to read record by Sql: [select auth_id,opp_obj_type,opp_obj_code,menu_id,opp_auth_type,grantor,auth_time,yzt_channel from uum_obj_perm 
] jdbcUrl:[jdbc:postgresql://10.201.65.21:30100/ygt].
2023-07-07 12:35:11.512 [0-0-0-writer] WARN  CommonRdbmsWriter$Task - 回滚此次写入, 采用每次写入一行方式提交. 因为:当 IDENTITY_INSERT 设置为 OFF 时，不能为表 'UUM_OBJ_PERM' 中的标识列插入显式值。
2023-07-07 12:35:11.523 [0-0-0-writer] ERROR StdoutPluginCollector - 
com.microsoft.sqlserver.jdbc.SQLServerException: 当 IDENTITY_INSERT 设置为 OFF 时，不能为表 'UUM_OBJ_PERM' 中的标识列插入显式值。
	at com.microsoft.sqlserver.jdbc.SQLServerException.makeFromDatabaseError(SQLServerException.java:216) ~[sqljdbc4-4.0.jar:na]
	at com.microsoft.sqlserver.jdbc.SQLServerStatement.getNextResult(SQLServerStatement.java:1515) ~[sqljdbc4-4.0.jar:na]
	at com.microsoft.sqlserver.jdbc.SQLServerPreparedStatement.doExecutePreparedStatement(SQLServerPreparedStatement.java:404) ~[sqljdbc4-4.0.jar:na]
	at com.microsoft.sqlserver.jdbc.SQLServerPreparedStatement$PrepStmtExecCmd.doExecute(SQLServerPreparedStatement.java:350) ~[sqljdbc4-4.0.jar:na]
	at com.microsoft.sqlserver.jdbc.TDSCommand.execute(IOBuffer.java:5696) ~[sqljdbc4-4.0.jar:na]
	at com.microsoft.sqlserver.jdbc.SQLServerConnection.executeCommand(SQLServerConnection.java:1715) ~[sqljdbc4-4.0.jar:na]
	at com.microsoft.sqlserver.jdbc.SQLServerStatement.executeCommand(SQLServerStatement.java:180) ~[sqljdbc4-4.0.jar:na]
	at com.microsoft.sqlserver.jdbc.SQLServerStatement.executeStatement(SQLServerStatement.java:155) ~[sqljdbc4-4.0.jar:na]
	at com.microsoft.sqlserver.jdbc.SQLServerPreparedStatement.execute(SQLServerPreparedStatement.java:332) ~[sqljdbc4-4.0.jar:na]
	at com.alibaba.datax.plugin.rdbms.writer.CommonRdbmsWriter$Task.doOneInsert(CommonRdbmsWriter.java:382) [plugin-rdbms-util-0.0.1-SNAPSHOT.jar:na]
	at com.alibaba.datax.plugin.rdbms.writer.CommonRdbmsWriter$Task.doBatchInsert(CommonRdbmsWriter.java:362) [plugin-rdbms-util-0.0.1-SNAPSHOT.jar:na]
	at com.alibaba.datax.plugin.rdbms.writer.CommonRdbmsWriter$Task.startWriteWithConnection(CommonRdbmsWriter.java:291) [plugin-rdbms-util-0.0.1-SNAPSHOT.jar:na]
	at com.alibaba.datax.plugin.rdbms.writer.CommonRdbmsWriter$Task.startWrite(CommonRdbmsWriter.java:319) [plugin-rdbms-util-0.0.1-SNAPSHOT.jar:na]
	at com.alibaba.datax.plugin.writer.sqlserverwriter.SqlServerWriter$Task.startWrite(SqlServerWriter.java:81) [sqlserverwriter-0.0.1-SNAPSHOT.jar:na]
	at com.alibaba.datax.core.taskgroup.runner.WriterRunner.run(WriterRunner.java:56) [datax-core-0.0.1-SNAPSHOT.jar:na]
	at java.lang.Thread.run(Thread.java:748) [na:1.8.0_192]
2023-07-07 12:35:11.525 [0-0-0-writer] ERROR StdoutPluginCollector - 脏数据: 
{"exception":"当 IDENTITY_INSERT 设置为 OFF 时，不能为表 'UUM_OBJ_PERM' 中的标识列插入显式值。","record":[{"byteSize":6,"index":0,"rawData":"224146","type":"DOUBLE"},{"byteSize":1,"index":1,"rawData":"2","type":"STRING"},{"byteSize":1,"index":2,"rawData":"4","type":"STRING"},{"byteSize":8,"index":3,"rawData":"10000001","type":"DOUBLE"},{"byteSize":1,"index":4,"rawData":"1","type":"STRING"},{"byteSize":4,"index":5,"rawData":"8888","type":"STRING"},{"byteSize":8,"index":6,"rawData":"20170407","type":"STRING"},{"byteSize":1,"index":7,"rawData":"1","type":"STRING"}],"type":"writer"}
2023-07-07 12:35:11.530 [0-0-0-writer] ERROR StdoutPluginCollector - 脏数据: 
{"exception":"当 IDENTITY_INSERT 设置为 OFF 时，不能为表 'UUM_OBJ_PERM' 中的标识列插入显式值。","record":[{"byteSize":6,"index":0,"rawData":"224147","type":"DOUBLE"},{"byteSize":1,"index":1,"rawData":"2","type":"STRING"},{"byteSize":1,"index":2,"rawData":"4","type":"STRING"},{"byteSize":8,"index":3,"rawData":"10012076","type":"DOUBLE"},{"byteSize":1,"index":4,"rawData":"1","type":"STRING"},{"byteSize":4,"index":5,"rawData":"8888","type":"STRING"},{"byteSize":8,"index":6,"rawData":"20170407","type":"STRING"},{"byteSize":1,"index":7,"rawData":"1","type":"STRING"}],"type":"writer"}
2023-07-07 12:35:11.532 [0-0-0-writer] ERROR StdoutPluginCollector - 脏数据: 
{"exception":"当 IDENTITY_INSERT 设置为 OFF 时，不能为表 'UUM_OBJ_PERM' 中的标识列插入显式值。","record":[{"byteSize":6,"index":0,"rawData":"224148","type":"DOUBLE"},{"byteSize":1,"index":1,"rawData":"2","type":"STRING"},{"byteSize":1,"index":2,"rawData":"4","type":"STRING"},{"byteSize":8,"index":3,"rawData":"10010685","type":"DOUBLE"},{"byteSize":1,"index":4,"rawData":"1","type":"STRING"},{"byteSize":4,"index":5,"rawData":"8888","type":"STRING"},{"byteSize":8,"index":6,"rawData":"20170407","type":"STRING"},{"byteSize":1,"index":7,"rawData":"1","type":"STRING"}],"type":"writer"}
2023-07-07 12:35:11.534 [0-0-0-writer] ERROR StdoutPluginCollector - 脏数据: 
{"exception":"当 IDENTITY_INSERT 设置为 OFF 时，不能为表 'UUM_OBJ_PERM' 中的标识列插入显式值。","record":[{"byteSize":6,"index":0,"rawData":"224149","type":"DOUBLE"},{"byteSize":1,"index":1,"rawData":"2","type":"STRING"},{"byteSize":1,"index":2,"rawData":"4","type":"STRING"},{"byteSize":8,"index":3,"rawData":"10010686","type":"DOUBLE"},{"byteSize":1,"index":4,"rawData":"1","type":"STRING"},{"byteSize":4,"index":5,"rawData":"8888","type":"STRING"},{"byteSize":8,"index":6,"rawData":"20170407","type":"STRING"},{"byteSize":1,"index":7,"rawData":"1","type":"STRING"}],"type":"writer"}
2023-07-07 12:35:11.535 [0-0-0-writer] ERROR StdoutPluginCollector - 脏数据: 
{"exception":"当 IDENTITY_INSERT 设置为 OFF 时，不能为表 'UUM_OBJ_PERM' 中的标识列插入显式值。","record":[{"byteSize":6,"index":0,"rawData":"224150","type":"DOUBLE"},{"byteSize":1,"index":1,"rawData":"2","type":"STRING"},{"byteSize":1,"index":2,"rawData":"4","type":"STRING"},{"byteSize":8,"index":3,"rawData":"10010687","type":"DOUBLE"},{"byteSize":1,"index":4,"rawData":"1","type":"STRING"},{"byteSize":4,"index":5,"rawData":"8888","type":"STRING"},{"byteSize":8,"index":6,"rawData":"20170407","type":"STRING"},{"byteSize":1,"index":7,"rawData":"1","type":"STRING"}],"type":"writer"}
2023-07-07 12:35:11.536 [0-0-0-writer] ERROR StdoutPluginCollector - 脏数据: 
{"exception":"当 IDENTITY_INSERT 设置为 OFF 时，不能为表 'UUM_OBJ_PERM' 中的标识列插入显式值。","record":[{"byteSize":6,"index":0,"rawData":"224151","type":"DOUBLE"},{"byteSize":1,"index":1,"rawData":"2","type":"STRING"},{"byteSize":1,"index":2,"rawData":"4","type":"STRING"},{"byteSize":8,"index":3,"rawData":"10012161","type":"DOUBLE"},{"byteSize":1,"index":4,"rawData":"1","type":"STRING"},{"byteSize":4,"index":5,"rawData":"8888","type":"STRING"},{"byteSize":8,"index":6,"rawData":"20170407","type":"STRING"},{"byteSize":1,"index":7,"rawData":"1","type":"STRING"}],"type":"writer"}
2023-07-07 12:35:11.536 [0-0-0-writer] ERROR StdoutPluginCollector - 脏数据: 
{"exception":"当 IDENTITY_INSERT 设置为 OFF 时，不能为表 'UUM_OBJ_PERM' 中的标识列插入显式值。","record":[{"byteSize":6,"index":0,"rawData":"224152","type":"DOUBLE"},{"byteSize":1,"index":1,"rawData":"2","type":"STRING"},{"byteSize":1,"index":2,"rawData":"4","type":"STRING"},{"byteSize":8,"index":3,"rawData":"10020606","type":"DOUBLE"},{"byteSize":1,"index":4,"rawData":"1","type":"STRING"},{"byteSize":4,"index":5,"rawData":"8888","type":"STRING"},{"byteSize":8,"index":6,"rawData":"20170407","type":"STRING"},{"byteSize":1,"index":7,"rawData":"1","type":"STRING"}],"type":"writer"}
2023-07-07 12:35:11.536 [0-0-0-writer] ERROR StdoutPluginCollector - 脏数据: 
{"exception":"当 IDENTITY_INSERT 设置为 OFF 时，不能为表 'UUM_OBJ_PERM' 中的标识列插入显式值。","record":[{"byteSize":6,"index":0,"rawData":"224153","type":"DOUBLE"},{"byteSize":1,"index":1,"rawData":"2","type":"STRING"},{"byteSize":1,"index":2,"rawData":"4","type":"STRING"},{"byteSize":8,"index":3,"rawData":"10010681","type":"DOUBLE"},{"byteSize":1,"index":4,"rawData":"1","type":"STRING"},{"byteSize":4,"index":5,"rawData":"8888","type":"STRING"},{"byteSize":8,"index":6,"rawData":"20170407","type":"STRING"},{"byteSize":1,"index":7,"rawData":"1","type":"STRING"}],"type":"writer"}
2023-07-07 12:35:11.537 [0-0-0-writer] ERROR StdoutPluginCollector - 脏数据: 
{"exception":"当 IDENTITY_INSERT 设置为 OFF 时，不能为表 'UUM_OBJ_PERM' 中的标识列插入显式值。","record":[{"byteSize":6,"index":0,"rawData":"224154","type":"DOUBLE"},{"byteSize":1,"index":1,"rawData":"2","type":"STRING"},{"byteSize":1,"index":2,"rawData":"4","type":"STRING"},{"byteSize":8,"index":3,"rawData":"10010678","type":"DOUBLE"},{"byteSize":1,"index":4,"rawData":"1","type":"STRING"},{"byteSize":4,"index":5,"rawData":"8888","type":"STRING"},{"byteSize":8,"index":6,"rawData":"20170407","type":"STRING"},{"byteSize":1,"index":7,"rawData":"1","type":"STRING"}],"type":"writer"}
2023-07-07 12:35:13.552 [0-0-0-writer] WARN  CommonRdbmsWriter$Task - 回滚此次写入, 采用每次写入一行方式提交. 因为:当 IDENTITY_INSERT 设置为 OFF 时，不能为表 'UUM_OBJ_PERM' 中的标识列插入显式值。
2023-07-07 12:35:15.719 [job-0] INFO  StandAloneJobContainerCommunicator - Total 0 records, 0 bytes | Speed 0B/s, 0 records/s | Error 0 records, 0 bytes |  All Task WaitWriterTime 0.000s |  All Task WaitReaderTime 0.000s | Percentage 0.00%
2023-07-07 12:35:15.966 [0-0-0-writer] WARN  CommonRdbmsWriter$Task - 回滚此次写入, 采用每次写入一行方式提交. 因为:当 IDENTITY_INSERT 设置为 OFF 时，不能为表 'UUM_OBJ_PERM' 中的标识列插入显式值。
2023-07-07 12:35:18.050 [0-0-0-writer] WARN  CommonRdbmsWriter$Task - 回滚此次写入, 采用每次写入一行方式提交. 因为:当 IDENTITY_INSERT 设置为 OFF 时，不能为表 'UUM_OBJ_PERM' 中的标识列插入显式值。
2023-07-07 12:35:21.880 [0-0-0-writer] WARN  CommonRdbmsWriter$Task - 回滚此次写入, 采用每次写入一行方式提交. 因为:当 IDENTITY_INSERT 设置为 OFF 时，不能为表 'UUM_OBJ_PERM' 中的标识列插入显式值。
2023-07-07 12:35:24.829 [0-0-0-writer] WARN  CommonRdbmsWriter$Task - 回滚此次写入, 采用每次写入一行方式提交. 因为:当 IDENTITY_INSERT 设置为 OFF 时，不能为表 'UUM_OBJ_PERM' 中的标识列插入显式值。
2023-07-07 12:35:25.729 [job-0] INFO  StandAloneJobContainerCommunicator - Total 5984 records, 206215 bytes | Speed 20.14KB/s, 598 records/s | Error 4096 records, 136359 bytes |  All Task WaitWriterTime 2.067s |  All Task WaitReaderTime 7.617s | Percentage 0.00%
2023-07-07 12:35:25.730 [job-0] ERROR JobContainer - 运行scheduler 模式[standalone]出错.
2023-07-07 12:35:25.731 [job-0] ERROR JobContainer - Exception when job run
com.alibaba.datax.common.exception.DataXException: Code:[Framework-14], Description:[DataX传输脏数据超过用户预期，该错误通常是由于源端数据存在较多业务脏数据导致，请仔细检查DataX汇报的脏数据日志信息, 或者您可以适当调大脏数据阈值 .].  - 脏数据条数检查不通过，限制是[0]条，但实际上捕获了[4096]条.
	at com.alibaba.datax.common.exception.DataXException.asDataXException(DataXException.java:30) ~[datax-common-0.0.1-SNAPSHOT.jar:na]
	at com.alibaba.datax.core.util.ErrorRecordChecker.checkRecordLimit(ErrorRecordChecker.java:58) ~[datax-core-0.0.1-SNAPSHOT.jar:na]
	at com.alibaba.datax.core.job.scheduler.AbstractScheduler.schedule(AbstractScheduler.java:89) ~[datax-core-0.0.1-SNAPSHOT.jar:na]
	at com.alibaba.datax.core.job.JobContainer.schedule(JobContainer.java:535) ~[datax-core-0.0.1-SNAPSHOT.jar:na]
	at com.alibaba.datax.core.job.JobContainer.start(JobContainer.java:119) ~[datax-core-0.0.1-SNAPSHOT.jar:na]
	at com.alibaba.datax.core.Engine.start(Engine.java:93) [datax-core-0.0.1-SNAPSHOT.jar:na]
	at com.alibaba.datax.core.Engine.entry(Engine.java:175) [datax-core-0.0.1-SNAPSHOT.jar:na]
	at com.alibaba.datax.core.Engine.main(Engine.java:208) [datax-core-0.0.1-SNAPSHOT.jar:na]
2023-07-07 12:35:25.731 [job-0] INFO  StandAloneJobContainerCommunicator - Total 5984 records, 206215 bytes | Speed 201.38KB/s, 5984 records/s | Error 4096 records, 136359 bytes |  All Task WaitWriterTime 2.067s |  All Task WaitReaderTime 7.617s | Percentage 0.00%
2023-07-07 12:35:25.732 [job-0] ERROR Engine - 

经DataX智能分析,该任务最可能的错误原因是:
com.alibaba.datax.common.exception.DataXException: Code:[Framework-14], Description:[DataX传输脏数据超过用户预期，该错误通常是由于源端数据存在较多业务脏数据导致，请仔细检查DataX汇报的脏数据日志信息, 或者您可以适当调大脏数据阈值 .].  - 脏数据条数检查不通过，限制是[0]条，但实际上捕获了[4096]条.
	at com.alibaba.datax.common.exception.DataXException.asDataXException(DataXException.java:30)
	at com.alibaba.datax.core.util.ErrorRecordChecker.checkRecordLimit(ErrorRecordChecker.java:58)
	at com.alibaba.datax.core.job.scheduler.AbstractScheduler.schedule(AbstractScheduler.java:89)
	at com.alibaba.datax.core.job.JobContainer.schedule(JobContainer.java:535)
	at com.alibaba.datax.core.job.JobContainer.start(JobContainer.java:119)
	at com.alibaba.datax.core.Engine.start(Engine.java:93)
	at com.alibaba.datax.core.Engine.entry(Engine.java:175)
	at com.alibaba.datax.core.Engine.main(Engine.java:208)

