2023-07-07 11:38:24.795 [main] INFO  MessageSource - JVM TimeZone: GMT+08:00, Locale: zh_CN
2023-07-07 11:38:24.797 [main] INFO  MessageSource - use Locale: zh_CN timeZone: sun.util.calendar.ZoneInfo[id="GMT+08:00",offset=28800000,dstSavings=0,useDaylight=false,transitions=0,lastRule=null]
2023-07-07 11:38:24.805 [main] INFO  VMInfo - VMInfo# operatingSystem class => sun.management.OperatingSystemImpl
2023-07-07 11:38:24.810 [main] INFO  Engine - the machine info  => 

	osInfo:	Oracle Corporation 1.8 25.192-b12
	jvmInfo:	Windows 10 amd64 10.0
	cpu num:	16

	totalPhysicalMemory:	-0.00G
	freePhysicalMemory:	-0.00G
	maxFileDescriptorCount:	-1
	currentOpenFileDescriptorCount:	-1

	GC Names	[PS MarkSweep, PS Scavenge]

	MEMORY_NAME                    | allocation_size                | init_size                      
	PS Eden Space                  | 256.00MB                       | 256.00MB                       
	Code Cache                     | 240.00MB                       | 2.44MB                         
	Compressed Class Space         | 1,024.00MB                     | 0.00MB                         
	PS Survivor Space              | 42.50MB                        | 42.50MB                        
	PS Old Gen                     | 683.00MB                       | 683.00MB                       
	Metaspace                      | -0.00MB                        | 0.00MB                         


2023-07-07 11:38:24.825 [main] INFO  Engine - 
{
	"content":[
		{
			"reader":{
				"name":"postgresqlreader",
				"parameter":{
					"column":[
						"model_id",
						"editor_source_value_id",
						"editor_source_extra_value_id",
						"deployment_id",
						"rev",
						"mname",
						"mod_cate_key",
						"category",
						"last_update_time",
						"mod_version",
						"meta_info",
						"create_time"
					],
					"connection":[
						{
							"jdbcUrl":[
								"jdbc:postgresql://10.201.65.21:30100/ygt"
							],
							"table":[
								"uwk_re_model"
							]
						}
					],
					"password":"************",
					"splitPk":"",
					"username":"ygt"
				}
			},
			"writer":{
				"name":"sqlserverwriter",
				"parameter":{
					"column":[
						"MODEL_ID",
						"EDITOR_SOURCE_VALUE_ID",
						"EDITOR_SOURCE_EXTRA_VALUE_ID",
						"DEPLOYMENT_ID",
						"REV",
						"MNAME",
						"MOD_CATE_KEY",
						"CATEGORY",
						"LAST_UPDATE_TIME",
						"MOD_VERSION",
						"META_INFO",
						"CREATE_TIME"
					],
					"connection":[
						{
							"jdbcUrl":"jdbc:sqlserver://192.168.203.129:1433;DatabaseName=YGT;",
							"table":[
								"UWK_RE_MODEL"
							]
						}
					],
					"password":"***********",
					"preSql":[
						"TRUNCATE TABLE UWK_RE_MODEL"
					],
					"username":"sa"
				}
			}
		}
	],
	"setting":{
		"errorLimit":{
			"record":0
		},
		"speed":{
			"channel":20
		}
	}
}

2023-07-07 11:38:24.838 [main] WARN  Engine - prioriy set to 0, because NumberFormatException, the value is: null
2023-07-07 11:38:24.839 [main] INFO  PerfTrace - PerfTrace traceId=job_-1, isEnable=false, priority=0
2023-07-07 11:38:24.840 [main] INFO  JobContainer - DataX jobContainer starts job.
2023-07-07 11:38:24.842 [main] INFO  JobContainer - Set jobId = 0
2023-07-07 11:38:30.677 [job-0] INFO  OriginalConfPretreatmentUtil - Available jdbcUrl:jdbc:postgresql://10.201.65.21:30100/ygt.
2023-07-07 11:38:30.963 [job-0] INFO  OriginalConfPretreatmentUtil - table:[uwk_re_model] has columns:[model_id,editor_source_value_id,editor_source_extra_value_id,deployment_id,rev,mname,mod_cate_key,category,last_update_time,mod_version,meta_info,create_time].
2023-07-07 11:38:31.094 [job-0] INFO  OriginalConfPretreatmentUtil - table:[UWK_RE_MODEL] all columns:[
MODEL_ID,EDITOR_SOURCE_VALUE_ID,EDITOR_SOURCE_EXTRA_VALUE_ID,DEPLOYMENT_ID,REV,MNAME,MOD_CATE_KEY,CATEGORY,LAST_UPDATE_TIME,MOD_VERSION,META_INFO,CREATE_TIME
].
2023-07-07 11:38:31.105 [job-0] INFO  OriginalConfPretreatmentUtil - Write data [
INSERT INTO %s (MODEL_ID,EDITOR_SOURCE_VALUE_ID,EDITOR_SOURCE_EXTRA_VALUE_ID,DEPLOYMENT_ID,REV,MNAME,MOD_CATE_KEY,CATEGORY,LAST_UPDATE_TIME,MOD_VERSION,META_INFO,CREATE_TIME) VALUES(?,?,?,?,?,?,?,?,?,?,?,?)
], which jdbcUrl like:[jdbc:sqlserver://192.168.203.129:1433;DatabaseName=YGT;]
2023-07-07 11:38:31.105 [job-0] INFO  JobContainer - jobContainer starts to do prepare ...
2023-07-07 11:38:31.106 [job-0] INFO  JobContainer - DataX Reader.Job [postgresqlreader] do prepare work .
2023-07-07 11:38:31.106 [job-0] INFO  JobContainer - DataX Writer.Job [sqlserverwriter] do prepare work .
2023-07-07 11:38:31.115 [job-0] INFO  CommonRdbmsWriter$Job - Begin to execute preSqls:[TRUNCATE TABLE UWK_RE_MODEL]. context info:jdbc:sqlserver://192.168.203.129:1433;DatabaseName=YGT;.
2023-07-07 11:38:31.117 [job-0] INFO  JobContainer - jobContainer starts to do split ...
2023-07-07 11:38:31.117 [job-0] INFO  JobContainer - Job set Channel-Number to 20 channels.
2023-07-07 11:38:31.119 [job-0] INFO  JobContainer - DataX Reader.Job [postgresqlreader] splits to [1] tasks.
2023-07-07 11:38:31.119 [job-0] INFO  JobContainer - DataX Writer.Job [sqlserverwriter] splits to [1] tasks.
2023-07-07 11:38:31.130 [job-0] INFO  JobContainer - jobContainer starts to do schedule ...
2023-07-07 11:38:31.133 [job-0] INFO  JobContainer - Scheduler starts [1] taskGroups.
2023-07-07 11:38:31.134 [job-0] INFO  JobContainer - Running by standalone Mode.
2023-07-07 11:38:31.138 [taskGroup-0] INFO  TaskGroupContainer - taskGroupId=[0] start [1] channels for [1] tasks.
2023-07-07 11:38:31.141 [taskGroup-0] INFO  Channel - Channel set byte_speed_limit to -1, No bps activated.
2023-07-07 11:38:31.141 [taskGroup-0] INFO  Channel - Channel set record_speed_limit to -1, No tps activated.
2023-07-07 11:38:31.147 [taskGroup-0] INFO  TaskGroupContainer - taskGroup[0] taskId[0] attemptCount[1] is started
2023-07-07 11:38:31.150 [0-0-0-reader] INFO  CommonRdbmsReader$Task - Begin to read record by Sql: [select model_id,editor_source_value_id,editor_source_extra_value_id,deployment_id,rev,mname,mod_cate_key,category,last_update_time,mod_version,meta_info,create_time from uwk_re_model 
] jdbcUrl:[jdbc:postgresql://10.201.65.21:30100/ygt].
2023-07-07 11:38:31.386 [0-0-0-reader] INFO  CommonRdbmsReader$Task - Finished read record by Sql: [select model_id,editor_source_value_id,editor_source_extra_value_id,deployment_id,rev,mname,mod_cate_key,category,last_update_time,mod_version,meta_info,create_time from uwk_re_model 
] jdbcUrl:[jdbc:postgresql://10.201.65.21:30100/ygt].
2023-07-07 11:38:31.704 [taskGroup-0] INFO  TaskGroupContainer - taskGroup[0] taskId[0] is successed, used[558]ms
2023-07-07 11:38:31.704 [taskGroup-0] INFO  TaskGroupContainer - taskGroup[0] completed it's tasks.
2023-07-07 11:38:41.157 [job-0] INFO  StandAloneJobContainerCommunicator - Total 17 records, 2805 bytes | Speed 280B/s, 1 records/s | Error 0 records, 0 bytes |  All Task WaitWriterTime 0.000s |  All Task WaitReaderTime 0.218s | Percentage 100.00%
2023-07-07 11:38:41.157 [job-0] INFO  AbstractScheduler - Scheduler accomplished all tasks.
2023-07-07 11:38:41.157 [job-0] INFO  JobContainer - DataX Writer.Job [sqlserverwriter] do post work.
2023-07-07 11:38:41.157 [job-0] INFO  JobContainer - DataX Reader.Job [postgresqlreader] do post work.
2023-07-07 11:38:41.157 [job-0] INFO  JobContainer - DataX jobId [0] completed successfully.
2023-07-07 11:38:41.158 [job-0] INFO  HookInvoker - No hook invoked, because base dir not exists or is a file: C:\Users\xT\PycharmProjects\Migration\datax\hook
2023-07-07 11:38:41.159 [job-0] INFO  JobContainer - 
	 [total cpu info] => 
		averageCpu                     | maxDeltaCpu                    | minDeltaCpu                    
		-1.00%                         | -1.00%                         | -1.00%
                        

	 [total gc info] => 
		 NAME                 | totalGCCount       | maxDeltaGCCount    | minDeltaGCCount    | totalGCTime        | maxDeltaGCTime     | minDeltaGCTime     
		 PS MarkSweep         | 0                  | 0                  | 0                  | 0.000s             | 0.000s             | 0.000s             
		 PS Scavenge          | 0                  | 0                  | 0                  | 0.000s             | 0.000s             | 0.000s             

2023-07-07 11:38:41.159 [job-0] INFO  JobContainer - PerfTrace not enable!
2023-07-07 11:38:41.159 [job-0] INFO  StandAloneJobContainerCommunicator - Total 17 records, 2805 bytes | Speed 280B/s, 1 records/s | Error 0 records, 0 bytes |  All Task WaitWriterTime 0.000s |  All Task WaitReaderTime 0.218s | Percentage 100.00%
2023-07-07 11:38:41.160 [job-0] INFO  JobContainer - 
任务启动时刻                    : 2023-07-07 11:38:24
任务结束时刻                    : 2023-07-07 11:38:41
任务总计耗时                    :                 16s
任务平均流量                    :              280B/s
记录写入速度                    :              1rec/s
读出记录总数                    :                  17
读写失败总数                    :                   0

