2023-06-21 15:12:09.071 [main] INFO  MessageSource - JVM TimeZone: GMT+08:00, Locale: zh_CN
2023-06-21 15:12:09.074 [main] INFO  MessageSource - use Locale: zh_CN timeZone: sun.util.calendar.ZoneInfo[id="GMT+08:00",offset=28800000,dstSavings=0,useDaylight=false,transitions=0,lastRule=null]
2023-06-21 15:12:09.084 [main] INFO  VMInfo - VMInfo# operatingSystem class => sun.management.OperatingSystemImpl
2023-06-21 15:12:09.092 [main] INFO  Engine - the machine info  => 

	osInfo:	Oracle Corporation 1.8 25.192-b12
	jvmInfo:	Windows 10 amd64 10.0
	cpu num:	16

	totalPhysicalMemory:	-0.00G
	freePhysicalMemory:	-0.00G
	maxFileDescriptorCount:	-1
	currentOpenFileDescriptorCount:	-1

	GC Names	[PS MarkSweep, PS Scavenge]

	MEMORY_NAME                    | allocation_size                | init_size                      
	PS Eden Space                  | 256.00MB                       | 256.00MB                       
	Code Cache                     | 240.00MB                       | 2.44MB                         
	Compressed Class Space         | 1,024.00MB                     | 0.00MB                         
	PS Survivor Space              | 42.50MB                        | 42.50MB                        
	PS Old Gen                     | 683.00MB                       | 683.00MB                       
	Metaspace                      | -0.00MB                        | 0.00MB                         


2023-06-21 15:12:09.119 [main] INFO  Engine - 
{
	"content":[
		{
			"reader":{
				"name":"sqlserverreader",
				"parameter":{
					"column":[
						"MENU_ID",
						"MENU_NAME",
						"PAR_MENU",
						"MENU_LVL",
						"MENU_PUR",
						"MENU_LINK",
						"MENU_STA",
						"MENU_ICO",
						"MENU_PLAT",
						"MENU_BPM_FORM",
						"MENU_DLL",
						"MENU_DLL_ENTRY",
						"BUSI_CODE",
						"NODE_MODE",
						"IS_NAV",
						"INTER_AGENCY_FLAG",
						"EFT_FLAG",
						"MENU_SPELL",
						"RELA_SYS"
					],
					"connection":[
						{
							"jdbcUrl":[
								"jdbc:sqlserver://192.168.203.130:1433;DatabaseName=YGT;"
							],
							"table":[
								"UPM_MENU"
							]
						}
					],
					"password":"***********",
					"splitPk":"",
					"username":"sa"
				}
			},
			"writer":{
				"name":"sqlserverwriter",
				"parameter":{
					"column":[
						"MENU_ID",
						"MENU_NAME",
						"PAR_MENU",
						"MENU_LVL",
						"MENU_PUR",
						"MENU_LINK",
						"MENU_STA",
						"MENU_ICO",
						"MENU_PLAT",
						"MENU_BPM_FORM",
						"MENU_DLL",
						"MENU_DLL_ENTRY",
						"BUSI_CODE",
						"NODE_MODE",
						"IS_NAV",
						"INTER_AGENCY_FLAG",
						"EFT_FLAG",
						"MENU_SPELL",
						"RELA_SYS"
					],
					"connection":[
						{
							"jdbcUrl":"jdbc:sqlserver://192.168.203.129:1433;DatabaseName=YGT;",
							"table":[
								"UPM_MENU"
							]
						}
					],
					"password":"***********",
					"preSql":[
						"TRUNCATE TABLE UPM_MENU"
					],
					"username":"sa"
				}
			}
		}
	],
	"setting":{
		"errorLimit":{
			"record":0
		},
		"speed":{
			"channel":20
		}
	}
}

2023-06-21 15:12:09.138 [main] WARN  Engine - prioriy set to 0, because NumberFormatException, the value is: null
2023-06-21 15:12:09.140 [main] INFO  PerfTrace - PerfTrace traceId=job_-1, isEnable=false, priority=0
2023-06-21 15:12:09.140 [main] INFO  JobContainer - DataX jobContainer starts job.
2023-06-21 15:12:09.142 [main] INFO  JobContainer - Set jobId = 0
2023-06-21 15:12:15.182 [job-0] INFO  OriginalConfPretreatmentUtil - Available jdbcUrl:jdbc:sqlserver://192.168.203.130:1433;DatabaseName=YGT;.
2023-06-21 15:12:15.243 [job-0] INFO  OriginalConfPretreatmentUtil - table:[UPM_MENU] has columns:[MENU_ID,MENU_NAME,PAR_MENU,MENU_LVL,MENU_PUR,MENU_LINK,MENU_STA,MENU_ICO,MENU_PLAT,MENU_BPM_FORM,MENU_DLL,MENU_DLL_ENTRY,BUSI_CODE,NODE_MODE,IS_NAV,INTER_AGENCY_FLAG,EFT_FLAG,MENU_SPELL,RELA_SYS].
2023-06-21 15:12:15.354 [job-0] INFO  OriginalConfPretreatmentUtil - table:[UPM_MENU] all columns:[
MENU_ID,MENU_NAME,PAR_MENU,MENU_LVL,MENU_PUR,MENU_LINK,MENU_STA,MENU_ICO,MENU_PLAT,MENU_BPM_FORM,MENU_DLL,MENU_DLL_ENTRY,BUSI_CODE,NODE_MODE,IS_NAV,INTER_AGENCY_FLAG,EFT_FLAG,MENU_SPELL,RELA_SYS
].
2023-06-21 15:12:15.367 [job-0] INFO  OriginalConfPretreatmentUtil - Write data [
INSERT INTO %s (MENU_ID,MENU_NAME,PAR_MENU,MENU_LVL,MENU_PUR,MENU_LINK,MENU_STA,MENU_ICO,MENU_PLAT,MENU_BPM_FORM,MENU_DLL,MENU_DLL_ENTRY,BUSI_CODE,NODE_MODE,IS_NAV,INTER_AGENCY_FLAG,EFT_FLAG,MENU_SPELL,RELA_SYS) VALUES(?,?,?,?,?,?,?,?,?,?,?,?,?,?,?,?,?,?,?)
], which jdbcUrl like:[jdbc:sqlserver://192.168.203.129:1433;DatabaseName=YGT;]
2023-06-21 15:12:15.367 [job-0] INFO  JobContainer - jobContainer starts to do prepare ...
2023-06-21 15:12:15.367 [job-0] INFO  JobContainer - DataX Reader.Job [sqlserverreader] do prepare work .
2023-06-21 15:12:15.368 [job-0] INFO  JobContainer - DataX Writer.Job [sqlserverwriter] do prepare work .
2023-06-21 15:12:15.382 [job-0] INFO  CommonRdbmsWriter$Job - Begin to execute preSqls:[TRUNCATE TABLE UPM_MENU]. context info:jdbc:sqlserver://192.168.203.129:1433;DatabaseName=YGT;.
2023-06-21 15:12:15.383 [job-0] INFO  JobContainer - jobContainer starts to do split ...
2023-06-21 15:12:15.384 [job-0] INFO  JobContainer - Job set Channel-Number to 20 channels.
2023-06-21 15:12:15.386 [job-0] INFO  JobContainer - DataX Reader.Job [sqlserverreader] splits to [1] tasks.
2023-06-21 15:12:15.387 [job-0] INFO  JobContainer - DataX Writer.Job [sqlserverwriter] splits to [1] tasks.
2023-06-21 15:12:15.427 [job-0] INFO  JobContainer - jobContainer starts to do schedule ...
2023-06-21 15:12:15.431 [job-0] INFO  JobContainer - Scheduler starts [1] taskGroups.
2023-06-21 15:12:15.433 [job-0] INFO  JobContainer - Running by standalone Mode.
2023-06-21 15:12:15.443 [taskGroup-0] INFO  TaskGroupContainer - taskGroupId=[0] start [1] channels for [1] tasks.
2023-06-21 15:12:15.461 [taskGroup-0] INFO  Channel - Channel set byte_speed_limit to -1, No bps activated.
2023-06-21 15:12:15.461 [taskGroup-0] INFO  Channel - Channel set record_speed_limit to -1, No tps activated.
2023-06-21 15:12:15.470 [taskGroup-0] INFO  TaskGroupContainer - taskGroup[0] taskId[0] attemptCount[1] is started
2023-06-21 15:12:15.479 [0-0-0-reader] INFO  CommonRdbmsReader$Task - Begin to read record by Sql: [select MENU_ID,MENU_NAME,PAR_MENU,MENU_LVL,MENU_PUR,MENU_LINK,MENU_STA,MENU_ICO,MENU_PLAT,MENU_BPM_FORM,MENU_DLL,MENU_DLL_ENTRY,BUSI_CODE,NODE_MODE,IS_NAV,INTER_AGENCY_FLAG,EFT_FLAG,MENU_SPELL,RELA_SYS from UPM_MENU 
] jdbcUrl:[jdbc:sqlserver://192.168.203.130:1433;DatabaseName=YGT;].
2023-06-21 15:12:16.300 [0-0-0-writer] WARN  CommonRdbmsWriter$Task - 回滚此次写入, 采用每次写入一行方式提交. 因为:违反了 PRIMARY KEY 约束“PK_UPM_MENU”。不能在对象“dbo.UPM_MENU”中插入重复键。重复键值为 (10000000)。
2023-06-21 15:12:16.305 [0-0-0-writer] ERROR StdoutPluginCollector - 
com.microsoft.sqlserver.jdbc.SQLServerException: 违反了 PRIMARY KEY 约束“PK_UPM_MENU”。不能在对象“dbo.UPM_MENU”中插入重复键。重复键值为 (10000000)。
	at com.microsoft.sqlserver.jdbc.SQLServerException.makeFromDatabaseError(SQLServerException.java:216) ~[sqljdbc4-4.0.jar:na]
	at com.microsoft.sqlserver.jdbc.SQLServerStatement.getNextResult(SQLServerStatement.java:1515) ~[sqljdbc4-4.0.jar:na]
	at com.microsoft.sqlserver.jdbc.SQLServerPreparedStatement.doExecutePreparedStatement(SQLServerPreparedStatement.java:404) ~[sqljdbc4-4.0.jar:na]
	at com.microsoft.sqlserver.jdbc.SQLServerPreparedStatement$PrepStmtExecCmd.doExecute(SQLServerPreparedStatement.java:350) ~[sqljdbc4-4.0.jar:na]
	at com.microsoft.sqlserver.jdbc.TDSCommand.execute(IOBuffer.java:5696) ~[sqljdbc4-4.0.jar:na]
	at com.microsoft.sqlserver.jdbc.SQLServerConnection.executeCommand(SQLServerConnection.java:1715) ~[sqljdbc4-4.0.jar:na]
	at com.microsoft.sqlserver.jdbc.SQLServerStatement.executeCommand(SQLServerStatement.java:180) ~[sqljdbc4-4.0.jar:na]
	at com.microsoft.sqlserver.jdbc.SQLServerStatement.executeStatement(SQLServerStatement.java:155) ~[sqljdbc4-4.0.jar:na]
	at com.microsoft.sqlserver.jdbc.SQLServerPreparedStatement.execute(SQLServerPreparedStatement.java:332) ~[sqljdbc4-4.0.jar:na]
	at com.alibaba.datax.plugin.rdbms.writer.CommonRdbmsWriter$Task.doOneInsert(CommonRdbmsWriter.java:382) [plugin-rdbms-util-0.0.1-SNAPSHOT.jar:na]
	at com.alibaba.datax.plugin.rdbms.writer.CommonRdbmsWriter$Task.doBatchInsert(CommonRdbmsWriter.java:362) [plugin-rdbms-util-0.0.1-SNAPSHOT.jar:na]
	at com.alibaba.datax.plugin.rdbms.writer.CommonRdbmsWriter$Task.startWriteWithConnection(CommonRdbmsWriter.java:291) [plugin-rdbms-util-0.0.1-SNAPSHOT.jar:na]
	at com.alibaba.datax.plugin.rdbms.writer.CommonRdbmsWriter$Task.startWrite(CommonRdbmsWriter.java:319) [plugin-rdbms-util-0.0.1-SNAPSHOT.jar:na]
	at com.alibaba.datax.plugin.writer.sqlserverwriter.SqlServerWriter$Task.startWrite(SqlServerWriter.java:81) [sqlserverwriter-0.0.1-SNAPSHOT.jar:na]
	at com.alibaba.datax.core.taskgroup.runner.WriterRunner.run(WriterRunner.java:56) [datax-core-0.0.1-SNAPSHOT.jar:na]
	at java.lang.Thread.run(Thread.java:748) [na:1.8.0_192]
2023-06-21 15:12:16.314 [0-0-0-writer] ERROR StdoutPluginCollector - 脏数据: 
{"exception":"违反了 PRIMARY KEY 约束“PK_UPM_MENU”。不能在对象“dbo.UPM_MENU”中插入重复键。重复键值为 (10000000)。","record":[{"byteSize":8,"index":0,"rawData":10000000,"type":"LONG"},{"byteSize":6,"index":1,"rawData":"经纪业务开户","type":"STRING"},{"byteSize":8,"index":2,"rawData":10012076,"type":"LONG"},{"byteSize":8,"index":3,"rawData":"00100001","type":"STRING"},{"byteSize":1,"index":4,"rawData":"2","type":"STRING"},{"byteSize":48,"index":5,"rawData":"apps/opp/operator/open-account/open-account.html","type":"STRING"},{"byteSize":1,"index":6,"rawData":"1","type":"STRING"},{"byteSize":0,"index":7,"rawData":"","type":"STRING"},{"byteSize":1,"index":8,"rawData":"0","type":"DOUBLE"},{"byteSize":0,"index":9,"rawData":"","type":"STRING"},{"byteSize":0,"index":10,"rawData":"","type":"STRING"},{"byteSize":0,"index":11,"rawData":"","type":"STRING"},{"byteSize":5,"index":12,"rawData":"Z0035","type":"STRING"},{"byteSize":1,"index":13,"rawData":"0","type":"STRING"},{"byteSize":0,"index":14,"type":"STRING"},{"byteSize":1,"index":15,"rawData":" ","type":"STRING"},{"byteSize":1,"index":16,"rawData":"1","type":"STRING"},{"byteSize":6,"index":17,"rawData":"JJYWKH","type":"STRING"},{"byteSize":0,"index":18,"type":"STRING"}],"type":"writer"}
2023-06-21 15:12:16.317 [0-0-0-writer] ERROR StdoutPluginCollector - 脏数据: 
{"exception":"违反了 PRIMARY KEY 约束“PK_UPM_MENU”。不能在对象“dbo.UPM_MENU”中插入重复键。重复键值为 (10000002)。","record":[{"byteSize":8,"index":0,"rawData":10000002,"type":"LONG"},{"byteSize":6,"index":1,"rawData":"客户资料变更","type":"STRING"},{"byteSize":8,"index":2,"rawData":10012076,"type":"LONG"},{"byteSize":8,"index":3,"rawData":"00100006","type":"STRING"},{"byteSize":1,"index":4,"rawData":"2","type":"STRING"},{"byteSize":49,"index":5,"rawData":"apps/opp/operator/base-info/cust-info-modify.html","type":"STRING"},{"byteSize":1,"index":6,"rawData":"1","type":"STRING"},{"byteSize":0,"index":7,"rawData":"","type":"STRING"},{"byteSize":1,"index":8,"rawData":"0","type":"DOUBLE"},{"byteSize":0,"index":9,"rawData":"","type":"STRING"},{"byteSize":1,"index":10,"rawData":"5","type":"STRING"},{"byteSize":0,"index":11,"rawData":"","type":"STRING"},{"byteSize":5,"index":12,"rawData":"Z0004","type":"STRING"},{"byteSize":1,"index":13,"rawData":"0","type":"STRING"},{"byteSize":0,"index":14,"type":"STRING"},{"byteSize":1,"index":15,"rawData":" ","type":"STRING"},{"byteSize":1,"index":16,"rawData":"1","type":"STRING"},{"byteSize":6,"index":17,"rawData":"KHZLBG","type":"STRING"},{"byteSize":0,"index":18,"type":"STRING"}],"type":"writer"}
2023-06-21 15:12:16.318 [0-0-0-writer] ERROR StdoutPluginCollector - 脏数据: 
{"exception":"违反了 PRIMARY KEY 约束“PK_UPM_MENU”。不能在对象“dbo.UPM_MENU”中插入重复键。重复键值为 (10000003)。","record":[{"byteSize":8,"index":0,"rawData":10000003,"type":"LONG"},{"byteSize":7,"index":1,"rawData":"专业投资者开通","type":"STRING"},{"byteSize":8,"index":2,"rawData":10021148,"type":"LONG"},{"byteSize":8,"index":3,"rawData":"00140004","type":"STRING"},{"byteSize":1,"index":4,"rawData":"2","type":"STRING"},{"byteSize":35,"index":5,"rawData":"apps/opp/agreement/flow-invest.html","type":"STRING"},{"byteSize":1,"index":6,"rawData":"1","type":"STRING"},{"byteSize":0,"index":7,"rawData":"","type":"STRING"},{"byteSize":1,"index":8,"rawData":"0","type":"DOUBLE"},{"byteSize":0,"index":9,"rawData":"","type":"STRING"},{"byteSize":0,"index":10,"rawData":"","type":"STRING"},{"byteSize":0,"index":11,"rawData":"","type":"STRING"},{"byteSize":5,"index":12,"rawData":"Z0006","type":"STRING"},{"byteSize":1,"index":13,"rawData":"0","type":"STRING"},{"byteSize":0,"index":14,"type":"STRING"},{"byteSize":1,"index":15,"rawData":" ","type":"STRING"},{"byteSize":1,"index":16,"rawData":"1","type":"STRING"},{"byteSize":7,"index":17,"rawData":"ZYTZZKT","type":"STRING"},{"byteSize":0,"index":18,"type":"STRING"}],"type":"writer"}
2023-06-21 15:12:16.323 [0-0-0-writer] ERROR StdoutPluginCollector - 脏数据: 
{"exception":"违反了 PRIMARY KEY 约束“PK_UPM_MENU”。不能在对象“dbo.UPM_MENU”中插入重复键。重复键值为 (10000004)。","record":[{"byteSize":8,"index":0,"rawData":10000004,"type":"LONG"},{"byteSize":7,"index":1,"rawData":"专业投资者续期","type":"STRING"},{"byteSize":8,"index":2,"rawData":10021148,"type":"LONG"},{"byteSize":8,"index":3,"rawData":"00140005","type":"STRING"},{"byteSize":1,"index":4,"rawData":"2","type":"STRING"},{"byteSize":48,"index":5,"rawData":"apps/opp/agreement/flow-prof-investor-renew.html","type":"STRING"},{"byteSize":1,"index":6,"rawData":"0","type":"STRING"},{"byteSize":0,"index":7,"rawData":"","type":"STRING"},{"byteSize":1,"index":8,"rawData":"0","type":"DOUBLE"},{"byteSize":0,"index":9,"rawData":"","type":"STRING"},{"byteSize":0,"index":10,"rawData":"","type":"STRING"},{"byteSize":0,"index":11,"rawData":"","type":"STRING"},{"byteSize":5,"index":12,"rawData":"Z0008","type":"STRING"},{"byteSize":1,"index":13,"rawData":"0","type":"STRING"},{"byteSize":0,"index":14,"type":"STRING"},{"byteSize":1,"index":15,"rawData":" ","type":"STRING"},{"byteSize":1,"index":16,"rawData":"1","type":"STRING"},{"byteSize":7,"index":17,"rawData":"ZYTZZXQ","type":"STRING"},{"byteSize":0,"index":18,"type":"STRING"}],"type":"writer"}
2023-06-21 15:12:16.324 [0-0-0-writer] ERROR StdoutPluginCollector - 脏数据: 
{"exception":"违反了 PRIMARY KEY 约束“PK_UPM_MENU”。不能在对象“dbo.UPM_MENU”中插入重复键。重复键值为 (10000005)。","record":[{"byteSize":8,"index":0,"rawData":10000005,"type":"LONG"},{"byteSize":7,"index":1,"rawData":"专业投资者注销","type":"STRING"},{"byteSize":8,"index":2,"rawData":10021148,"type":"LONG"},{"byteSize":8,"index":3,"rawData":"00140006","type":"STRING"},{"byteSize":1,"index":4,"rawData":"2","type":"STRING"},{"byteSize":49,"index":5,"rawData":"apps/opp/agreement/flow-prof-investor-cancel.html","type":"STRING"},{"byteSize":1,"index":6,"rawData":"1","type":"STRING"},{"byteSize":0,"index":7,"rawData":"","type":"STRING"},{"byteSize":1,"index":8,"rawData":"0","type":"DOUBLE"},{"byteSize":0,"index":9,"rawData":"","type":"STRING"},{"byteSize":0,"index":10,"rawData":"","type":"STRING"},{"byteSize":0,"index":11,"rawData":"","type":"STRING"},{"byteSize":5,"index":12,"rawData":"Z0010","type":"STRING"},{"byteSize":1,"index":13,"rawData":"0","type":"STRING"},{"byteSize":0,"index":14,"type":"STRING"},{"byteSize":1,"index":15,"rawData":" ","type":"STRING"},{"byteSize":1,"index":16,"rawData":"1","type":"STRING"},{"byteSize":7,"index":17,"rawData":"ZYTZZZX","type":"STRING"},{"byteSize":0,"index":18,"type":"STRING"}],"type":"writer"}
2023-06-21 15:12:16.325 [0-0-0-writer] ERROR StdoutPluginCollector - 脏数据: 
{"exception":"违反了 PRIMARY KEY 约束“PK_UPM_MENU”。不能在对象“dbo.UPM_MENU”中插入重复键。重复键值为 (10000006)。","record":[{"byteSize":8,"index":0,"rawData":10000006,"type":"LONG"},{"byteSize":7,"index":1,"rawData":"客户360查询","type":"STRING"},{"byteSize":8,"index":2,"rawData":99550031,"type":"LONG"},{"byteSize":12,"index":3,"rawData":"003900010002","type":"STRING"},{"byteSize":1,"index":4,"rawData":"6","type":"STRING"},{"byteSize":71,"index":5,"rawData":"apps/opp/cust360/cust360-index.html?QRY_MANAGEMENU_FLAG=true&theme=win8","type":"STRING"},{"byteSize":1,"index":6,"rawData":"1","type":"STRING"},{"byteSize":0,"index":7,"rawData":"","type":"STRING"},{"byteSize":1,"index":8,"rawData":"0","type":"DOUBLE"},{"byteSize":0,"index":9,"rawData":"","type":"STRING"},{"byteSize":0,"index":10,"rawData":"","type":"STRING"},{"byteSize":0,"index":11,"rawData":"","type":"STRING"},{"byteSize":0,"index":12,"rawData":"","type":"STRING"},{"byteSize":1,"index":13,"rawData":"0","type":"STRING"},{"byteSize":0,"index":14,"type":"STRING"},{"byteSize":1,"index":15,"rawData":" ","type":"STRING"},{"byteSize":1,"index":16,"rawData":"1","type":"STRING"},{"byteSize":7,"index":17,"rawData":"KH360CX","type":"STRING"},{"byteSize":0,"index":18,"type":"STRING"}],"type":"writer"}
2023-06-21 15:12:16.329 [0-0-0-writer] ERROR StdoutPluginCollector - 脏数据: 
{"exception":"违反了 PRIMARY KEY 约束“PK_UPM_MENU”。不能在对象“dbo.UPM_MENU”中插入重复键。重复键值为 (10000008)。","record":[{"byteSize":8,"index":0,"rawData":10000008,"type":"LONG"},{"byteSize":8,"index":1,"rawData":"单客户多银行服务","type":"STRING"},{"byteSize":8,"index":2,"rawData":10012076,"type":"LONG"},{"byteSize":8,"index":3,"rawData":"00100005","type":"STRING"},{"byteSize":1,"index":4,"rawData":"2","type":"STRING"},{"byteSize":42,"index":5,"rawData":"apps/opp/operator/bank/open-gold-bank.html","type":"STRING"},{"byteSize":1,"index":6,"rawData":"1","type":"STRING"},{"byteSize":0,"index":7,"rawData":"","type":"STRING"},{"byteSize":1,"index":8,"rawData":"0","type":"DOUBLE"},{"byteSize":0,"index":9,"rawData":"","type":"STRING"},{"byteSize":1,"index":10,"rawData":"1","type":"STRING"},{"byteSize":0,"index":11,"rawData":"","type":"STRING"},{"byteSize":5,"index":12,"rawData":"Z0301","type":"STRING"},{"byteSize":1,"index":13,"rawData":"0","type":"STRING"},{"byteSize":0,"index":14,"type":"STRING"},{"byteSize":1,"index":15,"rawData":" ","type":"STRING"},{"byteSize":1,"index":16,"rawData":"1","type":"STRING"},{"byteSize":8,"index":17,"rawData":"DKHDYHFW","type":"STRING"},{"byteSize":0,"index":18,"type":"STRING"}],"type":"writer"}
2023-06-21 15:12:16.329 [0-0-0-writer] ERROR StdoutPluginCollector - 脏数据: 
{"exception":"违反了 PRIMARY KEY 约束“PK_UPM_MENU”。不能在对象“dbo.UPM_MENU”中插入重复键。重复键值为 (10000010)。","record":[{"byteSize":8,"index":0,"rawData":10000010,"type":"LONG"},{"byteSize":4,"index":1,"rawData":"账户业务","type":"STRING"},{"byteSize":1,"index":2,"rawData":0,"type":"LONG"},{"byteSize":4,"index":3,"rawData":"0028","type":"STRING"},{"byteSize":1,"index":4,"rawData":"3","type":"STRING"},{"byteSize":0,"index":5,"rawData":"","type":"STRING"},{"byteSize":1,"index":6,"rawData":"1","type":"STRING"},{"byteSize":19,"index":7,"rawData":"kui-icon-biz-review","type":"STRING"},{"byteSize":1,"index":8,"rawData":"0","type":"DOUBLE"},{"byteSize":0,"index":9,"rawData":"","type":"STRING"},{"byteSize":0,"index":10,"rawData":"","type":"STRING"},{"byteSize":0,"index":11,"rawData":"","type":"STRING"},{"byteSize":0,"index":12,"rawData":"","type":"STRING"},{"byteSize":1,"index":13,"rawData":"0","type":"STRING"},{"byteSize":0,"index":14,"type":"STRING"},{"byteSize":1,"index":15,"rawData":"0","type":"STRING"},{"byteSize":1,"index":16,"rawData":"1","type":"STRING"},{"byteSize":4,"index":17,"rawData":"ZHYW","type":"STRING"},{"byteSize":0,"index":18,"type":"STRING"}],"type":"writer"}
2023-06-21 15:12:16.330 [0-0-0-writer] ERROR StdoutPluginCollector - 脏数据: 
{"exception":"违反了 PRIMARY KEY 约束“PK_UPM_MENU”。不能在对象“dbo.UPM_MENU”中插入重复键。重复键值为 (10000013)。","record":[{"byteSize":8,"index":0,"rawData":10000013,"type":"LONG"},{"byteSize":9,"index":1,"rawData":"OTC账户业务参数","type":"STRING"},{"byteSize":8,"index":2,"rawData":99100001,"type":"LONG"},{"byteSize":12,"index":3,"rawData":"000700040012","type":"STRING"},{"byteSize":1,"index":4,"rawData":"1","type":"STRING"},{"byteSize":0,"index":5,"rawData":"","type":"STRING"},{"byteSize":1,"index":6,"rawData":"1","type":"STRING"},{"byteSize":0,"index":7,"rawData":"","type":"STRING"},{"byteSize":1,"index":8,"rawData":"0","type":"DOUBLE"},{"byteSize":0,"index":9,"rawData":"","type":"STRING"},{"byteSize":0,"index":10,"rawData":"","type":"STRING"},{"byteSize":0,"index":11,"rawData":"","type":"STRING"},{"byteSize":0,"index":12,"rawData":"","type":"STRING"},{"byteSize":1,"index":13,"rawData":"0","type":"STRING"},{"byteSize":1,"index":14,"rawData":" ","type":"STRING"},{"byteSize":1,"index":15,"rawData":" ","type":"STRING"},{"byteSize":1,"index":16,"rawData":"1","type":"STRING"},{"byteSize":9,"index":17,"rawData":"OTCZHYWCS","type":"STRING"},{"byteSize":0,"index":18,"type":"STRING"}],"type":"writer"}
2023-06-21 15:12:17.507 [0-0-0-writer] WARN  CommonRdbmsWriter$Task - 回滚此次写入, 采用每次写入一行方式提交. 因为:违反了 PRIMARY KEY 约束“PK_UPM_MENU”。不能在对象“dbo.UPM_MENU”中插入重复键。重复键值为 (20090042)。
2023-06-21 15:12:18.587 [0-0-0-writer] WARN  CommonRdbmsWriter$Task - 回滚此次写入, 采用每次写入一行方式提交. 因为:违反了 PRIMARY KEY 约束“PK_UPM_MENU”。不能在对象“dbo.UPM_MENU”中插入重复键。重复键值为 (70999003)。
2023-06-21 15:12:19.484 [0-0-0-reader] INFO  CommonRdbmsReader$Task - Finished read record by Sql: [select MENU_ID,MENU_NAME,PAR_MENU,MENU_LVL,MENU_PUR,MENU_LINK,MENU_STA,MENU_ICO,MENU_PLAT,MENU_BPM_FORM,MENU_DLL,MENU_DLL_ENTRY,BUSI_CODE,NODE_MODE,IS_NAV,INTER_AGENCY_FLAG,EFT_FLAG,MENU_SPELL,RELA_SYS from UPM_MENU 
] jdbcUrl:[jdbc:sqlserver://192.168.203.130:1433;DatabaseName=YGT;].
2023-06-21 15:12:19.855 [0-0-0-writer] WARN  CommonRdbmsWriter$Task - 回滚此次写入, 采用每次写入一行方式提交. 因为:违反了 PRIMARY KEY 约束“PK_UPM_MENU”。不能在对象“dbo.UPM_MENU”中插入重复键。重复键值为 (96090210)。
2023-06-21 15:12:20.572 [taskGroup-0] INFO  TaskGroupContainer - taskGroup[0] taskId[0] is successed, used[5102]ms
2023-06-21 15:12:20.572 [taskGroup-0] INFO  TaskGroupContainer - taskGroup[0] completed it's tasks.
2023-06-21 15:12:25.467 [job-0] INFO  StandAloneJobContainerCommunicator - Total 8050 records, 732717 bytes | Speed 71.55KB/s, 805 records/s | Error 8050 records, 732717 bytes |  All Task WaitWriterTime 3.649s |  All Task WaitReaderTime 0.249s | Percentage 100.00%
2023-06-21 15:12:25.468 [job-0] ERROR JobContainer - 运行scheduler 模式[standalone]出错.
2023-06-21 15:12:25.468 [job-0] ERROR JobContainer - Exception when job run
com.alibaba.datax.common.exception.DataXException: Code:[Framework-14], Description:[DataX传输脏数据超过用户预期，该错误通常是由于源端数据存在较多业务脏数据导致，请仔细检查DataX汇报的脏数据日志信息, 或者您可以适当调大脏数据阈值 .].  - 脏数据条数检查不通过，限制是[0]条，但实际上捕获了[8050]条.
	at com.alibaba.datax.common.exception.DataXException.asDataXException(DataXException.java:30) ~[datax-common-0.0.1-SNAPSHOT.jar:na]
	at com.alibaba.datax.core.util.ErrorRecordChecker.checkRecordLimit(ErrorRecordChecker.java:58) ~[datax-core-0.0.1-SNAPSHOT.jar:na]
	at com.alibaba.datax.core.job.scheduler.AbstractScheduler.schedule(AbstractScheduler.java:89) ~[datax-core-0.0.1-SNAPSHOT.jar:na]
	at com.alibaba.datax.core.job.JobContainer.schedule(JobContainer.java:535) ~[datax-core-0.0.1-SNAPSHOT.jar:na]
	at com.alibaba.datax.core.job.JobContainer.start(JobContainer.java:119) ~[datax-core-0.0.1-SNAPSHOT.jar:na]
	at com.alibaba.datax.core.Engine.start(Engine.java:93) [datax-core-0.0.1-SNAPSHOT.jar:na]
	at com.alibaba.datax.core.Engine.entry(Engine.java:175) [datax-core-0.0.1-SNAPSHOT.jar:na]
	at com.alibaba.datax.core.Engine.main(Engine.java:208) [datax-core-0.0.1-SNAPSHOT.jar:na]
2023-06-21 15:12:25.468 [job-0] INFO  StandAloneJobContainerCommunicator - Total 8050 records, 732717 bytes | Speed 715.54KB/s, 8050 records/s | Error 8050 records, 732717 bytes |  All Task WaitWriterTime 3.649s |  All Task WaitReaderTime 0.249s | Percentage 100.00%
2023-06-21 15:12:25.469 [job-0] ERROR Engine - 

经DataX智能分析,该任务最可能的错误原因是:
com.alibaba.datax.common.exception.DataXException: Code:[Framework-14], Description:[DataX传输脏数据超过用户预期，该错误通常是由于源端数据存在较多业务脏数据导致，请仔细检查DataX汇报的脏数据日志信息, 或者您可以适当调大脏数据阈值 .].  - 脏数据条数检查不通过，限制是[0]条，但实际上捕获了[8050]条.
	at com.alibaba.datax.common.exception.DataXException.asDataXException(DataXException.java:30)
	at com.alibaba.datax.core.util.ErrorRecordChecker.checkRecordLimit(ErrorRecordChecker.java:58)
	at com.alibaba.datax.core.job.scheduler.AbstractScheduler.schedule(AbstractScheduler.java:89)
	at com.alibaba.datax.core.job.JobContainer.schedule(JobContainer.java:535)
	at com.alibaba.datax.core.job.JobContainer.start(JobContainer.java:119)
	at com.alibaba.datax.core.Engine.start(Engine.java:93)
	at com.alibaba.datax.core.Engine.entry(Engine.java:175)
	at com.alibaba.datax.core.Engine.main(Engine.java:208)

