2023-06-21 13:44:37.538 [main] INFO  MessageSource - JVM TimeZone: GMT+08:00, Locale: zh_CN
2023-06-21 13:44:37.541 [main] INFO  MessageSource - use Locale: zh_CN timeZone: sun.util.calendar.ZoneInfo[id="GMT+08:00",offset=28800000,dstSavings=0,useDaylight=false,transitions=0,lastRule=null]
2023-06-21 13:44:37.555 [main] INFO  VMInfo - VMInfo# operatingSystem class => sun.management.OperatingSystemImpl
2023-06-21 13:44:37.574 [main] INFO  Engine - the machine info  => 

	osInfo:	Oracle Corporation 1.8 25.192-b12
	jvmInfo:	Windows 10 amd64 10.0
	cpu num:	16

	totalPhysicalMemory:	-0.00G
	freePhysicalMemory:	-0.00G
	maxFileDescriptorCount:	-1
	currentOpenFileDescriptorCount:	-1

	GC Names	[PS MarkSweep, PS Scavenge]

	MEMORY_NAME                    | allocation_size                | init_size                      
	PS Eden Space                  | 256.00MB                       | 256.00MB                       
	Code Cache                     | 240.00MB                       | 2.44MB                         
	Compressed Class Space         | 1,024.00MB                     | 0.00MB                         
	PS Survivor Space              | 42.50MB                        | 42.50MB                        
	PS Old Gen                     | 683.00MB                       | 683.00MB                       
	Metaspace                      | -0.00MB                        | 0.00MB                         


2023-06-21 13:44:37.598 [main] INFO  Engine - 
{
	"content":[
		{
			"reader":{
				"name":"sqlserverreader",
				"parameter":{
					"column":[
						"BUSI_CODE",
						"PARA_CODE",
						"PARA_NAME",
						"PARA_TYPE",
						"PARA_CLS",
						"PARA_DICT",
						"REMARK"
					],
					"connection":[
						{
							"jdbcUrl":[
								"jdbc:sqlserver://192.168.203.130:1433;DatabaseName=YGT;"
							],
							"table":[
								"OPP_BUSI_PARA"
							]
						}
					],
					"password":"***********",
					"splitPk":"",
					"username":"sa"
				}
			},
			"writer":{
				"name":"sqlserverwriter",
				"parameter":{
					"column":[
						"BUSI_CODE",
						"PARA_CODE",
						"PARA_NAME",
						"PARA_TYPE",
						"PARA_CLS",
						"PARA_DICT",
						"REMARK"
					],
					"connection":[
						{
							"jdbcUrl":"jdbc:sqlserver://192.168.203.129:1433;DatabaseName=YGT;",
							"table":[
								"OPP_BUSI_PARA"
							]
						}
					],
					"password":"***********",
					"preSql":[
						"TRUNCATE TABLE OPP_BUSI_PARA"
					],
					"username":"sa"
				}
			}
		}
	],
	"setting":{
		"errorLimit":{
			"record":0
		},
		"speed":{
			"channel":20
		}
	}
}

2023-06-21 13:44:37.619 [main] WARN  Engine - prioriy set to 0, because NumberFormatException, the value is: null
2023-06-21 13:44:37.621 [main] INFO  PerfTrace - PerfTrace traceId=job_-1, isEnable=false, priority=0
2023-06-21 13:44:37.621 [main] INFO  JobContainer - DataX jobContainer starts job.
2023-06-21 13:44:37.624 [main] INFO  JobContainer - Set jobId = 0
2023-06-21 13:44:43.792 [job-0] INFO  OriginalConfPretreatmentUtil - Available jdbcUrl:jdbc:sqlserver://192.168.203.130:1433;DatabaseName=YGT;.
2023-06-21 13:44:43.844 [job-0] INFO  OriginalConfPretreatmentUtil - table:[OPP_BUSI_PARA] has columns:[BUSI_CODE,PARA_CODE,PARA_NAME,PARA_TYPE,PARA_CLS,PARA_DICT,REMARK].
2023-06-21 13:44:43.977 [job-0] INFO  OriginalConfPretreatmentUtil - table:[OPP_BUSI_PARA] all columns:[
BUSI_CODE,PARA_CODE,PARA_NAME,PARA_TYPE,PARA_CLS,PARA_DICT,REMARK
].
2023-06-21 13:44:43.991 [job-0] INFO  OriginalConfPretreatmentUtil - Write data [
INSERT INTO %s (BUSI_CODE,PARA_CODE,PARA_NAME,PARA_TYPE,PARA_CLS,PARA_DICT,REMARK) VALUES(?,?,?,?,?,?,?)
], which jdbcUrl like:[jdbc:sqlserver://192.168.203.129:1433;DatabaseName=YGT;]
2023-06-21 13:44:43.992 [job-0] INFO  JobContainer - jobContainer starts to do prepare ...
2023-06-21 13:44:43.992 [job-0] INFO  JobContainer - DataX Reader.Job [sqlserverreader] do prepare work .
2023-06-21 13:44:43.992 [job-0] INFO  JobContainer - DataX Writer.Job [sqlserverwriter] do prepare work .
2023-06-21 13:44:44.013 [job-0] INFO  CommonRdbmsWriter$Job - Begin to execute preSqls:[TRUNCATE TABLE OPP_BUSI_PARA]. context info:jdbc:sqlserver://192.168.203.129:1433;DatabaseName=YGT;.
2023-06-21 13:44:44.015 [job-0] INFO  JobContainer - jobContainer starts to do split ...
2023-06-21 13:44:44.015 [job-0] INFO  JobContainer - Job set Channel-Number to 20 channels.
2023-06-21 13:44:44.018 [job-0] INFO  JobContainer - DataX Reader.Job [sqlserverreader] splits to [1] tasks.
2023-06-21 13:44:44.018 [job-0] INFO  JobContainer - DataX Writer.Job [sqlserverwriter] splits to [1] tasks.
2023-06-21 13:44:44.045 [job-0] INFO  JobContainer - jobContainer starts to do schedule ...
2023-06-21 13:44:44.048 [job-0] INFO  JobContainer - Scheduler starts [1] taskGroups.
2023-06-21 13:44:44.049 [job-0] INFO  JobContainer - Running by standalone Mode.
2023-06-21 13:44:44.071 [taskGroup-0] INFO  TaskGroupContainer - taskGroupId=[0] start [1] channels for [1] tasks.
2023-06-21 13:44:44.082 [taskGroup-0] INFO  Channel - Channel set byte_speed_limit to -1, No bps activated.
2023-06-21 13:44:44.083 [taskGroup-0] INFO  Channel - Channel set record_speed_limit to -1, No tps activated.
2023-06-21 13:44:44.091 [taskGroup-0] INFO  TaskGroupContainer - taskGroup[0] taskId[0] attemptCount[1] is started
2023-06-21 13:44:44.094 [0-0-0-reader] INFO  CommonRdbmsReader$Task - Begin to read record by Sql: [select BUSI_CODE,PARA_CODE,PARA_NAME,PARA_TYPE,PARA_CLS,PARA_DICT,REMARK from OPP_BUSI_PARA 
] jdbcUrl:[jdbc:sqlserver://192.168.203.130:1433;DatabaseName=YGT;].
2023-06-21 13:44:44.684 [0-0-0-writer] WARN  CommonRdbmsWriter$Task - 回滚此次写入, 采用每次写入一行方式提交. 因为:违反了 PRIMARY KEY 约束“PK_OPP_BUSI_PARA”。不能在对象“dbo.OPP_BUSI_PARA”中插入重复键。重复键值为 (00000, ACCESS_CON_IDS)。
2023-06-21 13:44:44.907 [0-0-0-writer] ERROR StdoutPluginCollector - 
com.microsoft.sqlserver.jdbc.SQLServerException: 违反了 PRIMARY KEY 约束“PK_OPP_BUSI_PARA”。不能在对象“dbo.OPP_BUSI_PARA”中插入重复键。重复键值为 (00000, ACCESS_CON_IDS)。
	at com.microsoft.sqlserver.jdbc.SQLServerException.makeFromDatabaseError(SQLServerException.java:216) ~[sqljdbc4-4.0.jar:na]
	at com.microsoft.sqlserver.jdbc.SQLServerStatement.getNextResult(SQLServerStatement.java:1515) ~[sqljdbc4-4.0.jar:na]
	at com.microsoft.sqlserver.jdbc.SQLServerPreparedStatement.doExecutePreparedStatement(SQLServerPreparedStatement.java:404) ~[sqljdbc4-4.0.jar:na]
	at com.microsoft.sqlserver.jdbc.SQLServerPreparedStatement$PrepStmtExecCmd.doExecute(SQLServerPreparedStatement.java:350) ~[sqljdbc4-4.0.jar:na]
	at com.microsoft.sqlserver.jdbc.TDSCommand.execute(IOBuffer.java:5696) ~[sqljdbc4-4.0.jar:na]
	at com.microsoft.sqlserver.jdbc.SQLServerConnection.executeCommand(SQLServerConnection.java:1715) ~[sqljdbc4-4.0.jar:na]
	at com.microsoft.sqlserver.jdbc.SQLServerStatement.executeCommand(SQLServerStatement.java:180) ~[sqljdbc4-4.0.jar:na]
	at com.microsoft.sqlserver.jdbc.SQLServerStatement.executeStatement(SQLServerStatement.java:155) ~[sqljdbc4-4.0.jar:na]
	at com.microsoft.sqlserver.jdbc.SQLServerPreparedStatement.execute(SQLServerPreparedStatement.java:332) ~[sqljdbc4-4.0.jar:na]
	at com.alibaba.datax.plugin.rdbms.writer.CommonRdbmsWriter$Task.doOneInsert(CommonRdbmsWriter.java:382) [plugin-rdbms-util-0.0.1-SNAPSHOT.jar:na]
	at com.alibaba.datax.plugin.rdbms.writer.CommonRdbmsWriter$Task.doBatchInsert(CommonRdbmsWriter.java:362) [plugin-rdbms-util-0.0.1-SNAPSHOT.jar:na]
	at com.alibaba.datax.plugin.rdbms.writer.CommonRdbmsWriter$Task.startWriteWithConnection(CommonRdbmsWriter.java:291) [plugin-rdbms-util-0.0.1-SNAPSHOT.jar:na]
	at com.alibaba.datax.plugin.rdbms.writer.CommonRdbmsWriter$Task.startWrite(CommonRdbmsWriter.java:319) [plugin-rdbms-util-0.0.1-SNAPSHOT.jar:na]
	at com.alibaba.datax.plugin.writer.sqlserverwriter.SqlServerWriter$Task.startWrite(SqlServerWriter.java:81) [sqlserverwriter-0.0.1-SNAPSHOT.jar:na]
	at com.alibaba.datax.core.taskgroup.runner.WriterRunner.run(WriterRunner.java:56) [datax-core-0.0.1-SNAPSHOT.jar:na]
	at java.lang.Thread.run(Thread.java:748) [na:1.8.0_192]
2023-06-21 13:44:44.911 [0-0-0-writer] ERROR StdoutPluginCollector - 脏数据: 
{"exception":"违反了 PRIMARY KEY 约束“PK_OPP_BUSI_PARA”。不能在对象“dbo.OPP_BUSI_PARA”中插入重复键。重复键值为 (00000, ACCESS_CON_IDS)。","record":[{"byteSize":5,"index":0,"rawData":"00000","type":"STRING"},{"byteSize":14,"index":1,"rawData":"ACCESS_CON_IDS","type":"STRING"},{"byteSize":14,"index":2,"rawData":"业务准入不通过的检查条件ID","type":"STRING"},{"byteSize":1,"index":3,"rawData":"1","type":"STRING"},{"byteSize":1,"index":4,"rawData":"0","type":"STRING"},{"byteSize":0,"index":5,"rawData":"","type":"STRING"},{"byteSize":16,"index":6,"rawData":"保存业务准入检查不通过的条件ID","type":"STRING"}],"type":"writer"}
2023-06-21 13:44:44.914 [0-0-0-writer] ERROR StdoutPluginCollector - 脏数据: 
{"exception":"违反了 PRIMARY KEY 约束“PK_OPP_BUSI_PARA”。不能在对象“dbo.OPP_BUSI_PARA”中插入重复键。重复键值为 (00000, ADDRESS)。","record":[{"byteSize":5,"index":0,"rawData":"00000","type":"STRING"},{"byteSize":7,"index":1,"rawData":"ADDRESS","type":"STRING"},{"byteSize":4,"index":2,"rawData":"家庭地址","type":"STRING"},{"byteSize":1,"index":3,"rawData":"1","type":"STRING"},{"byteSize":1,"index":4,"rawData":"0","type":"STRING"},{"byteSize":0,"index":5,"rawData":"","type":"STRING"},{"byteSize":0,"index":6,"rawData":"","type":"STRING"}],"type":"writer"}
2023-06-21 13:44:44.916 [0-0-0-writer] ERROR StdoutPluginCollector - 脏数据: 
{"exception":"违反了 PRIMARY KEY 约束“PK_OPP_BUSI_PARA”。不能在对象“dbo.OPP_BUSI_PARA”中插入重复键。重复键值为 (00000, AGE)。","record":[{"byteSize":5,"index":0,"rawData":"00000","type":"STRING"},{"byteSize":3,"index":1,"rawData":"AGE","type":"STRING"},{"byteSize":2,"index":2,"rawData":"年龄","type":"STRING"},{"byteSize":1,"index":3,"rawData":"1","type":"STRING"},{"byteSize":1,"index":4,"rawData":"0","type":"STRING"},{"byteSize":0,"index":5,"rawData":"","type":"STRING"},{"byteSize":0,"index":6,"rawData":"","type":"STRING"}],"type":"writer"}
2023-06-21 13:44:44.918 [0-0-0-writer] ERROR StdoutPluginCollector - 脏数据: 
{"exception":"违反了 PRIMARY KEY 约束“PK_OPP_BUSI_PARA”。不能在对象“dbo.OPP_BUSI_PARA”中插入重复键。重复键值为 (00000, AGT_ID_CODE)。","record":[{"byteSize":5,"index":0,"rawData":"00000","type":"STRING"},{"byteSize":11,"index":1,"rawData":"AGT_ID_CODE","type":"STRING"},{"byteSize":7,"index":2,"rawData":"代理人证件号码","type":"STRING"},{"byteSize":1,"index":3,"rawData":"1","type":"STRING"},{"byteSize":1,"index":4,"rawData":"0","type":"STRING"},{"byteSize":0,"index":5,"rawData":"","type":"STRING"},{"byteSize":0,"index":6,"rawData":"","type":"STRING"}],"type":"writer"}
2023-06-21 13:44:44.919 [0-0-0-writer] ERROR StdoutPluginCollector - 脏数据: 
{"exception":"违反了 PRIMARY KEY 约束“PK_OPP_BUSI_PARA”。不能在对象“dbo.OPP_BUSI_PARA”中插入重复键。重复键值为 (00000, AGT_ID_TYPE)。","record":[{"byteSize":5,"index":0,"rawData":"00000","type":"STRING"},{"byteSize":11,"index":1,"rawData":"AGT_ID_TYPE","type":"STRING"},{"byteSize":7,"index":2,"rawData":"代理人证件类型","type":"STRING"},{"byteSize":1,"index":3,"rawData":"1","type":"STRING"},{"byteSize":1,"index":4,"rawData":"0","type":"STRING"},{"byteSize":7,"index":5,"rawData":"ID_TYPE","type":"STRING"},{"byteSize":0,"index":6,"rawData":"","type":"STRING"}],"type":"writer"}
2023-06-21 13:44:44.920 [0-0-0-writer] ERROR StdoutPluginCollector - 脏数据: 
{"exception":"违反了 PRIMARY KEY 约束“PK_OPP_BUSI_PARA”。不能在对象“dbo.OPP_BUSI_PARA”中插入重复键。重复键值为 (00000, AGT_USER_NAME)。","record":[{"byteSize":5,"index":0,"rawData":"00000","type":"STRING"},{"byteSize":13,"index":1,"rawData":"AGT_USER_NAME","type":"STRING"},{"byteSize":5,"index":2,"rawData":"代理人姓名","type":"STRING"},{"byteSize":1,"index":3,"rawData":"1","type":"STRING"},{"byteSize":1,"index":4,"rawData":"0","type":"STRING"},{"byteSize":0,"index":5,"rawData":"","type":"STRING"},{"byteSize":0,"index":6,"rawData":"","type":"STRING"}],"type":"writer"}
2023-06-21 13:44:44.921 [0-0-0-writer] ERROR StdoutPluginCollector - 脏数据: 
{"exception":"违反了 PRIMARY KEY 约束“PK_OPP_BUSI_PARA”。不能在对象“dbo.OPP_BUSI_PARA”中插入重复键。重复键值为 (00000, AML_LVL)。","record":[{"byteSize":5,"index":0,"rawData":"00000","type":"STRING"},{"byteSize":7,"index":1,"rawData":"AML_LVL","type":"STRING"},{"byteSize":5,"index":2,"rawData":"反洗钱级别","type":"STRING"},{"byteSize":1,"index":3,"rawData":"1","type":"STRING"},{"byteSize":1,"index":4,"rawData":"0","type":"STRING"},{"byteSize":7,"index":5,"rawData":"AML_LVL","type":"STRING"},{"byteSize":0,"index":6,"rawData":"","type":"STRING"}],"type":"writer"}
2023-06-21 13:44:44.922 [0-0-0-writer] ERROR StdoutPluginCollector - 脏数据: 
{"exception":"违反了 PRIMARY KEY 约束“PK_OPP_BUSI_PARA”。不能在对象“dbo.OPP_BUSI_PARA”中插入重复键。重复键值为 (00000, ASSET)。","record":[{"byteSize":5,"index":0,"rawData":"00000","type":"STRING"},{"byteSize":5,"index":1,"rawData":"ASSET","type":"STRING"},{"byteSize":6,"index":2,"rawData":"固定资产总额","type":"STRING"},{"byteSize":1,"index":3,"rawData":"1","type":"STRING"},{"byteSize":1,"index":4,"rawData":"0","type":"STRING"},{"byteSize":0,"index":5,"rawData":"","type":"STRING"},{"byteSize":0,"index":6,"rawData":"","type":"STRING"}],"type":"writer"}
2023-06-21 13:44:44.923 [0-0-0-writer] ERROR StdoutPluginCollector - 脏数据: 
{"exception":"违反了 PRIMARY KEY 约束“PK_OPP_BUSI_PARA”。不能在对象“dbo.OPP_BUSI_PARA”中插入重复键。重复键值为 (00000, ASSIGN_PERSON_ID_TYPE)。","record":[{"byteSize":5,"index":0,"rawData":"00000","type":"STRING"},{"byteSize":21,"index":1,"rawData":"ASSIGN_PERSON_ID_TYPE","type":"STRING"},{"byteSize":9,"index":2,"rawData":"开户经办人证件类型","type":"STRING"},{"byteSize":1,"index":3,"rawData":"1","type":"STRING"},{"byteSize":1,"index":4,"rawData":"0","type":"STRING"},{"byteSize":7,"index":5,"rawData":"ID_TYPE","type":"STRING"},{"byteSize":0,"index":6,"rawData":"","type":"STRING"}],"type":"writer"}
2023-06-21 13:44:45.979 [0-0-0-writer] WARN  CommonRdbmsWriter$Task - 回滚此次写入, 采用每次写入一行方式提交. 因为:违反了 PRIMARY KEY 约束“PK_OPP_BUSI_PARA”。不能在对象“dbo.OPP_BUSI_PARA”中插入重复键。重复键值为 (P0004, SIGN_TYPE)。
2023-06-21 13:44:46.962 [0-0-0-reader] INFO  CommonRdbmsReader$Task - Finished read record by Sql: [select BUSI_CODE,PARA_CODE,PARA_NAME,PARA_TYPE,PARA_CLS,PARA_DICT,REMARK from OPP_BUSI_PARA 
] jdbcUrl:[jdbc:sqlserver://192.168.203.130:1433;DatabaseName=YGT;].
2023-06-21 13:44:47.216 [0-0-0-writer] WARN  CommonRdbmsWriter$Task - 回滚此次写入, 采用每次写入一行方式提交. 因为:违反了 PRIMARY KEY 约束“PK_OPP_BUSI_PARA”。不能在对象“dbo.OPP_BUSI_PARA”中插入重复键。重复键值为 (YGT_W0110675, ETFMODE)。
2023-06-21 13:44:47.569 [taskGroup-0] INFO  TaskGroupContainer - taskGroup[0] taskId[0] is successed, used[3479]ms
2023-06-21 13:44:47.569 [taskGroup-0] INFO  TaskGroupContainer - taskGroup[0] completed it's tasks.
