2023-06-21 10:57:50.505 [main] INFO  MessageSource - JVM TimeZone: GMT+08:00, Locale: zh_CN
2023-06-21 10:57:50.508 [main] INFO  MessageSource - use Locale: zh_CN timeZone: sun.util.calendar.ZoneInfo[id="GMT+08:00",offset=28800000,dstSavings=0,useDaylight=false,transitions=0,lastRule=null]
2023-06-21 10:57:50.518 [main] INFO  VMInfo - VMInfo# operatingSystem class => sun.management.OperatingSystemImpl
2023-06-21 10:57:50.522 [main] INFO  Engine - the machine info  => 

	osInfo:	Oracle Corporation 1.8 25.192-b12
	jvmInfo:	Windows 10 amd64 10.0
	cpu num:	16

	totalPhysicalMemory:	-0.00G
	freePhysicalMemory:	-0.00G
	maxFileDescriptorCount:	-1
	currentOpenFileDescriptorCount:	-1

	GC Names	[PS MarkSweep, PS Scavenge]

	MEMORY_NAME                    | allocation_size                | init_size                      
	PS Eden Space                  | 256.00MB                       | 256.00MB                       
	Code Cache                     | 240.00MB                       | 2.44MB                         
	Compressed Class Space         | 1,024.00MB                     | 0.00MB                         
	PS Survivor Space              | 42.50MB                        | 42.50MB                        
	PS Old Gen                     | 683.00MB                       | 683.00MB                       
	Metaspace                      | -0.00MB                        | 0.00MB                         


2023-06-21 10:57:50.538 [main] INFO  Engine - 
{
	"content":[
		{
			"reader":{
				"name":"sqlserverreader",
				"parameter":{
					"column":[
						"BUSI_CODE",
						"PARA_CODE",
						"PARA_NAME",
						"PARA_TYPE",
						"PARA_CLS",
						"PARA_DICT",
						"REMARK"
					],
					"connection":[
						{
							"jdbcUrl":[
								"jdbc:sqlserver://192.168.203.130:1433;DatabaseName=YGT;"
							],
							"table":[
								"OPP_BUSI_PARA"
							]
						}
					],
					"password":"***********",
					"splitPk":"",
					"username":"sa"
				}
			},
			"writer":{
				"name":"sqlserverwriter",
				"parameter":{
					"column":[
						"BUSI_CODE",
						"PARA_CODE",
						"PARA_NAME",
						"PARA_TYPE",
						"PARA_CLS",
						"PARA_DICT",
						"REMARK"
					],
					"connection":[
						{
							"jdbcUrl":"jdbc:sqlserver://192.168.203.129:1433;DatabaseName=YGT;",
							"table":[
								"OPP_BUSI_PARA"
							]
						}
					],
					"password":"***********",
					"preSql":[
						"TRUNCATE TABLE OPP_BUSI_PARA"
					],
					"username":"sa"
				}
			}
		}
	],
	"setting":{
		"errorLimit":{
			"record":0
		},
		"speed":{
			"channel":20
		}
	}
}

2023-06-21 10:57:50.551 [main] WARN  Engine - prioriy set to 0, because NumberFormatException, the value is: null
2023-06-21 10:57:50.552 [main] INFO  PerfTrace - PerfTrace traceId=job_-1, isEnable=false, priority=0
2023-06-21 10:57:50.553 [main] INFO  JobContainer - DataX jobContainer starts job.
2023-06-21 10:57:50.554 [main] INFO  JobContainer - Set jobId = 0
2023-06-21 10:57:56.251 [job-0] INFO  OriginalConfPretreatmentUtil - Available jdbcUrl:jdbc:sqlserver://192.168.203.130:1433;DatabaseName=YGT;.
2023-06-21 10:57:56.281 [job-0] INFO  OriginalConfPretreatmentUtil - table:[OPP_BUSI_PARA] has columns:[BUSI_CODE,PARA_CODE,PARA_NAME,PARA_TYPE,PARA_CLS,PARA_DICT,REMARK].
2023-06-21 10:57:56.366 [job-0] INFO  OriginalConfPretreatmentUtil - table:[OPP_BUSI_PARA] all columns:[
BUSI_CODE,PARA_CODE,PARA_NAME,PARA_TYPE,PARA_CLS,PARA_DICT,REMARK
].
2023-06-21 10:57:56.382 [job-0] INFO  OriginalConfPretreatmentUtil - Write data [
INSERT INTO %s (BUSI_CODE,PARA_CODE,PARA_NAME,PARA_TYPE,PARA_CLS,PARA_DICT,REMARK) VALUES(?,?,?,?,?,?,?)
], which jdbcUrl like:[jdbc:sqlserver://192.168.203.129:1433;DatabaseName=YGT;]
2023-06-21 10:57:56.382 [job-0] INFO  JobContainer - jobContainer starts to do prepare ...
2023-06-21 10:57:56.383 [job-0] INFO  JobContainer - DataX Reader.Job [sqlserverreader] do prepare work .
2023-06-21 10:57:56.383 [job-0] INFO  JobContainer - DataX Writer.Job [sqlserverwriter] do prepare work .
2023-06-21 10:57:56.422 [job-0] INFO  CommonRdbmsWriter$Job - Begin to execute preSqls:[TRUNCATE TABLE OPP_BUSI_PARA]. context info:jdbc:sqlserver://192.168.203.129:1433;DatabaseName=YGT;.
2023-06-21 10:57:56.425 [job-0] INFO  JobContainer - jobContainer starts to do split ...
2023-06-21 10:57:56.425 [job-0] INFO  JobContainer - Job set Channel-Number to 20 channels.
2023-06-21 10:57:56.428 [job-0] INFO  JobContainer - DataX Reader.Job [sqlserverreader] splits to [1] tasks.
2023-06-21 10:57:56.428 [job-0] INFO  JobContainer - DataX Writer.Job [sqlserverwriter] splits to [1] tasks.
2023-06-21 10:57:56.443 [job-0] INFO  JobContainer - jobContainer starts to do schedule ...
2023-06-21 10:57:56.446 [job-0] INFO  JobContainer - Scheduler starts [1] taskGroups.
2023-06-21 10:57:56.449 [job-0] INFO  JobContainer - Running by standalone Mode.
2023-06-21 10:57:56.454 [taskGroup-0] INFO  TaskGroupContainer - taskGroupId=[0] start [1] channels for [1] tasks.
2023-06-21 10:57:56.457 [taskGroup-0] INFO  Channel - Channel set byte_speed_limit to -1, No bps activated.
2023-06-21 10:57:56.457 [taskGroup-0] INFO  Channel - Channel set record_speed_limit to -1, No tps activated.
2023-06-21 10:57:56.465 [taskGroup-0] INFO  TaskGroupContainer - taskGroup[0] taskId[0] attemptCount[1] is started
2023-06-21 10:57:56.469 [0-0-0-reader] INFO  CommonRdbmsReader$Task - Begin to read record by Sql: [select BUSI_CODE,PARA_CODE,PARA_NAME,PARA_TYPE,PARA_CLS,PARA_DICT,REMARK from OPP_BUSI_PARA 
] jdbcUrl:[jdbc:sqlserver://192.168.203.130:1433;DatabaseName=YGT;].
2023-06-21 10:57:56.731 [0-0-0-writer] WARN  CommonRdbmsWriter$Task - 回滚此次写入, 采用每次写入一行方式提交. 因为:违反了 PRIMARY KEY 约束“PK_OPP_BUSI_PARA”。不能在对象“dbo.OPP_BUSI_PARA”中插入重复键。重复键值为 (P0004, SIGN_TYPE)。
2023-06-21 10:57:56.735 [0-0-0-writer] ERROR StdoutPluginCollector - 
com.microsoft.sqlserver.jdbc.SQLServerException: 违反了 PRIMARY KEY 约束“PK_OPP_BUSI_PARA”。不能在对象“dbo.OPP_BUSI_PARA”中插入重复键。重复键值为 (P0004, SIGN_TYPE)。
	at com.microsoft.sqlserver.jdbc.SQLServerException.makeFromDatabaseError(SQLServerException.java:216) ~[sqljdbc4-4.0.jar:na]
	at com.microsoft.sqlserver.jdbc.SQLServerStatement.getNextResult(SQLServerStatement.java:1515) ~[sqljdbc4-4.0.jar:na]
	at com.microsoft.sqlserver.jdbc.SQLServerPreparedStatement.doExecutePreparedStatement(SQLServerPreparedStatement.java:404) ~[sqljdbc4-4.0.jar:na]
	at com.microsoft.sqlserver.jdbc.SQLServerPreparedStatement$PrepStmtExecCmd.doExecute(SQLServerPreparedStatement.java:350) ~[sqljdbc4-4.0.jar:na]
	at com.microsoft.sqlserver.jdbc.TDSCommand.execute(IOBuffer.java:5696) ~[sqljdbc4-4.0.jar:na]
	at com.microsoft.sqlserver.jdbc.SQLServerConnection.executeCommand(SQLServerConnection.java:1715) ~[sqljdbc4-4.0.jar:na]
	at com.microsoft.sqlserver.jdbc.SQLServerStatement.executeCommand(SQLServerStatement.java:180) ~[sqljdbc4-4.0.jar:na]
	at com.microsoft.sqlserver.jdbc.SQLServerStatement.executeStatement(SQLServerStatement.java:155) ~[sqljdbc4-4.0.jar:na]
	at com.microsoft.sqlserver.jdbc.SQLServerPreparedStatement.execute(SQLServerPreparedStatement.java:332) ~[sqljdbc4-4.0.jar:na]
	at com.alibaba.datax.plugin.rdbms.writer.CommonRdbmsWriter$Task.doOneInsert(CommonRdbmsWriter.java:382) [plugin-rdbms-util-0.0.1-SNAPSHOT.jar:na]
	at com.alibaba.datax.plugin.rdbms.writer.CommonRdbmsWriter$Task.doBatchInsert(CommonRdbmsWriter.java:362) [plugin-rdbms-util-0.0.1-SNAPSHOT.jar:na]
	at com.alibaba.datax.plugin.rdbms.writer.CommonRdbmsWriter$Task.startWriteWithConnection(CommonRdbmsWriter.java:291) [plugin-rdbms-util-0.0.1-SNAPSHOT.jar:na]
	at com.alibaba.datax.plugin.rdbms.writer.CommonRdbmsWriter$Task.startWrite(CommonRdbmsWriter.java:319) [plugin-rdbms-util-0.0.1-SNAPSHOT.jar:na]
	at com.alibaba.datax.plugin.writer.sqlserverwriter.SqlServerWriter$Task.startWrite(SqlServerWriter.java:81) [sqlserverwriter-0.0.1-SNAPSHOT.jar:na]
	at com.alibaba.datax.core.taskgroup.runner.WriterRunner.run(WriterRunner.java:56) [datax-core-0.0.1-SNAPSHOT.jar:na]
	at java.lang.Thread.run(Thread.java:748) [na:1.8.0_192]
2023-06-21 10:57:56.738 [0-0-0-writer] ERROR StdoutPluginCollector - 脏数据: 
{"exception":"违反了 PRIMARY KEY 约束“PK_OPP_BUSI_PARA”。不能在对象“dbo.OPP_BUSI_PARA”中插入重复键。重复键值为 (P0004, SIGN_TYPE)。","record":[{"byteSize":5,"index":0,"rawData":"P0004","type":"STRING"},{"byteSize":9,"index":1,"rawData":"SIGN_TYPE","type":"STRING"},{"byteSize":6,"index":2,"rawData":"中登申报类型","type":"STRING"},{"byteSize":1,"index":3,"rawData":"1","type":"STRING"},{"byteSize":1,"index":4,"rawData":"1","type":"STRING"},{"byteSize":0,"index":5,"rawData":"","type":"STRING"},{"byteSize":0,"index":6,"rawData":"","type":"STRING"}],"type":"writer"}
2023-06-21 10:57:56.739 [0-0-0-writer] ERROR StdoutPluginCollector - 脏数据: 
{"exception":"违反了 PRIMARY KEY 约束“PK_OPP_BUSI_PARA”。不能在对象“dbo.OPP_BUSI_PARA”中插入重复键。重复键值为 (P0004, SIGN_TYPE_TEXT)。","record":[{"byteSize":5,"index":0,"rawData":"P0004","type":"STRING"},{"byteSize":14,"index":1,"rawData":"SIGN_TYPE_TEXT","type":"STRING"},{"byteSize":8,"index":2,"rawData":"中登申报类型文本","type":"STRING"},{"byteSize":1,"index":3,"rawData":"1","type":"STRING"},{"byteSize":1,"index":4,"rawData":"1","type":"STRING"},{"byteSize":0,"index":5,"rawData":"","type":"STRING"},{"byteSize":0,"index":6,"rawData":"","type":"STRING"}],"type":"writer"}
2023-06-21 10:57:56.740 [0-0-0-writer] ERROR StdoutPluginCollector - 脏数据: 
{"exception":"违反了 PRIMARY KEY 约束“PK_OPP_BUSI_PARA”。不能在对象“dbo.OPP_BUSI_PARA”中插入重复键。重复键值为 (P0004, TRDACCT)。","record":[{"byteSize":5,"index":0,"rawData":"P0004","type":"STRING"},{"byteSize":7,"index":1,"rawData":"TRDACCT","type":"STRING"},{"byteSize":4,"index":2,"rawData":"证券账户","type":"STRING"},{"byteSize":1,"index":3,"rawData":"1","type":"STRING"},{"byteSize":1,"index":4,"rawData":"1","type":"STRING"},{"byteSize":0,"index":5,"rawData":"","type":"STRING"},{"byteSize":0,"index":6,"rawData":"","type":"STRING"}],"type":"writer"}
2023-06-21 10:57:56.740 [0-0-0-writer] ERROR StdoutPluginCollector - 脏数据: 
{"exception":"违反了 PRIMARY KEY 约束“PK_OPP_BUSI_PARA”。不能在对象“dbo.OPP_BUSI_PARA”中插入重复键。重复键值为 (P0004, TRD_YEARS)。","record":[{"byteSize":5,"index":0,"rawData":"P0004","type":"STRING"},{"byteSize":9,"index":1,"rawData":"TRD_YEARS","type":"STRING"},{"byteSize":4,"index":2,"rawData":"交易经验","type":"STRING"},{"byteSize":1,"index":3,"rawData":"1","type":"STRING"},{"byteSize":1,"index":4,"rawData":"1","type":"STRING"},{"byteSize":0,"index":5,"rawData":"","type":"STRING"},{"byteSize":0,"index":6,"rawData":"","type":"STRING"}],"type":"writer"}
2023-06-21 10:57:56.741 [0-0-0-writer] ERROR StdoutPluginCollector - 脏数据: 
{"exception":"违反了 PRIMARY KEY 约束“PK_OPP_BUSI_PARA”。不能在对象“dbo.OPP_BUSI_PARA”中插入重复键。重复键值为 (P0011, CUST_AGMT_TYPE)。","record":[{"byteSize":5,"index":0,"rawData":"P0011","type":"STRING"},{"byteSize":14,"index":1,"rawData":"CUST_AGMT_TYPE","type":"STRING"},{"byteSize":6,"index":2,"rawData":"客户协议类型","type":"STRING"},{"byteSize":1,"index":3,"rawData":"1","type":"STRING"},{"byteSize":1,"index":4,"rawData":"1","type":"STRING"},{"byteSize":14,"index":5,"rawData":"CUST_AGMT_TYPE","type":"STRING"},{"byteSize":0,"index":6,"rawData":"","type":"STRING"}],"type":"writer"}
2023-06-21 10:57:56.741 [0-0-0-writer] ERROR StdoutPluginCollector - 脏数据: 
{"exception":"违反了 PRIMARY KEY 约束“PK_OPP_BUSI_PARA”。不能在对象“dbo.OPP_BUSI_PARA”中插入重复键。重复键值为 (P0029, NEW_PROF_INVESTOR_SOURCE)。","record":[{"byteSize":5,"index":0,"rawData":"P0029","type":"STRING"},{"byteSize":24,"index":1,"rawData":"NEW_PROF_INVESTOR_SOURCE","type":"STRING"},{"byteSize":6,"index":2,"rawData":"新投资者来源","type":"STRING"},{"byteSize":1,"index":3,"rawData":"1","type":"STRING"},{"byteSize":1,"index":4,"rawData":"1","type":"STRING"},{"byteSize":20,"index":5,"rawData":"PROF_INVESTOR_SOURCE","type":"STRING"},{"byteSize":0,"index":6,"rawData":"","type":"STRING"}],"type":"writer"}
2023-06-21 10:57:56.742 [0-0-0-writer] ERROR StdoutPluginCollector - 脏数据: 
{"exception":"违反了 PRIMARY KEY 约束“PK_OPP_BUSI_PARA”。不能在对象“dbo.OPP_BUSI_PARA”中插入重复键。重复键值为 (P0029, OLD_PROF_INVESTOR_SOURCE)。","record":[{"byteSize":5,"index":0,"rawData":"P0029","type":"STRING"},{"byteSize":24,"index":1,"rawData":"OLD_PROF_INVESTOR_SOURCE","type":"STRING"},{"byteSize":6,"index":2,"rawData":"原投资者来源","type":"STRING"},{"byteSize":1,"index":3,"rawData":"1","type":"STRING"},{"byteSize":1,"index":4,"rawData":"1","type":"STRING"},{"byteSize":20,"index":5,"rawData":"PROF_INVESTOR_SOURCE","type":"STRING"},{"byteSize":0,"index":6,"rawData":"","type":"STRING"}],"type":"writer"}
2023-06-21 10:57:56.742 [0-0-0-writer] ERROR StdoutPluginCollector - 脏数据: 
{"exception":"违反了 PRIMARY KEY 约束“PK_OPP_BUSI_PARA”。不能在对象“dbo.OPP_BUSI_PARA”中插入重复键。重复键值为 (S0011, SHA_OPEN_DATE_FLAG)。","record":[{"byteSize":5,"index":0,"rawData":"S0011","type":"STRING"},{"byteSize":18,"index":1,"rawData":"SHA_OPEN_DATE_FLAG","type":"STRING"},{"byteSize":14,"index":2,"rawData":"沪A开户日期是否满足业务要求","type":"STRING"},{"byteSize":1,"index":3,"rawData":"1","type":"STRING"},{"byteSize":1,"index":4,"rawData":"1","type":"STRING"},{"byteSize":6,"index":5,"rawData":"YES_NO","type":"STRING"},{"byteSize":7,"index":6,"rawData":"1：是，0：否","type":"STRING"}],"type":"writer"}
2023-06-21 10:57:56.743 [0-0-0-writer] ERROR StdoutPluginCollector - 脏数据: 
{"exception":"违反了 PRIMARY KEY 约束“PK_OPP_BUSI_PARA”。不能在对象“dbo.OPP_BUSI_PARA”中插入重复键。重复键值为 (S0011, SH_FLAG)。","record":[{"byteSize":5,"index":0,"rawData":"S0011","type":"STRING"},{"byteSize":7,"index":1,"rawData":"SH_FLAG","type":"STRING"},{"byteSize":6,"index":2,"rawData":"是否勾选沪A","type":"STRING"},{"byteSize":1,"index":3,"rawData":"1","type":"STRING"},{"byteSize":1,"index":4,"rawData":"1","type":"STRING"},{"byteSize":6,"index":5,"rawData":"YES_NO","type":"STRING"},{"byteSize":7,"index":6,"rawData":"1：是，0：否","type":"STRING"}],"type":"writer"}
2023-06-21 10:57:57.664 [0-0-0-reader] INFO  CommonRdbmsReader$Task - Finished read record by Sql: [select BUSI_CODE,PARA_CODE,PARA_NAME,PARA_TYPE,PARA_CLS,PARA_DICT,REMARK from OPP_BUSI_PARA 
] jdbcUrl:[jdbc:sqlserver://192.168.203.130:1433;DatabaseName=YGT;].
2023-06-21 10:57:57.930 [0-0-0-writer] WARN  CommonRdbmsWriter$Task - 回滚此次写入, 采用每次写入一行方式提交. 因为:违反了 PRIMARY KEY 约束“PK_OPP_BUSI_PARA”。不能在对象“dbo.OPP_BUSI_PARA”中插入重复键。重复键值为 (YGT_W0110675, ETFMODE)。
2023-06-21 10:57:58.310 [taskGroup-0] INFO  TaskGroupContainer - taskGroup[0] taskId[0] is successed, used[1845]ms
2023-06-21 10:57:58.310 [taskGroup-0] INFO  TaskGroupContainer - taskGroup[0] completed it's tasks.
2023-06-21 10:58:06.472 [job-0] INFO  StandAloneJobContainerCommunicator - Total 4903 records, 141680 bytes | Speed 13.84KB/s, 490 records/s | Error 2855 records, 83764 bytes |  All Task WaitWriterTime 1.136s |  All Task WaitReaderTime 0.031s | Percentage 100.00%
2023-06-21 10:58:06.472 [job-0] ERROR JobContainer - 运行scheduler 模式[standalone]出错.
2023-06-21 10:58:06.473 [job-0] ERROR JobContainer - Exception when job run
com.alibaba.datax.common.exception.DataXException: Code:[Framework-14], Description:[DataX传输脏数据超过用户预期，该错误通常是由于源端数据存在较多业务脏数据导致，请仔细检查DataX汇报的脏数据日志信息, 或者您可以适当调大脏数据阈值 .].  - 脏数据条数检查不通过，限制是[0]条，但实际上捕获了[2855]条.
	at com.alibaba.datax.common.exception.DataXException.asDataXException(DataXException.java:30) ~[datax-common-0.0.1-SNAPSHOT.jar:na]
	at com.alibaba.datax.core.util.ErrorRecordChecker.checkRecordLimit(ErrorRecordChecker.java:58) ~[datax-core-0.0.1-SNAPSHOT.jar:na]
	at com.alibaba.datax.core.job.scheduler.AbstractScheduler.schedule(AbstractScheduler.java:89) ~[datax-core-0.0.1-SNAPSHOT.jar:na]
	at com.alibaba.datax.core.job.JobContainer.schedule(JobContainer.java:535) ~[datax-core-0.0.1-SNAPSHOT.jar:na]
	at com.alibaba.datax.core.job.JobContainer.start(JobContainer.java:119) ~[datax-core-0.0.1-SNAPSHOT.jar:na]
	at com.alibaba.datax.core.Engine.start(Engine.java:93) [datax-core-0.0.1-SNAPSHOT.jar:na]
	at com.alibaba.datax.core.Engine.entry(Engine.java:175) [datax-core-0.0.1-SNAPSHOT.jar:na]
	at com.alibaba.datax.core.Engine.main(Engine.java:208) [datax-core-0.0.1-SNAPSHOT.jar:na]
2023-06-21 10:58:06.473 [job-0] INFO  StandAloneJobContainerCommunicator - Total 4903 records, 141680 bytes | Speed 138.36KB/s, 4903 records/s | Error 2855 records, 83764 bytes |  All Task WaitWriterTime 1.136s |  All Task WaitReaderTime 0.031s | Percentage 100.00%
2023-06-21 10:58:06.474 [job-0] ERROR Engine - 

经DataX智能分析,该任务最可能的错误原因是:
com.alibaba.datax.common.exception.DataXException: Code:[Framework-14], Description:[DataX传输脏数据超过用户预期，该错误通常是由于源端数据存在较多业务脏数据导致，请仔细检查DataX汇报的脏数据日志信息, 或者您可以适当调大脏数据阈值 .].  - 脏数据条数检查不通过，限制是[0]条，但实际上捕获了[2855]条.
	at com.alibaba.datax.common.exception.DataXException.asDataXException(DataXException.java:30)
	at com.alibaba.datax.core.util.ErrorRecordChecker.checkRecordLimit(ErrorRecordChecker.java:58)
	at com.alibaba.datax.core.job.scheduler.AbstractScheduler.schedule(AbstractScheduler.java:89)
	at com.alibaba.datax.core.job.JobContainer.schedule(JobContainer.java:535)
	at com.alibaba.datax.core.job.JobContainer.start(JobContainer.java:119)
	at com.alibaba.datax.core.Engine.start(Engine.java:93)
	at com.alibaba.datax.core.Engine.entry(Engine.java:175)
	at com.alibaba.datax.core.Engine.main(Engine.java:208)

