2023-06-21 10:57:50.377 [main] INFO  MessageSource - JVM TimeZone: GMT+08:00, Locale: zh_CN
2023-06-21 10:57:50.379 [main] INFO  MessageSource - use Locale: zh_CN timeZone: sun.util.calendar.ZoneInfo[id="GMT+08:00",offset=28800000,dstSavings=0,useDaylight=false,transitions=0,lastRule=null]
2023-06-21 10:57:50.386 [main] INFO  VMInfo - VMInfo# operatingSystem class => sun.management.OperatingSystemImpl
2023-06-21 10:57:50.389 [main] INFO  Engine - the machine info  => 

	osInfo:	Oracle Corporation 1.8 25.192-b12
	jvmInfo:	Windows 10 amd64 10.0
	cpu num:	16

	totalPhysicalMemory:	-0.00G
	freePhysicalMemory:	-0.00G
	maxFileDescriptorCount:	-1
	currentOpenFileDescriptorCount:	-1

	GC Names	[PS MarkSweep, PS Scavenge]

	MEMORY_NAME                    | allocation_size                | init_size                      
	PS Eden Space                  | 256.00MB                       | 256.00MB                       
	Code Cache                     | 240.00MB                       | 2.44MB                         
	Compressed Class Space         | 1,024.00MB                     | 0.00MB                         
	PS Survivor Space              | 42.50MB                        | 42.50MB                        
	PS Old Gen                     | 683.00MB                       | 683.00MB                       
	Metaspace                      | -0.00MB                        | 0.00MB                         


2023-06-21 10:57:50.401 [main] INFO  Engine - 
{
	"content":[
		{
			"reader":{
				"name":"sqlserverreader",
				"parameter":{
					"column":[
						"BUSI_CODE",
						"PARA_CODE",
						"PARA_NAME",
						"PARA_TYPE",
						"PARA_CLS",
						"PARA_DICT",
						"REMARK"
					],
					"connection":[
						{
							"jdbcUrl":[
								"jdbc:sqlserver://192.168.203.130:1433;DatabaseName=YGT;"
							],
							"table":[
								"OPP_BUSI_PARA"
							]
						}
					],
					"password":"***********",
					"splitPk":"",
					"username":"sa"
				}
			},
			"writer":{
				"name":"sqlserverwriter",
				"parameter":{
					"column":[
						"BUSI_CODE",
						"PARA_CODE",
						"PARA_NAME",
						"PARA_TYPE",
						"PARA_CLS",
						"PARA_DICT",
						"REMARK"
					],
					"connection":[
						{
							"jdbcUrl":"jdbc:sqlserver://192.168.203.129:1433;DatabaseName=YGT;",
							"table":[
								"OPP_BUSI_PARA"
							]
						}
					],
					"password":"***********",
					"preSql":[
						"TRUNCATE TABLE OPP_BUSI_PARA"
					],
					"username":"sa"
				}
			}
		}
	],
	"setting":{
		"errorLimit":{
			"record":0
		},
		"speed":{
			"channel":20
		}
	}
}

2023-06-21 10:57:50.412 [main] WARN  Engine - prioriy set to 0, because NumberFormatException, the value is: null
2023-06-21 10:57:50.413 [main] INFO  PerfTrace - PerfTrace traceId=job_-1, isEnable=false, priority=0
2023-06-21 10:57:50.413 [main] INFO  JobContainer - DataX jobContainer starts job.
2023-06-21 10:57:50.414 [main] INFO  JobContainer - Set jobId = 0
2023-06-21 10:57:56.130 [job-0] INFO  OriginalConfPretreatmentUtil - Available jdbcUrl:jdbc:sqlserver://192.168.203.130:1433;DatabaseName=YGT;.
2023-06-21 10:57:56.165 [job-0] INFO  OriginalConfPretreatmentUtil - table:[OPP_BUSI_PARA] has columns:[BUSI_CODE,PARA_CODE,PARA_NAME,PARA_TYPE,PARA_CLS,PARA_DICT,REMARK].
2023-06-21 10:57:56.241 [job-0] INFO  OriginalConfPretreatmentUtil - table:[OPP_BUSI_PARA] all columns:[
BUSI_CODE,PARA_CODE,PARA_NAME,PARA_TYPE,PARA_CLS,PARA_DICT,REMARK
].
2023-06-21 10:57:56.251 [job-0] INFO  OriginalConfPretreatmentUtil - Write data [
INSERT INTO %s (BUSI_CODE,PARA_CODE,PARA_NAME,PARA_TYPE,PARA_CLS,PARA_DICT,REMARK) VALUES(?,?,?,?,?,?,?)
], which jdbcUrl like:[jdbc:sqlserver://192.168.203.129:1433;DatabaseName=YGT;]
2023-06-21 10:57:56.251 [job-0] INFO  JobContainer - jobContainer starts to do prepare ...
2023-06-21 10:57:56.252 [job-0] INFO  JobContainer - DataX Reader.Job [sqlserverreader] do prepare work .
2023-06-21 10:57:56.252 [job-0] INFO  JobContainer - DataX Writer.Job [sqlserverwriter] do prepare work .
2023-06-21 10:57:56.261 [job-0] INFO  CommonRdbmsWriter$Job - Begin to execute preSqls:[TRUNCATE TABLE OPP_BUSI_PARA]. context info:jdbc:sqlserver://192.168.203.129:1433;DatabaseName=YGT;.
2023-06-21 10:57:56.263 [job-0] INFO  JobContainer - jobContainer starts to do split ...
2023-06-21 10:57:56.263 [job-0] INFO  JobContainer - Job set Channel-Number to 20 channels.
2023-06-21 10:57:56.265 [job-0] INFO  JobContainer - DataX Reader.Job [sqlserverreader] splits to [1] tasks.
2023-06-21 10:57:56.265 [job-0] INFO  JobContainer - DataX Writer.Job [sqlserverwriter] splits to [1] tasks.
2023-06-21 10:57:56.276 [job-0] INFO  JobContainer - jobContainer starts to do schedule ...
2023-06-21 10:57:56.278 [job-0] INFO  JobContainer - Scheduler starts [1] taskGroups.
2023-06-21 10:57:56.279 [job-0] INFO  JobContainer - Running by standalone Mode.
2023-06-21 10:57:56.283 [taskGroup-0] INFO  TaskGroupContainer - taskGroupId=[0] start [1] channels for [1] tasks.
2023-06-21 10:57:56.285 [taskGroup-0] INFO  Channel - Channel set byte_speed_limit to -1, No bps activated.
2023-06-21 10:57:56.286 [taskGroup-0] INFO  Channel - Channel set record_speed_limit to -1, No tps activated.
2023-06-21 10:57:56.292 [taskGroup-0] INFO  TaskGroupContainer - taskGroup[0] taskId[0] attemptCount[1] is started
2023-06-21 10:57:56.295 [0-0-0-reader] INFO  CommonRdbmsReader$Task - Begin to read record by Sql: [select BUSI_CODE,PARA_CODE,PARA_NAME,PARA_TYPE,PARA_CLS,PARA_DICT,REMARK from OPP_BUSI_PARA 
] jdbcUrl:[jdbc:sqlserver://192.168.203.130:1433;DatabaseName=YGT;].
2023-06-21 10:57:56.461 [0-0-0-reader] INFO  CommonRdbmsReader$Task - Finished read record by Sql: [select BUSI_CODE,PARA_CODE,PARA_NAME,PARA_TYPE,PARA_CLS,PARA_DICT,REMARK from OPP_BUSI_PARA 
] jdbcUrl:[jdbc:sqlserver://192.168.203.130:1433;DatabaseName=YGT;].
2023-06-21 10:57:56.837 [taskGroup-0] INFO  TaskGroupContainer - taskGroup[0] taskId[0] is successed, used[545]ms
2023-06-21 10:57:56.837 [taskGroup-0] INFO  TaskGroupContainer - taskGroup[0] completed it's tasks.
2023-06-21 10:58:06.300 [job-0] INFO  StandAloneJobContainerCommunicator - Total 4903 records, 141680 bytes | Speed 13.84KB/s, 490 records/s | Error 0 records, 0 bytes |  All Task WaitWriterTime 0.113s |  All Task WaitReaderTime 0.028s | Percentage 100.00%
2023-06-21 10:58:06.300 [job-0] INFO  AbstractScheduler - Scheduler accomplished all tasks.
2023-06-21 10:58:06.301 [job-0] INFO  JobContainer - DataX Writer.Job [sqlserverwriter] do post work.
2023-06-21 10:58:06.301 [job-0] INFO  JobContainer - DataX Reader.Job [sqlserverreader] do post work.
2023-06-21 10:58:06.301 [job-0] INFO  JobContainer - DataX jobId [0] completed successfully.
2023-06-21 10:58:06.301 [job-0] INFO  HookInvoker - No hook invoked, because base dir not exists or is a file: C:\Users\xT\PycharmProjects\Migration\datax\hook
2023-06-21 10:58:06.302 [job-0] INFO  JobContainer - 
	 [total cpu info] => 
		averageCpu                     | maxDeltaCpu                    | minDeltaCpu                    
		-1.00%                         | -1.00%                         | -1.00%
                        

	 [total gc info] => 
		 NAME                 | totalGCCount       | maxDeltaGCCount    | minDeltaGCCount    | totalGCTime        | maxDeltaGCTime     | minDeltaGCTime     
		 PS MarkSweep         | 0                  | 0                  | 0                  | 0.000s             | 0.000s             | 0.000s             
		 PS Scavenge          | 0                  | 0                  | 0                  | 0.000s             | 0.000s             | 0.000s             

2023-06-21 10:58:06.302 [job-0] INFO  JobContainer - PerfTrace not enable!
2023-06-21 10:58:06.302 [job-0] INFO  StandAloneJobContainerCommunicator - Total 4903 records, 141680 bytes | Speed 13.84KB/s, 490 records/s | Error 0 records, 0 bytes |  All Task WaitWriterTime 0.113s |  All Task WaitReaderTime 0.028s | Percentage 100.00%
2023-06-21 10:58:06.303 [job-0] INFO  JobContainer - 
任务启动时刻                    : 2023-06-21 10:57:50
任务结束时刻                    : 2023-06-21 10:58:06
任务总计耗时                    :                 15s
任务平均流量                    :           13.84KB/s
记录写入速度                    :            490rec/s
读出记录总数                    :                4903
读写失败总数                    :                   0

