
DataX (DATAX-OPENSOURCE-3.0), From Alibaba !
Copyright (C) 2010-2017, Alibaba Group. All Rights Reserved.


2023-06-28 15:18:19.196 [main] INFO  MessageSource - JVM TimeZone: GMT+08:00, Locale: zh_CN
2023-06-28 15:18:19.198 [main] INFO  MessageSource - use Locale: zh_CN timeZone: sun.util.calendar.ZoneInfo[id="GMT+08:00",offset=28800000,dstSavings=0,useDaylight=false,transitions=0,lastRule=null]
2023-06-28 15:18:19.210 [main] INFO  VMInfo - VMInfo# operatingSystem class => sun.management.OperatingSystemImpl
2023-06-28 15:18:19.215 [main] INFO  Engine - the machine info  => 

	osInfo:	Oracle Corporation 1.8 25.192-b12
	jvmInfo:	Windows 10 amd64 10.0
	cpu num:	16

	totalPhysicalMemory:	-0.00G
	freePhysicalMemory:	-0.00G
	maxFileDescriptorCount:	-1
	currentOpenFileDescriptorCount:	-1

	GC Names	[PS MarkSweep, PS Scavenge]

	MEMORY_NAME                    | allocation_size                | init_size                      
	PS Eden Space                  | 256.00MB                       | 256.00MB                       
	Code Cache                     | 240.00MB                       | 2.44MB                         
	Compressed Class Space         | 1,024.00MB                     | 0.00MB                         
	PS Survivor Space              | 42.50MB                        | 42.50MB                        
	PS Old Gen                     | 683.00MB                       | 683.00MB                       
	Metaspace                      | -0.00MB                        | 0.00MB                         


2023-06-28 15:18:19.239 [main] INFO  Engine - 
{
	"content":[
		{
			"reader":{
				"name":"sqlserverreader",
				"parameter":{
					"column":[
						"SNAPSHOT_ID",
						"CELL_ID",
						"CELL_TAG",
						"CELL_TYPE",
						"PAR_ID",
						"SOURCE_ID",
						"TARGET_ID"
					],
					"connection":[
						{
							"jdbcUrl":[
								"jdbc:sqlserver://192.168.203.130:1433;DatabaseName=YGT;"
							],
							"table":[
								"GRAPH_CELL_SNAPSHOT"
							]
						}
					],
					"password":"***********",
					"splitPk":"",
					"username":"sa"
				}
			},
			"writer":{
				"name":"sqlserverwriter",
				"parameter":{
					"column":[
						"SNAPSHOT_ID",
						"CELL_ID",
						"CELL_TAG",
						"CELL_TYPE",
						"PAR_ID",
						"SOURCE_ID",
						"TARGET_ID"
					],
					"connection":[
						{
							"jdbcUrl":"jdbc:sqlserver://192.168.203.129:1433;DatabaseName=YGT;",
							"table":[
								"GRAPH_CELL_SNAPSHOT"
							]
						}
					],
					"password":"***********",
					"preSql":[
						"TRUNCATE TABLE GRAPH_CELL_SNAPSHOT"
					],
					"username":"sa"
				}
			}
		}
	],
	"setting":{
		"errorLimit":{
			"record":0
		},
		"speed":{
			"channel":20
		}
	}
}

2023-06-28 15:18:19.255 [main] WARN  Engine - prioriy set to 0, because NumberFormatException, the value is: null
2023-06-28 15:18:19.257 [main] INFO  PerfTrace - PerfTrace traceId=job_-1, isEnable=false, priority=0
2023-06-28 15:18:19.257 [main] INFO  JobContainer - DataX jobContainer starts job.
2023-06-28 15:18:19.259 [main] INFO  JobContainer - Set jobId = 0
Traceback (most recent call last):
  File "C:\Users\xT\PycharmProjects\Migration\datax\bin\datax.py", line 239, in <module>
    (stdout, stderr) = child_process.communicate()
                       ^^^^^^^^^^^^^^^^^^^^^^^^^^^
  File "C:\Users\xT\AppData\Local\Programs\Python\Python311\Lib\subprocess.py", line 1199, in communicate
    self.wait()
  File "C:\Users\xT\AppData\Local\Programs\Python\Python311\Lib\subprocess.py", line 1262, in wait
    return self._wait(timeout=timeout)
           ^^^^^^^^^^^^^^^^^^^^^^^^^^^
  File "C:\Users\xT\AppData\Local\Programs\Python\Python311\Lib\subprocess.py", line 1543, in _wait
    result = _winapi.WaitForSingleObject(self._handle,
             ^^^^^^^^^^^^^^^^^^^^^^^^^^^^^^^^^^^^^^^^^
KeyboardInterrupt
^C