
DataX (DATAX-OPENSOURCE-3.0), From Alibaba !
Copyright (C) 2010-2017, Alibaba Group. All Rights Reserved.


2023-06-28 14:57:11.026 [main] INFO  MessageSource - JVM TimeZone: GMT+08:00, Locale: zh_CN
2023-06-28 14:57:11.029 [main] INFO  MessageSource - use Locale: zh_CN timeZone: sun.util.calendar.ZoneInfo[id="GMT+08:00",offset=28800000,dstSavings=0,useDaylight=false,transitions=0,lastRule=null]
2023-06-28 14:57:11.039 [main] INFO  VMInfo - VMInfo# operatingSystem class => sun.management.OperatingSystemImpl
2023-06-28 14:57:11.045 [main] INFO  Engine - the machine info  => 

	osInfo:	Oracle Corporation 1.8 25.192-b12
	jvmInfo:	Windows 10 amd64 10.0
	cpu num:	16

	totalPhysicalMemory:	-0.00G
	freePhysicalMemory:	-0.00G
	maxFileDescriptorCount:	-1
	currentOpenFileDescriptorCount:	-1

	GC Names	[PS MarkSweep, PS Scavenge]

	MEMORY_NAME                    | allocation_size                | init_size                      
	PS Eden Space                  | 256.00MB                       | 256.00MB                       
	Code Cache                     | 240.00MB                       | 2.44MB                         
	Compressed Class Space         | 1,024.00MB                     | 0.00MB                         
	PS Survivor Space              | 42.50MB                        | 42.50MB                        
	PS Old Gen                     | 683.00MB                       | 683.00MB                       
	Metaspace                      | -0.00MB                        | 0.00MB                         


2023-06-28 14:57:11.063 [main] INFO  Engine - 
{
	"content":[
		{
			"reader":{
				"name":"sqlserverreader",
				"parameter":{
					"column":[
						"ID_TYPE",
						"ID_CODE",
						"USER_TYPE",
						"CUST_CODE",
						"OP_CODE",
						"CUST_INFO",
						"OPER_TIME",
						"SURVEY_FIELD_INFO",
						"CUST_FNAME"
					],
					"connection":[
						{
							"jdbcUrl":[
								"jdbc:sqlserver://192.168.203.130:1433;DatabaseName=YGT;"
							],
							"table":[
								"KSCS_BUSI_CUST_INFO"
							]
						}
					],
					"password":"***********",
					"splitPk":"",
					"username":"sa"
				}
			},
			"writer":{
				"name":"sqlserverwriter",
				"parameter":{
					"column":[
						"ID_TYPE",
						"ID_CODE",
						"USER_TYPE",
						"CUST_CODE",
						"OP_CODE",
						"CUST_INFO",
						"OPER_TIME",
						"SURVEY_FIELD_INFO",
						"CUST_FNAME"
					],
					"connection":[
						{
							"jdbcUrl":"jdbc:sqlserver://192.168.203.129:1433;DatabaseName=YGT;",
							"table":[
								"KSCS_BUSI_CUST_INFO"
							]
						}
					],
					"password":"***********",
					"preSql":[
						"TRUNCATE TABLE KSCS_BUSI_CUST_INFO"
					],
					"username":"sa"
				}
			}
		}
	],
	"setting":{
		"errorLimit":{
			"record":0
		},
		"speed":{
			"channel":20
		}
	}
}

2023-06-28 14:57:11.079 [main] WARN  Engine - prioriy set to 0, because NumberFormatException, the value is: null
2023-06-28 14:57:11.081 [main] INFO  PerfTrace - PerfTrace traceId=job_-1, isEnable=false, priority=0
2023-06-28 14:57:11.081 [main] INFO  JobContainer - DataX jobContainer starts job.
2023-06-28 14:57:11.083 [main] INFO  JobContainer - Set jobId = 0
2023-06-28 14:57:16.935 [job-0] INFO  OriginalConfPretreatmentUtil - Available jdbcUrl:jdbc:sqlserver://192.168.203.130:1433;DatabaseName=YGT;.
2023-06-28 14:57:16.978 [job-0] INFO  OriginalConfPretreatmentUtil - table:[KSCS_BUSI_CUST_INFO] has columns:[ID_TYPE,ID_CODE,USER_TYPE,CUST_CODE,OP_CODE,CUST_INFO,OPER_TIME,SURVEY_FIELD_INFO,CUST_FNAME].
2023-06-28 14:57:17.187 [job-0] INFO  OriginalConfPretreatmentUtil - table:[KSCS_BUSI_CUST_INFO] all columns:[
ID_TYPE,ID_CODE,USER_TYPE,CUST_CODE,OP_CODE,CUST_INFO,OPER_TIME,SURVEY_FIELD_INFO,CUST_FNAME
].
2023-06-28 14:57:17.273 [job-0] INFO  OriginalConfPretreatmentUtil - Write data [
INSERT INTO %s (ID_TYPE,ID_CODE,USER_TYPE,CUST_CODE,OP_CODE,CUST_INFO,OPER_TIME,SURVEY_FIELD_INFO,CUST_FNAME) VALUES(?,?,?,?,?,?,?,?,?)
], which jdbcUrl like:[jdbc:sqlserver://192.168.203.129:1433;DatabaseName=YGT;]
2023-06-28 14:57:17.274 [job-0] INFO  JobContainer - jobContainer starts to do prepare ...
2023-06-28 14:57:17.274 [job-0] INFO  JobContainer - DataX Reader.Job [sqlserverreader] do prepare work .
2023-06-28 14:57:17.275 [job-0] INFO  JobContainer - DataX Writer.Job [sqlserverwriter] do prepare work .
2023-06-28 14:57:17.356 [job-0] INFO  CommonRdbmsWriter$Job - Begin to execute preSqls:[TRUNCATE TABLE KSCS_BUSI_CUST_INFO]. context info:jdbc:sqlserver://192.168.203.129:1433;DatabaseName=YGT;.
2023-06-28 14:57:17.417 [job-0] INFO  JobContainer - jobContainer starts to do split ...
2023-06-28 14:57:17.418 [job-0] INFO  JobContainer - Job set Channel-Number to 20 channels.
2023-06-28 14:57:17.420 [job-0] INFO  JobContainer - DataX Reader.Job [sqlserverreader] splits to [1] tasks.
2023-06-28 14:57:17.421 [job-0] INFO  JobContainer - DataX Writer.Job [sqlserverwriter] splits to [1] tasks.
2023-06-28 14:57:17.434 [job-0] INFO  JobContainer - jobContainer starts to do schedule ...
2023-06-28 14:57:17.436 [job-0] INFO  JobContainer - Scheduler starts [1] taskGroups.
2023-06-28 14:57:17.438 [job-0] INFO  JobContainer - Running by standalone Mode.
2023-06-28 14:57:17.441 [taskGroup-0] INFO  TaskGroupContainer - taskGroupId=[0] start [1] channels for [1] tasks.
2023-06-28 14:57:17.445 [taskGroup-0] INFO  Channel - Channel set byte_speed_limit to -1, No bps activated.
2023-06-28 14:57:17.445 [taskGroup-0] INFO  Channel - Channel set record_speed_limit to -1, No tps activated.
2023-06-28 14:57:17.454 [taskGroup-0] INFO  TaskGroupContainer - taskGroup[0] taskId[0] attemptCount[1] is started
2023-06-28 14:57:17.460 [0-0-0-reader] INFO  CommonRdbmsReader$Task - Begin to read record by Sql: [select ID_TYPE,ID_CODE,USER_TYPE,CUST_CODE,OP_CODE,CUST_INFO,OPER_TIME,SURVEY_FIELD_INFO,CUST_FNAME from KSCS_BUSI_CUST_INFO 
] jdbcUrl:[jdbc:sqlserver://192.168.203.130:1433;DatabaseName=YGT;].
2023-06-28 14:57:17.482 [0-0-0-reader] INFO  CommonRdbmsReader$Task - Finished read record by Sql: [select ID_TYPE,ID_CODE,USER_TYPE,CUST_CODE,OP_CODE,CUST_INFO,OPER_TIME,SURVEY_FIELD_INFO,CUST_FNAME from KSCS_BUSI_CUST_INFO 
] jdbcUrl:[jdbc:sqlserver://192.168.203.130:1433;DatabaseName=YGT;].
2023-06-28 14:57:17.784 [taskGroup-0] INFO  TaskGroupContainer - taskGroup[0] taskId[0] is successed, used[330]ms
2023-06-28 14:57:17.784 [taskGroup-0] INFO  TaskGroupContainer - taskGroup[0] completed it's tasks.
2023-06-28 14:57:27.456 [job-0] INFO  StandAloneJobContainerCommunicator - Total 6 records, 72975 bytes | Speed 7.13KB/s, 0 records/s | Error 0 records, 0 bytes |  All Task WaitWriterTime 0.000s |  All Task WaitReaderTime 0.000s | Percentage 100.00%
2023-06-28 14:57:27.456 [job-0] INFO  AbstractScheduler - Scheduler accomplished all tasks.
2023-06-28 14:57:27.456 [job-0] INFO  JobContainer - DataX Writer.Job [sqlserverwriter] do post work.
2023-06-28 14:57:27.456 [job-0] INFO  JobContainer - DataX Reader.Job [sqlserverreader] do post work.
2023-06-28 14:57:27.456 [job-0] INFO  JobContainer - DataX jobId [0] completed successfully.
2023-06-28 14:57:27.457 [job-0] INFO  HookInvoker - No hook invoked, because base dir not exists or is a file: C:\Users\xT\PycharmProjects\Migration\datax\hook
2023-06-28 14:57:27.458 [job-0] INFO  JobContainer - 
	 [total cpu info] => 
		averageCpu                     | maxDeltaCpu                    | minDeltaCpu                    
		-1.00%                         | -1.00%                         | -1.00%
                        

	 [total gc info] => 
		 NAME                 | totalGCCount       | maxDeltaGCCount    | minDeltaGCCount    | totalGCTime        | maxDeltaGCTime     | minDeltaGCTime     
		 PS MarkSweep         | 0                  | 0                  | 0                  | 0.000s             | 0.000s             | 0.000s             
		 PS Scavenge          | 0                  | 0                  | 0                  | 0.000s             | 0.000s             | 0.000s             

2023-06-28 14:57:27.458 [job-0] INFO  JobContainer - PerfTrace not enable!
2023-06-28 14:57:27.458 [job-0] INFO  StandAloneJobContainerCommunicator - Total 6 records, 72975 bytes | Speed 7.13KB/s, 0 records/s | Error 0 records, 0 bytes |  All Task WaitWriterTime 0.000s |  All Task WaitReaderTime 0.000s | Percentage 100.00%
2023-06-28 14:57:27.459 [job-0] INFO  JobContainer - 
任务启动时刻                    : 2023-06-28 14:57:11
任务结束时刻                    : 2023-06-28 14:57:27
任务总计耗时                    :                 16s
任务平均流量                    :            7.13KB/s
记录写入速度                    :              0rec/s
读出记录总数                    :                   6
读写失败总数                    :                   0

