2023-07-07 09:49:52.543 [main] INFO  MessageSource - JVM TimeZone: GMT+08:00, Locale: zh_CN
2023-07-07 09:49:52.545 [main] INFO  MessageSource - use Locale: zh_CN timeZone: sun.util.calendar.ZoneInfo[id="GMT+08:00",offset=28800000,dstSavings=0,useDaylight=false,transitions=0,lastRule=null]
2023-07-07 09:49:52.552 [main] INFO  VMInfo - VMInfo# operatingSystem class => sun.management.OperatingSystemImpl
2023-07-07 09:49:52.555 [main] INFO  Engine - the machine info  => 

	osInfo:	Oracle Corporation 1.8 25.192-b12
	jvmInfo:	Windows 10 amd64 10.0
	cpu num:	16

	totalPhysicalMemory:	-0.00G
	freePhysicalMemory:	-0.00G
	maxFileDescriptorCount:	-1
	currentOpenFileDescriptorCount:	-1

	GC Names	[PS MarkSweep, PS Scavenge]

	MEMORY_NAME                    | allocation_size                | init_size                      
	PS Eden Space                  | 256.00MB                       | 256.00MB                       
	Code Cache                     | 240.00MB                       | 2.44MB                         
	Compressed Class Space         | 1,024.00MB                     | 0.00MB                         
	PS Survivor Space              | 42.50MB                        | 42.50MB                        
	PS Old Gen                     | 683.00MB                       | 683.00MB                       
	Metaspace                      | -0.00MB                        | 0.00MB                         


2023-07-07 09:49:52.569 [main] INFO  Engine - 
{
	"content":[
		{
			"reader":{
				"name":"postgresqlreader",
				"parameter":{
					"column":[
						"b_sno",
						"busi_code",
						"oper_time",
						"execution_id",
						"cust_code",
						"cust_name",
						"cust_fname",
						"customer_lvl",
						"op_org",
						"op_code",
						"proc_status",
						"accept_param",
						"remark",
						"deal_param",
						"error_code",
						"error_msg",
						"yzt_channel",
						"node_code",
						"id_type",
						"id_code",
						"user_type",
						"cuacct_code",
						"handle_code",
						"is_agent",
						"is_deleted",
						"subject_identity",
						"szorg_type",
						"legal_rep_type",
						"yzt_risk_factor",
						"md5",
						"agent_user_code",
						"ext_col1",
						"ext_col2",
						"ext_col3",
						"ext_col4",
						"ext_col5",
						"allow_accept",
						"org_code",
						"pre_op_code",
						"supply_collect_flag",
						"compliance_status",
						"compliance_code",
						"general_review_key",
						"general_review_code",
						"dock_sno",
						"is_stat",
						"op_site",
						"kidm_sno",
						"merge_sno",
						"intelligent_status",
						"intelligent_sno",
						"intelligent_res",
						"create_time",
						"witness_code"
					],
					"connection":[
						{
							"jdbcUrl":[
								"jdbc:postgresql://10.201.65.21:30100/ygt"
							],
							"table":[
								"opp_busi_data"
							]
						}
					],
					"password":"************",
					"splitPk":"B_SNO",
					"username":"ygt"
				}
			},
			"writer":{
				"name":"sqlserverwriter",
				"parameter":{
					"column":[
						"B_SNO",
						"BUSI_CODE",
						"OPER_TIME",
						"EXECUTION_ID",
						"CUST_CODE",
						"CUST_NAME",
						"CUST_FNAME",
						"CUSTOMER_LVL",
						"OP_ORG",
						"OP_CODE",
						"PROC_STATUS",
						"ACCEPT_PARAM",
						"REMARK",
						"DEAL_PARAM",
						"ERROR_CODE",
						"ERROR_MSG",
						"YZT_CHANNEL",
						"NODE_CODE",
						"ID_TYPE",
						"ID_CODE",
						"USER_TYPE",
						"CUACCT_CODE",
						"HANDLE_CODE",
						"IS_AGENT",
						"IS_DELETED",
						"SUBJECT_IDENTITY",
						"SZORG_TYPE",
						"LEGAL_REP_TYPE",
						"YZT_RISK_FACTOR",
						"MD5",
						"AGENT_USER_CODE",
						"EXT_COL1",
						"EXT_COL2",
						"EXT_COL3",
						"EXT_COL4",
						"EXT_COL5",
						"MERGE_SNO",
						"ALLOW_ACCEPT",
						"ORG_CODE",
						"PRE_OP_CODE",
						"SUPPLY_COLLECT_FLAG",
						"COMPLIANCE_STATUS",
						"COMPLIANCE_CODE",
						"GENERAL_REVIEW_KEY",
						"GENERAL_REVIEW_CODE",
						"IS_STAT",
						"DOCK_SNO",
						"OP_SITE",
						"KIDM_SNO",
						"INTELLIGENT_STATUS",
						"INTELLIGENT_SNO",
						"INTELLIGENT_RES",
						"CREATE_TIME",
						"WITNESS_CODE"
					],
					"connection":[
						{
							"jdbcUrl":"jdbc:sqlserver://192.168.203.129:1433;DatabaseName=YGT;",
							"table":[
								"OPP_BUSI_DATA"
							]
						}
					],
					"password":"***********",
					"preSql":[
						"TRUNCATE TABLE OPP_BUSI_DATA"
					],
					"username":"sa"
				}
			}
		}
	],
	"setting":{
		"errorLimit":{
			"record":0
		},
		"speed":{
			"channel":20
		}
	}
}

2023-07-07 09:49:52.579 [main] WARN  Engine - prioriy set to 0, because NumberFormatException, the value is: null
2023-07-07 09:49:52.580 [main] INFO  PerfTrace - PerfTrace traceId=job_-1, isEnable=false, priority=0
2023-07-07 09:49:52.581 [main] INFO  JobContainer - DataX jobContainer starts job.
2023-07-07 09:49:52.582 [main] INFO  JobContainer - Set jobId = 0
2023-07-07 09:49:58.599 [job-0] INFO  OriginalConfPretreatmentUtil - Available jdbcUrl:jdbc:postgresql://10.201.65.21:30100/ygt.
2023-07-07 09:49:59.094 [job-0] INFO  OriginalConfPretreatmentUtil - table:[opp_busi_data] has columns:[b_sno,busi_code,oper_time,execution_id,cust_code,cust_name,cust_fname,customer_lvl,op_org,op_code,proc_status,accept_param,remark,deal_param,error_code,error_msg,yzt_channel,node_code,id_type,id_code,user_type,cuacct_code,handle_code,is_agent,is_deleted,subject_identity,szorg_type,legal_rep_type,yzt_risk_factor,md5,agent_user_code,ext_col1,ext_col2,ext_col3,ext_col4,ext_col5,allow_accept,org_code,pre_op_code,supply_collect_flag,compliance_status,compliance_code,general_review_key,general_review_code,dock_sno,is_stat,op_site,kidm_sno,merge_sno,intelligent_status,intelligent_sno,intelligent_res,create_time,witness_code].
2023-07-07 09:49:59.205 [job-0] INFO  OriginalConfPretreatmentUtil - table:[OPP_BUSI_DATA] all columns:[
B_SNO,BUSI_CODE,OPER_TIME,EXECUTION_ID,CUST_CODE,CUST_NAME,CUST_FNAME,CUSTOMER_LVL,OP_ORG,OP_CODE,PROC_STATUS,ACCEPT_PARAM,REMARK,DEAL_PARAM,ERROR_CODE,ERROR_MSG,YZT_CHANNEL,NODE_CODE,ID_TYPE,ID_CODE,USER_TYPE,CUACCT_CODE,HANDLE_CODE,IS_AGENT,IS_DELETED,SUBJECT_IDENTITY,SZORG_TYPE,LEGAL_REP_TYPE,YZT_RISK_FACTOR,MD5,AGENT_USER_CODE,EXT_COL1,EXT_COL2,EXT_COL3,EXT_COL4,EXT_COL5,MERGE_SNO,ALLOW_ACCEPT,ORG_CODE,PRE_OP_CODE,SUPPLY_COLLECT_FLAG,COMPLIANCE_STATUS,COMPLIANCE_CODE,GENERAL_REVIEW_KEY,GENERAL_REVIEW_CODE,IS_STAT,DOCK_SNO,OP_SITE,KIDM_SNO,INTELLIGENT_STATUS,INTELLIGENT_SNO,INTELLIGENT_RES,CREATE_TIME,WITNESS_CODE
].
2023-07-07 09:49:59.214 [job-0] INFO  OriginalConfPretreatmentUtil - Write data [
INSERT INTO %s (B_SNO,BUSI_CODE,OPER_TIME,EXECUTION_ID,CUST_CODE,CUST_NAME,CUST_FNAME,CUSTOMER_LVL,OP_ORG,OP_CODE,PROC_STATUS,ACCEPT_PARAM,REMARK,DEAL_PARAM,ERROR_CODE,ERROR_MSG,YZT_CHANNEL,NODE_CODE,ID_TYPE,ID_CODE,USER_TYPE,CUACCT_CODE,HANDLE_CODE,IS_AGENT,IS_DELETED,SUBJECT_IDENTITY,SZORG_TYPE,LEGAL_REP_TYPE,YZT_RISK_FACTOR,MD5,AGENT_USER_CODE,EXT_COL1,EXT_COL2,EXT_COL3,EXT_COL4,EXT_COL5,MERGE_SNO,ALLOW_ACCEPT,ORG_CODE,PRE_OP_CODE,SUPPLY_COLLECT_FLAG,COMPLIANCE_STATUS,COMPLIANCE_CODE,GENERAL_REVIEW_KEY,GENERAL_REVIEW_CODE,IS_STAT,DOCK_SNO,OP_SITE,KIDM_SNO,INTELLIGENT_STATUS,INTELLIGENT_SNO,INTELLIGENT_RES,CREATE_TIME,WITNESS_CODE) VALUES(?,?,?,?,?,?,?,?,?,?,?,?,?,?,?,?,?,?,?,?,?,?,?,?,?,?,?,?,?,?,?,?,?,?,?,?,?,?,?,?,?,?,?,?,?,?,?,?,?,?,?,?,?,?)
], which jdbcUrl like:[jdbc:sqlserver://192.168.203.129:1433;DatabaseName=YGT;]
2023-07-07 09:49:59.215 [job-0] INFO  JobContainer - jobContainer starts to do prepare ...
2023-07-07 09:49:59.215 [job-0] INFO  JobContainer - DataX Reader.Job [postgresqlreader] do prepare work .
2023-07-07 09:49:59.215 [job-0] INFO  JobContainer - DataX Writer.Job [sqlserverwriter] do prepare work .
2023-07-07 09:49:59.223 [job-0] INFO  CommonRdbmsWriter$Job - Begin to execute preSqls:[TRUNCATE TABLE OPP_BUSI_DATA]. context info:jdbc:sqlserver://192.168.203.129:1433;DatabaseName=YGT;.
2023-07-07 09:49:59.223 [job-0] INFO  JobContainer - jobContainer starts to do split ...
2023-07-07 09:49:59.224 [job-0] INFO  JobContainer - Job set Channel-Number to 20 channels.
2023-07-07 09:49:59.510 [job-0] INFO  SingleTableSplitUtil - split pk [sql=SELECT MIN(B_SNO),MAX(B_SNO) FROM opp_busi_data] is running... 
2023-07-07 09:49:59.535 [job-0] ERROR JobContainer - Exception when job run
com.alibaba.datax.common.exception.DataXException: Code:[DBUtilErrorCode-04], Description:[您填写的主键列不合法, DataX 仅支持切分主键为一个,并且类型为整数或者字符串类型.].  - 您配置的DataX切分主键(splitPk)有误. 因为您配置的切分主键(splitPk) 类型 DataX 不支持. DataX 仅支持切分主键为一个,并且类型为整数或者字符串类型. 请尝试使用其他的切分主键或者联系 DBA 进行处理.
	at com.alibaba.datax.common.exception.DataXException.asDataXException(DataXException.java:30) ~[datax-common-0.0.1-SNAPSHOT.jar:na]
	at com.alibaba.datax.plugin.rdbms.reader.util.SingleTableSplitUtil.checkSplitPk(SingleTableSplitUtil.java:217) ~[plugin-rdbms-util-0.0.1-SNAPSHOT.jar:na]
	at com.alibaba.datax.plugin.rdbms.reader.util.SingleTableSplitUtil.getPkRange(SingleTableSplitUtil.java:155) ~[plugin-rdbms-util-0.0.1-SNAPSHOT.jar:na]
	at com.alibaba.datax.plugin.rdbms.reader.util.SingleTableSplitUtil.splitSingleTable(SingleTableSplitUtil.java:50) ~[plugin-rdbms-util-0.0.1-SNAPSHOT.jar:na]
	at com.alibaba.datax.plugin.rdbms.reader.util.ReaderSplitUtil.doSplit(ReaderSplitUtil.java:84) ~[plugin-rdbms-util-0.0.1-SNAPSHOT.jar:na]
	at com.alibaba.datax.plugin.rdbms.reader.CommonRdbmsReader$Job.split(CommonRdbmsReader.java:103) ~[plugin-rdbms-util-0.0.1-SNAPSHOT.jar:na]
	at com.alibaba.datax.plugin.reader.postgresqlreader.PostgresqlReader$Job.split(PostgresqlReader.java:39) ~[postgresqlreader-0.0.1-SNAPSHOT.jar:na]
	at com.alibaba.datax.core.job.JobContainer.doReaderSplit(JobContainer.java:733) ~[datax-core-0.0.1-SNAPSHOT.jar:na]
	at com.alibaba.datax.core.job.JobContainer.split(JobContainer.java:394) ~[datax-core-0.0.1-SNAPSHOT.jar:na]
	at com.alibaba.datax.core.job.JobContainer.start(JobContainer.java:117) ~[datax-core-0.0.1-SNAPSHOT.jar:na]
	at com.alibaba.datax.core.Engine.start(Engine.java:93) [datax-core-0.0.1-SNAPSHOT.jar:na]
	at com.alibaba.datax.core.Engine.entry(Engine.java:175) [datax-core-0.0.1-SNAPSHOT.jar:na]
	at com.alibaba.datax.core.Engine.main(Engine.java:208) [datax-core-0.0.1-SNAPSHOT.jar:na]
2023-07-07 09:49:59.538 [job-0] INFO  StandAloneJobContainerCommunicator - Total 0 records, 0 bytes | Speed 0B/s, 0 records/s | Error 0 records, 0 bytes |  All Task WaitWriterTime 0.000s |  All Task WaitReaderTime 0.000s | Percentage 0.00%
2023-07-07 09:49:59.539 [job-0] ERROR Engine - 

经DataX智能分析,该任务最可能的错误原因是:
com.alibaba.datax.common.exception.DataXException: Code:[DBUtilErrorCode-04], Description:[您填写的主键列不合法, DataX 仅支持切分主键为一个,并且类型为整数或者字符串类型.].  - 您配置的DataX切分主键(splitPk)有误. 因为您配置的切分主键(splitPk) 类型 DataX 不支持. DataX 仅支持切分主键为一个,并且类型为整数或者字符串类型. 请尝试使用其他的切分主键或者联系 DBA 进行处理.
	at com.alibaba.datax.common.exception.DataXException.asDataXException(DataXException.java:30)
	at com.alibaba.datax.plugin.rdbms.reader.util.SingleTableSplitUtil.checkSplitPk(SingleTableSplitUtil.java:217)
	at com.alibaba.datax.plugin.rdbms.reader.util.SingleTableSplitUtil.getPkRange(SingleTableSplitUtil.java:155)
	at com.alibaba.datax.plugin.rdbms.reader.util.SingleTableSplitUtil.splitSingleTable(SingleTableSplitUtil.java:50)
	at com.alibaba.datax.plugin.rdbms.reader.util.ReaderSplitUtil.doSplit(ReaderSplitUtil.java:84)
	at com.alibaba.datax.plugin.rdbms.reader.CommonRdbmsReader$Job.split(CommonRdbmsReader.java:103)
	at com.alibaba.datax.plugin.reader.postgresqlreader.PostgresqlReader$Job.split(PostgresqlReader.java:39)
	at com.alibaba.datax.core.job.JobContainer.doReaderSplit(JobContainer.java:733)
	at com.alibaba.datax.core.job.JobContainer.split(JobContainer.java:394)
	at com.alibaba.datax.core.job.JobContainer.start(JobContainer.java:117)
	at com.alibaba.datax.core.Engine.start(Engine.java:93)
	at com.alibaba.datax.core.Engine.entry(Engine.java:175)
	at com.alibaba.datax.core.Engine.main(Engine.java:208)

