2023-07-07 12:25:51.266 [main] INFO  MessageSource - JVM TimeZone: GMT+08:00, Locale: zh_CN
2023-07-07 12:25:51.268 [main] INFO  MessageSource - use Locale: zh_CN timeZone: sun.util.calendar.ZoneInfo[id="GMT+08:00",offset=28800000,dstSavings=0,useDaylight=false,transitions=0,lastRule=null]
2023-07-07 12:25:51.276 [main] INFO  VMInfo - VMInfo# operatingSystem class => sun.management.OperatingSystemImpl
2023-07-07 12:25:51.280 [main] INFO  Engine - the machine info  => 

	osInfo:	Oracle Corporation 1.8 25.192-b12
	jvmInfo:	Windows 10 amd64 10.0
	cpu num:	16

	totalPhysicalMemory:	-0.00G
	freePhysicalMemory:	-0.00G
	maxFileDescriptorCount:	-1
	currentOpenFileDescriptorCount:	-1

	GC Names	[PS MarkSweep, PS Scavenge]

	MEMORY_NAME                    | allocation_size                | init_size                      
	PS Eden Space                  | 256.00MB                       | 256.00MB                       
	Code Cache                     | 240.00MB                       | 2.44MB                         
	Compressed Class Space         | 1,024.00MB                     | 0.00MB                         
	PS Survivor Space              | 42.50MB                        | 42.50MB                        
	PS Old Gen                     | 683.00MB                       | 683.00MB                       
	Metaspace                      | -0.00MB                        | 0.00MB                         


2023-07-07 12:25:51.294 [main] INFO  Engine - 
{
	"content":[
		{
			"reader":{
				"name":"postgresqlreader",
				"parameter":{
					"column":[
						"serial_no",
						"occur_time",
						"occur_date",
						"op_code",
						"op_name",
						"org_code",
						"menu_id",
						"ajax_code",
						"opp_obj_type",
						"opp_obj_code",
						"check_op_code",
						"check_status",
						"check_info",
						"check_time",
						"check_date",
						"remark",
						"cust_code",
						"cust_name",
						"cust_org",
						"stkex",
						"acc_serial_no",
						"ajax_csdc_type",
						"declare_type",
						"ajax_code_name",
						"acctbiz_status",
						"external_sn",
						"return_msg",
						"b_sno"
					],
					"connection":[
						{
							"jdbcUrl":[
								"jdbc:postgresql://10.201.65.21:30100/ygt"
							],
							"table":[
								"opp_check_app"
							]
						}
					],
					"password":"************",
					"splitPk":"",
					"username":"ygt"
				}
			},
			"writer":{
				"name":"sqlserverwriter",
				"parameter":{
					"column":[
						"SERIAL_NO",
						"OCCUR_TIME",
						"OCCUR_DATE",
						"OP_CODE",
						"OP_NAME",
						"ORG_CODE",
						"MENU_ID",
						"AJAX_CODE",
						"OPP_OBJ_TYPE",
						"OPP_OBJ_CODE",
						"CHECK_OP_CODE",
						"CHECK_STATUS",
						"CHECK_INFO",
						"CHECK_TIME",
						"CHECK_DATE",
						"REMARK",
						"CUST_CODE",
						"CUST_NAME",
						"CUST_ORG",
						"STKEX",
						"ACC_SERIAL_NO",
						"AJAX_CSDC_TYPE",
						"DECLARE_TYPE",
						"AJAX_CODE_NAME",
						"ACCTBIZ_STATUS",
						"EXTERNAL_SN",
						"RETURN_MSG",
						"B_SNO"
					],
					"connection":[
						{
							"jdbcUrl":"jdbc:sqlserver://192.168.203.129:1433;DatabaseName=YGT;",
							"table":[
								"OPP_CHECK_APP"
							]
						}
					],
					"password":"***********",
					"preSql":[
						"TRUNCATE TABLE OPP_CHECK_APP"
					],
					"username":"sa"
				}
			}
		}
	],
	"setting":{
		"errorLimit":{
			"record":0
		},
		"speed":{
			"channel":20
		}
	}
}

2023-07-07 12:25:51.307 [main] WARN  Engine - prioriy set to 0, because NumberFormatException, the value is: null
2023-07-07 12:25:51.308 [main] INFO  PerfTrace - PerfTrace traceId=job_-1, isEnable=false, priority=0
2023-07-07 12:25:51.308 [main] INFO  JobContainer - DataX jobContainer starts job.
2023-07-07 12:25:51.309 [main] INFO  JobContainer - Set jobId = 0
2023-07-07 12:25:57.330 [job-0] INFO  OriginalConfPretreatmentUtil - Available jdbcUrl:jdbc:postgresql://10.201.65.21:30100/ygt.
2023-07-07 12:25:57.546 [job-0] INFO  OriginalConfPretreatmentUtil - table:[opp_check_app] has columns:[serial_no,occur_time,occur_date,op_code,op_name,org_code,menu_id,ajax_code,opp_obj_type,opp_obj_code,check_op_code,check_status,check_info,check_time,check_date,remark,cust_code,cust_name,cust_org,stkex,acc_serial_no,ajax_csdc_type,declare_type,ajax_code_name,acctbiz_status,external_sn,return_msg,b_sno].
2023-07-07 12:25:57.655 [job-0] INFO  OriginalConfPretreatmentUtil - table:[OPP_CHECK_APP] all columns:[
SERIAL_NO,OCCUR_TIME,OCCUR_DATE,OP_CODE,OP_NAME,ORG_CODE,MENU_ID,AJAX_CODE,OPP_OBJ_TYPE,OPP_OBJ_CODE,CHECK_OP_CODE,CHECK_STATUS,CHECK_INFO,CHECK_TIME,CHECK_DATE,REMARK,CUST_CODE,CUST_NAME,CUST_ORG,STKEX,ACC_SERIAL_NO,AJAX_CSDC_TYPE,DECLARE_TYPE,AJAX_CODE_NAME,ACCTBIZ_STATUS,EXTERNAL_SN,RETURN_MSG,B_SNO
].
2023-07-07 12:25:57.665 [job-0] INFO  OriginalConfPretreatmentUtil - Write data [
INSERT INTO %s (SERIAL_NO,OCCUR_TIME,OCCUR_DATE,OP_CODE,OP_NAME,ORG_CODE,MENU_ID,AJAX_CODE,OPP_OBJ_TYPE,OPP_OBJ_CODE,CHECK_OP_CODE,CHECK_STATUS,CHECK_INFO,CHECK_TIME,CHECK_DATE,REMARK,CUST_CODE,CUST_NAME,CUST_ORG,STKEX,ACC_SERIAL_NO,AJAX_CSDC_TYPE,DECLARE_TYPE,AJAX_CODE_NAME,ACCTBIZ_STATUS,EXTERNAL_SN,RETURN_MSG,B_SNO) VALUES(?,?,?,?,?,?,?,?,?,?,?,?,?,?,?,?,?,?,?,?,?,?,?,?,?,?,?,?)
], which jdbcUrl like:[jdbc:sqlserver://192.168.203.129:1433;DatabaseName=YGT;]
2023-07-07 12:25:57.665 [job-0] INFO  JobContainer - jobContainer starts to do prepare ...
2023-07-07 12:25:57.665 [job-0] INFO  JobContainer - DataX Reader.Job [postgresqlreader] do prepare work .
2023-07-07 12:25:57.665 [job-0] INFO  JobContainer - DataX Writer.Job [sqlserverwriter] do prepare work .
2023-07-07 12:25:57.674 [job-0] INFO  CommonRdbmsWriter$Job - Begin to execute preSqls:[TRUNCATE TABLE OPP_CHECK_APP]. context info:jdbc:sqlserver://192.168.203.129:1433;DatabaseName=YGT;.
2023-07-07 12:25:57.674 [job-0] INFO  JobContainer - jobContainer starts to do split ...
2023-07-07 12:25:57.675 [job-0] INFO  JobContainer - Job set Channel-Number to 20 channels.
2023-07-07 12:25:57.676 [job-0] INFO  JobContainer - DataX Reader.Job [postgresqlreader] splits to [1] tasks.
2023-07-07 12:25:57.677 [job-0] INFO  JobContainer - DataX Writer.Job [sqlserverwriter] splits to [1] tasks.
2023-07-07 12:25:57.687 [job-0] INFO  JobContainer - jobContainer starts to do schedule ...
2023-07-07 12:25:57.689 [job-0] INFO  JobContainer - Scheduler starts [1] taskGroups.
2023-07-07 12:25:57.690 [job-0] INFO  JobContainer - Running by standalone Mode.
2023-07-07 12:25:57.694 [taskGroup-0] INFO  TaskGroupContainer - taskGroupId=[0] start [1] channels for [1] tasks.
2023-07-07 12:25:57.696 [taskGroup-0] INFO  Channel - Channel set byte_speed_limit to -1, No bps activated.
2023-07-07 12:25:57.696 [taskGroup-0] INFO  Channel - Channel set record_speed_limit to -1, No tps activated.
2023-07-07 12:25:57.702 [taskGroup-0] INFO  TaskGroupContainer - taskGroup[0] taskId[0] attemptCount[1] is started
2023-07-07 12:25:57.705 [0-0-0-reader] INFO  CommonRdbmsReader$Task - Begin to read record by Sql: [select serial_no,occur_time,occur_date,op_code,op_name,org_code,menu_id,ajax_code,opp_obj_type,opp_obj_code,check_op_code,check_status,check_info,check_time,check_date,remark,cust_code,cust_name,cust_org,stkex,acc_serial_no,ajax_csdc_type,declare_type,ajax_code_name,acctbiz_status,external_sn,return_msg,b_sno from opp_check_app 
] jdbcUrl:[jdbc:postgresql://10.201.65.21:30100/ygt].
2023-07-07 12:25:57.926 [0-0-0-reader] INFO  CommonRdbmsReader$Task - Finished read record by Sql: [select serial_no,occur_time,occur_date,op_code,op_name,org_code,menu_id,ajax_code,opp_obj_type,opp_obj_code,check_op_code,check_status,check_info,check_time,check_date,remark,cust_code,cust_name,cust_org,stkex,acc_serial_no,ajax_csdc_type,declare_type,ajax_code_name,acctbiz_status,external_sn,return_msg,b_sno from opp_check_app 
] jdbcUrl:[jdbc:postgresql://10.201.65.21:30100/ygt].
2023-07-07 12:25:58.252 [taskGroup-0] INFO  TaskGroupContainer - taskGroup[0] taskId[0] is successed, used[551]ms
2023-07-07 12:25:58.252 [taskGroup-0] INFO  TaskGroupContainer - taskGroup[0] completed it's tasks.
2023-07-07 12:26:07.716 [job-0] INFO  StandAloneJobContainerCommunicator - Total 0 records, 0 bytes | Speed 0B/s, 0 records/s | Error 0 records, 0 bytes |  All Task WaitWriterTime 0.000s |  All Task WaitReaderTime 0.000s | Percentage 100.00%
2023-07-07 12:26:07.716 [job-0] INFO  AbstractScheduler - Scheduler accomplished all tasks.
2023-07-07 12:26:07.716 [job-0] INFO  JobContainer - DataX Writer.Job [sqlserverwriter] do post work.
2023-07-07 12:26:07.717 [job-0] INFO  JobContainer - DataX Reader.Job [postgresqlreader] do post work.
2023-07-07 12:26:07.717 [job-0] INFO  JobContainer - DataX jobId [0] completed successfully.
2023-07-07 12:26:07.717 [job-0] INFO  HookInvoker - No hook invoked, because base dir not exists or is a file: C:\Users\xT\PycharmProjects\Migration\datax\hook
2023-07-07 12:26:07.718 [job-0] INFO  JobContainer - 
	 [total cpu info] => 
		averageCpu                     | maxDeltaCpu                    | minDeltaCpu                    
		-1.00%                         | -1.00%                         | -1.00%
                        

	 [total gc info] => 
		 NAME                 | totalGCCount       | maxDeltaGCCount    | minDeltaGCCount    | totalGCTime        | maxDeltaGCTime     | minDeltaGCTime     
		 PS MarkSweep         | 0                  | 0                  | 0                  | 0.000s             | 0.000s             | 0.000s             
		 PS Scavenge          | 0                  | 0                  | 0                  | 0.000s             | 0.000s             | 0.000s             

2023-07-07 12:26:07.718 [job-0] INFO  JobContainer - PerfTrace not enable!
2023-07-07 12:26:07.718 [job-0] INFO  StandAloneJobContainerCommunicator - Total 0 records, 0 bytes | Speed 0B/s, 0 records/s | Error 0 records, 0 bytes |  All Task WaitWriterTime 0.000s |  All Task WaitReaderTime 0.000s | Percentage 100.00%
2023-07-07 12:26:07.718 [job-0] INFO  JobContainer - 
任务启动时刻                    : 2023-07-07 12:25:51
任务结束时刻                    : 2023-07-07 12:26:07
任务总计耗时                    :                 16s
任务平均流量                    :                0B/s
记录写入速度                    :              0rec/s
读出记录总数                    :                   0
读写失败总数                    :                   0

