2023-07-07 09:45:36.954 [main] INFO  MessageSource - JVM TimeZone: GMT+08:00, Locale: zh_CN
2023-07-07 09:45:36.956 [main] INFO  MessageSource - use Locale: zh_CN timeZone: sun.util.calendar.ZoneInfo[id="GMT+08:00",offset=28800000,dstSavings=0,useDaylight=false,transitions=0,lastRule=null]
2023-07-07 09:45:36.967 [main] INFO  VMInfo - VMInfo# operatingSystem class => sun.management.OperatingSystemImpl
2023-07-07 09:45:36.971 [main] INFO  Engine - the machine info  => 

	osInfo:	Oracle Corporation 1.8 25.192-b12
	jvmInfo:	Windows 10 amd64 10.0
	cpu num:	16

	totalPhysicalMemory:	-0.00G
	freePhysicalMemory:	-0.00G
	maxFileDescriptorCount:	-1
	currentOpenFileDescriptorCount:	-1

	GC Names	[PS MarkSweep, PS Scavenge]

	MEMORY_NAME                    | allocation_size                | init_size                      
	PS Eden Space                  | 256.00MB                       | 256.00MB                       
	Code Cache                     | 240.00MB                       | 2.44MB                         
	Compressed Class Space         | 1,024.00MB                     | 0.00MB                         
	PS Survivor Space              | 42.50MB                        | 42.50MB                        
	PS Old Gen                     | 683.00MB                       | 683.00MB                       
	Metaspace                      | -0.00MB                        | 0.00MB                         


2023-07-07 09:45:36.987 [main] INFO  Engine - 
{
	"content":[
		{
			"reader":{
				"name":"postgresqlreader",
				"parameter":{
					"column":[
						"b_sno",
						"busi_code",
						"oper_time",
						"execution_id",
						"cust_code",
						"cust_name",
						"cust_fname",
						"customer_lvl",
						"op_org",
						"op_code",
						"proc_status",
						"accept_param",
						"remark",
						"deal_param",
						"error_code",
						"error_msg",
						"yzt_channel",
						"node_code",
						"id_type",
						"id_code",
						"user_type",
						"cuacct_code",
						"handle_code",
						"is_agent",
						"is_deleted",
						"subject_identity",
						"szorg_type",
						"legal_rep_type",
						"yzt_risk_factor",
						"md5",
						"agent_user_code",
						"ext_col1",
						"ext_col2",
						"ext_col3",
						"ext_col4",
						"ext_col5",
						"allow_accept",
						"org_code",
						"pre_op_code",
						"supply_collect_flag",
						"compliance_status",
						"compliance_code",
						"general_review_key",
						"general_review_code",
						"dock_sno",
						"is_stat",
						"op_site",
						"kidm_sno",
						"merge_sno",
						"intelligent_status",
						"intelligent_sno",
						"intelligent_res",
						"create_time",
						"witness_code"
					],
					"connection":[
						{
							"jdbcUrl":[
								"jdbc:postgresql://10.201.65.21:30100/ygt"
							],
							"table":[
								"opp_busi_data"
							]
						}
					],
					"password":"************",
					"splitPk":"",
					"username":"ygt"
				}
			},
			"writer":{
				"name":"sqlserverwriter",
				"parameter":{
					"column":[
						"B_SNO",
						"BUSI_CODE",
						"OPER_TIME",
						"EXECUTION_ID",
						"CUST_CODE",
						"CUST_NAME",
						"CUST_FNAME",
						"CUSTOMER_LVL",
						"OP_ORG",
						"OP_CODE",
						"PROC_STATUS",
						"ACCEPT_PARAM",
						"REMARK",
						"DEAL_PARAM",
						"ERROR_CODE",
						"ERROR_MSG",
						"YZT_CHANNEL",
						"NODE_CODE",
						"ID_TYPE",
						"ID_CODE",
						"USER_TYPE",
						"CUACCT_CODE",
						"HANDLE_CODE",
						"IS_AGENT",
						"IS_DELETED",
						"SUBJECT_IDENTITY",
						"SZORG_TYPE",
						"LEGAL_REP_TYPE",
						"YZT_RISK_FACTOR",
						"MD5",
						"AGENT_USER_CODE",
						"EXT_COL1",
						"EXT_COL2",
						"EXT_COL3",
						"EXT_COL4",
						"EXT_COL5",
						"MERGE_SNO",
						"ALLOW_ACCEPT",
						"ORG_CODE",
						"PRE_OP_CODE",
						"SUPPLY_COLLECT_FLAG",
						"COMPLIANCE_STATUS",
						"COMPLIANCE_CODE",
						"GENERAL_REVIEW_KEY",
						"GENERAL_REVIEW_CODE",
						"IS_STAT",
						"DOCK_SNO",
						"OP_SITE",
						"KIDM_SNO",
						"INTELLIGENT_STATUS",
						"INTELLIGENT_SNO",
						"INTELLIGENT_RES",
						"CREATE_TIME",
						"WITNESS_CODE"
					],
					"connection":[
						{
							"jdbcUrl":"jdbc:sqlserver://192.168.203.129:1433;DatabaseName=YGT;",
							"table":[
								"OPP_BUSI_DATA"
							]
						}
					],
					"password":"***********",
					"preSql":[
						"TRUNCATE TABLE OPP_BUSI_DATA"
					],
					"username":"sa"
				}
			}
		}
	],
	"setting":{
		"errorLimit":{
			"record":0
		},
		"speed":{
			"channel":20
		}
	}
}

2023-07-07 09:45:36.999 [main] WARN  Engine - prioriy set to 0, because NumberFormatException, the value is: null
2023-07-07 09:45:37.000 [main] INFO  PerfTrace - PerfTrace traceId=job_-1, isEnable=false, priority=0
2023-07-07 09:45:37.000 [main] INFO  JobContainer - DataX jobContainer starts job.
2023-07-07 09:45:37.001 [main] INFO  JobContainer - Set jobId = 0
