2023-07-07 12:28:57.146 [main] INFO  MessageSource - JVM TimeZone: GMT+08:00, Locale: zh_CN
2023-07-07 12:28:57.149 [main] INFO  MessageSource - use Locale: zh_CN timeZone: sun.util.calendar.ZoneInfo[id="GMT+08:00",offset=28800000,dstSavings=0,useDaylight=false,transitions=0,lastRule=null]
2023-07-07 12:28:57.186 [main] INFO  VMInfo - VMInfo# operatingSystem class => sun.management.OperatingSystemImpl
2023-07-07 12:28:57.212 [main] INFO  Engine - the machine info  => 

	osInfo:	Oracle Corporation 1.8 25.192-b12
	jvmInfo:	Windows 10 amd64 10.0
	cpu num:	16

	totalPhysicalMemory:	-0.00G
	freePhysicalMemory:	-0.00G
	maxFileDescriptorCount:	-1
	currentOpenFileDescriptorCount:	-1

	GC Names	[PS MarkSweep, PS Scavenge]

	MEMORY_NAME                    | allocation_size                | init_size                      
	PS Eden Space                  | 256.00MB                       | 256.00MB                       
	Code Cache                     | 240.00MB                       | 2.44MB                         
	Compressed Class Space         | 1,024.00MB                     | 0.00MB                         
	PS Survivor Space              | 42.50MB                        | 42.50MB                        
	PS Old Gen                     | 683.00MB                       | 683.00MB                       
	Metaspace                      | -0.00MB                        | 0.00MB                         


2023-07-07 12:28:57.248 [main] INFO  Engine - 
{
	"content":[
		{
			"reader":{
				"name":"postgresqlreader",
				"parameter":{
					"column":[
						"appt_sn",
						"cust_name",
						"cust_fname",
						"id_type",
						"id_code",
						"is_review",
						"b_sno",
						"cust_code",
						"cuacct_code",
						"cust_org_code",
						"appt_org_code",
						"appt_busi_code",
						"appt_date",
						"appt_way",
						"appt_status",
						"appt_mobile",
						"is_delete",
						"appt_remark",
						"appt_valide_code",
						"open_valide_code_date",
						"op_code"
					],
					"connection":[
						{
							"jdbcUrl":[
								"jdbc:postgresql://10.201.65.21:30100/ygt"
							],
							"table":[
								"opp_appt_data"
							]
						}
					],
					"password":"************",
					"splitPk":"",
					"username":"ygt"
				}
			},
			"writer":{
				"name":"sqlserverwriter",
				"parameter":{
					"column":[
						"APPT_SN",
						"CUST_NAME",
						"CUST_FNAME",
						"ID_TYPE",
						"ID_CODE",
						"IS_REVIEW",
						"B_SNO",
						"CUST_CODE",
						"CUACCT_CODE",
						"CUST_ORG_CODE",
						"APPT_ORG_CODE",
						"APPT_BUSI_CODE",
						"APPT_DATE",
						"APPT_WAY",
						"APPT_STATUS",
						"APPT_MOBILE",
						"IS_DELETE",
						"APPT_REMARK",
						"APPT_VALIDE_CODE",
						"OPEN_VALIDE_CODE_DATE",
						"OP_CODE"
					],
					"connection":[
						{
							"jdbcUrl":"jdbc:sqlserver://192.168.203.129:1433;DatabaseName=YGT;",
							"table":[
								"OPP_APPT_DATA"
							]
						}
					],
					"password":"***********",
					"preSql":[
						"TRUNCATE TABLE OPP_APPT_DATA"
					],
					"username":"sa"
				}
			}
		}
	],
	"setting":{
		"errorLimit":{
			"record":0
		},
		"speed":{
			"channel":20
		}
	}
}

2023-07-07 12:28:57.270 [main] WARN  Engine - prioriy set to 0, because NumberFormatException, the value is: null
2023-07-07 12:28:57.272 [main] INFO  PerfTrace - PerfTrace traceId=job_-1, isEnable=false, priority=0
2023-07-07 12:28:57.273 [main] INFO  JobContainer - DataX jobContainer starts job.
2023-07-07 12:28:57.288 [main] INFO  JobContainer - Set jobId = 0
2023-07-07 12:29:07.475 [job-0] INFO  OriginalConfPretreatmentUtil - Available jdbcUrl:jdbc:postgresql://10.201.65.21:30100/ygt.
2023-07-07 12:29:08.606 [job-0] INFO  OriginalConfPretreatmentUtil - table:[opp_appt_data] has columns:[appt_sn,cust_name,cust_fname,id_type,id_code,is_review,b_sno,cust_code,cuacct_code,cust_org_code,appt_org_code,appt_busi_code,appt_date,appt_way,appt_status,appt_mobile,is_delete,appt_remark,appt_valide_code,open_valide_code_date,op_code].
2023-07-07 12:29:09.072 [job-0] INFO  OriginalConfPretreatmentUtil - table:[OPP_APPT_DATA] all columns:[
APPT_SN,CUST_NAME,CUST_FNAME,ID_TYPE,ID_CODE,IS_REVIEW,B_SNO,CUST_CODE,CUACCT_CODE,CUST_ORG_CODE,APPT_ORG_CODE,APPT_BUSI_CODE,APPT_DATE,APPT_WAY,APPT_STATUS,APPT_MOBILE,IS_DELETE,APPT_REMARK,APPT_VALIDE_CODE,OPEN_VALIDE_CODE_DATE,OP_CODE
].
2023-07-07 12:29:09.118 [job-0] INFO  OriginalConfPretreatmentUtil - Write data [
INSERT INTO %s (APPT_SN,CUST_NAME,CUST_FNAME,ID_TYPE,ID_CODE,IS_REVIEW,B_SNO,CUST_CODE,CUACCT_CODE,CUST_ORG_CODE,APPT_ORG_CODE,APPT_BUSI_CODE,APPT_DATE,APPT_WAY,APPT_STATUS,APPT_MOBILE,IS_DELETE,APPT_REMARK,APPT_VALIDE_CODE,OPEN_VALIDE_CODE_DATE,OP_CODE) VALUES(?,?,?,?,?,?,?,?,?,?,?,?,?,?,?,?,?,?,?,?,?)
], which jdbcUrl like:[jdbc:sqlserver://192.168.203.129:1433;DatabaseName=YGT;]
2023-07-07 12:29:09.119 [job-0] INFO  JobContainer - jobContainer starts to do prepare ...
2023-07-07 12:29:09.121 [job-0] INFO  JobContainer - DataX Reader.Job [postgresqlreader] do prepare work .
2023-07-07 12:29:09.121 [job-0] INFO  JobContainer - DataX Writer.Job [sqlserverwriter] do prepare work .
2023-07-07 12:29:09.193 [job-0] INFO  CommonRdbmsWriter$Job - Begin to execute preSqls:[TRUNCATE TABLE OPP_APPT_DATA]. context info:jdbc:sqlserver://192.168.203.129:1433;DatabaseName=YGT;.
2023-07-07 12:29:09.199 [job-0] INFO  JobContainer - jobContainer starts to do split ...
2023-07-07 12:29:09.199 [job-0] INFO  JobContainer - Job set Channel-Number to 20 channels.
2023-07-07 12:29:09.202 [job-0] INFO  JobContainer - DataX Reader.Job [postgresqlreader] splits to [1] tasks.
2023-07-07 12:29:09.203 [job-0] INFO  JobContainer - DataX Writer.Job [sqlserverwriter] splits to [1] tasks.
2023-07-07 12:29:09.225 [job-0] INFO  JobContainer - jobContainer starts to do schedule ...
2023-07-07 12:29:09.230 [job-0] INFO  JobContainer - Scheduler starts [1] taskGroups.
2023-07-07 12:29:09.235 [job-0] INFO  JobContainer - Running by standalone Mode.
2023-07-07 12:29:09.244 [taskGroup-0] INFO  TaskGroupContainer - taskGroupId=[0] start [1] channels for [1] tasks.
2023-07-07 12:29:09.250 [taskGroup-0] INFO  Channel - Channel set byte_speed_limit to -1, No bps activated.
2023-07-07 12:29:09.251 [taskGroup-0] INFO  Channel - Channel set record_speed_limit to -1, No tps activated.
2023-07-07 12:29:09.270 [taskGroup-0] INFO  TaskGroupContainer - taskGroup[0] taskId[0] attemptCount[1] is started
2023-07-07 12:29:09.285 [0-0-0-reader] INFO  CommonRdbmsReader$Task - Begin to read record by Sql: [select appt_sn,cust_name,cust_fname,id_type,id_code,is_review,b_sno,cust_code,cuacct_code,cust_org_code,appt_org_code,appt_busi_code,appt_date,appt_way,appt_status,appt_mobile,is_delete,appt_remark,appt_valide_code,open_valide_code_date,op_code from opp_appt_data 
] jdbcUrl:[jdbc:postgresql://10.201.65.21:30100/ygt].
2023-07-07 12:29:09.789 [0-0-0-reader] INFO  CommonRdbmsReader$Task - Finished read record by Sql: [select appt_sn,cust_name,cust_fname,id_type,id_code,is_review,b_sno,cust_code,cuacct_code,cust_org_code,appt_org_code,appt_busi_code,appt_date,appt_way,appt_status,appt_mobile,is_delete,appt_remark,appt_valide_code,open_valide_code_date,op_code from opp_appt_data 
] jdbcUrl:[jdbc:postgresql://10.201.65.21:30100/ygt].
2023-07-07 12:29:10.073 [taskGroup-0] INFO  TaskGroupContainer - taskGroup[0] taskId[0] is successed, used[804]ms
2023-07-07 12:29:10.073 [taskGroup-0] INFO  TaskGroupContainer - taskGroup[0] completed it's tasks.
2023-07-07 12:29:19.271 [job-0] INFO  StandAloneJobContainerCommunicator - Total 0 records, 0 bytes | Speed 0B/s, 0 records/s | Error 0 records, 0 bytes |  All Task WaitWriterTime 0.000s |  All Task WaitReaderTime 0.000s | Percentage 100.00%
2023-07-07 12:29:19.271 [job-0] INFO  AbstractScheduler - Scheduler accomplished all tasks.
2023-07-07 12:29:19.271 [job-0] INFO  JobContainer - DataX Writer.Job [sqlserverwriter] do post work.
2023-07-07 12:29:19.271 [job-0] INFO  JobContainer - DataX Reader.Job [postgresqlreader] do post work.
2023-07-07 12:29:19.272 [job-0] INFO  JobContainer - DataX jobId [0] completed successfully.
2023-07-07 12:29:19.272 [job-0] INFO  HookInvoker - No hook invoked, because base dir not exists or is a file: C:\Users\xT\PycharmProjects\Migration\datax\hook
2023-07-07 12:29:19.273 [job-0] INFO  JobContainer - 
	 [total cpu info] => 
		averageCpu                     | maxDeltaCpu                    | minDeltaCpu                    
		-1.00%                         | -1.00%                         | -1.00%
                        

	 [total gc info] => 
		 NAME                 | totalGCCount       | maxDeltaGCCount    | minDeltaGCCount    | totalGCTime        | maxDeltaGCTime     | minDeltaGCTime     
		 PS MarkSweep         | 0                  | 0                  | 0                  | 0.000s             | 0.000s             | 0.000s             
		 PS Scavenge          | 0                  | 0                  | 0                  | 0.000s             | 0.000s             | 0.000s             

2023-07-07 12:29:19.273 [job-0] INFO  JobContainer - PerfTrace not enable!
2023-07-07 12:29:19.274 [job-0] INFO  StandAloneJobContainerCommunicator - Total 0 records, 0 bytes | Speed 0B/s, 0 records/s | Error 0 records, 0 bytes |  All Task WaitWriterTime 0.000s |  All Task WaitReaderTime 0.000s | Percentage 100.00%
2023-07-07 12:29:19.274 [job-0] INFO  JobContainer - 
任务启动时刻                    : 2023-07-07 12:28:57
任务结束时刻                    : 2023-07-07 12:29:19
任务总计耗时                    :                 21s
任务平均流量                    :                0B/s
记录写入速度                    :              0rec/s
读出记录总数                    :                   0
读写失败总数                    :                   0

