2023-07-07 11:40:09.412 [main] INFO  MessageSource - JVM TimeZone: GMT+08:00, Locale: zh_CN
2023-07-07 11:40:09.413 [main] INFO  MessageSource - use Locale: zh_CN timeZone: sun.util.calendar.ZoneInfo[id="GMT+08:00",offset=28800000,dstSavings=0,useDaylight=false,transitions=0,lastRule=null]
2023-07-07 11:40:09.421 [main] INFO  VMInfo - VMInfo# operatingSystem class => sun.management.OperatingSystemImpl
2023-07-07 11:40:09.425 [main] INFO  Engine - the machine info  => 

	osInfo:	Oracle Corporation 1.8 25.192-b12
	jvmInfo:	Windows 10 amd64 10.0
	cpu num:	16

	totalPhysicalMemory:	-0.00G
	freePhysicalMemory:	-0.00G
	maxFileDescriptorCount:	-1
	currentOpenFileDescriptorCount:	-1

	GC Names	[PS MarkSweep, PS Scavenge]

	MEMORY_NAME                    | allocation_size                | init_size                      
	PS Eden Space                  | 256.00MB                       | 256.00MB                       
	Code Cache                     | 240.00MB                       | 2.44MB                         
	Compressed Class Space         | 1,024.00MB                     | 0.00MB                         
	PS Survivor Space              | 42.50MB                        | 42.50MB                        
	PS Old Gen                     | 683.00MB                       | 683.00MB                       
	Metaspace                      | -0.00MB                        | 0.00MB                         


2023-07-07 11:40:09.439 [main] INFO  Engine - 
{
	"content":[
		{
			"reader":{
				"name":"postgresqlreader",
				"parameter":{
					"column":[
						"task_id",
						"b_sno",
						"busi_code",
						"oper_time",
						"var_name",
						"var_value",
						"handler",
						"remark",
						"node_name",
						"node_key",
						"op_start_time",
						"node_result",
						"reject_lvl"
					],
					"connection":[
						{
							"jdbcUrl":[
								"jdbc:postgresql://10.201.65.21:30100/ygt"
							],
							"table":[
								"opp_busi_node"
							]
						}
					],
					"password":"************",
					"splitPk":"",
					"username":"ygt"
				}
			},
			"writer":{
				"name":"sqlserverwriter",
				"parameter":{
					"column":[
						"TASK_ID",
						"B_SNO",
						"BUSI_CODE",
						"OPER_TIME",
						"VAR_NAME",
						"VAR_VALUE",
						"HANDLER",
						"REMARK",
						"NODE_NAME",
						"NODE_KEY",
						"OP_START_TIME",
						"NODE_RESULT",
						"REJECT_LVL"
					],
					"connection":[
						{
							"jdbcUrl":"jdbc:sqlserver://192.168.203.129:1433;DatabaseName=YGT;",
							"table":[
								"OPP_BUSI_NODE"
							]
						}
					],
					"password":"***********",
					"preSql":[
						"TRUNCATE TABLE OPP_BUSI_NODE"
					],
					"username":"sa"
				}
			}
		}
	],
	"setting":{
		"errorLimit":{
			"record":0
		},
		"speed":{
			"channel":20
		}
	}
}

2023-07-07 11:40:09.451 [main] WARN  Engine - prioriy set to 0, because NumberFormatException, the value is: null
2023-07-07 11:40:09.452 [main] INFO  PerfTrace - PerfTrace traceId=job_-1, isEnable=false, priority=0
2023-07-07 11:40:09.452 [main] INFO  JobContainer - DataX jobContainer starts job.
2023-07-07 11:40:09.453 [main] INFO  JobContainer - Set jobId = 0
2023-07-07 11:40:15.211 [job-0] INFO  OriginalConfPretreatmentUtil - Available jdbcUrl:jdbc:postgresql://10.201.65.21:30100/ygt.
2023-07-07 11:40:15.429 [job-0] INFO  OriginalConfPretreatmentUtil - table:[opp_busi_node] has columns:[task_id,b_sno,busi_code,oper_time,var_name,var_value,handler,remark,node_name,node_key,op_start_time,node_result,reject_lvl].
2023-07-07 11:40:15.546 [job-0] INFO  OriginalConfPretreatmentUtil - table:[OPP_BUSI_NODE] all columns:[
TASK_ID,B_SNO,BUSI_CODE,OPER_TIME,VAR_NAME,VAR_VALUE,HANDLER,REMARK,NODE_NAME,NODE_KEY,OP_START_TIME,NODE_RESULT,REJECT_LVL
].
2023-07-07 11:40:15.556 [job-0] INFO  OriginalConfPretreatmentUtil - Write data [
INSERT INTO %s (TASK_ID,B_SNO,BUSI_CODE,OPER_TIME,VAR_NAME,VAR_VALUE,HANDLER,REMARK,NODE_NAME,NODE_KEY,OP_START_TIME,NODE_RESULT,REJECT_LVL) VALUES(?,?,?,?,?,?,?,?,?,?,?,?,?)
], which jdbcUrl like:[jdbc:sqlserver://192.168.203.129:1433;DatabaseName=YGT;]
2023-07-07 11:40:15.556 [job-0] INFO  JobContainer - jobContainer starts to do prepare ...
2023-07-07 11:40:15.557 [job-0] INFO  JobContainer - DataX Reader.Job [postgresqlreader] do prepare work .
2023-07-07 11:40:15.557 [job-0] INFO  JobContainer - DataX Writer.Job [sqlserverwriter] do prepare work .
2023-07-07 11:40:15.566 [job-0] INFO  CommonRdbmsWriter$Job - Begin to execute preSqls:[TRUNCATE TABLE OPP_BUSI_NODE]. context info:jdbc:sqlserver://192.168.203.129:1433;DatabaseName=YGT;.
2023-07-07 11:40:15.567 [job-0] INFO  JobContainer - jobContainer starts to do split ...
2023-07-07 11:40:15.567 [job-0] INFO  JobContainer - Job set Channel-Number to 20 channels.
2023-07-07 11:40:15.569 [job-0] INFO  JobContainer - DataX Reader.Job [postgresqlreader] splits to [1] tasks.
2023-07-07 11:40:15.569 [job-0] INFO  JobContainer - DataX Writer.Job [sqlserverwriter] splits to [1] tasks.
2023-07-07 11:40:15.580 [job-0] INFO  JobContainer - jobContainer starts to do schedule ...
2023-07-07 11:40:15.582 [job-0] INFO  JobContainer - Scheduler starts [1] taskGroups.
2023-07-07 11:40:15.583 [job-0] INFO  JobContainer - Running by standalone Mode.
2023-07-07 11:40:15.587 [taskGroup-0] INFO  TaskGroupContainer - taskGroupId=[0] start [1] channels for [1] tasks.
2023-07-07 11:40:15.589 [taskGroup-0] INFO  Channel - Channel set byte_speed_limit to -1, No bps activated.
2023-07-07 11:40:15.589 [taskGroup-0] INFO  Channel - Channel set record_speed_limit to -1, No tps activated.
2023-07-07 11:40:15.595 [taskGroup-0] INFO  TaskGroupContainer - taskGroup[0] taskId[0] attemptCount[1] is started
2023-07-07 11:40:15.598 [0-0-0-reader] INFO  CommonRdbmsReader$Task - Begin to read record by Sql: [select task_id,b_sno,busi_code,oper_time,var_name,var_value,handler,remark,node_name,node_key,op_start_time,node_result,reject_lvl from opp_busi_node 
] jdbcUrl:[jdbc:postgresql://10.201.65.21:30100/ygt].
2023-07-07 11:40:16.421 [0-0-0-reader] INFO  CommonRdbmsReader$Task - Finished read record by Sql: [select task_id,b_sno,busi_code,oper_time,var_name,var_value,handler,remark,node_name,node_key,op_start_time,node_result,reject_lvl from opp_busi_node 
] jdbcUrl:[jdbc:postgresql://10.201.65.21:30100/ygt].
2023-07-07 11:40:16.711 [taskGroup-0] INFO  TaskGroupContainer - taskGroup[0] taskId[0] is successed, used[1117]ms
2023-07-07 11:40:16.711 [taskGroup-0] INFO  TaskGroupContainer - taskGroup[0] completed it's tasks.
2023-07-07 11:40:25.601 [job-0] INFO  StandAloneJobContainerCommunicator - Total 809 records, 83009 bytes | Speed 8.11KB/s, 80 records/s | Error 0 records, 0 bytes |  All Task WaitWriterTime 0.001s |  All Task WaitReaderTime 0.803s | Percentage 100.00%
2023-07-07 11:40:25.601 [job-0] INFO  AbstractScheduler - Scheduler accomplished all tasks.
2023-07-07 11:40:25.601 [job-0] INFO  JobContainer - DataX Writer.Job [sqlserverwriter] do post work.
2023-07-07 11:40:25.601 [job-0] INFO  JobContainer - DataX Reader.Job [postgresqlreader] do post work.
2023-07-07 11:40:25.601 [job-0] INFO  JobContainer - DataX jobId [0] completed successfully.
2023-07-07 11:40:25.602 [job-0] INFO  HookInvoker - No hook invoked, because base dir not exists or is a file: C:\Users\xT\PycharmProjects\Migration\datax\hook
2023-07-07 11:40:25.603 [job-0] INFO  JobContainer - 
	 [total cpu info] => 
		averageCpu                     | maxDeltaCpu                    | minDeltaCpu                    
		-1.00%                         | -1.00%                         | -1.00%
                        

	 [total gc info] => 
		 NAME                 | totalGCCount       | maxDeltaGCCount    | minDeltaGCCount    | totalGCTime        | maxDeltaGCTime     | minDeltaGCTime     
		 PS MarkSweep         | 0                  | 0                  | 0                  | 0.000s             | 0.000s             | 0.000s             
		 PS Scavenge          | 0                  | 0                  | 0                  | 0.000s             | 0.000s             | 0.000s             

2023-07-07 11:40:25.603 [job-0] INFO  JobContainer - PerfTrace not enable!
2023-07-07 11:40:25.603 [job-0] INFO  StandAloneJobContainerCommunicator - Total 809 records, 83009 bytes | Speed 8.11KB/s, 80 records/s | Error 0 records, 0 bytes |  All Task WaitWriterTime 0.001s |  All Task WaitReaderTime 0.803s | Percentage 100.00%
2023-07-07 11:40:25.604 [job-0] INFO  JobContainer - 
任务启动时刻                    : 2023-07-07 11:40:09
任务结束时刻                    : 2023-07-07 11:40:25
任务总计耗时                    :                 16s
任务平均流量                    :            8.11KB/s
记录写入速度                    :             80rec/s
读出记录总数                    :                 809
读写失败总数                    :                   0

