2023-07-07 12:33:47.557 [main] INFO  MessageSource - JVM TimeZone: GMT+08:00, Locale: zh_CN
2023-07-07 12:33:47.559 [main] INFO  MessageSource - use Locale: zh_CN timeZone: sun.util.calendar.ZoneInfo[id="GMT+08:00",offset=28800000,dstSavings=0,useDaylight=false,transitions=0,lastRule=null]
2023-07-07 12:33:47.569 [main] INFO  VMInfo - VMInfo# operatingSystem class => sun.management.OperatingSystemImpl
2023-07-07 12:33:47.572 [main] INFO  Engine - the machine info  => 

	osInfo:	Oracle Corporation 1.8 25.192-b12
	jvmInfo:	Windows 10 amd64 10.0
	cpu num:	16

	totalPhysicalMemory:	-0.00G
	freePhysicalMemory:	-0.00G
	maxFileDescriptorCount:	-1
	currentOpenFileDescriptorCount:	-1

	GC Names	[PS MarkSweep, PS Scavenge]

	MEMORY_NAME                    | allocation_size                | init_size                      
	PS Eden Space                  | 256.00MB                       | 256.00MB                       
	Code Cache                     | 240.00MB                       | 2.44MB                         
	Compressed Class Space         | 1,024.00MB                     | 0.00MB                         
	PS Survivor Space              | 42.50MB                        | 42.50MB                        
	PS Old Gen                     | 683.00MB                       | 683.00MB                       
	Metaspace                      | -0.00MB                        | 0.00MB                         


2023-07-07 12:33:47.587 [main] INFO  Engine - 
{
	"content":[
		{
			"reader":{
				"name":"postgresqlreader",
				"parameter":{
					"column":[
						"serial_no",
						"occur_time",
						"occur_date",
						"op_code",
						"channel",
						"bus_code",
						"bus_name",
						"data_op_type",
						"old_data",
						"new_data",
						"data_op_status",
						"error_message",
						"error_code",
						"sys_code",
						"sys_serial_no",
						"sys_user_code",
						"op_site",
						"f_yzt_channel",
						"remark",
						"exec_times",
						"menu_id",
						"menu_name"
					],
					"connection":[
						{
							"jdbcUrl":[
								"jdbc:postgresql://10.201.65.21:30100/ygt"
							],
							"table":[
								"upm_opt_log"
							]
						}
					],
					"password":"************",
					"splitPk":"",
					"username":"ygt"
				}
			},
			"writer":{
				"name":"sqlserverwriter",
				"parameter":{
					"column":[
						"SERIAL_NO",
						"OCCUR_TIME",
						"OCCUR_DATE",
						"OP_CODE",
						"CHANNEL",
						"BUS_CODE",
						"BUS_NAME",
						"DATA_OP_TYPE",
						"OLD_DATA",
						"NEW_DATA",
						"DATA_OP_STATUS",
						"ERROR_MESSAGE",
						"ERROR_CODE",
						"SYS_CODE",
						"SYS_SERIAL_NO",
						"SYS_USER_CODE",
						"OP_SITE",
						"F_YZT_CHANNEL",
						"REMARK",
						"EXEC_TIMES",
						"MENU_ID",
						"MENU_NAME"
					],
					"connection":[
						{
							"jdbcUrl":"jdbc:sqlserver://192.168.203.129:1433;DatabaseName=YGT;",
							"table":[
								"UPM_OPT_LOG"
							]
						}
					],
					"password":"***********",
					"preSql":[
						"TRUNCATE TABLE UPM_OPT_LOG"
					],
					"username":"sa"
				}
			}
		}
	],
	"setting":{
		"errorLimit":{
			"record":0
		},
		"speed":{
			"channel":20
		}
	}
}

2023-07-07 12:33:47.599 [main] WARN  Engine - prioriy set to 0, because NumberFormatException, the value is: null
2023-07-07 12:33:47.601 [main] INFO  PerfTrace - PerfTrace traceId=job_-1, isEnable=false, priority=0
2023-07-07 12:33:47.601 [main] INFO  JobContainer - DataX jobContainer starts job.
2023-07-07 12:33:47.602 [main] INFO  JobContainer - Set jobId = 0
2023-07-07 12:33:54.040 [job-0] INFO  OriginalConfPretreatmentUtil - Available jdbcUrl:jdbc:postgresql://10.201.65.21:30100/ygt.
2023-07-07 12:33:54.372 [job-0] INFO  OriginalConfPretreatmentUtil - table:[upm_opt_log] has columns:[serial_no,occur_time,occur_date,op_code,channel,bus_code,bus_name,data_op_type,old_data,new_data,data_op_status,error_message,error_code,sys_code,sys_serial_no,sys_user_code,op_site,f_yzt_channel,remark,exec_times,menu_id,menu_name].
2023-07-07 12:33:54.552 [job-0] INFO  OriginalConfPretreatmentUtil - table:[UPM_OPT_LOG] all columns:[
SERIAL_NO,OCCUR_TIME,OCCUR_DATE,OP_CODE,CHANNEL,BUS_CODE,BUS_NAME,DATA_OP_TYPE,OLD_DATA,NEW_DATA,DATA_OP_STATUS,ERROR_MESSAGE,ERROR_CODE,SYS_CODE,SYS_SERIAL_NO,SYS_USER_CODE,OP_SITE,F_YZT_CHANNEL,REMARK,EXEC_TIMES,MENU_ID,MENU_NAME
].
2023-07-07 12:33:54.567 [job-0] INFO  OriginalConfPretreatmentUtil - Write data [
INSERT INTO %s (SERIAL_NO,OCCUR_TIME,OCCUR_DATE,OP_CODE,CHANNEL,BUS_CODE,BUS_NAME,DATA_OP_TYPE,OLD_DATA,NEW_DATA,DATA_OP_STATUS,ERROR_MESSAGE,ERROR_CODE,SYS_CODE,SYS_SERIAL_NO,SYS_USER_CODE,OP_SITE,F_YZT_CHANNEL,REMARK,EXEC_TIMES,MENU_ID,MENU_NAME) VALUES(?,?,?,?,?,?,?,?,?,?,?,?,?,?,?,?,?,?,?,?,?,?)
], which jdbcUrl like:[jdbc:sqlserver://192.168.203.129:1433;DatabaseName=YGT;]
2023-07-07 12:33:54.568 [job-0] INFO  JobContainer - jobContainer starts to do prepare ...
2023-07-07 12:33:54.568 [job-0] INFO  JobContainer - DataX Reader.Job [postgresqlreader] do prepare work .
2023-07-07 12:33:54.568 [job-0] INFO  JobContainer - DataX Writer.Job [sqlserverwriter] do prepare work .
2023-07-07 12:33:54.624 [job-0] INFO  CommonRdbmsWriter$Job - Begin to execute preSqls:[TRUNCATE TABLE UPM_OPT_LOG]. context info:jdbc:sqlserver://192.168.203.129:1433;DatabaseName=YGT;.
2023-07-07 12:33:54.627 [job-0] INFO  JobContainer - jobContainer starts to do split ...
2023-07-07 12:33:54.628 [job-0] INFO  JobContainer - Job set Channel-Number to 20 channels.
2023-07-07 12:33:54.630 [job-0] INFO  JobContainer - DataX Reader.Job [postgresqlreader] splits to [1] tasks.
2023-07-07 12:33:54.630 [job-0] INFO  JobContainer - DataX Writer.Job [sqlserverwriter] splits to [1] tasks.
2023-07-07 12:33:54.647 [job-0] INFO  JobContainer - jobContainer starts to do schedule ...
2023-07-07 12:33:54.650 [job-0] INFO  JobContainer - Scheduler starts [1] taskGroups.
2023-07-07 12:33:54.652 [job-0] INFO  JobContainer - Running by standalone Mode.
2023-07-07 12:33:54.657 [taskGroup-0] INFO  TaskGroupContainer - taskGroupId=[0] start [1] channels for [1] tasks.
2023-07-07 12:33:54.660 [taskGroup-0] INFO  Channel - Channel set byte_speed_limit to -1, No bps activated.
2023-07-07 12:33:54.660 [taskGroup-0] INFO  Channel - Channel set record_speed_limit to -1, No tps activated.
2023-07-07 12:33:54.670 [taskGroup-0] INFO  TaskGroupContainer - taskGroup[0] taskId[0] attemptCount[1] is started
2023-07-07 12:33:54.674 [0-0-0-reader] INFO  CommonRdbmsReader$Task - Begin to read record by Sql: [select serial_no,occur_time,occur_date,op_code,channel,bus_code,bus_name,data_op_type,old_data,new_data,data_op_status,error_message,error_code,sys_code,sys_serial_no,sys_user_code,op_site,f_yzt_channel,remark,exec_times,menu_id,menu_name from upm_opt_log 
] jdbcUrl:[jdbc:postgresql://10.201.65.21:30100/ygt].
2023-07-07 12:34:04.683 [job-0] INFO  StandAloneJobContainerCommunicator - Total 0 records, 0 bytes | Speed 0B/s, 0 records/s | Error 0 records, 0 bytes |  All Task WaitWriterTime 0.000s |  All Task WaitReaderTime 0.000s | Percentage 0.00%
2023-07-07 12:34:14.691 [job-0] INFO  StandAloneJobContainerCommunicator - Total 5984 records, 7061424 bytes | Speed 689.59KB/s, 598 records/s | Error 0 records, 0 bytes |  All Task WaitWriterTime 0.581s |  All Task WaitReaderTime 7.659s | Percentage 0.00%
2023-07-07 12:34:24.701 [job-0] INFO  StandAloneJobContainerCommunicator - Total 6976 records, 8803680 bytes | Speed 170.14KB/s, 99 records/s | Error 0 records, 0 bytes |  All Task WaitWriterTime 0.725s |  All Task WaitReaderTime 11.194s | Percentage 0.00%
2023-07-07 12:34:34.712 [job-0] INFO  StandAloneJobContainerCommunicator - Total 14848 records, 16042620 bytes | Speed 706.93KB/s, 787 records/s | Error 0 records, 0 bytes |  All Task WaitWriterTime 1.945s |  All Task WaitReaderTime 27.918s | Percentage 0.00%
2023-07-07 12:34:44.717 [job-0] INFO  StandAloneJobContainerCommunicator - Total 25984 records, 31629299 bytes | Speed 1.49MB/s, 1113 records/s | Error 0 records, 0 bytes |  All Task WaitWriterTime 2.631s |  All Task WaitReaderTime 35.790s | Percentage 0.00%
2023-07-07 12:34:54.730 [job-0] INFO  StandAloneJobContainerCommunicator - Total 40992 records, 46853817 bytes | Speed 1.45MB/s, 1500 records/s | Error 0 records, 0 bytes |  All Task WaitWriterTime 2.891s |  All Task WaitReaderTime 43.858s | Percentage 0.00%
2023-07-07 12:35:04.735 [job-0] INFO  StandAloneJobContainerCommunicator - Total 56992 records, 59655185 bytes | Speed 1.22MB/s, 1600 records/s | Error 0 records, 0 bytes |  All Task WaitWriterTime 4.044s |  All Task WaitReaderTime 52.737s | Percentage 0.00%
2023-07-07 12:35:14.747 [job-0] INFO  StandAloneJobContainerCommunicator - Total 69984 records, 74522379 bytes | Speed 1.42MB/s, 1299 records/s | Error 0 records, 0 bytes |  All Task WaitWriterTime 4.745s |  All Task WaitReaderTime 61.460s | Percentage 0.00%
2023-07-07 12:35:24.759 [job-0] INFO  StandAloneJobContainerCommunicator - Total 78976 records, 91390684 bytes | Speed 1.61MB/s, 899 records/s | Error 0 records, 0 bytes |  All Task WaitWriterTime 4.745s |  All Task WaitReaderTime 69.999s | Percentage 0.00%
2023-07-07 12:35:31.632 [0-0-0-reader] INFO  CommonRdbmsReader$Task - Finished read record by Sql: [select serial_no,occur_time,occur_date,op_code,channel,bus_code,bus_name,data_op_type,old_data,new_data,data_op_status,error_message,error_code,sys_code,sys_serial_no,sys_user_code,op_site,f_yzt_channel,remark,exec_times,menu_id,menu_name from upm_opt_log 
] jdbcUrl:[jdbc:postgresql://10.201.65.21:30100/ygt].
2023-07-07 12:35:31.747 [taskGroup-0] INFO  TaskGroupContainer - taskGroup[0] taskId[0] is successed, used[97078]ms
2023-07-07 12:35:31.747 [taskGroup-0] INFO  TaskGroupContainer - taskGroup[0] completed it's tasks.
2023-07-07 12:35:34.762 [job-0] INFO  StandAloneJobContainerCommunicator - Total 98336 records, 112684408 bytes | Speed 2.03MB/s, 1936 records/s | Error 0 records, 0 bytes |  All Task WaitWriterTime 6.301s |  All Task WaitReaderTime 85.091s | Percentage 100.00%
2023-07-07 12:35:34.762 [job-0] INFO  AbstractScheduler - Scheduler accomplished all tasks.
2023-07-07 12:35:34.762 [job-0] INFO  JobContainer - DataX Writer.Job [sqlserverwriter] do post work.
2023-07-07 12:35:34.763 [job-0] INFO  JobContainer - DataX Reader.Job [postgresqlreader] do post work.
2023-07-07 12:35:34.763 [job-0] INFO  JobContainer - DataX jobId [0] completed successfully.
2023-07-07 12:35:34.763 [job-0] INFO  HookInvoker - No hook invoked, because base dir not exists or is a file: C:\Users\xT\PycharmProjects\Migration\datax\hook
2023-07-07 12:35:34.764 [job-0] INFO  JobContainer - 
	 [total cpu info] => 
		averageCpu                     | maxDeltaCpu                    | minDeltaCpu                    
		-1.00%                         | -1.00%                         | -1.00%
                        

	 [total gc info] => 
		 NAME                 | totalGCCount       | maxDeltaGCCount    | minDeltaGCCount    | totalGCTime        | maxDeltaGCTime     | minDeltaGCTime     
		 PS MarkSweep         | 0                  | 0                  | 0                  | 0.000s             | 0.000s             | 0.000s             
		 PS Scavenge          | 7                  | 7                  | 7                  | 0.071s             | 0.071s             | 0.071s             

2023-07-07 12:35:34.764 [job-0] INFO  JobContainer - PerfTrace not enable!
2023-07-07 12:35:34.764 [job-0] INFO  StandAloneJobContainerCommunicator - Total 98336 records, 112684408 bytes | Speed 1.07MB/s, 983 records/s | Error 0 records, 0 bytes |  All Task WaitWriterTime 6.301s |  All Task WaitReaderTime 85.091s | Percentage 100.00%
2023-07-07 12:35:34.765 [job-0] INFO  JobContainer - 
任务启动时刻                    : 2023-07-07 12:33:47
任务结束时刻                    : 2023-07-07 12:35:34
任务总计耗时                    :                107s
任务平均流量                    :            1.07MB/s
记录写入速度                    :            983rec/s
读出记录总数                    :               98336
读写失败总数                    :                   0

