2023-07-07 12:36:11.112 [main] INFO  MessageSource - JVM TimeZone: GMT+08:00, Locale: zh_CN
2023-07-07 12:36:11.113 [main] INFO  MessageSource - use Locale: zh_CN timeZone: sun.util.calendar.ZoneInfo[id="GMT+08:00",offset=28800000,dstSavings=0,useDaylight=false,transitions=0,lastRule=null]
2023-07-07 12:36:11.120 [main] INFO  VMInfo - VMInfo# operatingSystem class => sun.management.OperatingSystemImpl
2023-07-07 12:36:11.123 [main] INFO  Engine - the machine info  => 

	osInfo:	Oracle Corporation 1.8 25.192-b12
	jvmInfo:	Windows 10 amd64 10.0
	cpu num:	16

	totalPhysicalMemory:	-0.00G
	freePhysicalMemory:	-0.00G
	maxFileDescriptorCount:	-1
	currentOpenFileDescriptorCount:	-1

	GC Names	[PS MarkSweep, PS Scavenge]

	MEMORY_NAME                    | allocation_size                | init_size                      
	PS Eden Space                  | 256.00MB                       | 256.00MB                       
	Code Cache                     | 240.00MB                       | 2.44MB                         
	Compressed Class Space         | 1,024.00MB                     | 0.00MB                         
	PS Survivor Space              | 42.50MB                        | 42.50MB                        
	PS Old Gen                     | 683.00MB                       | 683.00MB                       
	Metaspace                      | -0.00MB                        | 0.00MB                         


2023-07-07 12:36:11.136 [main] INFO  Engine - 
{
	"content":[
		{
			"reader":{
				"name":"postgresqlreader",
				"parameter":{
					"column":[
						"task_id",
						"rev",
						"execution_id",
						"proc_inst_id",
						"proc_def_id",
						"tname",
						"parent_task_id",
						"description",
						"task_def_key",
						"towner",
						"tassignee",
						"delegation",
						"tpriority",
						"due_date",
						"suspension_state",
						"create_time",
						"pre_user_task",
						"pre_task_assignee"
					],
					"connection":[
						{
							"jdbcUrl":[
								"jdbc:postgresql://10.201.65.21:30100/ygt"
							],
							"table":[
								"uwk_ru_task"
							]
						}
					],
					"password":"************",
					"splitPk":"",
					"username":"ygt"
				}
			},
			"writer":{
				"name":"sqlserverwriter",
				"parameter":{
					"column":[
						"TASK_ID",
						"REV",
						"EXECUTION_ID",
						"PROC_INST_ID",
						"PROC_DEF_ID",
						"TNAME",
						"PARENT_TASK_ID",
						"DESCRIPTION",
						"TASK_DEF_KEY",
						"TOWNER",
						"TASSIGNEE",
						"DELEGATION",
						"TPRIORITY",
						"DUE_DATE",
						"SUSPENSION_STATE",
						"CREATE_TIME",
						"PRE_USER_TASK",
						"PRE_TASK_ASSIGNEE"
					],
					"connection":[
						{
							"jdbcUrl":"jdbc:sqlserver://192.168.203.129:1433;DatabaseName=YGT;",
							"table":[
								"UWK_RU_TASK"
							]
						}
					],
					"password":"***********",
					"preSql":[
						"TRUNCATE TABLE UWK_RU_TASK"
					],
					"username":"sa"
				}
			}
		}
	],
	"setting":{
		"errorLimit":{
			"record":0
		},
		"speed":{
			"channel":20
		}
	}
}

2023-07-07 12:36:11.146 [main] WARN  Engine - prioriy set to 0, because NumberFormatException, the value is: null
2023-07-07 12:36:11.147 [main] INFO  PerfTrace - PerfTrace traceId=job_-1, isEnable=false, priority=0
2023-07-07 12:36:11.147 [main] INFO  JobContainer - DataX jobContainer starts job.
2023-07-07 12:36:11.148 [main] INFO  JobContainer - Set jobId = 0
2023-07-07 12:36:16.974 [job-0] INFO  OriginalConfPretreatmentUtil - Available jdbcUrl:jdbc:postgresql://10.201.65.21:30100/ygt.
2023-07-07 12:36:17.559 [job-0] INFO  OriginalConfPretreatmentUtil - table:[uwk_ru_task] has columns:[task_id,rev,execution_id,proc_inst_id,proc_def_id,tname,parent_task_id,description,task_def_key,towner,tassignee,delegation,tpriority,due_date,suspension_state,create_time,pre_user_task,pre_task_assignee].
2023-07-07 12:36:17.724 [job-0] INFO  OriginalConfPretreatmentUtil - table:[UWK_RU_TASK] all columns:[
TASK_ID,REV,EXECUTION_ID,PROC_INST_ID,PROC_DEF_ID,TNAME,PARENT_TASK_ID,DESCRIPTION,TASK_DEF_KEY,TOWNER,TASSIGNEE,DELEGATION,TPRIORITY,DUE_DATE,SUSPENSION_STATE,CREATE_TIME,PRE_USER_TASK,PRE_TASK_ASSIGNEE
].
2023-07-07 12:36:17.766 [job-0] INFO  OriginalConfPretreatmentUtil - Write data [
INSERT INTO %s (TASK_ID,REV,EXECUTION_ID,PROC_INST_ID,PROC_DEF_ID,TNAME,PARENT_TASK_ID,DESCRIPTION,TASK_DEF_KEY,TOWNER,TASSIGNEE,DELEGATION,TPRIORITY,DUE_DATE,SUSPENSION_STATE,CREATE_TIME,PRE_USER_TASK,PRE_TASK_ASSIGNEE) VALUES(?,?,?,?,?,?,?,?,?,?,?,?,?,?,?,?,?,?)
], which jdbcUrl like:[jdbc:sqlserver://192.168.203.129:1433;DatabaseName=YGT;]
2023-07-07 12:36:17.767 [job-0] INFO  JobContainer - jobContainer starts to do prepare ...
2023-07-07 12:36:17.767 [job-0] INFO  JobContainer - DataX Reader.Job [postgresqlreader] do prepare work .
2023-07-07 12:36:17.767 [job-0] INFO  JobContainer - DataX Writer.Job [sqlserverwriter] do prepare work .
2023-07-07 12:36:17.778 [job-0] INFO  CommonRdbmsWriter$Job - Begin to execute preSqls:[TRUNCATE TABLE UWK_RU_TASK]. context info:jdbc:sqlserver://192.168.203.129:1433;DatabaseName=YGT;.
2023-07-07 12:36:17.784 [job-0] INFO  JobContainer - jobContainer starts to do split ...
2023-07-07 12:36:17.785 [job-0] INFO  JobContainer - Job set Channel-Number to 20 channels.
2023-07-07 12:36:17.786 [job-0] INFO  JobContainer - DataX Reader.Job [postgresqlreader] splits to [1] tasks.
2023-07-07 12:36:17.787 [job-0] INFO  JobContainer - DataX Writer.Job [sqlserverwriter] splits to [1] tasks.
2023-07-07 12:36:17.799 [job-0] INFO  JobContainer - jobContainer starts to do schedule ...
2023-07-07 12:36:17.802 [job-0] INFO  JobContainer - Scheduler starts [1] taskGroups.
2023-07-07 12:36:17.804 [job-0] INFO  JobContainer - Running by standalone Mode.
2023-07-07 12:36:17.808 [taskGroup-0] INFO  TaskGroupContainer - taskGroupId=[0] start [1] channels for [1] tasks.
2023-07-07 12:36:17.810 [taskGroup-0] INFO  Channel - Channel set byte_speed_limit to -1, No bps activated.
2023-07-07 12:36:17.810 [taskGroup-0] INFO  Channel - Channel set record_speed_limit to -1, No tps activated.
2023-07-07 12:36:17.818 [taskGroup-0] INFO  TaskGroupContainer - taskGroup[0] taskId[0] attemptCount[1] is started
2023-07-07 12:36:17.823 [0-0-0-reader] INFO  CommonRdbmsReader$Task - Begin to read record by Sql: [select task_id,rev,execution_id,proc_inst_id,proc_def_id,tname,parent_task_id,description,task_def_key,towner,tassignee,delegation,tpriority,due_date,suspension_state,create_time,pre_user_task,pre_task_assignee from uwk_ru_task 
] jdbcUrl:[jdbc:postgresql://10.201.65.21:30100/ygt].
2023-07-07 12:36:18.245 [0-0-0-reader] INFO  CommonRdbmsReader$Task - Finished read record by Sql: [select task_id,rev,execution_id,proc_inst_id,proc_def_id,tname,parent_task_id,description,task_def_key,towner,tassignee,delegation,tpriority,due_date,suspension_state,create_time,pre_user_task,pre_task_assignee from uwk_ru_task 
] jdbcUrl:[jdbc:postgresql://10.201.65.21:30100/ygt].
2023-07-07 12:36:18.482 [taskGroup-0] INFO  TaskGroupContainer - taskGroup[0] taskId[0] is successed, used[664]ms
2023-07-07 12:36:18.482 [taskGroup-0] INFO  TaskGroupContainer - taskGroup[0] completed it's tasks.
2023-07-07 12:36:27.829 [job-0] INFO  StandAloneJobContainerCommunicator - Total 122 records, 27101 bytes | Speed 2.65KB/s, 12 records/s | Error 0 records, 0 bytes |  All Task WaitWriterTime 0.000s |  All Task WaitReaderTime 0.386s | Percentage 100.00%
2023-07-07 12:36:27.829 [job-0] INFO  AbstractScheduler - Scheduler accomplished all tasks.
2023-07-07 12:36:27.829 [job-0] INFO  JobContainer - DataX Writer.Job [sqlserverwriter] do post work.
2023-07-07 12:36:27.829 [job-0] INFO  JobContainer - DataX Reader.Job [postgresqlreader] do post work.
2023-07-07 12:36:27.829 [job-0] INFO  JobContainer - DataX jobId [0] completed successfully.
2023-07-07 12:36:27.830 [job-0] INFO  HookInvoker - No hook invoked, because base dir not exists or is a file: C:\Users\xT\PycharmProjects\Migration\datax\hook
2023-07-07 12:36:27.831 [job-0] INFO  JobContainer - 
	 [total cpu info] => 
		averageCpu                     | maxDeltaCpu                    | minDeltaCpu                    
		-1.00%                         | -1.00%                         | -1.00%
                        

	 [total gc info] => 
		 NAME                 | totalGCCount       | maxDeltaGCCount    | minDeltaGCCount    | totalGCTime        | maxDeltaGCTime     | minDeltaGCTime     
		 PS MarkSweep         | 0                  | 0                  | 0                  | 0.000s             | 0.000s             | 0.000s             
		 PS Scavenge          | 0                  | 0                  | 0                  | 0.000s             | 0.000s             | 0.000s             

2023-07-07 12:36:27.831 [job-0] INFO  JobContainer - PerfTrace not enable!
2023-07-07 12:36:27.831 [job-0] INFO  StandAloneJobContainerCommunicator - Total 122 records, 27101 bytes | Speed 2.65KB/s, 12 records/s | Error 0 records, 0 bytes |  All Task WaitWriterTime 0.000s |  All Task WaitReaderTime 0.386s | Percentage 100.00%
2023-07-07 12:36:27.831 [job-0] INFO  JobContainer - 
任务启动时刻                    : 2023-07-07 12:36:11
任务结束时刻                    : 2023-07-07 12:36:27
任务总计耗时                    :                 16s
任务平均流量                    :            2.65KB/s
记录写入速度                    :             12rec/s
读出记录总数                    :                 122
读写失败总数                    :                   0

