2023-06-21 14:09:00.131 [main] INFO  MessageSource - JVM TimeZone: GMT+08:00, Locale: zh_CN
2023-06-21 14:09:00.134 [main] INFO  MessageSource - use Locale: zh_CN timeZone: sun.util.calendar.ZoneInfo[id="GMT+08:00",offset=28800000,dstSavings=0,useDaylight=false,transitions=0,lastRule=null]
2023-06-21 14:09:00.157 [main] INFO  VMInfo - VMInfo# operatingSystem class => sun.management.OperatingSystemImpl
2023-06-21 14:09:00.188 [main] INFO  Engine - the machine info  => 

	osInfo:	Oracle Corporation 1.8 25.192-b12
	jvmInfo:	Windows 10 amd64 10.0
	cpu num:	16

	totalPhysicalMemory:	-0.00G
	freePhysicalMemory:	-0.00G
	maxFileDescriptorCount:	-1
	currentOpenFileDescriptorCount:	-1

	GC Names	[PS MarkSweep, PS Scavenge]

	MEMORY_NAME                    | allocation_size                | init_size                      
	PS Eden Space                  | 256.00MB                       | 256.00MB                       
	Code Cache                     | 240.00MB                       | 2.44MB                         
	Compressed Class Space         | 1,024.00MB                     | 0.00MB                         
	PS Survivor Space              | 42.50MB                        | 42.50MB                        
	PS Old Gen                     | 683.00MB                       | 683.00MB                       
	Metaspace                      | -0.00MB                        | 0.00MB                         


2023-06-21 14:09:00.204 [main] INFO  Engine - 
{
	"content":[
		{
			"reader":{
				"name":"sqlserverreader",
				"parameter":{
					"column":[
						"BUS_CODE",
						"BUS_NAME",
						"BUS_TYPE",
						"ENABLE_SOAP",
						"ACCESS_CONTROL",
						"DATA_OP_TYPE",
						"REC_FLAG",
						"GENERAL_REVIEW_KEY",
						"LBM_CODE",
						"VALID_PERM",
						"ENABLE_REVIEW",
						"NO_LOG_FIELDS"
					],
					"connection":[
						{
							"jdbcUrl":[
								"jdbc:sqlserver://192.168.203.130:1433;DatabaseName=YGT;"
							],
							"table":[
								"UPM_SYS_FUNC"
							]
						}
					],
					"password":"***********",
					"splitPk":"",
					"username":"sa"
				}
			},
			"writer":{
				"name":"sqlserverwriter",
				"parameter":{
					"column":[
						"BUS_CODE",
						"BUS_NAME",
						"BUS_TYPE",
						"ENABLE_SOAP",
						"ACCESS_CONTROL",
						"DATA_OP_TYPE",
						"REC_FLAG",
						"GENERAL_REVIEW_KEY",
						"LBM_CODE",
						"VALID_PERM",
						"ENABLE_REVIEW",
						"NO_LOG_FIELDS"
					],
					"connection":[
						{
							"jdbcUrl":"jdbc:sqlserver://192.168.203.129:1433;DatabaseName=YGT;",
							"table":[
								"UPM_SYS_FUNC"
							]
						}
					],
					"password":"***********",
					"preSql":[
						"TRUNCATE TABLE UPM_SYS_FUNC"
					],
					"username":"sa"
				}
			}
		}
	],
	"setting":{
		"errorLimit":{
			"record":0
		},
		"speed":{
			"channel":20
		}
	}
}

2023-06-21 14:09:00.217 [main] WARN  Engine - prioriy set to 0, because NumberFormatException, the value is: null
2023-06-21 14:09:00.218 [main] INFO  PerfTrace - PerfTrace traceId=job_-1, isEnable=false, priority=0
2023-06-21 14:09:00.218 [main] INFO  JobContainer - DataX jobContainer starts job.
2023-06-21 14:09:00.220 [main] INFO  JobContainer - Set jobId = 0
2023-06-21 14:09:06.180 [job-0] INFO  OriginalConfPretreatmentUtil - Available jdbcUrl:jdbc:sqlserver://192.168.203.130:1433;DatabaseName=YGT;.
2023-06-21 14:09:06.213 [job-0] INFO  OriginalConfPretreatmentUtil - table:[UPM_SYS_FUNC] has columns:[BUS_CODE,BUS_NAME,BUS_TYPE,ENABLE_SOAP,ACCESS_CONTROL,DATA_OP_TYPE,REC_FLAG,GENERAL_REVIEW_KEY,LBM_CODE,VALID_PERM,ENABLE_REVIEW,NO_LOG_FIELDS].
2023-06-21 14:09:06.326 [job-0] INFO  OriginalConfPretreatmentUtil - table:[UPM_SYS_FUNC] all columns:[
BUS_CODE,BUS_NAME,BUS_TYPE,ENABLE_SOAP,ACCESS_CONTROL,DATA_OP_TYPE,REC_FLAG,GENERAL_REVIEW_KEY,LBM_CODE,VALID_PERM,ENABLE_REVIEW,NO_LOG_FIELDS
].
2023-06-21 14:09:06.335 [job-0] INFO  OriginalConfPretreatmentUtil - Write data [
INSERT INTO %s (BUS_CODE,BUS_NAME,BUS_TYPE,ENABLE_SOAP,ACCESS_CONTROL,DATA_OP_TYPE,REC_FLAG,GENERAL_REVIEW_KEY,LBM_CODE,VALID_PERM,ENABLE_REVIEW,NO_LOG_FIELDS) VALUES(?,?,?,?,?,?,?,?,?,?,?,?)
], which jdbcUrl like:[jdbc:sqlserver://192.168.203.129:1433;DatabaseName=YGT;]
2023-06-21 14:09:06.335 [job-0] INFO  JobContainer - jobContainer starts to do prepare ...
2023-06-21 14:09:06.335 [job-0] INFO  JobContainer - DataX Reader.Job [sqlserverreader] do prepare work .
2023-06-21 14:09:06.336 [job-0] INFO  JobContainer - DataX Writer.Job [sqlserverwriter] do prepare work .
2023-06-21 14:09:06.345 [job-0] INFO  CommonRdbmsWriter$Job - Begin to execute preSqls:[TRUNCATE TABLE UPM_SYS_FUNC]. context info:jdbc:sqlserver://192.168.203.129:1433;DatabaseName=YGT;.
2023-06-21 14:09:06.347 [job-0] INFO  JobContainer - jobContainer starts to do split ...
2023-06-21 14:09:06.347 [job-0] INFO  JobContainer - Job set Channel-Number to 20 channels.
2023-06-21 14:09:06.349 [job-0] INFO  JobContainer - DataX Reader.Job [sqlserverreader] splits to [1] tasks.
2023-06-21 14:09:06.350 [job-0] INFO  JobContainer - DataX Writer.Job [sqlserverwriter] splits to [1] tasks.
2023-06-21 14:09:06.382 [job-0] INFO  JobContainer - jobContainer starts to do schedule ...
2023-06-21 14:09:06.386 [job-0] INFO  JobContainer - Scheduler starts [1] taskGroups.
2023-06-21 14:09:06.387 [job-0] INFO  JobContainer - Running by standalone Mode.
2023-06-21 14:09:06.409 [taskGroup-0] INFO  TaskGroupContainer - taskGroupId=[0] start [1] channels for [1] tasks.
2023-06-21 14:09:06.421 [taskGroup-0] INFO  Channel - Channel set byte_speed_limit to -1, No bps activated.
2023-06-21 14:09:06.421 [taskGroup-0] INFO  Channel - Channel set record_speed_limit to -1, No tps activated.
2023-06-21 14:09:06.428 [taskGroup-0] INFO  TaskGroupContainer - taskGroup[0] taskId[0] attemptCount[1] is started
2023-06-21 14:09:06.437 [0-0-0-reader] INFO  CommonRdbmsReader$Task - Begin to read record by Sql: [select BUS_CODE,BUS_NAME,BUS_TYPE,ENABLE_SOAP,ACCESS_CONTROL,DATA_OP_TYPE,REC_FLAG,GENERAL_REVIEW_KEY,LBM_CODE,VALID_PERM,ENABLE_REVIEW,NO_LOG_FIELDS from UPM_SYS_FUNC 
] jdbcUrl:[jdbc:sqlserver://192.168.203.130:1433;DatabaseName=YGT;].
2023-06-21 14:09:06.792 [0-0-0-reader] INFO  CommonRdbmsReader$Task - Finished read record by Sql: [select BUS_CODE,BUS_NAME,BUS_TYPE,ENABLE_SOAP,ACCESS_CONTROL,DATA_OP_TYPE,REC_FLAG,GENERAL_REVIEW_KEY,LBM_CODE,VALID_PERM,ENABLE_REVIEW,NO_LOG_FIELDS from UPM_SYS_FUNC 
] jdbcUrl:[jdbc:sqlserver://192.168.203.130:1433;DatabaseName=YGT;].
2023-06-21 14:09:07.085 [taskGroup-0] INFO  TaskGroupContainer - taskGroup[0] taskId[0] is successed, used[658]ms
2023-06-21 14:09:07.086 [taskGroup-0] INFO  TaskGroupContainer - taskGroup[0] completed it's tasks.
2023-06-21 14:09:16.437 [job-0] INFO  StandAloneJobContainerCommunicator - Total 3202 records, 90282 bytes | Speed 8.82KB/s, 320 records/s | Error 0 records, 0 bytes |  All Task WaitWriterTime 0.226s |  All Task WaitReaderTime 0.070s | Percentage 100.00%
2023-06-21 14:09:16.438 [job-0] INFO  AbstractScheduler - Scheduler accomplished all tasks.
2023-06-21 14:09:16.438 [job-0] INFO  JobContainer - DataX Writer.Job [sqlserverwriter] do post work.
2023-06-21 14:09:16.438 [job-0] INFO  JobContainer - DataX Reader.Job [sqlserverreader] do post work.
2023-06-21 14:09:16.438 [job-0] INFO  JobContainer - DataX jobId [0] completed successfully.
2023-06-21 14:09:16.439 [job-0] INFO  HookInvoker - No hook invoked, because base dir not exists or is a file: C:\Users\xT\PycharmProjects\Migration\datax\hook
2023-06-21 14:09:16.439 [job-0] INFO  JobContainer - 
	 [total cpu info] => 
		averageCpu                     | maxDeltaCpu                    | minDeltaCpu                    
		-1.00%                         | -1.00%                         | -1.00%
                        

	 [total gc info] => 
		 NAME                 | totalGCCount       | maxDeltaGCCount    | minDeltaGCCount    | totalGCTime        | maxDeltaGCTime     | minDeltaGCTime     
		 PS MarkSweep         | 0                  | 0                  | 0                  | 0.000s             | 0.000s             | 0.000s             
		 PS Scavenge          | 0                  | 0                  | 0                  | 0.000s             | 0.000s             | 0.000s             

2023-06-21 14:09:16.440 [job-0] INFO  JobContainer - PerfTrace not enable!
2023-06-21 14:09:16.440 [job-0] INFO  StandAloneJobContainerCommunicator - Total 3202 records, 90282 bytes | Speed 8.82KB/s, 320 records/s | Error 0 records, 0 bytes |  All Task WaitWriterTime 0.226s |  All Task WaitReaderTime 0.070s | Percentage 100.00%
2023-06-21 14:09:16.440 [job-0] INFO  JobContainer - 
任务启动时刻                    : 2023-06-21 14:09:00
任务结束时刻                    : 2023-06-21 14:09:16
任务总计耗时                    :                 16s
任务平均流量                    :            8.82KB/s
记录写入速度                    :            320rec/s
读出记录总数                    :                3202
读写失败总数                    :                   0

