2023-07-07 11:38:32.800 [main] INFO  MessageSource - JVM TimeZone: GMT+08:00, Locale: zh_CN
2023-07-07 11:38:32.803 [main] INFO  MessageSource - use Locale: zh_CN timeZone: sun.util.calendar.ZoneInfo[id="GMT+08:00",offset=28800000,dstSavings=0,useDaylight=false,transitions=0,lastRule=null]
2023-07-07 11:38:32.812 [main] INFO  VMInfo - VMInfo# operatingSystem class => sun.management.OperatingSystemImpl
2023-07-07 11:38:32.817 [main] INFO  Engine - the machine info  => 

	osInfo:	Oracle Corporation 1.8 25.192-b12
	jvmInfo:	Windows 10 amd64 10.0
	cpu num:	16

	totalPhysicalMemory:	-0.00G
	freePhysicalMemory:	-0.00G
	maxFileDescriptorCount:	-1
	currentOpenFileDescriptorCount:	-1

	GC Names	[PS MarkSweep, PS Scavenge]

	MEMORY_NAME                    | allocation_size                | init_size                      
	PS Eden Space                  | 256.00MB                       | 256.00MB                       
	Code Cache                     | 240.00MB                       | 2.44MB                         
	Compressed Class Space         | 1,024.00MB                     | 0.00MB                         
	PS Survivor Space              | 42.50MB                        | 42.50MB                        
	PS Old Gen                     | 683.00MB                       | 683.00MB                       
	Metaspace                      | -0.00MB                        | 0.00MB                         


2023-07-07 11:38:32.835 [main] INFO  Engine - 
{
	"content":[
		{
			"reader":{
				"name":"postgresqlreader",
				"parameter":{
					"column":[
						"job_id",
						"rev",
						"job_type",
						"lock_exp_time",
						"lock_owner",
						"job_exclusive",
						"execution_id",
						"process_instance_id",
						"proc_def_id",
						"retries",
						"exception_msg",
						"exception_stack_id",
						"duedate",
						"repeat",
						"handler_type",
						"handler_cfg",
						"create_time"
					],
					"connection":[
						{
							"jdbcUrl":[
								"jdbc:postgresql://10.201.65.21:30100/ygt"
							],
							"table":[
								"uwk_ru_job"
							]
						}
					],
					"password":"************",
					"splitPk":"",
					"username":"ygt"
				}
			},
			"writer":{
				"name":"sqlserverwriter",
				"parameter":{
					"column":[
						"JOB_ID",
						"REV",
						"JOB_TYPE",
						"LOCK_EXP_TIME",
						"LOCK_OWNER",
						"JOB_EXCLUSIVE",
						"EXECUTION_ID",
						"PROCESS_INSTANCE_ID",
						"PROC_DEF_ID",
						"RETRIES",
						"EXCEPTION_MSG",
						"EXCEPTION_STACK_ID",
						"DUEDATE",
						"REPEAT",
						"HANDLER_TYPE",
						"HANDLER_CFG",
						"CREATE_TIME"
					],
					"connection":[
						{
							"jdbcUrl":"jdbc:sqlserver://192.168.203.129:1433;DatabaseName=YGT;",
							"table":[
								"UWK_RU_JOB"
							]
						}
					],
					"password":"***********",
					"preSql":[
						"TRUNCATE TABLE UWK_RU_JOB"
					],
					"username":"sa"
				}
			}
		}
	],
	"setting":{
		"errorLimit":{
			"record":0
		},
		"speed":{
			"channel":20
		}
	}
}

2023-07-07 11:38:32.849 [main] WARN  Engine - prioriy set to 0, because NumberFormatException, the value is: null
2023-07-07 11:38:32.850 [main] INFO  PerfTrace - PerfTrace traceId=job_-1, isEnable=false, priority=0
2023-07-07 11:38:32.850 [main] INFO  JobContainer - DataX jobContainer starts job.
2023-07-07 11:38:32.852 [main] INFO  JobContainer - Set jobId = 0
2023-07-07 11:38:39.122 [job-0] INFO  OriginalConfPretreatmentUtil - Available jdbcUrl:jdbc:postgresql://10.201.65.21:30100/ygt.
2023-07-07 11:38:39.695 [job-0] INFO  OriginalConfPretreatmentUtil - table:[uwk_ru_job] has columns:[job_id,rev,job_type,lock_exp_time,lock_owner,job_exclusive,execution_id,process_instance_id,proc_def_id,retries,exception_msg,exception_stack_id,duedate,repeat,handler_type,handler_cfg,create_time].
2023-07-07 11:38:39.854 [job-0] INFO  OriginalConfPretreatmentUtil - table:[UWK_RU_JOB] all columns:[
JOB_ID,REV,JOB_TYPE,LOCK_EXP_TIME,LOCK_OWNER,JOB_EXCLUSIVE,EXECUTION_ID,PROCESS_INSTANCE_ID,PROC_DEF_ID,RETRIES,EXCEPTION_MSG,EXCEPTION_STACK_ID,DUEDATE,REPEAT,HANDLER_TYPE,HANDLER_CFG,CREATE_TIME
].
2023-07-07 11:38:39.870 [job-0] INFO  OriginalConfPretreatmentUtil - Write data [
INSERT INTO %s (JOB_ID,REV,JOB_TYPE,LOCK_EXP_TIME,LOCK_OWNER,JOB_EXCLUSIVE,EXECUTION_ID,PROCESS_INSTANCE_ID,PROC_DEF_ID,RETRIES,EXCEPTION_MSG,EXCEPTION_STACK_ID,DUEDATE,REPEAT,HANDLER_TYPE,HANDLER_CFG,CREATE_TIME) VALUES(?,?,?,?,?,?,?,?,?,?,?,?,?,?,?,?,?)
], which jdbcUrl like:[jdbc:sqlserver://192.168.203.129:1433;DatabaseName=YGT;]
2023-07-07 11:38:39.871 [job-0] INFO  JobContainer - jobContainer starts to do prepare ...
2023-07-07 11:38:39.871 [job-0] INFO  JobContainer - DataX Reader.Job [postgresqlreader] do prepare work .
2023-07-07 11:38:39.871 [job-0] INFO  JobContainer - DataX Writer.Job [sqlserverwriter] do prepare work .
2023-07-07 11:38:39.885 [job-0] INFO  CommonRdbmsWriter$Job - Begin to execute preSqls:[TRUNCATE TABLE UWK_RU_JOB]. context info:jdbc:sqlserver://192.168.203.129:1433;DatabaseName=YGT;.
2023-07-07 11:38:39.886 [job-0] INFO  JobContainer - jobContainer starts to do split ...
2023-07-07 11:38:39.886 [job-0] INFO  JobContainer - Job set Channel-Number to 20 channels.
2023-07-07 11:38:39.888 [job-0] INFO  JobContainer - DataX Reader.Job [postgresqlreader] splits to [1] tasks.
2023-07-07 11:38:39.888 [job-0] INFO  JobContainer - DataX Writer.Job [sqlserverwriter] splits to [1] tasks.
2023-07-07 11:38:39.903 [job-0] INFO  JobContainer - jobContainer starts to do schedule ...
2023-07-07 11:38:39.906 [job-0] INFO  JobContainer - Scheduler starts [1] taskGroups.
2023-07-07 11:38:39.908 [job-0] INFO  JobContainer - Running by standalone Mode.
2023-07-07 11:38:39.913 [taskGroup-0] INFO  TaskGroupContainer - taskGroupId=[0] start [1] channels for [1] tasks.
2023-07-07 11:38:39.916 [taskGroup-0] INFO  Channel - Channel set byte_speed_limit to -1, No bps activated.
2023-07-07 11:38:39.916 [taskGroup-0] INFO  Channel - Channel set record_speed_limit to -1, No tps activated.
2023-07-07 11:38:39.925 [taskGroup-0] INFO  TaskGroupContainer - taskGroup[0] taskId[0] attemptCount[1] is started
2023-07-07 11:38:39.930 [0-0-0-reader] INFO  CommonRdbmsReader$Task - Begin to read record by Sql: [select job_id,rev,job_type,lock_exp_time,lock_owner,job_exclusive,execution_id,process_instance_id,proc_def_id,retries,exception_msg,exception_stack_id,duedate,repeat,handler_type,handler_cfg,create_time from uwk_ru_job 
] jdbcUrl:[jdbc:postgresql://10.201.65.21:30100/ygt].
2023-07-07 11:38:40.167 [0-0-0-reader] INFO  CommonRdbmsReader$Task - Finished read record by Sql: [select job_id,rev,job_type,lock_exp_time,lock_owner,job_exclusive,execution_id,process_instance_id,proc_def_id,retries,exception_msg,exception_stack_id,duedate,repeat,handler_type,handler_cfg,create_time from uwk_ru_job 
] jdbcUrl:[jdbc:postgresql://10.201.65.21:30100/ygt].
2023-07-07 11:38:40.485 [taskGroup-0] INFO  TaskGroupContainer - taskGroup[0] taskId[0] is successed, used[560]ms
2023-07-07 11:38:40.485 [taskGroup-0] INFO  TaskGroupContainer - taskGroup[0] completed it's tasks.
2023-07-07 11:38:49.934 [job-0] INFO  StandAloneJobContainerCommunicator - Total 0 records, 0 bytes | Speed 0B/s, 0 records/s | Error 0 records, 0 bytes |  All Task WaitWriterTime 0.000s |  All Task WaitReaderTime 0.000s | Percentage 100.00%
2023-07-07 11:38:49.934 [job-0] INFO  AbstractScheduler - Scheduler accomplished all tasks.
2023-07-07 11:38:49.934 [job-0] INFO  JobContainer - DataX Writer.Job [sqlserverwriter] do post work.
2023-07-07 11:38:49.934 [job-0] INFO  JobContainer - DataX Reader.Job [postgresqlreader] do post work.
2023-07-07 11:38:49.934 [job-0] INFO  JobContainer - DataX jobId [0] completed successfully.
2023-07-07 11:38:49.935 [job-0] INFO  HookInvoker - No hook invoked, because base dir not exists or is a file: C:\Users\xT\PycharmProjects\Migration\datax\hook
2023-07-07 11:38:49.936 [job-0] INFO  JobContainer - 
	 [total cpu info] => 
		averageCpu                     | maxDeltaCpu                    | minDeltaCpu                    
		-1.00%                         | -1.00%                         | -1.00%
                        

	 [total gc info] => 
		 NAME                 | totalGCCount       | maxDeltaGCCount    | minDeltaGCCount    | totalGCTime        | maxDeltaGCTime     | minDeltaGCTime     
		 PS MarkSweep         | 0                  | 0                  | 0                  | 0.000s             | 0.000s             | 0.000s             
		 PS Scavenge          | 0                  | 0                  | 0                  | 0.000s             | 0.000s             | 0.000s             

2023-07-07 11:38:49.936 [job-0] INFO  JobContainer - PerfTrace not enable!
2023-07-07 11:38:49.936 [job-0] INFO  StandAloneJobContainerCommunicator - Total 0 records, 0 bytes | Speed 0B/s, 0 records/s | Error 0 records, 0 bytes |  All Task WaitWriterTime 0.000s |  All Task WaitReaderTime 0.000s | Percentage 100.00%
2023-07-07 11:38:49.936 [job-0] INFO  JobContainer - 
任务启动时刻                    : 2023-07-07 11:38:32
任务结束时刻                    : 2023-07-07 11:38:49
任务总计耗时                    :                 17s
任务平均流量                    :                0B/s
记录写入速度                    :              0rec/s
读出记录总数                    :                   0
读写失败总数                    :                   0

